[2019-02-23 01:11:55] info : Started GET / for 212.252.56.137
[2019-02-23 01:11:55] info : Processing by HomeController#index
[2019-02-23 01:11:55] info : 	Rendered app/views/home/index.php (29.34 ms)
[2019-02-23 01:11:55] info : 	Rendered app/views//home/_home_topbar.php (16.98 ms)
[2019-02-23 01:11:55] info : 	Rendered app/views//home/_home_header.php (17.07 ms)
[2019-02-23 01:11:55] info : 	Rendered app/views//home/_home_navbar.php (62.59 ms)
[2019-02-23 01:11:55] info : 	Rendered app/views/home/_home_footer.php (66.09 ms)
[2019-02-23 01:11:55] info : 	Rendered app/views/layouts/_back_to_top.php (1.33 ms)
[2019-02-23 01:11:55] info : 	Rendered app/views/layouts/home.php (231.84 ms)
[2019-02-23 01:11:55] info : Completed OK in (244.71 ms)
[2019-02-23 01:12:01] error : No route matches [GET] /app/assets/css/bootstrap-theme.min.css.map
[2019-02-23 01:12:01] info : 	Rendered public/404.html (1.28 ms)
[2019-02-23 01:12:01] error : No route matches [GET] /app/assets/css/bootstrap.min.css.map
[2019-02-23 01:12:01] info : 	Rendered public/404.html (0.96 ms)
[2019-02-23 01:15:19] info : Started GET / for 109.74.11.28
[2019-02-23 01:15:19] info : Processing by HomeController#index
[2019-02-23 01:15:19] info : 	Rendered app/views/home/index.php (29.33 ms)
[2019-02-23 01:15:19] info : 	Rendered app/views//home/_home_topbar.php (17.45 ms)
[2019-02-23 01:15:19] info : 	Rendered app/views//home/_home_header.php (18.72 ms)
[2019-02-23 01:15:19] info : 	Rendered app/views//home/_home_navbar.php (63.98 ms)
[2019-02-23 01:15:19] info : 	Rendered app/views/home/_home_footer.php (65.63 ms)
[2019-02-23 01:15:19] info : 	Rendered app/views/layouts/_back_to_top.php (1.23 ms)
[2019-02-23 01:15:19] info : 	Rendered app/views/layouts/home.php (234.56 ms)
[2019-02-23 01:15:19] info : Completed OK in (241.06 ms)
[2019-02-23 01:53:24] error : No route matches [GET] /robots.txt
[2019-02-23 01:53:24] info : 	Rendered public/404.html (1.08 ms)
[2019-02-23 02:00:35] error : No route matches [GET] /robots.txt
[2019-02-23 02:00:35] info : 	Rendered public/404.html (1.02 ms)
[2019-02-23 02:56:00] info : Started GET / for 46.21.103.12
[2019-02-23 02:56:00] info : Processing by HomeController#index
[2019-02-23 02:56:00] info : 	Rendered app/views/home/index.php (114.77 ms)
[2019-02-23 02:56:00] info : 	Rendered app/views//home/_home_topbar.php (32.57 ms)
[2019-02-23 02:56:00] info : 	Rendered app/views//home/_home_header.php (33.54 ms)
[2019-02-23 02:56:01] info : 	Rendered app/views//home/_home_navbar.php (161.01 ms)
[2019-02-23 02:56:01] info : 	Rendered app/views/home/_home_footer.php (97.66 ms)
[2019-02-23 02:56:01] info : 	Rendered app/views/layouts/_back_to_top.php (6.23 ms)
[2019-02-23 02:56:01] info : 	Rendered app/views/layouts/home.php (496.51 ms)
[2019-02-23 02:56:01] info : Completed OK in (536.67 ms)
[2019-02-23 03:01:03] error : No route matches [GET] /robots.txt
[2019-02-23 03:01:03] info : 	Rendered public/404.html (1.34 ms)
[2019-02-23 03:01:03] info : Started GET /home/products/show/_dynamical_segment_ for 54.36.148.85
[2019-02-23 03:01:03] info : Processing by ProductpageController#show
[2019-02-23 03:01:05] info : 	Rendered app/views/home/productpage/_table.php (1613.30 ms)
[2019-02-23 03:01:05] info : 	Rendered app/views/home/productpage/show.php (1749.95 ms)
[2019-02-23 03:01:05] info : 	Rendered app/views//home/_home_topbar.php (16.41 ms)
[2019-02-23 03:01:05] info : 	Rendered app/views//home/_home_header.php (16.47 ms)
[2019-02-23 03:01:05] info : 	Rendered app/views//home/_home_navbar.php (60.78 ms)
[2019-02-23 03:01:05] info : 	Rendered app/views/home/_home_footer.php (66.62 ms)
[2019-02-23 03:01:05] info : 	Rendered app/views/layouts/_back_to_top.php (1.30 ms)
[2019-02-23 03:01:05] info : 	Rendered app/views/layouts/home.php (1949.73 ms)
[2019-02-23 03:01:05] info : Completed OK in (1975.83 ms)
[2019-02-23 03:56:47] info : Started GET /home/index for 54.36.149.35
[2019-02-23 03:56:47] info : Processing by HomeController#index
[2019-02-23 03:56:47] info : 	Rendered app/views/home/index.php (30.55 ms)
[2019-02-23 03:56:47] info : 	Rendered app/views//home/_home_topbar.php (17.47 ms)
[2019-02-23 03:56:47] info : 	Rendered app/views//home/_home_header.php (16.96 ms)
[2019-02-23 03:56:47] info : 	Rendered app/views//home/_home_navbar.php (66.96 ms)
[2019-02-23 03:56:47] info : 	Rendered app/views/home/_home_footer.php (66.34 ms)
[2019-02-23 03:56:47] info : 	Rendered app/views/layouts/_back_to_top.php (1.29 ms)
[2019-02-23 03:56:47] info : 	Rendered app/views/layouts/home.php (239.64 ms)
[2019-02-23 03:56:47] info : Completed OK in (247.14 ms)
[2019-02-23 04:50:28] info : Started GET / for 37.152.57.119
[2019-02-23 04:50:28] info : Processing by HomeController#index
[2019-02-23 04:50:28] info : 	Rendered app/views/home/index.php (29.58 ms)
[2019-02-23 04:50:28] info : 	Rendered app/views//home/_home_topbar.php (16.36 ms)
[2019-02-23 04:50:28] info : 	Rendered app/views//home/_home_header.php (16.53 ms)
[2019-02-23 04:50:28] info : 	Rendered app/views//home/_home_navbar.php (61.26 ms)
[2019-02-23 04:50:28] info : 	Rendered app/views/home/_home_footer.php (64.93 ms)
[2019-02-23 04:50:28] info : 	Rendered app/views/layouts/_back_to_top.php (1.27 ms)
[2019-02-23 04:50:28] info : 	Rendered app/views/layouts/home.php (227.45 ms)
[2019-02-23 04:50:28] info : Completed OK in (236.17 ms)
[2019-02-23 05:27:19] error : No route matches [GET] /robots.txt
[2019-02-23 05:27:19] info : 	Rendered public/404.html (9.49 ms)
[2019-02-23 06:19:09] error : No route matches [GET] /robots.txt
[2019-02-23 06:19:09] info : 	Rendered public/404.html (1.00 ms)
[2019-02-23 06:34:08] info : Started GET /home/producttypes/show/_dynamical_segment_ for 207.46.13.177
[2019-02-23 06:34:08] info : Processing by ProducttypepageController#show
[2019-02-23 06:34:08] info : 	Rendered app/views/home/_menu_product.php (17.77 ms)
[2019-02-23 06:34:09] info : 	Rendered app/views/home/productpage/_table.php (339.39 ms)
[2019-02-23 06:34:09] info : 	Rendered app/views/home/producttypepage/show.php (409.13 ms)
[2019-02-23 06:34:09] info : 	Rendered app/views//home/_home_topbar.php (46.50 ms)
[2019-02-23 06:34:09] info : 	Rendered app/views//home/_home_header.php (24.00 ms)
[2019-02-23 06:34:09] info : 	Rendered app/views//home/_home_navbar.php (71.78 ms)
[2019-02-23 06:34:09] info : 	Rendered app/views/home/_home_footer.php (82.71 ms)
[2019-02-23 06:34:09] info : 	Rendered app/views/layouts/_back_to_top.php (5.55 ms)
[2019-02-23 06:34:09] info : 	Rendered app/views/layouts/home.php (687.21 ms)
[2019-02-23 06:34:09] info : Completed OK in (766.18 ms)
[2019-02-23 06:57:26] info : Started GET / for 52.53.201.78
[2019-02-23 06:57:26] info : Processing by HomeController#index
[2019-02-23 06:57:26] info : 	Rendered app/views/home/index.php (46.61 ms)
[2019-02-23 06:57:26] info : 	Rendered app/views//home/_home_topbar.php (21.13 ms)
[2019-02-23 06:57:27] info : 	Rendered app/views//home/_home_header.php (21.13 ms)
[2019-02-23 06:57:27] info : 	Rendered app/views//home/_home_navbar.php (68.97 ms)
[2019-02-23 06:57:27] info : 	Rendered app/views/home/_home_footer.php (77.88 ms)
[2019-02-23 06:57:27] info : 	Rendered app/views/layouts/_back_to_top.php (1.56 ms)
[2019-02-23 06:57:27] info : 	Rendered app/views/layouts/home.php (283.99 ms)
[2019-02-23 06:57:27] info : Completed OK in (292.44 ms)
[2019-02-23 07:01:59] error : No route matches [GET] /robots.txt
[2019-02-23 07:01:59] info : 	Rendered public/404.html (1.05 ms)
[2019-02-23 07:02:00] info : Started GET /home/agendas for 46.229.168.139
[2019-02-23 07:02:00] info : Processing by AgendapageController#index
[2019-02-23 07:02:00] info : 	Rendered app/views/home/agendapage/index.php (111.51 ms)
[2019-02-23 07:02:00] info : 	Rendered app/views//home/_home_topbar.php (17.39 ms)
[2019-02-23 07:02:00] info : 	Rendered app/views//home/_home_header.php (17.61 ms)
[2019-02-23 07:02:00] info : 	Rendered app/views//home/_home_navbar.php (63.12 ms)
[2019-02-23 07:02:00] info : 	Rendered app/views/home/_home_footer.php (72.29 ms)
[2019-02-23 07:02:00] info : 	Rendered app/views/layouts/_back_to_top.php (1.28 ms)
[2019-02-23 07:02:00] info : 	Rendered app/views/layouts/home.php (323.20 ms)
[2019-02-23 07:02:00] info : Completed OK in (354.84 ms)
[2019-02-23 07:37:58] info : Started GET /home/products/show/_dynamical_segment_ for 54.36.148.116
[2019-02-23 07:37:58] info : Processing by ProductpageController#show
[2019-02-23 07:38:00] info : 	Rendered app/views/home/productpage/_table.php (1472.59 ms)
[2019-02-23 07:38:00] info : 	Rendered app/views/home/productpage/show.php (1595.91 ms)
[2019-02-23 07:38:00] info : 	Rendered app/views//home/_home_topbar.php (17.34 ms)
[2019-02-23 07:38:00] info : 	Rendered app/views//home/_home_header.php (17.28 ms)
[2019-02-23 07:38:00] info : 	Rendered app/views//home/_home_navbar.php (60.84 ms)
[2019-02-23 07:38:00] info : 	Rendered app/views/home/_home_footer.php (67.73 ms)
[2019-02-23 07:38:00] info : 	Rendered app/views/layouts/_back_to_top.php (1.34 ms)
[2019-02-23 07:38:00] info : 	Rendered app/views/layouts/home.php (1799.42 ms)
[2019-02-23 07:38:00] info : Completed OK in (1822.43 ms)
[2019-02-23 08:02:03] error : No route matches [GET] /robots.txt
[2019-02-23 08:02:03] info : 	Rendered public/404.html (1.06 ms)
[2019-02-23 08:08:21] info : Started GET / for 158.69.225.34
[2019-02-23 08:08:21] info : Processing by HomeController#index
[2019-02-23 08:08:21] info : 	Rendered app/views/home/index.php (28.68 ms)
[2019-02-23 08:08:21] info : 	Rendered app/views//home/_home_topbar.php (16.40 ms)
[2019-02-23 08:08:21] info : 	Rendered app/views//home/_home_header.php (16.08 ms)
[2019-02-23 08:08:21] info : 	Rendered app/views//home/_home_navbar.php (60.25 ms)
[2019-02-23 08:08:21] info : 	Rendered app/views/home/_home_footer.php (64.63 ms)
[2019-02-23 08:08:21] info : 	Rendered app/views/layouts/_back_to_top.php (1.25 ms)
[2019-02-23 08:08:21] info : 	Rendered app/views/layouts/home.php (224.23 ms)
[2019-02-23 08:08:21] info : Completed OK in (231.61 ms)
[2019-02-23 08:08:23] error : No route matches [GET] /robots.txt
[2019-02-23 08:08:23] info : 	Rendered public/404.html (1.03 ms)
[2019-02-23 08:08:24] error : No route matches [GET] /sitemap.xml
[2019-02-23 08:08:24] info : 	Rendered public/404.html (0.99 ms)
[2019-02-23 08:08:24] info : Started GET / for 158.69.225.34
[2019-02-23 08:08:24] info : Processing by HomeController#index
[2019-02-23 08:08:24] info : 	Rendered app/views/home/index.php (29.81 ms)
[2019-02-23 08:08:24] info : 	Rendered app/views//home/_home_topbar.php (16.67 ms)
[2019-02-23 08:08:24] info : 	Rendered app/views//home/_home_header.php (16.90 ms)
[2019-02-23 08:08:24] info : 	Rendered app/views//home/_home_navbar.php (63.29 ms)
[2019-02-23 08:08:24] info : 	Rendered app/views/home/_home_footer.php (65.48 ms)
[2019-02-23 08:08:24] info : 	Rendered app/views/layouts/_back_to_top.php (1.29 ms)
[2019-02-23 08:08:24] info : 	Rendered app/views/layouts/home.php (231.60 ms)
[2019-02-23 08:08:24] info : Completed OK in (237.68 ms)
[2019-02-23 08:08:25] info : Started GET /home/contact for 158.69.225.34
[2019-02-23 08:08:25] info : Processing by HomeController#contact
[2019-02-23 08:08:25] info : 	Rendered app/views/home/contact.php (64.31 ms)
[2019-02-23 08:08:26] info : 	Rendered app/views//home/_home_topbar.php (16.64 ms)
[2019-02-23 08:08:26] info : 	Rendered app/views//home/_home_header.php (16.64 ms)
[2019-02-23 08:08:26] info : 	Rendered app/views//home/_home_navbar.php (62.28 ms)
[2019-02-23 08:08:26] info : 	Rendered app/views/home/_home_footer.php (68.34 ms)
[2019-02-23 08:08:26] info : 	Rendered app/views/layouts/_back_to_top.php (1.26 ms)
[2019-02-23 08:08:26] info : 	Rendered app/views/layouts/home.php (268.80 ms)
[2019-02-23 08:08:26] info : Completed OK in (274.54 ms)
[2019-02-23 08:08:27] info : Started GET /home for 158.69.225.34
[2019-02-23 08:08:27] info : Processing by HomeController#index
[2019-02-23 08:08:27] info : 	Rendered app/views/home/index.php (29.31 ms)
[2019-02-23 08:08:27] info : 	Rendered app/views//home/_home_topbar.php (18.72 ms)
[2019-02-23 08:08:27] info : 	Rendered app/views//home/_home_header.php (18.14 ms)
[2019-02-23 08:08:27] info : 	Rendered app/views//home/_home_navbar.php (68.69 ms)
[2019-02-23 08:08:27] info : 	Rendered app/views/home/_home_footer.php (74.37 ms)
[2019-02-23 08:08:27] info : 	Rendered app/views/layouts/_back_to_top.php (1.31 ms)
[2019-02-23 08:08:27] info : 	Rendered app/views/layouts/home.php (253.10 ms)
[2019-02-23 08:08:27] info : Completed OK in (259.38 ms)
[2019-02-23 08:08:28] info : Started GET /home/about_us for 158.69.225.34
[2019-02-23 08:08:28] info : Processing by HomeController#about_us
[2019-02-23 08:08:28] info : 	Rendered app/views/home/about_us.php (43.40 ms)
[2019-02-23 08:08:28] info : 	Rendered app/views//home/_home_topbar.php (16.99 ms)
[2019-02-23 08:08:28] info : 	Rendered app/views//home/_home_header.php (16.55 ms)
[2019-02-23 08:08:28] info : 	Rendered app/views//home/_home_navbar.php (62.46 ms)
[2019-02-23 08:08:28] info : 	Rendered app/views/home/_home_footer.php (66.24 ms)
[2019-02-23 08:08:28] info : 	Rendered app/views/layouts/_back_to_top.php (1.20 ms)
[2019-02-23 08:08:28] info : 	Rendered app/views/layouts/home.php (246.94 ms)
[2019-02-23 08:08:28] info : Completed OK in (253.07 ms)
[2019-02-23 08:08:29] info : Started GET /home/categories/show/_dynamical_segment_ for 158.69.225.34
[2019-02-23 08:08:29] info : Processing by CategorypageController#show
[2019-02-23 08:08:29] info : 	Rendered app/views/home/_menu_product.php (12.72 ms)
[2019-02-23 08:08:29] info : 	Rendered app/views/home/categorypage/show.php (128.47 ms)
[2019-02-23 08:08:29] info : 	Rendered app/views//home/_home_topbar.php (16.74 ms)
[2019-02-23 08:08:29] info : 	Rendered app/views//home/_home_header.php (17.43 ms)
[2019-02-23 08:08:29] info : 	Rendered app/views//home/_home_navbar.php (61.31 ms)
[2019-02-23 08:08:29] info : 	Rendered app/views/home/_home_footer.php (65.60 ms)
[2019-02-23 08:08:29] info : 	Rendered app/views/layouts/_back_to_top.php (1.23 ms)
[2019-02-23 08:08:29] info : 	Rendered app/views/layouts/home.php (328.44 ms)
[2019-02-23 08:08:29] info : Completed OK in (348.49 ms)
[2019-02-23 08:08:30] info : Started GET /home/products/show/_dynamical_segment_ for 158.69.225.34
[2019-02-23 08:08:30] info : Processing by ProductpageController#show
[2019-02-23 08:08:31] info : 	Rendered app/views/home/productpage/_table.php (364.60 ms)
[2019-02-23 08:08:31] info : 	Rendered app/views/home/productpage/show.php (481.34 ms)
[2019-02-23 08:08:31] info : 	Rendered app/views//home/_home_topbar.php (17.98 ms)
[2019-02-23 08:08:31] info : 	Rendered app/views//home/_home_header.php (16.96 ms)
[2019-02-23 08:08:31] info : 	Rendered app/views//home/_home_navbar.php (63.36 ms)
[2019-02-23 08:08:31] info : 	Rendered app/views/home/_home_footer.php (70.48 ms)
[2019-02-23 08:08:31] info : 	Rendered app/views/layouts/_back_to_top.php (1.47 ms)
[2019-02-23 08:08:31] info : 	Rendered app/views/layouts/home.php (691.09 ms)
[2019-02-23 08:08:31] info : Completed OK in (703.94 ms)
[2019-02-23 08:08:32] info : Started GET /home/agendas/show/_dynamical_segment_ for 158.69.225.34
[2019-02-23 08:08:32] info : Processing by AgendapageController#show
[2019-02-23 08:08:32] info : 	Rendered app/views/home/agendapage/show.php (19.34 ms)
[2019-02-23 08:08:32] info : 	Rendered app/views//home/_home_topbar.php (16.27 ms)
[2019-02-23 08:08:32] info : 	Rendered app/views//home/_home_header.php (16.49 ms)
[2019-02-23 08:08:32] info : 	Rendered app/views//home/_home_navbar.php (67.18 ms)
[2019-02-23 08:08:32] info : 	Rendered app/views/home/_home_footer.php (67.80 ms)
[2019-02-23 08:08:32] info : 	Rendered app/views/layouts/_back_to_top.php (1.26 ms)
[2019-02-23 08:08:32] info : 	Rendered app/views/layouts/home.php (226.87 ms)
[2019-02-23 08:08:32] info : Completed OK in (239.78 ms)
[2019-02-23 08:08:33] info : Started GET /home/pages/_dynamical_segment_ for 158.69.225.34
[2019-02-23 08:08:33] info : Processing by PageController#show
[2019-02-23 08:08:33] info : 	Rendered app/views/home/page/show.php (84.17 ms)
[2019-02-23 08:08:33] info : 	Rendered app/views//home/_home_topbar.php (16.02 ms)
[2019-02-23 08:08:33] info : 	Rendered app/views//home/_home_header.php (16.19 ms)
[2019-02-23 08:08:33] info : 	Rendered app/views//home/_home_navbar.php (62.60 ms)
[2019-02-23 08:08:33] info : 	Rendered app/views/home/_home_footer.php (67.60 ms)
[2019-02-23 08:08:33] info : 	Rendered app/views/layouts/_back_to_top.php (1.33 ms)
[2019-02-23 08:08:33] info : 	Rendered app/views/layouts/home.php (285.14 ms)
[2019-02-23 08:08:33] info : Completed OK in (301.58 ms)
[2019-02-23 08:08:34] info : Started GET /home/pages/_dynamical_segment_ for 158.69.225.34
[2019-02-23 08:08:34] info : Processing by PageController#show
[2019-02-23 08:08:34] info : 	Rendered app/views/home/page/show.php (79.18 ms)
[2019-02-23 08:08:34] info : 	Rendered app/views//home/_home_topbar.php (16.79 ms)
[2019-02-23 08:08:34] info : 	Rendered app/views//home/_home_header.php (16.73 ms)
[2019-02-23 08:08:34] info : 	Rendered app/views//home/_home_navbar.php (63.11 ms)
[2019-02-23 08:08:34] info : 	Rendered app/views/home/_home_footer.php (66.57 ms)
[2019-02-23 08:08:34] info : 	Rendered app/views/layouts/_back_to_top.php (1.22 ms)
[2019-02-23 08:08:34] info : 	Rendered app/views/layouts/home.php (282.51 ms)
[2019-02-23 08:08:34] info : Completed OK in (294.68 ms)
[2019-02-23 08:08:35] info : Started GET /home/albums for 158.69.225.34
[2019-02-23 08:08:35] info : Processing by AlbumpageController#index
[2019-02-23 08:08:35] info : 	Rendered app/views/home/albumpage/index.php (40.79 ms)
[2019-02-23 08:08:36] info : 	Rendered app/views//home/_home_topbar.php (16.72 ms)
[2019-02-23 08:08:36] info : 	Rendered app/views//home/_home_header.php (16.65 ms)
[2019-02-23 08:08:36] info : 	Rendered app/views//home/_home_navbar.php (61.70 ms)
[2019-02-23 08:08:36] info : 	Rendered app/views/home/_home_footer.php (65.95 ms)
[2019-02-23 08:08:36] info : 	Rendered app/views/layouts/_back_to_top.php (1.21 ms)
[2019-02-23 08:08:36] info : 	Rendered app/views/layouts/home.php (241.11 ms)
[2019-02-23 08:08:36] info : Completed OK in (287.64 ms)
[2019-02-23 08:08:37] error : No route matches [GET] /ads.txt
[2019-02-23 08:08:37] info : 	Rendered public/404.html (0.94 ms)
[2019-02-23 08:08:37] info : Started GET / for 158.69.225.34
[2019-02-23 08:08:37] info : Processing by HomeController#index
[2019-02-23 08:08:37] info : 	Rendered app/views/home/index.php (28.32 ms)
[2019-02-23 08:08:37] info : 	Rendered app/views//home/_home_topbar.php (16.71 ms)
[2019-02-23 08:08:37] info : 	Rendered app/views//home/_home_header.php (16.59 ms)
[2019-02-23 08:08:37] info : 	Rendered app/views//home/_home_navbar.php (62.25 ms)
[2019-02-23 08:08:37] info : 	Rendered app/views/home/_home_footer.php (65.11 ms)
[2019-02-23 08:08:37] info : 	Rendered app/views/layouts/_back_to_top.php (1.29 ms)
[2019-02-23 08:08:37] info : 	Rendered app/views/layouts/home.php (227.81 ms)
[2019-02-23 08:08:37] info : Completed OK in (233.43 ms)
[2019-02-23 09:09:11] info : Started GET /home/producttypes/show/_dynamical_segment_ for 40.77.167.127
[2019-02-23 09:09:11] info : Processing by ProducttypepageController#show
[2019-02-23 09:09:11] info : 	Rendered app/views/home/_menu_product.php (11.73 ms)
[2019-02-23 09:09:12] info : 	Rendered app/views/home/productpage/_table.php (837.39 ms)
[2019-02-23 09:09:12] info : 	Rendered app/views/home/producttypepage/show.php (872.27 ms)
[2019-02-23 09:09:12] info : 	Rendered app/views//home/_home_topbar.php (18.16 ms)
[2019-02-23 09:09:12] info : 	Rendered app/views//home/_home_header.php (17.33 ms)
[2019-02-23 09:09:12] info : 	Rendered app/views//home/_home_navbar.php (63.41 ms)
[2019-02-23 09:09:12] info : 	Rendered app/views/home/_home_footer.php (67.53 ms)
[2019-02-23 09:09:12] info : 	Rendered app/views/layouts/_back_to_top.php (1.28 ms)
[2019-02-23 09:09:12] info : 	Rendered app/views/layouts/home.php (1077.48 ms)
[2019-02-23 09:09:12] info : Completed OK in (1099.94 ms)
[2019-02-23 09:11:08] error : No route matches [GET] /robots.txt
[2019-02-23 09:11:08] info : 	Rendered public/404.html (1.02 ms)
[2019-02-23 10:03:33] error : No route matches [GET] /robots.txt
[2019-02-23 10:03:33] info : 	Rendered public/404.html (0.99 ms)
[2019-02-23 10:03:34] info : Started GET /home/products/show/_dynamical_segment_ for 46.229.168.144
[2019-02-23 10:03:34] info : Processing by ProductpageController#show
[2019-02-23 10:03:36] info : 	Rendered app/views/home/productpage/_table.php (1475.41 ms)
[2019-02-23 10:03:36] info : 	Rendered app/views/home/productpage/show.php (1588.43 ms)
[2019-02-23 10:03:36] info : 	Rendered app/views//home/_home_topbar.php (16.59 ms)
[2019-02-23 10:03:36] info : 	Rendered app/views//home/_home_header.php (16.76 ms)
[2019-02-23 10:03:36] info : 	Rendered app/views//home/_home_navbar.php (63.24 ms)
[2019-02-23 10:03:36] info : 	Rendered app/views/home/_home_footer.php (65.94 ms)
[2019-02-23 10:03:36] info : 	Rendered app/views/layouts/_back_to_top.php (1.28 ms)
[2019-02-23 10:03:36] info : 	Rendered app/views/layouts/home.php (1790.80 ms)
[2019-02-23 10:03:36] info : Completed OK in (1805.23 ms)
[2019-02-23 10:31:28] error : No route matches [GET] /robots.txt
[2019-02-23 10:31:28] info : 	Rendered public/404.html (0.99 ms)
[2019-02-23 11:22:42] error : No route matches [GET] /robots.txt
[2019-02-23 11:22:42] info : 	Rendered public/404.html (0.96 ms)
[2019-02-23 11:22:43] info : Started GET /home for 46.229.168.148
[2019-02-23 11:22:43] info : Processing by HomeController#index
[2019-02-23 11:22:43] info : 	Rendered app/views/home/index.php (29.34 ms)
[2019-02-23 11:22:43] info : 	Rendered app/views//home/_home_topbar.php (16.87 ms)
[2019-02-23 11:22:43] info : 	Rendered app/views//home/_home_header.php (17.46 ms)
[2019-02-23 11:22:43] info : 	Rendered app/views//home/_home_navbar.php (64.92 ms)
[2019-02-23 11:22:43] info : 	Rendered app/views/home/_home_footer.php (72.68 ms)
[2019-02-23 11:22:43] info : 	Rendered app/views/layouts/_back_to_top.php (1.29 ms)
[2019-02-23 11:22:43] info : 	Rendered app/views/layouts/home.php (240.67 ms)
[2019-02-23 11:22:43] info : Completed OK in (248.33 ms)
[2019-02-23 11:27:48] info : Started GET / for 88.226.37.113
[2019-02-23 11:27:48] info : Processing by HomeController#index
[2019-02-23 11:27:48] info : 	Rendered app/views/home/index.php (29.42 ms)
[2019-02-23 11:27:48] info : 	Rendered app/views//home/_home_topbar.php (16.53 ms)
[2019-02-23 11:27:48] info : 	Rendered app/views//home/_home_header.php (16.81 ms)
[2019-02-23 11:27:48] info : 	Rendered app/views//home/_home_navbar.php (63.64 ms)
[2019-02-23 11:27:49] info : 	Rendered app/views/home/_home_footer.php (68.98 ms)
[2019-02-23 11:27:49] info : 	Rendered app/views/layouts/_back_to_top.php (1.25 ms)
[2019-02-23 11:27:49] info : 	Rendered app/views/layouts/home.php (234.62 ms)
[2019-02-23 11:27:49] info : Completed OK in (240.93 ms)
[2019-02-23 11:29:06] info : Started GET /home/about_us for 88.226.37.113
[2019-02-23 11:29:06] info : Processing by HomeController#about_us
[2019-02-23 11:29:06] info : 	Rendered app/views/home/about_us.php (18.53 ms)
[2019-02-23 11:29:06] info : 	Rendered app/views//home/_home_topbar.php (16.77 ms)
[2019-02-23 11:29:06] info : 	Rendered app/views//home/_home_header.php (16.95 ms)
[2019-02-23 11:29:06] info : 	Rendered app/views//home/_home_navbar.php (63.14 ms)
[2019-02-23 11:29:06] info : 	Rendered app/views/home/_home_footer.php (66.79 ms)
[2019-02-23 11:29:06] info : 	Rendered app/views/layouts/_back_to_top.php (1.26 ms)
[2019-02-23 11:29:06] info : 	Rendered app/views/layouts/home.php (221.48 ms)
[2019-02-23 11:29:06] info : Completed OK in (227.29 ms)
[2019-02-23 11:29:29] info : Started GET / for 88.226.37.113
[2019-02-23 11:29:29] info : Processing by HomeController#index
[2019-02-23 11:29:29] info : 	Rendered app/views/home/index.php (32.02 ms)
[2019-02-23 11:29:29] info : 	Rendered app/views//home/_home_topbar.php (17.26 ms)
[2019-02-23 11:29:29] info : 	Rendered app/views//home/_home_header.php (19.20 ms)
[2019-02-23 11:29:30] info : 	Rendered app/views//home/_home_navbar.php (66.67 ms)
[2019-02-23 11:29:30] info : 	Rendered app/views/home/_home_footer.php (73.57 ms)
[2019-02-23 11:29:30] info : 	Rendered app/views/layouts/_back_to_top.php (1.29 ms)
[2019-02-23 11:29:30] info : 	Rendered app/views/layouts/home.php (251.50 ms)
[2019-02-23 11:29:30] info : Completed OK in (257.73 ms)
[2019-02-23 11:31:13] info : Started GET /home/products/show/_dynamical_segment_ for 46.229.168.152
[2019-02-23 11:31:13] info : Processing by ProductpageController#show
[2019-02-23 11:31:14] info : 	Rendered app/views/home/productpage/_table.php (1457.72 ms)
[2019-02-23 11:31:14] info : 	Rendered app/views/home/productpage/show.php (1567.85 ms)
[2019-02-23 11:31:14] info : 	Rendered app/views//home/_home_topbar.php (16.62 ms)
[2019-02-23 11:31:14] info : 	Rendered app/views//home/_home_header.php (17.49 ms)
[2019-02-23 11:31:14] info : 	Rendered app/views//home/_home_navbar.php (66.56 ms)
[2019-02-23 11:31:14] info : 	Rendered app/views/home/_home_footer.php (65.35 ms)
[2019-02-23 11:31:14] info : 	Rendered app/views/layouts/_back_to_top.php (1.23 ms)
[2019-02-23 11:31:14] info : 	Rendered app/views/layouts/home.php (1773.18 ms)
[2019-02-23 11:31:14] info : Completed OK in (1786.00 ms)
[2019-02-23 11:31:55] info : Started GET / for 46.221.182.102
[2019-02-23 11:31:55] info : Processing by HomeController#index
[2019-02-23 11:31:55] info : 	Rendered app/views/home/index.php (29.93 ms)
[2019-02-23 11:31:55] info : 	Rendered app/views//home/_home_topbar.php (18.75 ms)
[2019-02-23 11:31:55] info : 	Rendered app/views//home/_home_header.php (17.48 ms)
[2019-02-23 11:31:55] info : 	Rendered app/views//home/_home_navbar.php (87.96 ms)
[2019-02-23 11:31:55] info : 	Rendered app/views/home/_home_footer.php (94.85 ms)
[2019-02-23 11:31:55] info : 	Rendered app/views/layouts/_back_to_top.php (1.97 ms)
[2019-02-23 11:31:55] info : 	Rendered app/views/layouts/home.php (294.98 ms)
[2019-02-23 11:31:55] info : Completed OK in (301.08 ms)
[2019-02-23 11:41:27] info : Started GET / for 88.226.37.113
[2019-02-23 11:41:27] info : Processing by HomeController#index
[2019-02-23 11:41:27] info : 	Rendered app/views/home/index.php (29.47 ms)
[2019-02-23 11:41:27] info : 	Rendered app/views//home/_home_topbar.php (17.02 ms)
[2019-02-23 11:41:27] info : 	Rendered app/views//home/_home_header.php (19.25 ms)
[2019-02-23 11:41:27] info : 	Rendered app/views//home/_home_navbar.php (62.71 ms)
[2019-02-23 11:41:27] info : 	Rendered app/views/home/_home_footer.php (66.37 ms)
[2019-02-23 11:41:27] info : 	Rendered app/views/layouts/_back_to_top.php (1.34 ms)
[2019-02-23 11:41:27] info : 	Rendered app/views/layouts/home.php (234.40 ms)
[2019-02-23 11:41:27] info : Completed OK in (242.06 ms)
[2019-02-23 12:12:35] error : No route matches [GET] /robots.txt
[2019-02-23 12:12:35] info : 	Rendered public/404.html (1.62 ms)
[2019-02-23 13:52:24] error : No route matches [GET] /robots.txt
[2019-02-23 13:52:24] info : 	Rendered public/404.html (1.11 ms)
[2019-02-23 13:56:32] info : Started GET /home/index for 207.46.13.203
[2019-02-23 13:56:32] info : Processing by HomeController#index
[2019-02-23 13:56:32] info : 	Rendered app/views/home/index.php (29.02 ms)
[2019-02-23 13:56:33] info : 	Rendered app/views//home/_home_topbar.php (16.67 ms)
[2019-02-23 13:56:33] info : 	Rendered app/views//home/_home_header.php (16.36 ms)
[2019-02-23 13:56:33] info : 	Rendered app/views//home/_home_navbar.php (61.43 ms)
[2019-02-23 13:56:33] info : 	Rendered app/views/home/_home_footer.php (65.02 ms)
[2019-02-23 13:56:33] info : 	Rendered app/views/layouts/_back_to_top.php (1.61 ms)
[2019-02-23 13:56:33] info : 	Rendered app/views/layouts/home.php (229.12 ms)
[2019-02-23 13:56:33] info : Completed OK in (236.69 ms)
[2019-02-23 14:05:10] error : No route matches [GET] /robots.txt
[2019-02-23 14:05:10] info : 	Rendered public/404.html (1.03 ms)
[2019-02-23 14:05:13] info : Started GET /home/documents for 37.9.113.123
[2019-02-23 14:05:13] info : Processing by DocumentpageController#index
[2019-02-23 14:05:14] info : 	Rendered app/views/home/documentpage/index.php (12.58 ms)
[2019-02-23 14:05:14] info : 	Rendered app/views//home/_home_topbar.php (16.55 ms)
[2019-02-23 14:05:14] info : 	Rendered app/views//home/_home_header.php (16.39 ms)
[2019-02-23 14:05:14] info : 	Rendered app/views//home/_home_navbar.php (64.86 ms)
[2019-02-23 14:05:14] info : 	Rendered app/views/home/_home_footer.php (69.99 ms)
[2019-02-23 14:05:14] info : 	Rendered app/views/layouts/_back_to_top.php (1.40 ms)
[2019-02-23 14:05:14] info : 	Rendered app/views/layouts/home.php (220.57 ms)
[2019-02-23 14:05:14] info : Completed OK in (257.54 ms)
[2019-02-23 14:18:29] error : No route matches [GET] /sockarp.php?login=cmd
[2019-02-23 14:18:29] info : 	Rendered public/404.html (1.07 ms)
[2019-02-23 15:32:26] error : No route matches [GET] /robots.txt
[2019-02-23 15:32:26] info : 	Rendered public/404.html (0.97 ms)
[2019-02-23 16:20:42] info : Started GET /home/about_us for 40.77.167.161
[2019-02-23 16:20:42] info : Processing by HomeController#about_us
[2019-02-23 16:20:42] info : 	Rendered app/views/home/about_us.php (18.55 ms)
[2019-02-23 16:20:42] info : 	Rendered app/views//home/_home_topbar.php (16.62 ms)
[2019-02-23 16:20:42] info : 	Rendered app/views//home/_home_header.php (16.53 ms)
[2019-02-23 16:20:42] info : 	Rendered app/views//home/_home_navbar.php (60.97 ms)
[2019-02-23 16:20:42] info : 	Rendered app/views/home/_home_footer.php (64.90 ms)
[2019-02-23 16:20:42] info : 	Rendered app/views/layouts/_back_to_top.php (1.28 ms)
[2019-02-23 16:20:42] info : 	Rendered app/views/layouts/home.php (216.13 ms)
[2019-02-23 16:20:42] info : Completed OK in (223.50 ms)
[2019-02-23 17:11:44] error : No route matches [GET] /robots.txt
[2019-02-23 17:11:44] info : 	Rendered public/404.html (0.98 ms)
[2019-02-23 17:29:03] info : Started GET /home/producttypes/show/_dynamical_segment_ for 78.182.69.35
[2019-02-23 17:29:03] info : Processing by ProducttypepageController#show
[2019-02-23 17:29:04] info : 	Rendered app/views/home/_menu_product.php (11.29 ms)
[2019-02-23 17:29:04] info : 	Rendered app/views/home/productpage/_table.php (328.42 ms)
[2019-02-23 17:29:04] info : 	Rendered app/views/home/producttypepage/show.php (362.82 ms)
[2019-02-23 17:29:04] info : 	Rendered app/views//home/_home_topbar.php (16.37 ms)
[2019-02-23 17:29:04] info : 	Rendered app/views//home/_home_header.php (16.21 ms)
[2019-02-23 17:29:04] info : 	Rendered app/views//home/_home_navbar.php (60.20 ms)
[2019-02-23 17:29:04] info : 	Rendered app/views/home/_home_footer.php (63.76 ms)
[2019-02-23 17:29:04] info : 	Rendered app/views/layouts/_back_to_top.php (1.27 ms)
[2019-02-23 17:29:04] info : 	Rendered app/views/layouts/home.php (557.68 ms)
[2019-02-23 17:29:04] info : Completed OK in (580.18 ms)
[2019-02-23 18:24:20] info : Started GET / for 54.202.15.238
[2019-02-23 18:24:20] info : Processing by HomeController#index
[2019-02-23 18:24:21] info : 	Rendered app/views/home/index.php (28.42 ms)
[2019-02-23 18:24:21] info : 	Rendered app/views//home/_home_topbar.php (16.86 ms)
[2019-02-23 18:24:21] info : 	Rendered app/views//home/_home_header.php (16.29 ms)
[2019-02-23 18:24:21] info : 	Rendered app/views//home/_home_navbar.php (60.88 ms)
[2019-02-23 18:24:21] info : 	Rendered app/views/home/_home_footer.php (64.66 ms)
[2019-02-23 18:24:21] info : 	Rendered app/views/layouts/_back_to_top.php (1.40 ms)
[2019-02-23 18:24:21] info : 	Rendered app/views/layouts/home.php (226.16 ms)
[2019-02-23 18:24:21] info : Completed OK in (233.46 ms)
[2019-02-23 18:42:02] error : No route matches [GET] /robots.txt
[2019-02-23 18:42:02] info : 	Rendered public/404.html (1.02 ms)
[2019-02-23 18:42:06] error : No route matches [GET] /upload/products/image/390.jpg
[2019-02-23 18:42:06] info : 	Rendered public/404.html (0.95 ms)
[2019-02-23 19:43:07] error : No route matches [GET] /robots.txt
[2019-02-23 19:43:07] info : 	Rendered public/404.html (1.09 ms)
[2019-02-23 20:04:54] info : Started GET / for 178.247.66.183
[2019-02-23 20:04:54] info : Processing by HomeController#index
[2019-02-23 20:04:54] info : 	Rendered app/views/home/index.php (30.58 ms)
[2019-02-23 20:04:54] info : 	Rendered app/views//home/_home_topbar.php (20.05 ms)
[2019-02-23 20:04:54] info : 	Rendered app/views//home/_home_header.php (19.36 ms)
[2019-02-23 20:04:54] info : 	Rendered app/views//home/_home_navbar.php (72.54 ms)
[2019-02-23 20:04:54] info : 	Rendered app/views/home/_home_footer.php (69.83 ms)
[2019-02-23 20:04:54] info : 	Rendered app/views/layouts/_back_to_top.php (1.28 ms)
[2019-02-23 20:04:54] info : 	Rendered app/views/layouts/home.php (256.80 ms)
[2019-02-23 20:04:54] info : Completed OK in (264.43 ms)
[2019-02-23 20:05:20] info : Started GET /home/products for 178.247.66.183
[2019-02-23 20:05:20] info : Processing by ProductpageController#index
[2019-02-23 20:05:28] info : 	Rendered app/views/home/productpage/_table.php (7180.99 ms)
[2019-02-23 20:05:28] info : 	Rendered app/views/home/productpage/index.php (7190.73 ms)
[2019-02-23 20:05:28] info : 	Rendered app/views//home/_home_topbar.php (18.35 ms)
[2019-02-23 20:05:28] info : 	Rendered app/views//home/_home_header.php (18.63 ms)
[2019-02-23 20:05:28] info : 	Rendered app/views//home/_home_navbar.php (64.45 ms)
[2019-02-23 20:05:28] info : 	Rendered app/views/home/_home_footer.php (71.80 ms)
[2019-02-23 20:05:28] info : 	Rendered app/views/layouts/_back_to_top.php (1.35 ms)
[2019-02-23 20:05:28] info : 	Rendered app/views/layouts/home.php (7406.68 ms)
[2019-02-23 20:05:28] info : Completed OK in (7421.60 ms)
[2019-02-23 20:06:27] info : Started GET / for 178.247.66.183
[2019-02-23 20:06:27] info : Processing by HomeController#index
[2019-02-23 20:06:27] info : 	Rendered app/views/home/index.php (28.55 ms)
[2019-02-23 20:06:27] info : 	Rendered app/views//home/_home_topbar.php (17.49 ms)
[2019-02-23 20:06:27] info : 	Rendered app/views//home/_home_header.php (16.90 ms)
[2019-02-23 20:06:27] info : 	Rendered app/views//home/_home_navbar.php (61.58 ms)
[2019-02-23 20:06:27] info : 	Rendered app/views/home/_home_footer.php (66.45 ms)
[2019-02-23 20:06:27] info : 	Rendered app/views/layouts/_back_to_top.php (1.27 ms)
[2019-02-23 20:06:27] info : 	Rendered app/views/layouts/home.php (231.04 ms)
[2019-02-23 20:06:27] info : Completed OK in (237.01 ms)
[2019-02-23 20:07:04] info : Started GET /home/products for 178.247.66.183
[2019-02-23 20:07:04] info : Processing by ProductpageController#index
[2019-02-23 20:07:11] info : 	Rendered app/views/home/productpage/_table.php (7217.01 ms)
[2019-02-23 20:07:11] info : 	Rendered app/views/home/productpage/index.php (7220.40 ms)
[2019-02-23 20:07:11] info : 	Rendered app/views//home/_home_topbar.php (16.74 ms)
[2019-02-23 20:07:11] info : 	Rendered app/views//home/_home_header.php (18.32 ms)
[2019-02-23 20:07:11] info : 	Rendered app/views//home/_home_navbar.php (62.84 ms)
[2019-02-23 20:07:12] info : 	Rendered app/views/home/_home_footer.php (68.55 ms)
[2019-02-23 20:07:12] info : 	Rendered app/views/layouts/_back_to_top.php (2.01 ms)
[2019-02-23 20:07:12] info : 	Rendered app/views/layouts/home.php (7428.27 ms)
[2019-02-23 20:07:12] info : Completed OK in (7443.07 ms)
[2019-02-23 20:08:54] info : Started GET /home/producttypes/show/_dynamical_segment_ for 178.247.66.183
[2019-02-23 20:08:54] info : Processing by ProducttypepageController#show
[2019-02-23 20:08:54] info : 	Rendered app/views/home/_menu_product.php (11.26 ms)
[2019-02-23 20:08:55] info : 	Rendered app/views/home/productpage/_table.php (1434.89 ms)
[2019-02-23 20:08:55] info : 	Rendered app/views/home/producttypepage/show.php (1468.27 ms)
[2019-02-23 20:08:55] info : 	Rendered app/views//home/_home_topbar.php (16.50 ms)
[2019-02-23 20:08:55] info : 	Rendered app/views//home/_home_header.php (16.59 ms)
[2019-02-23 20:08:55] info : 	Rendered app/views//home/_home_navbar.php (59.67 ms)
[2019-02-23 20:08:55] info : 	Rendered app/views/home/_home_footer.php (64.56 ms)
[2019-02-23 20:08:55] info : 	Rendered app/views/layouts/_back_to_top.php (1.24 ms)
[2019-02-23 20:08:55] info : 	Rendered app/views/layouts/home.php (1663.59 ms)
[2019-02-23 20:08:55] info : Completed OK in (1683.93 ms)
[2019-02-23 20:09:09] info : Started GET /home/categories/show/_dynamical_segment_ for 178.247.66.183
[2019-02-23 20:09:09] info : Processing by CategorypageController#show
[2019-02-23 20:09:09] info : 	Rendered app/views/home/_menu_product.php (11.32 ms)
[2019-02-23 20:09:09] info : 	Rendered app/views/home/categorypage/show.php (110.94 ms)
[2019-02-23 20:09:09] info : 	Rendered app/views//home/_home_topbar.php (16.19 ms)
[2019-02-23 20:09:09] info : 	Rendered app/views//home/_home_header.php (16.81 ms)
[2019-02-23 20:09:09] info : 	Rendered app/views//home/_home_navbar.php (59.46 ms)
[2019-02-23 20:09:09] info : 	Rendered app/views/home/_home_footer.php (62.83 ms)
[2019-02-23 20:09:09] info : 	Rendered app/views/layouts/_back_to_top.php (1.21 ms)
[2019-02-23 20:09:09] info : 	Rendered app/views/layouts/home.php (303.81 ms)
[2019-02-23 20:09:09] info : Completed OK in (331.33 ms)
[2019-02-23 20:09:14] info : Started GET /home/producttypes/show/_dynamical_segment_ for 178.247.66.183
[2019-02-23 20:09:14] info : Processing by ProducttypepageController#show
[2019-02-23 20:09:14] info : 	Rendered app/views/home/_menu_product.php (12.54 ms)
[2019-02-23 20:09:16] info : 	Rendered app/views/home/productpage/_table.php (1494.41 ms)
[2019-02-23 20:09:16] info : 	Rendered app/views/home/producttypepage/show.php (1531.14 ms)
[2019-02-23 20:09:16] info : 	Rendered app/views//home/_home_topbar.php (16.67 ms)
[2019-02-23 20:09:16] info : 	Rendered app/views//home/_home_header.php (16.92 ms)
[2019-02-23 20:09:16] info : 	Rendered app/views//home/_home_navbar.php (62.29 ms)
[2019-02-23 20:09:16] info : 	Rendered app/views/home/_home_footer.php (84.61 ms)
[2019-02-23 20:09:16] info : 	Rendered app/views/layouts/_back_to_top.php (1.26 ms)
[2019-02-23 20:09:16] info : 	Rendered app/views/layouts/home.php (1752.00 ms)
[2019-02-23 20:09:16] info : Completed OK in (1773.70 ms)
[2019-02-23 20:09:19] info : Started GET /home/products for 178.247.66.183
[2019-02-23 20:09:19] info : Processing by ProductpageController#index
[2019-02-23 20:09:27] info : 	Rendered app/views/home/productpage/_table.php (7750.99 ms)
[2019-02-23 20:09:27] info : 	Rendered app/views/home/productpage/index.php (7754.77 ms)
[2019-02-23 20:09:27] info : 	Rendered app/views//home/_home_topbar.php (18.48 ms)
[2019-02-23 20:09:27] info : 	Rendered app/views//home/_home_header.php (18.01 ms)
[2019-02-23 20:09:27] info : 	Rendered app/views//home/_home_navbar.php (67.36 ms)
[2019-02-23 20:09:27] info : 	Rendered app/views/home/_home_footer.php (72.28 ms)
[2019-02-23 20:09:27] info : 	Rendered app/views/layouts/_back_to_top.php (1.45 ms)
[2019-02-23 20:09:27] info : 	Rendered app/views/layouts/home.php (7975.21 ms)
[2019-02-23 20:09:27] info : Completed OK in (7989.28 ms)
[2019-02-23 20:09:27] info : Started GET / for 178.247.66.183
[2019-02-23 20:09:27] info : Processing by HomeController#index
[2019-02-23 20:09:27] info : 	Rendered app/views/home/index.php (30.05 ms)
[2019-02-23 20:09:27] info : 	Rendered app/views//home/_home_topbar.php (19.22 ms)
[2019-02-23 20:09:27] info : 	Rendered app/views//home/_home_header.php (17.74 ms)
[2019-02-23 20:09:27] info : 	Rendered app/views//home/_home_navbar.php (69.65 ms)
[2019-02-23 20:09:27] info : 	Rendered app/views/home/_home_footer.php (71.84 ms)
[2019-02-23 20:09:27] info : 	Rendered app/views/layouts/_back_to_top.php (1.76 ms)
[2019-02-23 20:09:27] info : 	Rendered app/views/layouts/home.php (252.53 ms)
[2019-02-23 20:09:27] info : Completed OK in (258.51 ms)
[2019-02-23 20:09:37] info : Started GET /home/about_us for 178.247.66.183
[2019-02-23 20:09:37] info : Processing by HomeController#about_us
[2019-02-23 20:09:37] info : 	Rendered app/views/home/about_us.php (18.40 ms)
[2019-02-23 20:09:37] info : 	Rendered app/views//home/_home_topbar.php (17.13 ms)
[2019-02-23 20:09:37] info : 	Rendered app/views//home/_home_header.php (16.47 ms)
[2019-02-23 20:09:37] info : 	Rendered app/views//home/_home_navbar.php (62.46 ms)
[2019-02-23 20:09:37] info : 	Rendered app/views/home/_home_footer.php (65.13 ms)
[2019-02-23 20:09:37] info : 	Rendered app/views/layouts/_back_to_top.php (1.24 ms)
[2019-02-23 20:09:37] info : 	Rendered app/views/layouts/home.php (218.58 ms)
[2019-02-23 20:09:37] info : Completed OK in (224.52 ms)
[2019-02-23 20:19:39] info : Started GET /home/about_us for 178.247.66.183
[2019-02-23 20:19:39] info : Processing by HomeController#about_us
[2019-02-23 20:19:39] info : 	Rendered app/views/home/about_us.php (20.56 ms)
[2019-02-23 20:19:39] info : 	Rendered app/views//home/_home_topbar.php (16.56 ms)
[2019-02-23 20:19:39] info : 	Rendered app/views//home/_home_header.php (16.43 ms)
[2019-02-23 20:19:39] info : 	Rendered app/views//home/_home_navbar.php (66.64 ms)
[2019-02-23 20:19:40] info : 	Rendered app/views/home/_home_footer.php (76.41 ms)
[2019-02-23 20:19:40] info : 	Rendered app/views/layouts/_back_to_top.php (1.26 ms)
[2019-02-23 20:19:40] info : 	Rendered app/views/layouts/home.php (238.75 ms)
[2019-02-23 20:19:40] info : Completed OK in (246.10 ms)
[2019-02-23 20:32:24] error : No route matches [GET] /robots.txt
[2019-02-23 20:32:24] info : 	Rendered public/404.html (1.01 ms)
[2019-02-23 21:06:14] info : Started GET /home/about_us for 176.43.193.154
[2019-02-23 21:06:14] info : Processing by HomeController#about_us
[2019-02-23 21:06:14] info : 	Rendered app/views/home/about_us.php (18.15 ms)
[2019-02-23 21:06:14] info : 	Rendered app/views//home/_home_topbar.php (16.81 ms)
[2019-02-23 21:06:14] info : 	Rendered app/views//home/_home_header.php (16.82 ms)
[2019-02-23 21:06:14] info : 	Rendered app/views//home/_home_navbar.php (61.86 ms)
[2019-02-23 21:06:14] info : 	Rendered app/views/home/_home_footer.php (65.41 ms)
[2019-02-23 21:06:14] info : 	Rendered app/views/layouts/_back_to_top.php (1.26 ms)
[2019-02-23 21:06:14] info : 	Rendered app/views/layouts/home.php (217.86 ms)
[2019-02-23 21:06:14] info : Completed OK in (225.35 ms)
[2019-02-23 21:07:11] info : Started GET /home/products/search for 176.43.193.154
[2019-02-23 21:07:12] info : Processing by ProductpageController#search
[2019-02-23 21:07:12] info : 	Rendered app/views/home/productpage/search.php (13.95 ms)
[2019-02-23 21:07:12] info : 	Rendered app/views//home/_home_topbar.php (17.54 ms)
[2019-02-23 21:07:12] info : 	Rendered app/views//home/_home_header.php (16.55 ms)
[2019-02-23 21:07:12] info : 	Rendered app/views//home/_home_navbar.php (61.44 ms)
[2019-02-23 21:07:12] info : 	Rendered app/views/home/_home_footer.php (66.68 ms)
[2019-02-23 21:07:12] info : 	Rendered app/views/layouts/_back_to_top.php (1.31 ms)
[2019-02-23 21:07:12] info : 	Rendered app/views/layouts/home.php (217.34 ms)
[2019-02-23 21:07:12] info : Completed OK in (231.34 ms)
[2019-02-23 21:07:53] info : Started POST /home/products/find for 176.43.193.154
[2019-02-23 21:07:53] info : Processing by ProductpageController#find
[2019-02-23 21:07:53] info : Started GET /home/products/search for 176.43.193.154
[2019-02-23 21:07:53] info : Processing by ProductpageController#search
[2019-02-23 21:07:53] info : 	Rendered app/views/home/productpage/search.php (2.63 ms)
[2019-02-23 21:07:53] info : 	Rendered app/views//home/_home_topbar.php (16.74 ms)
[2019-02-23 21:07:53] info : 	Rendered app/views//home/_home_header.php (16.79 ms)
[2019-02-23 21:07:53] info : 	Rendered app/views//home/_home_navbar.php (61.73 ms)
[2019-02-23 21:07:53] info : 	Rendered app/views/home/_home_footer.php (64.98 ms)
[2019-02-23 21:07:53] info : 	Rendered app/views/layouts/_back_to_top.php (1.23 ms)
[2019-02-23 21:07:53] info : 	Rendered app/views/layouts/home.php (201.39 ms)
[2019-02-23 21:07:53] info : Completed OK in (214.41 ms)
[2019-02-23 21:08:17] info : Started POST /home/producttypes/find for 176.43.193.154
[2019-02-23 21:08:17] info : Processing by ProducttypepageController#find
[2019-02-23 21:08:17] info : Started GET /home/products/search for 176.43.193.154
[2019-02-23 21:08:17] info : Processing by ProductpageController#search
[2019-02-23 21:08:17] info : 	Rendered app/views/home/productpage/search.php (2.64 ms)
[2019-02-23 21:08:17] info : 	Rendered app/views//home/_home_topbar.php (19.07 ms)
[2019-02-23 21:08:17] info : 	Rendered app/views//home/_home_header.php (18.48 ms)
[2019-02-23 21:08:17] info : 	Rendered app/views//home/_home_navbar.php (59.56 ms)
[2019-02-23 21:08:17] info : 	Rendered app/views/home/_home_footer.php (66.00 ms)
[2019-02-23 21:08:17] info : 	Rendered app/views/layouts/_back_to_top.php (1.28 ms)
[2019-02-23 21:08:17] info : 	Rendered app/views/layouts/home.php (204.20 ms)
[2019-02-23 21:08:17] info : Completed OK in (216.86 ms)
[2019-02-23 21:08:33] info : Started GET /home/pages/_dynamical_segment_ for 176.43.193.154
[2019-02-23 21:08:33] info : Processing by PageController#show
[2019-02-23 21:08:33] info : 	Rendered app/views/home/page/show.php (78.61 ms)
[2019-02-23 21:08:33] info : 	Rendered app/views//home/_home_topbar.php (16.39 ms)
[2019-02-23 21:08:33] info : 	Rendered app/views//home/_home_header.php (16.46 ms)
[2019-02-23 21:08:33] info : 	Rendered app/views//home/_home_navbar.php (62.42 ms)
[2019-02-23 21:08:33] info : 	Rendered app/views/home/_home_footer.php (65.08 ms)
[2019-02-23 21:08:33] info : 	Rendered app/views/layouts/_back_to_top.php (1.24 ms)
[2019-02-23 21:08:33] info : 	Rendered app/views/layouts/home.php (277.01 ms)
[2019-02-23 21:08:33] info : Completed OK in (289.45 ms)
[2019-02-23 21:08:58] info : Started GET /home/pages/_dynamical_segment_ for 176.43.193.154
[2019-02-23 21:08:58] info : Processing by PageController#show
[2019-02-23 21:08:58] info : 	Rendered app/views/home/page/show.php (78.17 ms)
[2019-02-23 21:08:58] info : 	Rendered app/views//home/_home_topbar.php (16.19 ms)
[2019-02-23 21:08:58] info : 	Rendered app/views//home/_home_header.php (16.57 ms)
[2019-02-23 21:08:58] info : 	Rendered app/views//home/_home_navbar.php (61.90 ms)
[2019-02-23 21:08:58] info : 	Rendered app/views/home/_home_footer.php (65.51 ms)
[2019-02-23 21:08:58] info : 	Rendered app/views/layouts/_back_to_top.php (1.37 ms)
[2019-02-23 21:08:58] info : 	Rendered app/views/layouts/home.php (277.14 ms)
[2019-02-23 21:08:58] info : Completed OK in (289.39 ms)
[2019-02-23 21:08:58] info : Started GET /home/pages/_dynamical_segment_ for 176.43.193.154
[2019-02-23 21:08:58] info : Processing by PageController#show
[2019-02-23 21:08:58] info : 	Rendered app/views/home/page/show.php (87.77 ms)
[2019-02-23 21:08:58] info : 	Rendered app/views//home/_home_topbar.php (17.25 ms)
[2019-02-23 21:08:58] info : 	Rendered app/views//home/_home_header.php (16.23 ms)
[2019-02-23 21:08:58] info : 	Rendered app/views//home/_home_navbar.php (59.63 ms)
[2019-02-23 21:08:59] info : 	Rendered app/views/home/_home_footer.php (63.11 ms)
[2019-02-23 21:08:59] info : 	Rendered app/views/layouts/_back_to_top.php (1.19 ms)
[2019-02-23 21:08:59] info : 	Rendered app/views/layouts/home.php (286.53 ms)
[2019-02-23 21:08:59] info : Completed OK in (299.09 ms)
[2019-02-23 21:09:26] info : Started GET /home/pages/_dynamical_segment_ for 176.43.193.154
[2019-02-23 21:09:26] info : Processing by PageController#show
[2019-02-23 21:09:26] info : 	Rendered app/views/home/page/show.php (75.93 ms)
[2019-02-23 21:09:26] info : 	Rendered app/views//home/_home_topbar.php (16.30 ms)
[2019-02-23 21:09:26] info : 	Rendered app/views//home/_home_header.php (16.74 ms)
[2019-02-23 21:09:26] info : 	Rendered app/views//home/_home_navbar.php (60.69 ms)
[2019-02-23 21:09:26] info : 	Rendered app/views/home/_home_footer.php (64.10 ms)
[2019-02-23 21:09:26] info : 	Rendered app/views/layouts/_back_to_top.php (1.24 ms)
[2019-02-23 21:09:26] info : 	Rendered app/views/layouts/home.php (271.83 ms)
[2019-02-23 21:09:26] info : Completed OK in (283.61 ms)
[2019-02-23 21:09:55] info : Started GET /home/pages/_dynamical_segment_ for 176.43.193.154
[2019-02-23 21:09:55] info : Processing by PageController#show
[2019-02-23 21:09:55] info : 	Rendered app/views/home/page/show.php (76.50 ms)
[2019-02-23 21:09:55] info : 	Rendered app/views//home/_home_topbar.php (16.18 ms)
[2019-02-23 21:09:55] info : 	Rendered app/views//home/_home_header.php (16.25 ms)
[2019-02-23 21:09:55] info : 	Rendered app/views//home/_home_navbar.php (60.18 ms)
[2019-02-23 21:09:55] info : 	Rendered app/views/home/_home_footer.php (64.25 ms)
[2019-02-23 21:09:55] info : 	Rendered app/views/layouts/_back_to_top.php (1.28 ms)
[2019-02-23 21:09:55] info : 	Rendered app/views/layouts/home.php (271.76 ms)
[2019-02-23 21:09:55] info : Completed OK in (283.41 ms)
[2019-02-23 21:10:04] info : Started GET /home/agendas for 176.43.193.154
[2019-02-23 21:10:04] info : Processing by AgendapageController#index
[2019-02-23 21:10:04] info : 	Rendered app/views/home/agendapage/index.php (10.33 ms)
[2019-02-23 21:10:04] info : 	Rendered app/views//home/_home_topbar.php (15.80 ms)
[2019-02-23 21:10:04] info : 	Rendered app/views//home/_home_header.php (15.96 ms)
[2019-02-23 21:10:04] info : 	Rendered app/views//home/_home_navbar.php (58.10 ms)
[2019-02-23 21:10:05] info : 	Rendered app/views/home/_home_footer.php (63.47 ms)
[2019-02-23 21:10:05] info : 	Rendered app/views/layouts/_back_to_top.php (1.22 ms)
[2019-02-23 21:10:05] info : 	Rendered app/views/layouts/home.php (201.01 ms)
[2019-02-23 21:10:05] info : Completed OK in (220.84 ms)
[2019-02-23 21:10:36] info : Started GET /home/pages/_dynamical_segment_ for 176.43.193.154
[2019-02-23 21:10:36] info : Processing by PageController#show
[2019-02-23 21:10:36] info : 	Rendered app/views/home/page/show.php (79.26 ms)
[2019-02-23 21:10:36] info : 	Rendered app/views//home/_home_topbar.php (16.47 ms)
[2019-02-23 21:10:36] info : 	Rendered app/views//home/_home_header.php (17.82 ms)
[2019-02-23 21:10:36] info : 	Rendered app/views//home/_home_navbar.php (62.61 ms)
[2019-02-23 21:10:36] info : 	Rendered app/views/home/_home_footer.php (69.99 ms)
[2019-02-23 21:10:36] info : 	Rendered app/views/layouts/_back_to_top.php (1.23 ms)
[2019-02-23 21:10:36] info : 	Rendered app/views/layouts/home.php (284.73 ms)
[2019-02-23 21:10:36] info : Completed OK in (296.72 ms)
[2019-02-23 21:10:44] info : Started GET /home/pages/_dynamical_segment_ for 176.43.193.154
[2019-02-23 21:10:44] info : Processing by PageController#show
[2019-02-23 21:10:44] info : 	Rendered app/views/home/page/show.php (77.28 ms)
[2019-02-23 21:10:44] info : 	Rendered app/views//home/_home_topbar.php (16.44 ms)
[2019-02-23 21:10:44] info : 	Rendered app/views//home/_home_header.php (16.24 ms)
[2019-02-23 21:10:44] info : 	Rendered app/views//home/_home_navbar.php (63.43 ms)
[2019-02-23 21:10:44] info : 	Rendered app/views/home/_home_footer.php (73.19 ms)
[2019-02-23 21:10:44] info : 	Rendered app/views/layouts/_back_to_top.php (1.43 ms)
[2019-02-23 21:10:44] info : 	Rendered app/views/layouts/home.php (286.98 ms)
[2019-02-23 21:10:44] info : Completed OK in (298.99 ms)
[2019-02-23 21:10:44] info : Started GET /home/pages/_dynamical_segment_ for 176.43.193.154
[2019-02-23 21:10:44] info : Processing by PageController#show
[2019-02-23 21:10:44] info : 	Rendered app/views/home/page/show.php (91.76 ms)
[2019-02-23 21:10:44] info : 	Rendered app/views//home/_home_topbar.php (16.50 ms)
[2019-02-23 21:10:44] info : 	Rendered app/views//home/_home_header.php (16.11 ms)
[2019-02-23 21:10:44] info : 	Rendered app/views//home/_home_navbar.php (65.55 ms)
[2019-02-23 21:10:44] info : 	Rendered app/views/home/_home_footer.php (64.44 ms)
[2019-02-23 21:10:44] info : 	Rendered app/views/layouts/_back_to_top.php (1.19 ms)
[2019-02-23 21:10:44] info : 	Rendered app/views/layouts/home.php (294.79 ms)
[2019-02-23 21:10:44] info : Completed OK in (307.62 ms)
[2019-02-23 21:11:03] info : Started GET /home/producttypes/show/_dynamical_segment_ for 176.43.193.154
[2019-02-23 21:11:03] info : Processing by ProducttypepageController#show
[2019-02-23 21:11:03] info : 	Rendered app/views/home/_menu_product.php (11.53 ms)
[2019-02-23 21:11:03] info : 	Rendered app/views/home/productpage/_table.php (324.02 ms)
[2019-02-23 21:11:03] info : 	Rendered app/views/home/producttypepage/show.php (357.92 ms)
[2019-02-23 21:11:04] info : 	Rendered app/views//home/_home_topbar.php (16.19 ms)
[2019-02-23 21:11:04] info : 	Rendered app/views//home/_home_header.php (16.08 ms)
[2019-02-23 21:11:04] info : 	Rendered app/views//home/_home_navbar.php (59.17 ms)
[2019-02-23 21:11:04] info : 	Rendered app/views/home/_home_footer.php (64.84 ms)
[2019-02-23 21:11:04] info : 	Rendered app/views/layouts/_back_to_top.php (1.23 ms)
[2019-02-23 21:11:04] info : 	Rendered app/views/layouts/home.php (551.70 ms)
[2019-02-23 21:11:04] info : Completed OK in (571.17 ms)
[2019-02-23 21:11:33] info : Started GET /home/producttypes/show/_dynamical_segment_ for 176.43.193.154
[2019-02-23 21:11:33] info : Processing by ProducttypepageController#show
[2019-02-23 21:11:33] info : 	Rendered app/views/home/_menu_product.php (11.12 ms)
[2019-02-23 21:11:33] info : 	Rendered app/views/home/productpage/_table.php (342.81 ms)
[2019-02-23 21:11:33] info : 	Rendered app/views/home/producttypepage/show.php (376.35 ms)
[2019-02-23 21:11:33] info : 	Rendered app/views//home/_home_topbar.php (16.18 ms)
[2019-02-23 21:11:33] info : 	Rendered app/views//home/_home_header.php (16.52 ms)
[2019-02-23 21:11:33] info : 	Rendered app/views//home/_home_navbar.php (59.49 ms)
[2019-02-23 21:11:33] info : 	Rendered app/views/home/_home_footer.php (62.57 ms)
[2019-02-23 21:11:33] info : 	Rendered app/views/layouts/_back_to_top.php (1.19 ms)
[2019-02-23 21:11:33] info : 	Rendered app/views/layouts/home.php (570.16 ms)
[2019-02-23 21:11:33] info : Completed OK in (589.97 ms)
[2019-02-23 21:11:33] info : Started GET /home/producttypes/show/_dynamical_segment_ for 176.43.193.154
[2019-02-23 21:11:33] info : Processing by ProducttypepageController#show
[2019-02-23 21:11:33] info : 	Rendered app/views/home/_menu_product.php (11.33 ms)
[2019-02-23 21:11:34] info : 	Rendered app/views/home/productpage/_table.php (322.91 ms)
[2019-02-23 21:11:34] info : 	Rendered app/views/home/producttypepage/show.php (356.43 ms)
[2019-02-23 21:11:34] info : 	Rendered app/views//home/_home_topbar.php (15.97 ms)
[2019-02-23 21:11:34] info : 	Rendered app/views//home/_home_header.php (16.00 ms)
[2019-02-23 21:11:34] info : 	Rendered app/views//home/_home_navbar.php (59.03 ms)
[2019-02-23 21:11:34] info : 	Rendered app/views/home/_home_footer.php (63.23 ms)
[2019-02-23 21:11:34] info : 	Rendered app/views/layouts/_back_to_top.php (1.19 ms)
[2019-02-23 21:11:34] info : 	Rendered app/views/layouts/home.php (549.22 ms)
[2019-02-23 21:11:34] info : Completed OK in (568.67 ms)
[2019-02-23 21:11:53] info : Started GET /home/products/show/_dynamical_segment_ for 176.43.193.154
[2019-02-23 21:11:53] info : Processing by ProductpageController#show
[2019-02-23 21:11:53] info : 	Rendered app/views/home/productpage/_table.php (327.64 ms)
[2019-02-23 21:11:53] info : 	Rendered app/views/home/productpage/show.php (438.22 ms)
[2019-02-23 21:11:53] info : 	Rendered app/views//home/_home_topbar.php (16.11 ms)
[2019-02-23 21:11:53] info : 	Rendered app/views//home/_home_header.php (16.44 ms)
[2019-02-23 21:11:53] info : 	Rendered app/views//home/_home_navbar.php (59.48 ms)
[2019-02-23 21:11:53] info : 	Rendered app/views/home/_home_footer.php (63.85 ms)
[2019-02-23 21:11:53] info : 	Rendered app/views/layouts/_back_to_top.php (1.25 ms)
[2019-02-23 21:11:53] info : 	Rendered app/views/layouts/home.php (631.89 ms)
[2019-02-23 21:11:53] info : Completed OK in (643.85 ms)
[2019-02-23 21:13:02] info : Started GET /home/producttypes/show/_dynamical_segment_ for 176.43.193.154
[2019-02-23 21:13:02] info : Processing by ProducttypepageController#show
[2019-02-23 21:13:02] info : 	Rendered app/views/home/_menu_product.php (11.18 ms)
[2019-02-23 21:13:02] info : 	Rendered app/views/home/productpage/_table.php (331.27 ms)
[2019-02-23 21:13:02] info : 	Rendered app/views/home/producttypepage/show.php (365.11 ms)
[2019-02-23 21:13:02] info : 	Rendered app/views//home/_home_topbar.php (17.07 ms)
[2019-02-23 21:13:02] info : 	Rendered app/views//home/_home_header.php (16.55 ms)
[2019-02-23 21:13:02] info : 	Rendered app/views//home/_home_navbar.php (60.03 ms)
[2019-02-23 21:13:02] info : 	Rendered app/views/home/_home_footer.php (66.41 ms)
[2019-02-23 21:13:02] info : 	Rendered app/views/layouts/_back_to_top.php (1.21 ms)
[2019-02-23 21:13:02] info : 	Rendered app/views/layouts/home.php (563.96 ms)
[2019-02-23 21:13:02] info : Completed OK in (583.68 ms)
[2019-02-23 21:13:10] info : Started GET /home/pages/_dynamical_segment_ for 176.43.193.154
[2019-02-23 21:13:10] info : Processing by PageController#show
[2019-02-23 21:13:10] info : 	Rendered app/views/home/page/show.php (80.66 ms)
[2019-02-23 21:13:10] info : 	Rendered app/views//home/_home_topbar.php (18.20 ms)
[2019-02-23 21:13:10] info : 	Rendered app/views//home/_home_header.php (18.71 ms)
[2019-02-23 21:13:10] info : 	Rendered app/views//home/_home_navbar.php (68.93 ms)
[2019-02-23 21:13:10] info : 	Rendered app/views/home/_home_footer.php (78.46 ms)
[2019-02-23 21:13:10] info : 	Rendered app/views/layouts/_back_to_top.php (1.59 ms)
[2019-02-23 21:13:10] info : 	Rendered app/views/layouts/home.php (308.98 ms)
[2019-02-23 21:13:10] info : Completed OK in (321.16 ms)
[2019-02-23 21:13:10] info : Started GET /home/pages/_dynamical_segment_ for 176.43.193.154
[2019-02-23 21:13:10] info : Processing by PageController#show
[2019-02-23 21:13:10] info : 	Rendered app/views/home/page/show.php (87.28 ms)
[2019-02-23 21:13:10] info : 	Rendered app/views//home/_home_topbar.php (16.89 ms)
[2019-02-23 21:13:10] info : 	Rendered app/views//home/_home_header.php (16.30 ms)
[2019-02-23 21:13:10] info : 	Rendered app/views//home/_home_navbar.php (61.31 ms)
[2019-02-23 21:13:10] info : 	Rendered app/views/home/_home_footer.php (65.00 ms)
[2019-02-23 21:13:10] info : 	Rendered app/views/layouts/_back_to_top.php (1.22 ms)
[2019-02-23 21:13:10] info : 	Rendered app/views/layouts/home.php (286.35 ms)
[2019-02-23 21:13:10] info : Completed OK in (299.46 ms)
[2019-02-23 21:13:15] info : Started GET /home/pages/_dynamical_segment_ for 176.43.193.154
[2019-02-23 21:13:15] info : Processing by PageController#show
[2019-02-23 21:13:15] info : 	Rendered app/views/home/page/show.php (87.59 ms)
[2019-02-23 21:13:15] info : 	Rendered app/views//home/_home_topbar.php (16.53 ms)
[2019-02-23 21:13:15] info : 	Rendered app/views//home/_home_header.php (16.47 ms)
[2019-02-23 21:13:15] info : 	Rendered app/views//home/_home_navbar.php (61.29 ms)
[2019-02-23 21:13:16] info : 	Rendered app/views/home/_home_footer.php (68.93 ms)
[2019-02-23 21:13:16] info : 	Rendered app/views/layouts/_back_to_top.php (1.27 ms)
[2019-02-23 21:13:16] info : 	Rendered app/views/layouts/home.php (290.28 ms)
[2019-02-23 21:13:16] info : Completed OK in (302.00 ms)
[2019-02-23 21:13:19] info : Started GET /home/products/search for 176.43.193.154
[2019-02-23 21:13:19] info : Processing by ProductpageController#search
[2019-02-23 21:13:19] info : 	Rendered app/views/home/productpage/search.php (2.66 ms)
[2019-02-23 21:13:19] info : 	Rendered app/views//home/_home_topbar.php (16.46 ms)
[2019-02-23 21:13:19] info : 	Rendered app/views//home/_home_header.php (16.36 ms)
[2019-02-23 21:13:19] info : 	Rendered app/views//home/_home_navbar.php (61.49 ms)
[2019-02-23 21:13:19] info : 	Rendered app/views/home/_home_footer.php (72.47 ms)
[2019-02-23 21:13:19] info : 	Rendered app/views/layouts/_back_to_top.php (1.23 ms)
[2019-02-23 21:13:19] info : 	Rendered app/views/layouts/home.php (208.55 ms)
[2019-02-23 21:13:19] info : Completed OK in (221.64 ms)
[2019-02-23 21:13:21] info : Started GET /home/products/search for 176.43.193.154
[2019-02-23 21:13:21] info : Processing by ProductpageController#search
[2019-02-23 21:13:21] info : 	Rendered app/views/home/productpage/search.php (2.86 ms)
[2019-02-23 21:13:21] info : 	Rendered app/views//home/_home_topbar.php (21.92 ms)
[2019-02-23 21:13:21] info : 	Rendered app/views//home/_home_header.php (17.64 ms)
[2019-02-23 21:13:21] info : 	Rendered app/views//home/_home_navbar.php (84.55 ms)
[2019-02-23 21:13:21] info : 	Rendered app/views/home/_home_footer.php (70.98 ms)
[2019-02-23 21:13:21] info : 	Rendered app/views/layouts/_back_to_top.php (1.20 ms)
[2019-02-23 21:13:21] info : 	Rendered app/views/layouts/home.php (242.09 ms)
[2019-02-23 21:13:21] info : Completed OK in (255.66 ms)
[2019-02-23 21:18:44] info : Started GET /home/products/search for 176.43.193.154
[2019-02-23 21:18:44] info : Processing by ProductpageController#search
[2019-02-23 21:18:44] info : 	Rendered app/views/home/productpage/search.php (2.66 ms)
[2019-02-23 21:18:44] info : 	Rendered app/views//home/_home_topbar.php (16.94 ms)
[2019-02-23 21:18:44] info : 	Rendered app/views//home/_home_header.php (16.99 ms)
[2019-02-23 21:18:44] info : 	Rendered app/views//home/_home_navbar.php (61.34 ms)
[2019-02-23 21:18:44] info : 	Rendered app/views/home/_home_footer.php (74.56 ms)
[2019-02-23 21:18:44] info : 	Rendered app/views/layouts/_back_to_top.php (1.27 ms)
[2019-02-23 21:18:44] info : 	Rendered app/views/layouts/home.php (212.54 ms)
[2019-02-23 21:18:44] info : Completed OK in (225.46 ms)
[2019-02-23 21:18:58] info : Started GET /home/products/search for 176.43.193.154
[2019-02-23 21:18:58] info : Processing by ProductpageController#search
[2019-02-23 21:18:58] info : 	Rendered app/views/home/productpage/search.php (2.64 ms)
[2019-02-23 21:18:58] info : 	Rendered app/views//home/_home_topbar.php (15.91 ms)
[2019-02-23 21:18:58] info : 	Rendered app/views//home/_home_header.php (16.02 ms)
[2019-02-23 21:18:58] info : 	Rendered app/views//home/_home_navbar.php (59.48 ms)
[2019-02-23 21:18:58] info : 	Rendered app/views/home/_home_footer.php (63.31 ms)
[2019-02-23 21:18:58] info : 	Rendered app/views/layouts/_back_to_top.php (1.21 ms)
[2019-02-23 21:18:58] info : 	Rendered app/views/layouts/home.php (195.13 ms)
[2019-02-23 21:18:58] info : Completed OK in (207.36 ms)
[2019-02-23 21:19:04] info : Started GET /home/about_us for 176.43.193.154
[2019-02-23 21:19:04] info : Processing by HomeController#about_us
[2019-02-23 21:19:04] info : 	Rendered app/views/home/about_us.php (17.35 ms)
[2019-02-23 21:19:04] info : 	Rendered app/views//home/_home_topbar.php (15.90 ms)
[2019-02-23 21:19:04] info : 	Rendered app/views//home/_home_header.php (15.80 ms)
[2019-02-23 21:19:04] info : 	Rendered app/views//home/_home_navbar.php (59.24 ms)
[2019-02-23 21:19:04] info : 	Rendered app/views/home/_home_footer.php (62.79 ms)
[2019-02-23 21:19:04] info : 	Rendered app/views/layouts/_back_to_top.php (1.19 ms)
[2019-02-23 21:19:04] info : 	Rendered app/views/layouts/home.php (208.21 ms)
[2019-02-23 21:19:04] info : Completed OK in (213.65 ms)
[2019-02-23 21:21:57] error : No route matches [GET] /robots.txt
[2019-02-23 21:21:57] info : 	Rendered public/404.html (1.10 ms)
[2019-02-23 22:18:10] error : No route matches [GET] /robots.txt
[2019-02-23 22:18:10] info : 	Rendered public/404.html (1.09 ms)
[2019-02-23 22:18:10] info : Started GET /home/index for 46.229.168.148
[2019-02-23 22:18:10] info : Processing by HomeController#index
[2019-02-23 22:18:10] info : 	Rendered app/views/home/index.php (28.83 ms)
[2019-02-23 22:18:10] info : 	Rendered app/views//home/_home_topbar.php (16.64 ms)
[2019-02-23 22:18:10] info : 	Rendered app/views//home/_home_header.php (16.49 ms)
[2019-02-23 22:18:10] info : 	Rendered app/views//home/_home_navbar.php (60.84 ms)
[2019-02-23 22:18:11] info : 	Rendered app/views/home/_home_footer.php (64.29 ms)
[2019-02-23 22:18:11] info : 	Rendered app/views/layouts/_back_to_top.php (1.27 ms)
[2019-02-23 22:18:11] info : 	Rendered app/views/layouts/home.php (226.00 ms)
[2019-02-23 22:18:11] info : Completed OK in (233.32 ms)
[2019-02-23 22:21:19] error : No route matches [GET] /Jwlsjd_baaqifg.php
[2019-02-23 22:21:19] info : 	Rendered public/404.html (0.98 ms)
[2019-02-23 23:03:23] error : No route matches [GET] /robots.txt
[2019-02-23 23:03:23] info : 	Rendered public/404.html (1.04 ms)
[2019-02-23 23:18:21] error : No route matches [GET] /robots.txt
[2019-02-23 23:18:21] info : 	Rendered public/404.html (1.00 ms)
[2019-02-23 23:18:21] info : Started GET /home/producttypes/show/_dynamical_segment_ for 66.249.69.68
[2019-02-23 23:18:21] info : Processing by ProducttypepageController#show
[2019-02-23 23:18:22] info : 	Rendered app/views/home/_menu_product.php (11.85 ms)
[2019-02-23 23:18:22] info : 	Rendered app/views/home/productpage/_table.php (331.38 ms)
[2019-02-23 23:18:22] info : 	Rendered app/views/home/producttypepage/show.php (366.62 ms)
[2019-02-23 23:18:22] info : 	Rendered app/views//home/_home_topbar.php (16.19 ms)
[2019-02-23 23:18:22] info : 	Rendered app/views//home/_home_header.php (16.20 ms)
[2019-02-23 23:18:22] info : 	Rendered app/views//home/_home_navbar.php (60.07 ms)
[2019-02-23 23:18:22] info : 	Rendered app/views/home/_home_footer.php (69.02 ms)
[2019-02-23 23:18:22] info : 	Rendered app/views/layouts/_back_to_top.php (1.32 ms)
[2019-02-23 23:18:22] info : 	Rendered app/views/layouts/home.php (567.02 ms)
[2019-02-23 23:18:22] info : Completed OK in (589.29 ms)
[2019-02-23 23:50:09] info : Started GET / for 213.186.147.107
[2019-02-23 23:50:09] info : Processing by HomeController#index
[2019-02-23 23:50:09] info : 	Rendered app/views/home/index.php (28.33 ms)
[2019-02-23 23:50:09] info : 	Rendered app/views//home/_home_topbar.php (16.41 ms)
[2019-02-23 23:50:09] info : 	Rendered app/views//home/_home_header.php (16.44 ms)
[2019-02-23 23:50:09] info : 	Rendered app/views//home/_home_navbar.php (60.30 ms)
[2019-02-23 23:50:09] info : 	Rendered app/views/home/_home_footer.php (64.24 ms)
[2019-02-23 23:50:09] info : 	Rendered app/views/layouts/_back_to_top.php (1.26 ms)
[2019-02-23 23:50:09] info : 	Rendered app/views/layouts/home.php (223.75 ms)
[2019-02-23 23:50:09] info : Completed OK in (231.21 ms)
[2019-02-23 23:50:44] info : Started GET /home/pages/_dynamical_segment_ for 213.186.147.107
[2019-02-23 23:50:44] info : Processing by PageController#show
[2019-02-23 23:50:44] info : 	Rendered app/views/home/page/show.php (77.27 ms)
[2019-02-23 23:50:44] info : 	Rendered app/views//home/_home_topbar.php (16.53 ms)
[2019-02-23 23:50:44] info : 	Rendered app/views//home/_home_header.php (17.01 ms)
[2019-02-23 23:50:44] info : 	Rendered app/views//home/_home_navbar.php (60.63 ms)
[2019-02-23 23:50:45] info : 	Rendered app/views/home/_home_footer.php (65.32 ms)
[2019-02-23 23:50:45] info : 	Rendered app/views/layouts/_back_to_top.php (1.23 ms)
[2019-02-23 23:50:45] info : 	Rendered app/views/layouts/home.php (275.07 ms)
[2019-02-23 23:50:45] info : Completed OK in (287.74 ms)
[2019-02-23 23:59:24] info : Started GET / for 213.186.147.107
[2019-02-23 23:59:24] info : Processing by HomeController#index
[2019-02-23 23:59:24] info : 	Rendered app/views/home/index.php (28.33 ms)
[2019-02-23 23:59:24] info : 	Rendered app/views//home/_home_topbar.php (16.63 ms)
[2019-02-23 23:59:24] info : 	Rendered app/views//home/_home_header.php (16.11 ms)
[2019-02-23 23:59:24] info : 	Rendered app/views//home/_home_navbar.php (59.82 ms)
[2019-02-23 23:59:24] info : 	Rendered app/views/home/_home_footer.php (63.98 ms)
[2019-02-23 23:59:24] info : 	Rendered app/views/layouts/_back_to_top.php (1.28 ms)
[2019-02-23 23:59:24] info : 	Rendered app/views/layouts/home.php (223.16 ms)
[2019-02-23 23:59:24] info : Completed OK in (230.60 ms)
[2019-02-23 23:59:41] info : Started GET /home/products for 213.186.147.107
[2019-02-23 23:59:41] info : Processing by ProductpageController#index
[2019-02-23 23:59:48] info : 	Rendered app/views/home/productpage/_table.php (6999.77 ms)
[2019-02-23 23:59:48] info : 	Rendered app/views/home/productpage/index.php (7003.45 ms)
[2019-02-23 23:59:48] info : 	Rendered app/views//home/_home_topbar.php (16.59 ms)
[2019-02-23 23:59:48] info : 	Rendered app/views//home/_home_header.php (16.80 ms)
[2019-02-23 23:59:48] info : 	Rendered app/views//home/_home_navbar.php (61.41 ms)
[2019-02-23 23:59:48] info : 	Rendered app/views/home/_home_footer.php (67.00 ms)
[2019-02-23 23:59:48] info : 	Rendered app/views/layouts/_back_to_top.php (1.27 ms)
[2019-02-23 23:59:48] info : 	Rendered app/views/layouts/home.php (7204.36 ms)
[2019-02-23 23:59:48] info : Completed OK in (7219.66 ms)
