[2019-02-25 00:29:46] error : No route matches [GET] /robots.txt
[2019-02-25 00:29:46] info : 	Rendered public/404.html (0.99 ms)
[2019-02-25 00:29:46] info : Started GET /home/producttypes/show/_dynamical_segment_ for 66.249.69.68
[2019-02-25 00:29:46] info : Processing by ProducttypepageController#show
[2019-02-25 00:29:46] info : 	Rendered app/views/home/_menu_product.php (12.58 ms)
[2019-02-25 00:29:47] info : 	Rendered app/views/home/productpage/_table.php (492.02 ms)
[2019-02-25 00:29:47] info : 	Rendered app/views/home/producttypepage/show.php (528.62 ms)
[2019-02-25 00:29:47] info : 	Rendered app/views//home/_home_topbar.php (16.54 ms)
[2019-02-25 00:29:47] info : 	Rendered app/views//home/_home_header.php (16.58 ms)
[2019-02-25 00:29:47] info : 	Rendered app/views//home/_home_navbar.php (60.02 ms)
[2019-02-25 00:29:47] info : 	Rendered app/views/home/_home_footer.php (65.90 ms)
[2019-02-25 00:29:47] info : 	Rendered app/views/layouts/_back_to_top.php (1.29 ms)
[2019-02-25 00:29:47] info : 	Rendered app/views/layouts/home.php (726.30 ms)
[2019-02-25 00:29:47] info : Completed OK in (750.73 ms)
[2019-02-25 00:33:40] info : Started GET /home/about_us for 78.167.156.206
[2019-02-25 00:33:40] info : Processing by HomeController#about_us
[2019-02-25 00:33:40] info : 	Rendered app/views/home/about_us.php (17.69 ms)
[2019-02-25 00:33:40] info : 	Rendered app/views//home/_home_topbar.php (16.52 ms)
[2019-02-25 00:33:40] info : 	Rendered app/views//home/_home_header.php (17.07 ms)
[2019-02-25 00:33:40] info : 	Rendered app/views//home/_home_navbar.php (61.51 ms)
[2019-02-25 00:33:41] info : 	Rendered app/views/home/_home_footer.php (67.11 ms)
[2019-02-25 00:33:41] info : 	Rendered app/views/layouts/_back_to_top.php (1.24 ms)
[2019-02-25 00:33:41] info : 	Rendered app/views/layouts/home.php (218.13 ms)
[2019-02-25 00:33:41] info : Completed OK in (224.29 ms)
[2019-02-25 00:34:28] info : Started GET /home/products/search for 78.167.156.206
[2019-02-25 00:34:28] info : Processing by ProductpageController#search
[2019-02-25 00:34:28] info : 	Rendered app/views/home/productpage/search.php (2.81 ms)
[2019-02-25 00:34:28] info : 	Rendered app/views//home/_home_topbar.php (16.09 ms)
[2019-02-25 00:34:28] info : 	Rendered app/views//home/_home_header.php (16.03 ms)
[2019-02-25 00:34:28] info : 	Rendered app/views//home/_home_navbar.php (59.33 ms)
[2019-02-25 00:34:28] info : 	Rendered app/views/home/_home_footer.php (64.11 ms)
[2019-02-25 00:34:28] info : 	Rendered app/views/layouts/_back_to_top.php (1.26 ms)
[2019-02-25 00:34:28] info : 	Rendered app/views/layouts/home.php (197.37 ms)
[2019-02-25 00:34:28] info : Completed OK in (210.81 ms)
[2019-02-25 00:34:46] info : Started POST /home/products/find for 78.167.156.206
[2019-02-25 00:34:46] info : Processing by ProductpageController#find
[2019-02-25 00:34:47] info : Started GET /home/products/search for 78.167.156.206
[2019-02-25 00:34:47] info : Processing by ProductpageController#search
[2019-02-25 00:34:47] info : 	Rendered app/views/home/productpage/search.php (2.58 ms)
[2019-02-25 00:34:47] info : 	Rendered app/views//home/_home_topbar.php (16.19 ms)
[2019-02-25 00:34:47] info : 	Rendered app/views//home/_home_header.php (16.58 ms)
[2019-02-25 00:34:47] info : 	Rendered app/views//home/_home_navbar.php (62.52 ms)
[2019-02-25 00:34:47] info : 	Rendered app/views/home/_home_footer.php (65.48 ms)
[2019-02-25 00:34:47] info : 	Rendered app/views/layouts/_back_to_top.php (1.26 ms)
[2019-02-25 00:34:47] info : 	Rendered app/views/layouts/home.php (201.51 ms)
[2019-02-25 00:34:47] info : Completed OK in (213.73 ms)
[2019-02-25 00:34:56] info : Started POST /ajax/producttype for 78.167.156.206
[2019-02-25 00:34:56] info : Processing by AjaxController#producttype
[2019-02-25 00:34:56] info : Completed OK in (23.22 ms)
[2019-02-25 00:35:02] info : Started POST /home/producttypes/find for 78.167.156.206
[2019-02-25 00:35:02] info : Processing by ProducttypepageController#find
[2019-02-25 00:35:02] info : Started GET /home/producttypes/show/_dynamical_segment_ for 78.167.156.206
[2019-02-25 00:35:02] info : Processing by ProducttypepageController#show
[2019-02-25 00:35:02] info : 	Rendered app/views/home/_menu_product.php (11.18 ms)
[2019-02-25 00:35:04] info : 	Rendered app/views/home/productpage/_table.php (1414.80 ms)
[2019-02-25 00:35:04] info : 	Rendered app/views/home/producttypepage/show.php (1448.23 ms)
[2019-02-25 00:35:04] info : 	Rendered app/views//home/_home_topbar.php (16.22 ms)
[2019-02-25 00:35:04] info : 	Rendered app/views//home/_home_header.php (16.29 ms)
[2019-02-25 00:35:04] info : 	Rendered app/views//home/_home_navbar.php (59.72 ms)
[2019-02-25 00:35:04] info : 	Rendered app/views/home/_home_footer.php (66.62 ms)
[2019-02-25 00:35:04] info : 	Rendered app/views/layouts/_back_to_top.php (1.27 ms)
[2019-02-25 00:35:04] info : 	Rendered app/views/layouts/home.php (1645.79 ms)
[2019-02-25 00:35:04] info : Completed OK in (1665.32 ms)
[2019-02-25 00:36:52] info : Started GET /home/products/search for 78.167.156.206
[2019-02-25 00:36:52] info : Processing by ProductpageController#search
[2019-02-25 00:36:52] info : 	Rendered app/views/home/productpage/search.php (2.64 ms)
[2019-02-25 00:36:52] info : 	Rendered app/views//home/_home_topbar.php (18.98 ms)
[2019-02-25 00:36:52] info : 	Rendered app/views//home/_home_header.php (19.02 ms)
[2019-02-25 00:36:53] info : 	Rendered app/views//home/_home_navbar.php (66.94 ms)
[2019-02-25 00:36:53] info : 	Rendered app/views/home/_home_footer.php (65.50 ms)
[2019-02-25 00:36:53] info : 	Rendered app/views/layouts/_back_to_top.php (1.24 ms)
[2019-02-25 00:36:53] info : 	Rendered app/views/layouts/home.php (215.85 ms)
[2019-02-25 00:36:53] info : Completed OK in (229.57 ms)
[2019-02-25 01:03:10] error : No route matches [GET] /robots.txt
[2019-02-25 01:03:10] info : 	Rendered public/404.html (1.01 ms)
[2019-02-25 01:11:42] info : Started GET / for 207.46.13.86
[2019-02-25 01:11:42] info : Processing by HomeController#index
[2019-02-25 01:11:42] info : 	Rendered app/views/home/index.php (28.01 ms)
[2019-02-25 01:11:42] info : 	Rendered app/views//home/_home_topbar.php (16.13 ms)
[2019-02-25 01:11:42] info : 	Rendered app/views//home/_home_header.php (16.26 ms)
[2019-02-25 01:11:42] info : 	Rendered app/views//home/_home_navbar.php (59.30 ms)
[2019-02-25 01:11:42] info : 	Rendered app/views/home/_home_footer.php (63.64 ms)
[2019-02-25 01:11:42] info : 	Rendered app/views/layouts/_back_to_top.php (1.29 ms)
[2019-02-25 01:11:42] info : 	Rendered app/views/layouts/home.php (220.81 ms)
[2019-02-25 01:11:42] info : Completed OK in (228.02 ms)
[2019-02-25 01:16:44] info : Started GET / for 66.249.69.68
[2019-02-25 01:16:44] info : Processing by HomeController#index
[2019-02-25 01:16:44] info : 	Rendered app/views/home/index.php (29.57 ms)
[2019-02-25 01:16:44] info : 	Rendered app/views//home/_home_topbar.php (16.47 ms)
[2019-02-25 01:16:44] info : 	Rendered app/views//home/_home_header.php (16.28 ms)
[2019-02-25 01:16:44] info : 	Rendered app/views//home/_home_navbar.php (60.26 ms)
[2019-02-25 01:16:44] info : 	Rendered app/views/home/_home_footer.php (65.23 ms)
[2019-02-25 01:16:44] info : 	Rendered app/views/layouts/_back_to_top.php (1.23 ms)
[2019-02-25 01:16:44] info : 	Rendered app/views/layouts/home.php (226.98 ms)
[2019-02-25 01:16:44] info : Completed OK in (232.99 ms)
[2019-02-25 01:30:04] info : Started GET /home/products for 66.249.69.68
[2019-02-25 01:30:04] info : Processing by ProductpageController#index
[2019-02-25 01:30:04] error : No route matches [GET] /robots.txt
[2019-02-25 01:30:04] info : 	Rendered public/404.html (1.19 ms)
[2019-02-25 01:30:11] info : 	Rendered app/views/home/productpage/_table.php (7021.78 ms)
[2019-02-25 01:30:11] info : 	Rendered app/views/home/productpage/index.php (7026.40 ms)
[2019-02-25 01:30:11] info : 	Rendered app/views//home/_home_topbar.php (17.01 ms)
[2019-02-25 01:30:11] info : 	Rendered app/views//home/_home_header.php (17.12 ms)
[2019-02-25 01:30:12] info : 	Rendered app/views//home/_home_navbar.php (61.88 ms)
[2019-02-25 01:30:12] info : 	Rendered app/views/home/_home_footer.php (67.72 ms)
[2019-02-25 01:30:12] info : 	Rendered app/views/layouts/_back_to_top.php (1.26 ms)
[2019-02-25 01:30:12] info : 	Rendered app/views/layouts/home.php (7229.72 ms)
[2019-02-25 01:30:12] info : Completed OK in (7245.65 ms)
[2019-02-25 01:31:41] info : Started GET /home/products/show/_dynamical_segment_ for 66.249.69.68
[2019-02-25 01:31:41] info : Processing by ProductpageController#show
[2019-02-25 01:31:42] info : 	Rendered app/views/home/productpage/_table.php (331.99 ms)
[2019-02-25 01:31:42] info : 	Rendered app/views/home/productpage/show.php (441.20 ms)
[2019-02-25 01:31:42] info : 	Rendered app/views//home/_home_topbar.php (16.18 ms)
[2019-02-25 01:31:42] info : 	Rendered app/views//home/_home_header.php (16.55 ms)
[2019-02-25 01:31:42] info : 	Rendered app/views//home/_home_navbar.php (59.71 ms)
[2019-02-25 01:31:42] info : 	Rendered app/views/home/_home_footer.php (64.38 ms)
[2019-02-25 01:31:42] info : 	Rendered app/views/layouts/_back_to_top.php (1.25 ms)
[2019-02-25 01:31:42] info : 	Rendered app/views/layouts/home.php (639.19 ms)
[2019-02-25 01:31:42] info : Completed OK in (651.71 ms)
[2019-02-25 01:53:18] error : No route matches [GET] /robots.txt
[2019-02-25 01:53:18] info : 	Rendered public/404.html (1.03 ms)
[2019-02-25 01:56:36] info : Started GET /home/products/show/_dynamical_segment_ for 66.249.69.65
[2019-02-25 01:56:36] info : Processing by ProductpageController#show
[2019-02-25 01:56:36] info : 	Rendered app/views/home/productpage/_table.php (332.81 ms)
[2019-02-25 01:56:36] info : 	Rendered app/views/home/productpage/show.php (440.97 ms)
[2019-02-25 01:56:36] info : 	Rendered app/views//home/_home_topbar.php (16.58 ms)
[2019-02-25 01:56:36] info : 	Rendered app/views//home/_home_header.php (16.56 ms)
[2019-02-25 01:56:36] info : 	Rendered app/views//home/_home_navbar.php (61.23 ms)
[2019-02-25 01:56:36] info : 	Rendered app/views/home/_home_footer.php (67.60 ms)
[2019-02-25 01:56:36] info : 	Rendered app/views/layouts/_back_to_top.php (1.30 ms)
[2019-02-25 01:56:36] info : 	Rendered app/views/layouts/home.php (642.27 ms)
[2019-02-25 01:56:36] info : Completed OK in (656.67 ms)
[2019-02-25 02:02:49] error : No route matches [GET] /wp-content/plugins/sfn.php
[2019-02-25 02:02:49] info : 	Rendered public/404.html (1.06 ms)
[2019-02-25 02:29:16] info : Started GET /home/producttypes/show/_dynamical_segment_ for 66.249.69.65
[2019-02-25 02:29:16] info : Processing by ProducttypepageController#show
[2019-02-25 02:29:16] info : 	Rendered app/views/home/_menu_product.php (28.87 ms)
[2019-02-25 02:29:17] info : 	Rendered app/views/home/productpage/_table.php (843.62 ms)
[2019-02-25 02:29:17] info : 	Rendered app/views/home/producttypepage/show.php (959.92 ms)
[2019-02-25 02:29:17] info : 	Rendered app/views//home/_home_topbar.php (16.42 ms)
[2019-02-25 02:29:17] info : 	Rendered app/views//home/_home_header.php (16.46 ms)
[2019-02-25 02:29:17] info : 	Rendered app/views//home/_home_navbar.php (100.33 ms)
[2019-02-25 02:29:17] info : 	Rendered app/views/home/_home_footer.php (79.15 ms)
[2019-02-25 02:29:17] info : 	Rendered app/views/layouts/_back_to_top.php (1.29 ms)
[2019-02-25 02:29:17] info : 	Rendered app/views/layouts/home.php (1212.04 ms)
[2019-02-25 02:29:17] info : Completed OK in (1362.30 ms)
[2019-02-25 02:43:16] info : Started GET /home/products/show/_dynamical_segment_ for 157.55.39.94
[2019-02-25 02:43:16] info : Processing by ProductpageController#show
[2019-02-25 02:43:17] info : 	Rendered app/views/home/productpage/_table.php (857.11 ms)
[2019-02-25 02:43:17] info : 	Rendered app/views/home/productpage/show.php (970.14 ms)
[2019-02-25 02:43:17] info : 	Rendered app/views//home/_home_topbar.php (16.84 ms)
[2019-02-25 02:43:17] info : 	Rendered app/views//home/_home_header.php (17.08 ms)
[2019-02-25 02:43:17] info : 	Rendered app/views//home/_home_navbar.php (72.37 ms)
[2019-02-25 02:43:17] info : 	Rendered app/views/home/_home_footer.php (86.14 ms)
[2019-02-25 02:43:17] info : 	Rendered app/views/layouts/_back_to_top.php (2.05 ms)
[2019-02-25 02:43:17] info : 	Rendered app/views/layouts/home.php (1205.56 ms)
[2019-02-25 02:43:17] info : Completed OK in (1221.93 ms)
[2019-02-25 02:57:23] info : Started GET /home/producttypes/show/_dynamical_segment_ for 157.55.39.94
[2019-02-25 02:57:23] info : Processing by ProducttypepageController#show
[2019-02-25 02:57:23] info : 	Rendered app/views/home/_menu_product.php (11.64 ms)
[2019-02-25 02:57:24] info : 	Rendered app/views/home/productpage/_table.php (856.83 ms)
[2019-02-25 02:57:24] info : 	Rendered app/views/home/producttypepage/show.php (891.88 ms)
[2019-02-25 02:57:24] info : 	Rendered app/views//home/_home_topbar.php (16.64 ms)
[2019-02-25 02:57:24] info : 	Rendered app/views//home/_home_header.php (16.50 ms)
[2019-02-25 02:57:24] info : 	Rendered app/views//home/_home_navbar.php (68.65 ms)
[2019-02-25 02:57:24] info : 	Rendered app/views/home/_home_footer.php (66.98 ms)
[2019-02-25 02:57:24] info : 	Rendered app/views/layouts/_back_to_top.php (1.34 ms)
[2019-02-25 02:57:24] info : 	Rendered app/views/layouts/home.php (1101.79 ms)
[2019-02-25 02:57:24] info : Completed OK in (1124.30 ms)
[2019-02-25 03:06:41] error : No route matches [GET] /robots.txt
[2019-02-25 03:06:41] info : 	Rendered public/404.html (1.05 ms)
[2019-02-25 03:06:57] info : Started GET /home/products/show/_dynamical_segment_ for 66.249.69.65
[2019-02-25 03:06:57] info : Processing by ProductpageController#show
[2019-02-25 03:06:59] info : 	Rendered app/views/home/productpage/_table.php (1506.45 ms)
[2019-02-25 03:06:59] info : 	Rendered app/views/home/productpage/show.php (1630.33 ms)
[2019-02-25 03:06:59] info : 	Rendered app/views//home/_home_topbar.php (17.54 ms)
[2019-02-25 03:06:59] info : 	Rendered app/views//home/_home_header.php (16.67 ms)
[2019-02-25 03:06:59] info : 	Rendered app/views//home/_home_navbar.php (60.96 ms)
[2019-02-25 03:06:59] info : 	Rendered app/views/home/_home_footer.php (75.31 ms)
[2019-02-25 03:06:59] info : 	Rendered app/views/layouts/_back_to_top.php (1.28 ms)
[2019-02-25 03:06:59] info : 	Rendered app/views/layouts/home.php (1839.73 ms)
[2019-02-25 03:06:59] info : Completed OK in (1853.96 ms)
[2019-02-25 03:17:17] info : Started GET /home/producttypes/show/_dynamical_segment_ for 66.249.69.68
[2019-02-25 03:17:17] info : Processing by ProducttypepageController#show
[2019-02-25 03:17:17] info : 	Rendered app/views/home/_menu_product.php (12.32 ms)
[2019-02-25 03:17:18] info : 	Rendered app/views/home/productpage/_table.php (859.60 ms)
[2019-02-25 03:17:18] info : 	Rendered app/views/home/producttypepage/show.php (898.25 ms)
[2019-02-25 03:17:18] info : 	Rendered app/views//home/_home_topbar.php (16.56 ms)
[2019-02-25 03:17:18] info : 	Rendered app/views//home/_home_header.php (17.32 ms)
[2019-02-25 03:17:18] info : 	Rendered app/views//home/_home_navbar.php (61.38 ms)
[2019-02-25 03:17:18] info : 	Rendered app/views/home/_home_footer.php (66.44 ms)
[2019-02-25 03:17:18] info : 	Rendered app/views/layouts/_back_to_top.php (1.30 ms)
[2019-02-25 03:17:18] info : 	Rendered app/views/layouts/home.php (1099.11 ms)
[2019-02-25 03:17:18] info : Completed OK in (1122.45 ms)
[2019-02-25 03:35:11] error : No route matches [GET] /robots.txt
[2019-02-25 03:35:11] info : 	Rendered public/404.html (1.06 ms)
[2019-02-25 03:35:15] info : Started GET /home/products/show/_dynamical_segment_ for 37.9.113.123
[2019-02-25 03:35:15] info : Processing by ProductpageController#show
[2019-02-25 03:35:16] info : 	Rendered app/views/home/productpage/_table.php (342.15 ms)
[2019-02-25 03:35:16] info : 	Rendered app/views/home/productpage/show.php (455.19 ms)
[2019-02-25 03:35:16] info : 	Rendered app/views//home/_home_topbar.php (17.80 ms)
[2019-02-25 03:35:16] info : 	Rendered app/views//home/_home_header.php (17.84 ms)
[2019-02-25 03:35:16] info : 	Rendered app/views//home/_home_navbar.php (61.17 ms)
[2019-02-25 03:35:16] info : 	Rendered app/views/home/_home_footer.php (69.90 ms)
[2019-02-25 03:35:16] info : 	Rendered app/views/layouts/_back_to_top.php (1.29 ms)
[2019-02-25 03:35:16] info : 	Rendered app/views/layouts/home.php (664.02 ms)
[2019-02-25 03:35:16] info : Completed OK in (678.50 ms)
[2019-02-25 03:36:41] error : No route matches [GET] /robots.txt
[2019-02-25 03:36:41] info : 	Rendered public/404.html (0.95 ms)
[2019-02-25 03:46:01] info : Started GET /home/products/show/_dynamical_segment_ for 66.249.69.70
[2019-02-25 03:46:01] info : Processing by ProductpageController#show
[2019-02-25 03:46:01] info : 	Rendered app/views/home/productpage/_table.php (502.71 ms)
[2019-02-25 03:46:01] info : 	Rendered app/views/home/productpage/show.php (615.84 ms)
[2019-02-25 03:46:02] info : 	Rendered app/views//home/_home_topbar.php (16.39 ms)
[2019-02-25 03:46:02] info : 	Rendered app/views//home/_home_header.php (16.27 ms)
[2019-02-25 03:46:02] info : 	Rendered app/views//home/_home_navbar.php (60.10 ms)
[2019-02-25 03:46:02] info : 	Rendered app/views/home/_home_footer.php (68.16 ms)
[2019-02-25 03:46:02] info : 	Rendered app/views/layouts/_back_to_top.php (1.27 ms)
[2019-02-25 03:46:02] info : 	Rendered app/views/layouts/home.php (816.52 ms)
[2019-02-25 03:46:02] info : Completed OK in (830.81 ms)
[2019-02-25 03:50:23] error : No route matches [GET] /upload/products/image/390.jpg
[2019-02-25 03:50:23] info : 	Rendered public/404.html (1.02 ms)
[2019-02-25 04:16:43] error : No route matches [GET] /robots.txt
[2019-02-25 04:16:43] info : 	Rendered public/404.html (1.07 ms)
[2019-02-25 04:16:43] info : Started GET /home/products/show/_dynamical_segment_ for 66.249.69.70
[2019-02-25 04:16:43] info : Processing by ProductpageController#show
[2019-02-25 04:16:44] info : 	Rendered app/views/home/productpage/_table.php (976.20 ms)
[2019-02-25 04:16:44] info : 	Rendered app/views/home/productpage/show.php (1091.51 ms)
[2019-02-25 04:16:44] info : 	Rendered app/views//home/_home_topbar.php (19.12 ms)
[2019-02-25 04:16:44] info : 	Rendered app/views//home/_home_header.php (19.56 ms)
[2019-02-25 04:16:44] info : 	Rendered app/views//home/_home_navbar.php (63.00 ms)
[2019-02-25 04:16:44] info : 	Rendered app/views/home/_home_footer.php (67.00 ms)
[2019-02-25 04:16:44] info : 	Rendered app/views/layouts/_back_to_top.php (1.38 ms)
[2019-02-25 04:16:44] info : 	Rendered app/views/layouts/home.php (1301.70 ms)
[2019-02-25 04:16:44] info : Completed OK in (1317.82 ms)
[2019-02-25 04:27:48] error : No route matches [GET] /robots.txt
[2019-02-25 04:27:48] info : 	Rendered public/404.html (0.96 ms)
[2019-02-25 04:29:45] info : Started GET /home/products/show/_dynamical_segment_ for 66.249.69.65
[2019-02-25 04:29:45] info : Processing by ProductpageController#show
[2019-02-25 04:29:45] info : 	Rendered app/views/home/productpage/_table.php (221.28 ms)
[2019-02-25 04:29:45] info : 	Rendered app/views/home/productpage/show.php (329.49 ms)
[2019-02-25 04:29:46] info : 	Rendered app/views//home/_home_topbar.php (16.46 ms)
[2019-02-25 04:29:46] info : 	Rendered app/views//home/_home_header.php (16.56 ms)
[2019-02-25 04:29:46] info : 	Rendered app/views//home/_home_navbar.php (62.57 ms)
[2019-02-25 04:29:46] info : 	Rendered app/views/home/_home_footer.php (66.61 ms)
[2019-02-25 04:29:46] info : 	Rendered app/views/layouts/_back_to_top.php (1.27 ms)
[2019-02-25 04:29:46] info : 	Rendered app/views/layouts/home.php (530.04 ms)
[2019-02-25 04:29:46] info : Completed OK in (544.42 ms)
[2019-02-25 04:39:05] error : No route matches [GET] /robots.txt
[2019-02-25 04:39:05] info : 	Rendered public/404.html (0.96 ms)
[2019-02-25 04:52:38] error : No route matches [GET] /robots.txt
[2019-02-25 04:52:38] info : 	Rendered public/404.html (0.98 ms)
[2019-02-25 05:09:45] error : No route matches [GET] /robots.txt
[2019-02-25 05:09:45] info : 	Rendered public/404.html (1.15 ms)
[2019-02-25 05:09:46] info : Started GET /home/products/show/_dynamical_segment_ for 54.36.150.1
[2019-02-25 05:09:46] info : Processing by ProductpageController#show
[2019-02-25 05:09:46] info : 	Rendered app/views/home/productpage/_table.php (232.20 ms)
[2019-02-25 05:09:46] info : 	Rendered app/views/home/productpage/show.php (345.79 ms)
[2019-02-25 05:09:46] info : 	Rendered app/views//home/_home_topbar.php (17.41 ms)
[2019-02-25 05:09:46] info : 	Rendered app/views//home/_home_header.php (17.39 ms)
[2019-02-25 05:09:46] info : 	Rendered app/views//home/_home_navbar.php (70.58 ms)
[2019-02-25 05:09:46] info : 	Rendered app/views/home/_home_footer.php (86.70 ms)
[2019-02-25 05:09:46] info : 	Rendered app/views/layouts/_back_to_top.php (1.40 ms)
[2019-02-25 05:09:46] info : 	Rendered app/views/layouts/home.php (580.62 ms)
[2019-02-25 05:09:46] info : Completed OK in (595.66 ms)
[2019-02-25 05:28:20] error : No route matches [GET] /robots.txt
[2019-02-25 05:28:20] info : 	Rendered public/404.html (9.53 ms)
[2019-02-25 05:28:20] info : Started GET /home/products/show/_dynamical_segment_ for 66.249.69.68
[2019-02-25 05:28:20] info : Processing by ProductpageController#show
[2019-02-25 05:28:21] info : 	Rendered app/views/home/productpage/_table.php (831.41 ms)
[2019-02-25 05:28:21] info : 	Rendered app/views/home/productpage/show.php (960.78 ms)
[2019-02-25 05:28:22] info : 	Rendered app/views//home/_home_topbar.php (23.46 ms)
[2019-02-25 05:28:22] info : 	Rendered app/views//home/_home_header.php (29.55 ms)
[2019-02-25 05:28:22] info : 	Rendered app/views//home/_home_navbar.php (66.39 ms)
[2019-02-25 05:28:22] info : 	Rendered app/views/home/_home_footer.php (74.78 ms)
[2019-02-25 05:28:22] info : 	Rendered app/views/layouts/_back_to_top.php (9.86 ms)
[2019-02-25 05:28:22] info : 	Rendered app/views/layouts/home.php (1209.51 ms)
[2019-02-25 05:28:22] info : Completed OK in (1269.23 ms)
[2019-02-25 05:30:41] info : Started GET /home/producttypes/show/_dynamical_segment_ for 66.249.69.70
[2019-02-25 05:30:41] info : Processing by ProducttypepageController#show
[2019-02-25 05:30:41] info : 	Rendered app/views/home/_menu_product.php (23.65 ms)
[2019-02-25 05:30:42] info : 	Rendered app/views/home/productpage/_table.php (870.24 ms)
[2019-02-25 05:30:42] info : 	Rendered app/views/home/producttypepage/show.php (927.10 ms)
[2019-02-25 05:30:42] info : 	Rendered app/views//home/_home_topbar.php (16.80 ms)
[2019-02-25 05:30:42] info : 	Rendered app/views//home/_home_header.php (18.57 ms)
[2019-02-25 05:30:42] info : 	Rendered app/views//home/_home_navbar.php (67.01 ms)
[2019-02-25 05:30:42] info : 	Rendered app/views/home/_home_footer.php (69.93 ms)
[2019-02-25 05:30:42] info : 	Rendered app/views/layouts/_back_to_top.php (1.23 ms)
[2019-02-25 05:30:42] info : 	Rendered app/views/layouts/home.php (1141.45 ms)
[2019-02-25 05:30:42] info : Completed OK in (1171.82 ms)
[2019-02-25 05:45:10] error : No route matches [GET] /robots.txt
[2019-02-25 05:45:10] info : 	Rendered public/404.html (1.07 ms)
[2019-02-25 05:45:11] info : Started GET /home/producttypes/show/_dynamical_segment_ for 46.229.168.151
[2019-02-25 05:45:11] info : Processing by ProducttypepageController#show
[2019-02-25 05:45:11] info : 	Rendered app/views/home/_menu_product.php (11.53 ms)
[2019-02-25 05:45:12] info : 	Rendered app/views/home/productpage/_table.php (1424.13 ms)
[2019-02-25 05:45:12] info : 	Rendered app/views/home/producttypepage/show.php (1458.30 ms)
[2019-02-25 05:45:12] info : 	Rendered app/views//home/_home_topbar.php (16.42 ms)
[2019-02-25 05:45:12] info : 	Rendered app/views//home/_home_header.php (16.41 ms)
[2019-02-25 05:45:13] info : 	Rendered app/views//home/_home_navbar.php (60.46 ms)
[2019-02-25 05:45:13] info : 	Rendered app/views/home/_home_footer.php (65.84 ms)
[2019-02-25 05:45:13] info : 	Rendered app/views/layouts/_back_to_top.php (1.26 ms)
[2019-02-25 05:45:13] info : 	Rendered app/views/layouts/home.php (1655.84 ms)
[2019-02-25 05:45:13] info : Completed OK in (1677.89 ms)
[2019-02-25 05:56:31] info : Started GET /home/products/show/_dynamical_segment_ for 66.249.69.70
[2019-02-25 05:56:31] info : Processing by ProductpageController#show
[2019-02-25 05:56:33] info : 	Rendered app/views/home/productpage/_table.php (1515.53 ms)
[2019-02-25 05:56:33] info : 	Rendered app/views/home/productpage/show.php (1626.47 ms)
[2019-02-25 05:56:33] info : 	Rendered app/views//home/_home_topbar.php (16.47 ms)
[2019-02-25 05:56:33] info : 	Rendered app/views//home/_home_header.php (16.65 ms)
[2019-02-25 05:56:33] info : 	Rendered app/views//home/_home_navbar.php (60.33 ms)
[2019-02-25 05:56:33] info : 	Rendered app/views/home/_home_footer.php (64.66 ms)
[2019-02-25 05:56:33] info : 	Rendered app/views/layouts/_back_to_top.php (1.28 ms)
[2019-02-25 05:56:33] info : 	Rendered app/views/layouts/home.php (1823.34 ms)
[2019-02-25 05:56:33] info : Completed OK in (1838.55 ms)
[2019-02-25 05:56:50] info : Started GET /home/products/show/_dynamical_segment_ for 66.249.69.68
[2019-02-25 05:56:50] info : Processing by ProductpageController#show
[2019-02-25 05:56:51] info : 	Rendered app/views/home/productpage/_table.php (1466.08 ms)
[2019-02-25 05:56:51] info : 	Rendered app/views/home/productpage/show.php (1575.52 ms)
[2019-02-25 05:56:52] info : 	Rendered app/views//home/_home_topbar.php (16.78 ms)
[2019-02-25 05:56:52] info : 	Rendered app/views//home/_home_header.php (16.44 ms)
[2019-02-25 05:56:52] info : 	Rendered app/views//home/_home_navbar.php (61.17 ms)
[2019-02-25 05:56:52] info : 	Rendered app/views/home/_home_footer.php (64.38 ms)
[2019-02-25 05:56:52] info : 	Rendered app/views/layouts/_back_to_top.php (1.26 ms)
[2019-02-25 05:56:52] info : 	Rendered app/views/layouts/home.php (1773.12 ms)
[2019-02-25 05:56:52] info : Completed OK in (1785.81 ms)
[2019-02-25 06:06:54] error : No route matches [GET] /robots.txt
[2019-02-25 06:06:54] info : 	Rendered public/404.html (1.01 ms)
[2019-02-25 06:11:27] info : Started GET /home/products/show/_dynamical_segment_ for 54.36.150.61
[2019-02-25 06:11:27] info : Processing by ProductpageController#show
[2019-02-25 06:11:27] info : 	Rendered app/views/home/productpage/_table.php (119.41 ms)
[2019-02-25 06:11:27] info : 	Rendered app/views/home/productpage/show.php (230.88 ms)
[2019-02-25 06:11:27] info : 	Rendered app/views//home/_home_topbar.php (16.71 ms)
[2019-02-25 06:11:27] info : 	Rendered app/views//home/_home_header.php (16.35 ms)
[2019-02-25 06:11:27] info : 	Rendered app/views//home/_home_navbar.php (62.06 ms)
[2019-02-25 06:11:27] info : 	Rendered app/views/home/_home_footer.php (65.78 ms)
[2019-02-25 06:11:27] info : 	Rendered app/views/layouts/_back_to_top.php (1.27 ms)
[2019-02-25 06:11:27] info : 	Rendered app/views/layouts/home.php (430.10 ms)
[2019-02-25 06:11:27] info : Completed OK in (444.53 ms)
[2019-02-25 06:15:52] info : Started GET /home/products/show/_dynamical_segment_ for 54.36.150.144
[2019-02-25 06:15:52] info : Processing by ProductpageController#show
[2019-02-25 06:15:53] info : 	Rendered app/views/home/productpage/_table.php (1494.87 ms)
[2019-02-25 06:15:53] info : 	Rendered app/views/home/productpage/show.php (1604.51 ms)
[2019-02-25 06:15:53] info : 	Rendered app/views//home/_home_topbar.php (17.87 ms)
[2019-02-25 06:15:53] info : 	Rendered app/views//home/_home_header.php (17.63 ms)
[2019-02-25 06:15:53] info : 	Rendered app/views//home/_home_navbar.php (63.66 ms)
[2019-02-25 06:15:54] info : 	Rendered app/views/home/_home_footer.php (67.82 ms)
[2019-02-25 06:15:54] info : 	Rendered app/views/layouts/_back_to_top.php (1.20 ms)
[2019-02-25 06:15:54] info : 	Rendered app/views/layouts/home.php (1812.24 ms)
[2019-02-25 06:15:54] info : Completed OK in (1824.76 ms)
[2019-02-25 06:21:52] info : Started GET /home/products/show/_dynamical_segment_ for 66.249.69.68
[2019-02-25 06:21:52] info : Processing by ProductpageController#show
[2019-02-25 06:21:52] info : 	Rendered app/views/home/productpage/_table.php (340.88 ms)
[2019-02-25 06:21:52] info : 	Rendered app/views/home/productpage/show.php (456.51 ms)
[2019-02-25 06:21:53] info : 	Rendered app/views//home/_home_topbar.php (17.18 ms)
[2019-02-25 06:21:53] info : 	Rendered app/views//home/_home_header.php (17.12 ms)
[2019-02-25 06:21:53] info : 	Rendered app/views//home/_home_navbar.php (61.67 ms)
[2019-02-25 06:21:53] info : 	Rendered app/views/home/_home_footer.php (68.62 ms)
[2019-02-25 06:21:53] info : 	Rendered app/views/layouts/_back_to_top.php (1.33 ms)
[2019-02-25 06:21:53] info : 	Rendered app/views/layouts/home.php (661.53 ms)
[2019-02-25 06:21:53] info : Completed OK in (676.79 ms)
[2019-02-25 06:27:53] info : Started GET /home/products/show/_dynamical_segment_ for 54.36.150.169
[2019-02-25 06:27:53] info : Processing by ProductpageController#show
[2019-02-25 06:27:53] info : 	Rendered app/views/home/productpage/_table.php (113.82 ms)
[2019-02-25 06:27:53] info : 	Rendered app/views/home/productpage/show.php (222.88 ms)
[2019-02-25 06:27:53] info : 	Rendered app/views//home/_home_topbar.php (17.10 ms)
[2019-02-25 06:27:53] info : 	Rendered app/views//home/_home_header.php (16.49 ms)
[2019-02-25 06:27:53] info : 	Rendered app/views//home/_home_navbar.php (62.64 ms)
[2019-02-25 06:27:53] info : 	Rendered app/views/home/_home_footer.php (66.59 ms)
[2019-02-25 06:27:53] info : 	Rendered app/views/layouts/_back_to_top.php (1.26 ms)
[2019-02-25 06:27:53] info : 	Rendered app/views/layouts/home.php (425.64 ms)
[2019-02-25 06:27:53] info : Completed OK in (440.50 ms)
[2019-02-25 06:29:29] info : Started GET /home/products/show/_dynamical_segment_ for 54.36.149.106
[2019-02-25 06:29:29] info : Processing by ProductpageController#show
[2019-02-25 06:29:30] info : 	Rendered app/views/home/productpage/_table.php (1482.49 ms)
[2019-02-25 06:29:30] info : 	Rendered app/views/home/productpage/show.php (1591.34 ms)
[2019-02-25 06:29:30] info : 	Rendered app/views//home/_home_topbar.php (16.87 ms)
[2019-02-25 06:29:30] info : 	Rendered app/views//home/_home_header.php (16.95 ms)
[2019-02-25 06:29:30] info : 	Rendered app/views//home/_home_navbar.php (61.61 ms)
[2019-02-25 06:29:30] info : 	Rendered app/views/home/_home_footer.php (65.36 ms)
[2019-02-25 06:29:30] info : 	Rendered app/views/layouts/_back_to_top.php (1.32 ms)
[2019-02-25 06:29:30] info : 	Rendered app/views/layouts/home.php (1791.26 ms)
[2019-02-25 06:29:30] info : Completed OK in (1804.76 ms)
[2019-02-25 06:48:51] error : No route matches [GET] /robots.txt
[2019-02-25 06:48:51] info : 	Rendered public/404.html (1.01 ms)
[2019-02-25 06:48:52] info : Started GET /home/producttypes/show/_dynamical_segment_ for 66.249.69.70
[2019-02-25 06:48:52] info : Processing by ProducttypepageController#show
[2019-02-25 06:48:52] info : 	Rendered app/views/home/_menu_product.php (11.86 ms)
[2019-02-25 06:48:52] info : 	Rendered app/views/home/productpage/_table.php (823.95 ms)
[2019-02-25 06:48:52] info : 	Rendered app/views/home/producttypepage/show.php (859.67 ms)
[2019-02-25 06:48:53] info : 	Rendered app/views//home/_home_topbar.php (16.77 ms)
[2019-02-25 06:48:53] info : 	Rendered app/views//home/_home_header.php (16.62 ms)
[2019-02-25 06:48:53] info : 	Rendered app/views//home/_home_navbar.php (59.98 ms)
[2019-02-25 06:48:53] info : 	Rendered app/views/home/_home_footer.php (64.58 ms)
[2019-02-25 06:48:53] info : 	Rendered app/views/layouts/_back_to_top.php (1.27 ms)
[2019-02-25 06:48:53] info : 	Rendered app/views/layouts/home.php (1057.02 ms)
[2019-02-25 06:48:53] info : Completed OK in (1078.98 ms)
[2019-02-25 07:16:29] info : Started GET /home/pages/_dynamical_segment_ for 66.249.69.70
[2019-02-25 07:16:29] info : Processing by PageController#show
[2019-02-25 07:16:30] info : Started GET /home/index for 66.249.69.70
[2019-02-25 07:16:30] info : Processing by HomeController#index
[2019-02-25 07:16:30] info : 	Rendered app/views/home/index.php (69.99 ms)
[2019-02-25 07:16:30] info : 	Rendered app/views//home/_home_topbar.php (17.13 ms)
[2019-02-25 07:16:30] info : 	Rendered app/views//home/_home_header.php (16.73 ms)
[2019-02-25 07:16:30] info : 	Rendered app/views//home/_home_navbar.php (62.16 ms)
[2019-02-25 07:16:30] info : 	Rendered app/views/home/_home_footer.php (65.74 ms)
[2019-02-25 07:16:30] info : 	Rendered app/views/layouts/_back_to_top.php (1.25 ms)
[2019-02-25 07:16:30] info : 	Rendered app/views/layouts/home.php (270.25 ms)
[2019-02-25 07:16:30] info : Completed OK in (276.33 ms)
[2019-02-25 07:25:02] info : Started GET /home for 66.249.69.68
[2019-02-25 07:25:02] info : Processing by HomeController#index
[2019-02-25 07:25:02] info : 	Rendered app/views/home/index.php (29.30 ms)
[2019-02-25 07:25:02] info : 	Rendered app/views//home/_home_topbar.php (16.68 ms)
[2019-02-25 07:25:02] info : 	Rendered app/views//home/_home_header.php (16.86 ms)
[2019-02-25 07:25:02] info : 	Rendered app/views//home/_home_navbar.php (61.72 ms)
[2019-02-25 07:25:02] info : 	Rendered app/views/home/_home_footer.php (65.73 ms)
[2019-02-25 07:25:02] info : 	Rendered app/views/layouts/_back_to_top.php (1.29 ms)
[2019-02-25 07:25:02] info : 	Rendered app/views/layouts/home.php (229.55 ms)
[2019-02-25 07:25:02] info : Completed OK in (237.12 ms)
[2019-02-25 07:29:16] info : Started GET /home/producttypes/show/_dynamical_segment_ for 66.249.69.68
[2019-02-25 07:29:16] info : Processing by ProducttypepageController#show
[2019-02-25 07:29:16] info : 	Rendered app/views/home/_menu_product.php (13.50 ms)
[2019-02-25 07:29:16] info : 	Rendered app/views/home/productpage/_table.php (535.00 ms)
[2019-02-25 07:29:16] info : 	Rendered app/views/home/producttypepage/show.php (576.31 ms)
[2019-02-25 07:29:16] info : 	Rendered app/views//home/_home_topbar.php (16.60 ms)
[2019-02-25 07:29:16] info : 	Rendered app/views//home/_home_header.php (16.90 ms)
[2019-02-25 07:29:16] info : 	Rendered app/views//home/_home_navbar.php (64.01 ms)
[2019-02-25 07:29:16] info : 	Rendered app/views/home/_home_footer.php (69.65 ms)
[2019-02-25 07:29:16] info : 	Rendered app/views/layouts/_back_to_top.php (1.30 ms)
[2019-02-25 07:29:16] info : 	Rendered app/views/layouts/home.php (783.93 ms)
[2019-02-25 07:29:16] info : Completed OK in (807.60 ms)
[2019-02-25 07:30:04] info : Started GET /home/producttypes/show/_dynamical_segment_ for 66.249.69.65
[2019-02-25 07:30:04] info : Processing by ProducttypepageController#show
[2019-02-25 07:30:04] info : 	Rendered app/views/home/_menu_product.php (11.91 ms)
[2019-02-25 07:30:04] info : 	Rendered app/views/home/productpage/_table.php (337.49 ms)
[2019-02-25 07:30:04] info : 	Rendered app/views/home/producttypepage/show.php (372.20 ms)
[2019-02-25 07:30:04] info : 	Rendered app/views//home/_home_topbar.php (16.70 ms)
[2019-02-25 07:30:04] info : 	Rendered app/views//home/_home_header.php (17.04 ms)
[2019-02-25 07:30:04] info : 	Rendered app/views//home/_home_navbar.php (60.95 ms)
[2019-02-25 07:30:04] info : 	Rendered app/views/home/_home_footer.php (65.25 ms)
[2019-02-25 07:30:04] info : 	Rendered app/views/layouts/_back_to_top.php (1.25 ms)
[2019-02-25 07:30:04] info : 	Rendered app/views/layouts/home.php (571.22 ms)
[2019-02-25 07:30:04] info : Completed OK in (591.70 ms)
[2019-02-25 07:46:45] error : No route matches [GET] /robots.txt
[2019-02-25 07:46:45] info : 	Rendered public/404.html (0.97 ms)
[2019-02-25 07:53:31] error : No route matches [GET] /robots.txt
[2019-02-25 07:53:31] info : 	Rendered public/404.html (1.03 ms)
[2019-02-25 07:53:31] info : Started GET /home/products/show/_dynamical_segment_ for 66.249.69.65
[2019-02-25 07:53:31] info : Processing by ProductpageController#show
[2019-02-25 07:53:32] info : 	Rendered app/views/home/productpage/_table.php (503.10 ms)
[2019-02-25 07:53:32] info : 	Rendered app/views/home/productpage/show.php (611.26 ms)
[2019-02-25 07:53:32] info : 	Rendered app/views//home/_home_topbar.php (21.28 ms)
[2019-02-25 07:53:32] info : 	Rendered app/views//home/_home_header.php (16.55 ms)
[2019-02-25 07:53:32] info : 	Rendered app/views//home/_home_navbar.php (61.46 ms)
[2019-02-25 07:53:32] info : 	Rendered app/views/home/_home_footer.php (66.37 ms)
[2019-02-25 07:53:32] info : 	Rendered app/views/layouts/_back_to_top.php (1.31 ms)
[2019-02-25 07:53:32] info : 	Rendered app/views/layouts/home.php (816.21 ms)
[2019-02-25 07:53:32] info : Completed OK in (830.95 ms)
[2019-02-25 07:57:16] info : Started GET /home/producttypes/show/_dynamical_segment_ for 158.181.42.93
[2019-02-25 07:57:16] info : Processing by ProducttypepageController#show
[2019-02-25 07:57:16] info : 	Rendered app/views/home/_menu_product.php (12.65 ms)
[2019-02-25 07:57:18] info : 	Rendered app/views/home/productpage/_table.php (1508.10 ms)
[2019-02-25 07:57:18] info : 	Rendered app/views/home/producttypepage/show.php (1545.53 ms)
[2019-02-25 07:57:18] info : 	Rendered app/views//home/_home_topbar.php (16.79 ms)
[2019-02-25 07:57:18] info : 	Rendered app/views//home/_home_header.php (16.45 ms)
[2019-02-25 07:57:18] info : 	Rendered app/views//home/_home_navbar.php (64.36 ms)
[2019-02-25 07:57:18] info : 	Rendered app/views/home/_home_footer.php (64.54 ms)
[2019-02-25 07:57:18] info : 	Rendered app/views/layouts/_back_to_top.php (1.24 ms)
[2019-02-25 07:57:18] info : 	Rendered app/views/layouts/home.php (1746.27 ms)
[2019-02-25 07:57:18] info : Completed OK in (1769.78 ms)
[2019-02-25 08:38:27] error : No route matches [GET] /robots.txt
[2019-02-25 08:38:27] info : 	Rendered public/404.html (0.99 ms)
Started GET '/' for 195.175.110.190 at 2019-02-25 08:44:14
Processing by home#index
  Rendered app/views/home/index.php (29.15 ms)
  Rendered app/views//home/_home_topbar.php (17.87 ms)
  Rendered app/views//home/_home_header.php (18.75 ms)
  Rendered app/views//home/_home_navbar.php (64.14 ms)
  Rendered app/views/home/_home_footer.php (65.05 ms)
  Rendered app/views/layouts/_back_to_top.php (1.28 ms)
  Rendered app/views/layouts/home.php (235.85 ms)
The each() function is deprecated. This message will be suppressed on further calls → C:\Inetpub\vhosts\akgenseeds.com\httpdocs\lib\ApplicationDispatcher.php at line 21



      ApplicationLogger::info("Processing by {$route->controller}#{$route->action}");



      // route action dispatch in controller and view

      $content = ApplicationController::get_content($route);

      list($statuscode, $content) = each($content);



      // maybe status code : 200, 302, NULL

      $response = new ApplicationResponse($statuscode, $content);



    } else {

Started GET '/' for 195.175.110.190 at 2019-02-25 08:44:21
Processing by home#index
  Rendered app/views/home/index.php (28.26 ms)
  Rendered app/views//home/_home_topbar.php (16.43 ms)
  Rendered app/views//home/_home_header.php (17.42 ms)
  Rendered app/views//home/_home_navbar.php (62.75 ms)
  Rendered app/views/home/_home_footer.php (68.64 ms)
  Rendered app/views/layouts/_back_to_top.php (1.26 ms)
  Rendered app/views/layouts/home.php (232.68 ms)
The each() function is deprecated. This message will be suppressed on further calls → C:\Inetpub\vhosts\akgenseeds.com\httpdocs\lib\ApplicationDispatcher.php at line 21



      ApplicationLogger::info("Processing by {$route->controller}#{$route->action}");



      // route action dispatch in controller and view

      $content = ApplicationController::get_content($route);

      list($statuscode, $content) = each($content);



      // maybe status code : 200, 302, NULL

      $response = new ApplicationResponse($statuscode, $content);



    } else {

Started GET '/lang/en' for 195.175.110.190 at 2019-02-25 08:44:26
Processing by lang#en
The each() function is deprecated. This message will be suppressed on further calls → C:\Inetpub\vhosts\akgenseeds.com\httpdocs\lib\ApplicationDispatcher.php at line 21



      ApplicationLogger::info("Processing by {$route->controller}#{$route->action}");



      // route action dispatch in controller and view

      $content = ApplicationController::get_content($route);

      list($statuscode, $content) = each($content);



      // maybe status code : 200, 302, NULL

      $response = new ApplicationResponse($statuscode, $content);



    } else {

Started GET '/' for 34.222.22.128 at 2019-02-25 08:45:55
Processing by home#index
  Rendered app/views/home/index.php (27.87 ms)
  Rendered app/views//home/_home_topbar.php (16.57 ms)
  Rendered app/views//home/_home_header.php (16.21 ms)
  Rendered app/views//home/_home_navbar.php (60.48 ms)
  Rendered app/views/home/_home_footer.php (64.39 ms)
  Rendered app/views/layouts/_back_to_top.php (1.25 ms)
  Rendered app/views/layouts/home.php (223.71 ms)
The each() function is deprecated. This message will be suppressed on further calls → C:\Inetpub\vhosts\akgenseeds.com\httpdocs\lib\ApplicationDispatcher.php at line 21



      ApplicationLogger::info("Processing by {$route->controller}#{$route->action}");



      // route action dispatch in controller and view

      $content = ApplicationController::get_content($route);

      list($statuscode, $content) = each($content);



      // maybe status code : 200, 302, NULL

      $response = new ApplicationResponse($statuscode, $content);



    } else {

Started GET '/lang/en' for 195.175.110.190 at 2019-02-25 08:46:07
Processing by lang#en
Completed 302 Found in (5.19 ms)
Started GET '/home/index' for 195.175.110.190 at 2019-02-25 08:46:08
Processing by home#index
  Rendered app/views/home/index.php (27.80 ms)
  Rendered app/views//home/_home_topbar.php (16.14 ms)
  Rendered app/views//home/_home_header.php (16.08 ms)
  Rendered app/views//home/_home_navbar.php (60.74 ms)
  Rendered app/views/home/_home_footer.php (67.88 ms)
  Rendered app/views/layouts/_back_to_top.php (1.25 ms)
  Rendered app/views/layouts/home.php (226.89 ms)
Completed 200 OK in (233.35 ms)
Started GET '/robots.txt' for 46.229.168.143 at 2019-02-25 08:46:11
No route matches [GET] /robots.txt
Completed 404 Not Found in (2.99 ms)
  Rendered public/404.html (0.99 ms)
Started GET '/home/pages/35' for 195.175.110.190 at 2019-02-25 08:46:12
Processing by page#show
Started GET '/home/products/show/312' for 46.229.168.145 at 2019-02-25 08:46:12
Processing by productpage#show
  Rendered app/views/home/page/show.php (95.65 ms)
  Rendered app/views//home/_home_topbar.php (18.16 ms)
  Rendered app/views//home/_home_header.php (18.02 ms)
  Rendered app/views//home/_home_navbar.php (68.22 ms)
  Rendered app/views/home/_home_footer.php (72.42 ms)
  Rendered app/views/layouts/_back_to_top.php (1.41 ms)
  Rendered app/views/layouts/home.php (315.60 ms)
Completed 200 OK in (329.06 ms)
  Rendered app/views/home/productpage/_table.php (1448.87 ms)
  Rendered app/views/home/productpage/show.php (1567.34 ms)
  Rendered app/views//home/_home_topbar.php (16.45 ms)
  Rendered app/views//home/_home_header.php (16.42 ms)
  Rendered app/views//home/_home_navbar.php (60.55 ms)
  Rendered app/views/home/_home_footer.php (67.20 ms)
  Rendered app/views/layouts/_back_to_top.php (1.26 ms)
  Rendered app/views/layouts/home.php (1767.57 ms)
Completed 200 OK in (1782.51 ms)
Started GET '/robots.txt' for 216.244.66.250 at 2019-02-25 09:29:18
No route matches [GET] /robots.txt
Completed 404 Not Found in (3.11 ms)
  Rendered public/404.html (0.98 ms)
Started GET '/home/products/show/261' for 40.77.167.124 at 2019-02-25 09:43:57
Processing by productpage#show
  Rendered app/views/home/productpage/_table.php (894.34 ms)
  Rendered app/views/home/productpage/show.php (1004.54 ms)
  Rendered app/views//home/_home_topbar.php (16.63 ms)
  Rendered app/views//home/_home_header.php (16.81 ms)
  Rendered app/views//home/_home_navbar.php (60.66 ms)
  Rendered app/views/home/_home_footer.php (65.94 ms)
  Rendered app/views/layouts/_back_to_top.php (1.40 ms)
  Rendered app/views/layouts/home.php (1205.95 ms)
Completed 200 OK in (1221.16 ms)
Started GET '/' for 35.174.109.175 at 2019-02-25 09:47:33
Processing by home#index
  Rendered app/views/home/index.php (29.69 ms)
  Rendered app/views//home/_home_topbar.php (16.89 ms)
  Rendered app/views//home/_home_header.php (17.20 ms)
  Rendered app/views//home/_home_navbar.php (62.83 ms)
  Rendered app/views/home/_home_footer.php (67.81 ms)
  Rendered app/views/layouts/_back_to_top.php (1.26 ms)
  Rendered app/views/layouts/home.php (233.76 ms)
Completed 200 OK in (241.49 ms)
Started GET '/home/products/show/368' for 54.36.148.80 at 2019-02-25 09:55:53
Processing by productpage#show
  Rendered app/views/home/productpage/_table.php (385.70 ms)
  Rendered app/views/home/productpage/show.php (495.40 ms)
  Rendered app/views//home/_home_topbar.php (16.93 ms)
  Rendered app/views//home/_home_header.php (16.24 ms)
  Rendered app/views//home/_home_navbar.php (60.03 ms)
  Rendered app/views/home/_home_footer.php (64.10 ms)
  Rendered app/views/layouts/_back_to_top.php (1.22 ms)
  Rendered app/views/layouts/home.php (690.76 ms)
Completed 200 OK in (705.69 ms)
Started GET '/home/products/show/327' for 54.36.148.182 at 2019-02-25 09:57:54
Processing by productpage#show
  Rendered app/views/home/productpage/_table.php (500.60 ms)
  Rendered app/views/home/productpage/show.php (607.53 ms)
  Rendered app/views//home/_home_topbar.php (17.16 ms)
  Rendered app/views//home/_home_header.php (16.33 ms)
  Rendered app/views//home/_home_navbar.php (60.59 ms)
  Rendered app/views/home/_home_footer.php (66.46 ms)
  Rendered app/views/layouts/_back_to_top.php (1.27 ms)
  Rendered app/views/layouts/home.php (807.04 ms)
Completed 200 OK in (820.24 ms)
Started GET '/home/products/show/302' for 54.36.148.197 at 2019-02-25 10:23:16
Processing by productpage#show
  Rendered app/views/home/productpage/_table.php (860.64 ms)
  Rendered app/views/home/productpage/show.php (974.20 ms)
  Rendered app/views//home/_home_topbar.php (17.58 ms)
  Rendered app/views//home/_home_header.php (16.80 ms)
  Rendered app/views//home/_home_navbar.php (62.47 ms)
  Rendered app/views/home/_home_footer.php (65.86 ms)
  Rendered app/views/layouts/_back_to_top.php (1.27 ms)
  Rendered app/views/layouts/home.php (1177.58 ms)
Completed 200 OK in (1193.16 ms)
Started GET '/' for 5.47.131.10 at 2019-02-25 10:35:43
Processing by home#index
  Rendered app/views/home/index.php (29.31 ms)
  Rendered app/views//home/_home_topbar.php (16.66 ms)
  Rendered app/views//home/_home_header.php (16.76 ms)
  Rendered app/views//home/_home_navbar.php (61.51 ms)
  Rendered app/views/home/_home_footer.php (66.18 ms)
  Rendered app/views/layouts/_back_to_top.php (1.29 ms)
  Rendered app/views/layouts/home.php (229.27 ms)
Completed 200 OK in (237.48 ms)
Started GET '/' for 31.206.43.185 at 2019-02-25 10:37:46
Processing by home#index
  Rendered app/views/home/index.php (28.47 ms)
  Rendered app/views//home/_home_topbar.php (16.74 ms)
  Rendered app/views//home/_home_header.php (16.84 ms)
  Rendered app/views//home/_home_navbar.php (61.21 ms)
  Rendered app/views/home/_home_footer.php (65.70 ms)
  Rendered app/views/layouts/_back_to_top.php (1.38 ms)
  Rendered app/views/layouts/home.php (227.95 ms)
Completed 200 OK in (234.83 ms)
Started GET '/lang/tr' for 31.206.43.185 at 2019-02-25 10:37:54
Processing by lang#tr
Completed 302 Found in (5.48 ms)
Started GET '/home/index' for 31.206.43.185 at 2019-02-25 10:37:54
Processing by home#index
  Rendered app/views/home/index.php (28.56 ms)
  Rendered app/views//home/_home_topbar.php (16.72 ms)
  Rendered app/views//home/_home_header.php (16.78 ms)
  Rendered app/views//home/_home_navbar.php (62.16 ms)
  Rendered app/views/home/_home_footer.php (65.44 ms)
  Rendered app/views/layouts/_back_to_top.php (1.24 ms)
  Rendered app/views/layouts/home.php (229.66 ms)
Completed 200 OK in (239.37 ms)
Started GET '/' for 178.246.89.161 at 2019-02-25 10:48:10
Processing by home#index
  Rendered app/views/home/index.php (30.69 ms)
  Rendered app/views//home/_home_topbar.php (16.80 ms)
  Rendered app/views//home/_home_header.php (16.37 ms)
  Rendered app/views//home/_home_navbar.php (61.34 ms)
  Rendered app/views/home/_home_footer.php (65.91 ms)
  Rendered app/views/layouts/_back_to_top.php (1.26 ms)
  Rendered app/views/layouts/home.php (231.30 ms)
Completed 200 OK in (240.10 ms)
Started GET '/home/about_us' for 178.246.89.161 at 2019-02-25 10:48:24
Processing by home#about_us
  Rendered app/views/home/about_us.php (40.01 ms)
  Rendered app/views//home/_home_topbar.php (16.38 ms)
  Rendered app/views//home/_home_header.php (16.76 ms)
  Rendered app/views//home/_home_navbar.php (65.78 ms)
  Rendered app/views/home/_home_footer.php (65.68 ms)
  Rendered app/views/layouts/_back_to_top.php (1.28 ms)
  Rendered app/views/layouts/home.php (243.85 ms)
Completed 200 OK in (250.57 ms)
Started GET '/home/about_us' for 178.246.89.161 at 2019-02-25 10:48:32
Processing by home#about_us
  Rendered app/views/home/about_us.php (18.53 ms)
  Rendered app/views//home/_home_topbar.php (16.83 ms)
  Rendered app/views//home/_home_header.php (16.79 ms)
  Rendered app/views//home/_home_navbar.php (61.73 ms)
  Rendered app/views/home/_home_footer.php (69.91 ms)
  Rendered app/views/layouts/_back_to_top.php (1.26 ms)
  Rendered app/views/layouts/home.php (223.24 ms)
Completed 200 OK in (230.15 ms)
Started GET '/' for 195.175.110.190 at 2019-02-25 10:49:15
Processing by home#index
  Rendered app/views/home/index.php (32.51 ms)
  Rendered app/views//home/_home_topbar.php (18.24 ms)
  Rendered app/views//home/_home_header.php (17.45 ms)
  Rendered app/views//home/_home_navbar.php (74.14 ms)
  Rendered app/views/home/_home_footer.php (66.21 ms)
  Rendered app/views/layouts/_back_to_top.php (1.21 ms)
  Rendered app/views/layouts/home.php (254.05 ms)
Completed 200 OK in (260.93 ms)
Started GET '/app/assets/css/bootstrap-theme.min.css.map' for 195.175.110.190 at 2019-02-25 10:50:28
No route matches [GET] /app/assets/css/bootstrap-theme.min.css.map
Completed 404 Not Found in (3.96 ms)
  Rendered public/404.html (1.23 ms)
Started GET '/app/assets/css/bootstrap.min.css.map' for 195.175.110.190 at 2019-02-25 10:50:28
No route matches [GET] /app/assets/css/bootstrap.min.css.map
Completed 404 Not Found in (3.16 ms)
  Rendered public/404.html (1.08 ms)
Started GET '/' for 54.172.118.182 at 2019-02-25 10:53:28
Processing by home#index
  Rendered app/views/home/index.php (30.11 ms)
  Rendered app/views//home/_home_topbar.php (16.24 ms)
  Rendered app/views//home/_home_header.php (17.19 ms)
  Rendered app/views//home/_home_navbar.php (61.09 ms)
  Rendered app/views/home/_home_footer.php (64.46 ms)
  Rendered app/views/layouts/_back_to_top.php (1.24 ms)
  Rendered app/views/layouts/home.php (227.77 ms)
Completed 200 OK in (234.47 ms)
Started GET '/' for 195.175.110.190 at 2019-02-25 10:58:16
Processing by home#index
  Rendered app/views/home/index.php (28.47 ms)
  Rendered app/views//home/_home_topbar.php (18.03 ms)
  Rendered app/views//home/_home_header.php (16.78 ms)
  Rendered app/views//home/_home_navbar.php (60.50 ms)
  Rendered app/views/home/_home_footer.php (65.37 ms)
  Rendered app/views/layouts/_back_to_top.php (1.20 ms)
  Rendered app/views/layouts/home.php (228.65 ms)
Completed 200 OK in (235.09 ms)
Started GET '/' for 178.246.89.161 at 2019-02-25 10:58:35
Processing by home#index
  Rendered app/views/home/index.php (28.38 ms)
  Rendered app/views//home/_home_topbar.php (16.43 ms)
  Rendered app/views//home/_home_header.php (16.86 ms)
  Rendered app/views//home/_home_navbar.php (62.22 ms)
  Rendered app/views/home/_home_footer.php (67.89 ms)
  Rendered app/views/layouts/_back_to_top.php (1.24 ms)
  Rendered app/views/layouts/home.php (231.16 ms)
Completed 200 OK in (237.74 ms)
Started GET '/home/products/show/310' for 178.246.89.161 at 2019-02-25 10:58:40
Processing by productpage#show
  Rendered app/views/home/productpage/_table.php (1442.52 ms)
  Rendered app/views/home/productpage/show.php (1552.48 ms)
  Rendered app/views//home/_home_topbar.php (16.77 ms)
  Rendered app/views//home/_home_header.php (16.32 ms)
  Rendered app/views//home/_home_navbar.php (59.79 ms)
  Rendered app/views/home/_home_footer.php (63.08 ms)
  Rendered app/views/layouts/_back_to_top.php (1.21 ms)
  Rendered app/views/layouts/home.php (1746.77 ms)
Completed 200 OK in (1759.99 ms)
Started GET '/home/index' for 178.246.89.161 at 2019-02-25 10:58:46
Processing by home#index
  Rendered app/views/home/index.php (32.71 ms)
  Rendered app/views//home/_home_topbar.php (16.51 ms)
  Rendered app/views//home/_home_header.php (16.14 ms)
  Rendered app/views//home/_home_navbar.php (60.56 ms)
  Rendered app/views/home/_home_footer.php (65.88 ms)
  Rendered app/views/layouts/_back_to_top.php (1.25 ms)
  Rendered app/views/layouts/home.php (229.94 ms)
Completed 200 OK in (236.41 ms)
Started GET '/home/articles' for 178.246.89.161 at 2019-02-25 10:58:51
Processing by articlepage#index
  Rendered app/views/home/articlepage/index.php (9.77 ms)
  Rendered app/views//home/_home_topbar.php (19.04 ms)
  Rendered app/views//home/_home_header.php (19.29 ms)
  Rendered app/views//home/_home_navbar.php (67.51 ms)
  Rendered app/views/home/_home_footer.php (66.22 ms)
  Rendered app/views/layouts/_back_to_top.php (1.23 ms)
  Rendered app/views/layouts/home.php (225.50 ms)
Completed 200 OK in (293.79 ms)
Started GET '/home/index' for 178.246.89.161 at 2019-02-25 10:58:55
Processing by home#index
  Rendered app/views/home/index.php (29.13 ms)
  Rendered app/views//home/_home_topbar.php (17.11 ms)
  Rendered app/views//home/_home_header.php (16.78 ms)
  Rendered app/views//home/_home_navbar.php (60.72 ms)
  Rendered app/views/home/_home_footer.php (65.04 ms)
  Rendered app/views/layouts/_back_to_top.php (1.25 ms)
  Rendered app/views/layouts/home.php (227.62 ms)
Completed 200 OK in (234.09 ms)
Started GET '/' for 178.246.89.161 at 2019-02-25 10:59:08
Processing by home#index
  Rendered app/views/home/index.php (28.72 ms)
  Rendered app/views//home/_home_topbar.php (16.84 ms)
  Rendered app/views//home/_home_header.php (16.51 ms)
  Rendered app/views//home/_home_navbar.php (63.47 ms)
  Rendered app/views/home/_home_footer.php (71.58 ms)
  Rendered app/views/layouts/_back_to_top.php (1.37 ms)
  Rendered app/views/layouts/home.php (236.75 ms)
Completed 200 OK in (243.25 ms)
Started GET '/' for 195.175.110.190 at 2019-02-25 10:59:27
Processing by home#index
  Rendered app/views/home/index.php (32.61 ms)
  Rendered app/views//home/_home_topbar.php (18.44 ms)
  Rendered app/views//home/_home_header.php (17.97 ms)
  Rendered app/views//home/_home_navbar.php (66.30 ms)
  Rendered app/views/home/_home_footer.php (73.90 ms)
  Rendered app/views/layouts/_back_to_top.php (1.44 ms)
  Rendered app/views/layouts/home.php (250.72 ms)
Completed 200 OK in (257.95 ms)
Started GET '/robots.txt' for 66.249.69.65 at 2019-02-25 11:04:29
No route matches [GET] /robots.txt
Completed 404 Not Found in (3.30 ms)
  Rendered public/404.html (1.01 ms)
Started GET '/' for 66.249.69.70 at 2019-02-25 11:04:30
Processing by home#index
  Rendered app/views/home/index.php (29.14 ms)
  Rendered app/views//home/_home_topbar.php (16.53 ms)
  Rendered app/views//home/_home_header.php (16.44 ms)
  Rendered app/views//home/_home_navbar.php (61.83 ms)
  Rendered app/views/home/_home_footer.php (64.36 ms)
  Rendered app/views/layouts/_back_to_top.php (1.49 ms)
  Rendered app/views/layouts/home.php (227.30 ms)
Completed 200 OK in (235.66 ms)
Started GET '/robots.txt' for 95.163.255.144 at 2019-02-25 11:26:10
No route matches [GET] /robots.txt
Completed 404 Not Found in (3.59 ms)
  Rendered public/404.html (1.18 ms)
Started GET '/home/products' for 66.249.69.68 at 2019-02-25 11:30:36
Processing by productpage#index
  Rendered app/views/home/productpage/_table.php (7355.09 ms)
  Rendered app/views/home/productpage/index.php (7362.20 ms)
  Rendered app/views//home/_home_topbar.php (16.56 ms)
  Rendered app/views//home/_home_header.php (16.76 ms)
  Rendered app/views//home/_home_navbar.php (61.89 ms)
  Rendered app/views/home/_home_footer.php (64.31 ms)
  Rendered app/views/layouts/_back_to_top.php (1.30 ms)
  Rendered app/views/layouts/home.php (7560.19 ms)
Completed 200 OK in (7576.96 ms)
Started GET '/home/products' for 66.249.69.65 at 2019-02-25 11:31:10
Processing by productpage#index
  Rendered app/views/home/productpage/_table.php (7325.95 ms)
  Rendered app/views/home/productpage/index.php (7329.72 ms)
  Rendered app/views//home/_home_topbar.php (18.18 ms)
  Rendered app/views//home/_home_header.php (17.92 ms)
  Rendered app/views//home/_home_navbar.php (63.36 ms)
  Rendered app/views/home/_home_footer.php (67.33 ms)
  Rendered app/views/layouts/_back_to_top.php (1.27 ms)
  Rendered app/views/layouts/home.php (7541.09 ms)
Completed 200 OK in (7556.70 ms)
Started GET '/' for 195.3.144.185 at 2019-02-25 11:45:10
Processing by home#index
  Rendered app/views/home/index.php (28.87 ms)
  Rendered app/views//home/_home_topbar.php (16.44 ms)
  Rendered app/views//home/_home_header.php (17.02 ms)
  Rendered app/views//home/_home_navbar.php (61.48 ms)
  Rendered app/views/home/_home_footer.php (66.02 ms)
  Rendered app/views/layouts/_back_to_top.php (1.30 ms)
  Rendered app/views/layouts/home.php (228.54 ms)
Completed 200 OK in (236.60 ms)
Started GET '/upload/products/image/235.png' for 54.36.148.242 at 2019-02-25 11:49:29
No route matches [GET] /upload/products/image/235.png
Completed 404 Not Found in (3.53 ms)
  Rendered public/404.html (1.19 ms)
Started GET '/home/products/show/332' for 54.36.148.47 at 2019-02-25 11:55:06
Processing by productpage#show
  Rendered app/views/home/productpage/_table.php (858.60 ms)
  Rendered app/views/home/productpage/show.php (971.40 ms)
  Rendered app/views//home/_home_topbar.php (16.79 ms)
  Rendered app/views//home/_home_header.php (17.37 ms)
  Rendered app/views//home/_home_navbar.php (62.38 ms)
  Rendered app/views/home/_home_footer.php (66.89 ms)
  Rendered app/views/layouts/_back_to_top.php (1.27 ms)
  Rendered app/views/layouts/home.php (1173.43 ms)
Completed 200 OK in (1188.46 ms)
Started HEAD '/' for 109.201.154.250 at 2019-02-25 11:56:51
Uzay çağında bizim henüz desteklemediğimiz bir method → HEAD → C:\Inetpub\vhosts\akgenseeds.com\httpdocs\lib\ApplicationRoutes.php at line 77

          }

        }

      }

      return NULL;

    }

    throw new Exception("Uzay çağında bizim henüz desteklemediğimiz bir method → " . $request->method);

  }



  private static function set_route(ApplicationRoute $route) {

    if (array_key_exists($route->method, static::$_routes)) {

      if (array_key_exists($route->rule, static::$_routes[$route->method])) {

Started GET '/robots.txt' for 216.244.66.250 at 2019-02-25 11:57:42
No route matches [GET] /robots.txt
Completed 404 Not Found in (3.01 ms)
  Rendered public/404.html (0.99 ms)
Started GET '/robots.txt' for 141.8.183.215 at 2019-02-25 11:58:39
No route matches [GET] /robots.txt
Completed 404 Not Found in (3.06 ms)
  Rendered public/404.html (0.97 ms)
Started GET '/home/products/show/227' for 157.55.39.7 at 2019-02-25 11:59:09
Processing by productpage#show
  Rendered app/views/home/productpage/_table.php (325.64 ms)
  Rendered app/views/home/productpage/show.php (431.16 ms)
  Rendered app/views//home/_home_topbar.php (16.23 ms)
  Rendered app/views//home/_home_header.php (17.08 ms)
  Rendered app/views//home/_home_navbar.php (61.73 ms)
  Rendered app/views/home/_home_footer.php (65.02 ms)
  Rendered app/views/layouts/_back_to_top.php (1.26 ms)
  Rendered app/views/layouts/home.php (630.24 ms)
Completed 200 OK in (643.68 ms)
Started GET '/robots.txt' for 216.244.66.250 at 2019-02-25 12:47:07
No route matches [GET] /robots.txt
Completed 404 Not Found in (3.21 ms)
  Rendered public/404.html (1.09 ms)
Started GET '/robots.txt' for 46.229.168.143 at 2019-02-25 13:11:22
No route matches [GET] /robots.txt
Completed 404 Not Found in (3.25 ms)
  Rendered public/404.html (1.01 ms)
Started GET '/home/products/show/313' for 46.229.168.139 at 2019-02-25 13:11:23
Processing by productpage#show
  Rendered app/views/home/productpage/_table.php (1460.34 ms)
  Rendered app/views/home/productpage/show.php (1580.95 ms)
  Rendered app/views//home/_home_topbar.php (16.67 ms)
  Rendered app/views//home/_home_header.php (16.43 ms)
  Rendered app/views//home/_home_navbar.php (60.41 ms)
  Rendered app/views/home/_home_footer.php (65.26 ms)
  Rendered app/views/layouts/_back_to_top.php (1.38 ms)
  Rendered app/views/layouts/home.php (1779.92 ms)
Completed 200 OK in (1797.67 ms)
Started GET '/robots.txt' for 216.244.66.250 at 2019-02-25 13:36:56
No route matches [GET] /robots.txt
Completed 404 Not Found in (3.51 ms)
  Rendered public/404.html (1.13 ms)
Started GET '/home/products/show/334' for 54.36.150.140 at 2019-02-25 13:45:47
Processing by productpage#show
  Rendered app/views/home/productpage/_table.php (243.17 ms)
  Rendered app/views/home/productpage/show.php (357.18 ms)
  Rendered app/views//home/_home_topbar.php (16.62 ms)
  Rendered app/views//home/_home_header.php (16.94 ms)
  Rendered app/views//home/_home_navbar.php (62.27 ms)
  Rendered app/views/home/_home_footer.php (66.94 ms)
  Rendered app/views/layouts/_back_to_top.php (1.35 ms)
  Rendered app/views/layouts/home.php (560.20 ms)
Completed 200 OK in (575.97 ms)
Started GET '/home/pages/35' for 66.249.69.68 at 2019-02-25 13:47:09
Processing by page#show
  Rendered app/views/home/page/show.php (77.48 ms)
  Rendered app/views//home/_home_topbar.php (16.34 ms)
  Rendered app/views//home/_home_header.php (16.98 ms)
  Rendered app/views//home/_home_navbar.php (61.20 ms)
  Rendered app/views/home/_home_footer.php (75.84 ms)
  Rendered app/views/layouts/_back_to_top.php (1.28 ms)
  Rendered app/views/layouts/home.php (288.41 ms)
Completed 200 OK in (302.61 ms)
Started GET '/' for 178.246.23.165 at 2019-02-25 13:51:55
Processing by home#index
  Rendered app/views/home/index.php (39.83 ms)
  Rendered app/views//home/_home_topbar.php (17.96 ms)
  Rendered app/views//home/_home_header.php (16.36 ms)
  Rendered app/views//home/_home_navbar.php (64.83 ms)
  Rendered app/views/home/_home_footer.php (71.27 ms)
  Rendered app/views/layouts/_back_to_top.php (1.57 ms)
  Rendered app/views/layouts/home.php (262.44 ms)
Completed 200 OK in (272.38 ms)
Started GET '/robots.txt' for 37.9.113.123 at 2019-02-25 14:03:38
No route matches [GET] /robots.txt
Completed 404 Not Found in (3.19 ms)
  Rendered public/404.html (1.01 ms)
Started GET '/home/products/show/246' for 66.249.69.68 at 2019-02-25 14:16:37
Processing by productpage#show
  Rendered app/views/home/productpage/_table.php (851.29 ms)
  Rendered app/views/home/productpage/show.php (966.00 ms)
  Rendered app/views//home/_home_topbar.php (16.51 ms)
  Rendered app/views//home/_home_header.php (16.71 ms)
  Rendered app/views//home/_home_navbar.php (62.09 ms)
  Rendered app/views/home/_home_footer.php (66.53 ms)
  Rendered app/views/layouts/_back_to_top.php (1.29 ms)
  Rendered app/views/layouts/home.php (1166.46 ms)
Completed 200 OK in (1181.43 ms)
Started GET '/robots.txt' for 216.244.66.250 at 2019-02-25 14:26:39
No route matches [GET] /robots.txt
Completed 404 Not Found in (3.46 ms)
  Rendered public/404.html (1.00 ms)
Started GET '/' for 52.53.201.78 at 2019-02-25 14:41:10
Processing by home#index
  Rendered app/views/home/index.php (28.67 ms)
  Rendered app/views//home/_home_topbar.php (16.18 ms)
  Rendered app/views//home/_home_header.php (16.09 ms)
  Rendered app/views//home/_home_navbar.php (63.49 ms)
  Rendered app/views/home/_home_footer.php (68.01 ms)
  Rendered app/views/layouts/_back_to_top.php (1.44 ms)
  Rendered app/views/layouts/home.php (232.10 ms)
Completed 200 OK in (240.13 ms)
Started GET '/home/producttypes/show/42' for 66.249.69.65 at 2019-02-25 14:49:44
Processing by producttypepage#show
  Rendered app/views/home/_menu_product.php (11.78 ms)
  Rendered app/views/home/productpage/_table.php (327.60 ms)
  Rendered app/views/home/producttypepage/show.php (362.73 ms)
  Rendered app/views//home/_home_topbar.php (16.72 ms)
  Rendered app/views//home/_home_header.php (16.51 ms)
  Rendered app/views//home/_home_navbar.php (60.80 ms)
  Rendered app/views/home/_home_footer.php (66.96 ms)
  Rendered app/views/layouts/_back_to_top.php (1.36 ms)
  Rendered app/views/layouts/home.php (562.38 ms)
Completed 200 OK in (585.75 ms)
Started GET '/robots.txt' for 216.244.66.250 at 2019-02-25 15:17:02
No route matches [GET] /robots.txt
Completed 404 Not Found in (3.41 ms)
  Rendered public/404.html (1.17 ms)
Started GET '/home/producttypes/show/43' for 66.249.69.65 at 2019-02-25 15:26:46
Processing by producttypepage#show
  Rendered app/views/home/_menu_product.php (11.58 ms)
  Rendered app/views/home/productpage/_table.php (287.43 ms)
  Rendered app/views/home/producttypepage/show.php (323.12 ms)
  Rendered app/views//home/_home_topbar.php (17.68 ms)
  Rendered app/views//home/_home_header.php (18.29 ms)
  Rendered app/views//home/_home_navbar.php (62.26 ms)
  Rendered app/views/home/_home_footer.php (67.07 ms)
  Rendered app/views/layouts/_back_to_top.php (1.33 ms)
  Rendered app/views/layouts/home.php (527.67 ms)
Completed 200 OK in (551.07 ms)
Started GET '/home/products/show/339' for 54.36.148.137 at 2019-02-25 15:42:03
Processing by productpage#show
  Rendered app/views/home/productpage/_table.php (1524.02 ms)
  Rendered app/views/home/productpage/show.php (1639.18 ms)
  Rendered app/views//home/_home_topbar.php (17.55 ms)
  Rendered app/views//home/_home_header.php (17.78 ms)
  Rendered app/views//home/_home_navbar.php (64.30 ms)
  Rendered app/views/home/_home_footer.php (70.73 ms)
  Rendered app/views/layouts/_back_to_top.php (1.33 ms)
  Rendered app/views/layouts/home.php (1850.26 ms)
Completed 200 OK in (1868.05 ms)
Started GET '/' for 88.231.188.83 at 2019-02-25 16:13:19
Processing by home#index
  Rendered app/views/home/index.php (31.96 ms)
  Rendered app/views//home/_home_topbar.php (17.53 ms)
  Rendered app/views//home/_home_header.php (16.98 ms)
  Rendered app/views//home/_home_navbar.php (63.68 ms)
  Rendered app/views/home/_home_footer.php (66.59 ms)
  Rendered app/views/layouts/_back_to_top.php (1.28 ms)
  Rendered app/views/layouts/home.php (237.20 ms)
Completed 200 OK in (245.67 ms)
Started GET '/' for 88.231.188.83 at 2019-02-25 16:13:21
Processing by home#index
  Rendered app/views/home/index.php (29.62 ms)
  Rendered app/views//home/_home_topbar.php (17.67 ms)
  Rendered app/views//home/_home_header.php (17.54 ms)
  Rendered app/views//home/_home_navbar.php (63.41 ms)
  Rendered app/views/home/_home_footer.php (66.14 ms)
  Rendered app/views/layouts/_back_to_top.php (1.26 ms)
  Rendered app/views/layouts/home.php (233.89 ms)
Completed 200 OK in (241.13 ms)
Started GET '/home/index' for 88.231.188.83 at 2019-02-25 16:13:34
Processing by home#index
  Rendered app/views/home/index.php (32.04 ms)
  Rendered app/views//home/_home_topbar.php (19.37 ms)
  Rendered app/views//home/_home_header.php (17.84 ms)
  Rendered app/views//home/_home_navbar.php (62.66 ms)
  Rendered app/views/home/_home_footer.php (64.25 ms)
  Rendered app/views/layouts/_back_to_top.php (1.24 ms)
  Rendered app/views/layouts/home.php (238.66 ms)
Completed 200 OK in (245.31 ms)
Started GET '/' for 88.231.188.83 at 2019-02-25 16:13:38
Processing by home#index
  Rendered app/views/home/index.php (28.48 ms)
  Rendered app/views//home/_home_topbar.php (16.87 ms)
  Rendered app/views//home/_home_header.php (16.63 ms)
  Rendered app/views//home/_home_navbar.php (60.30 ms)
  Rendered app/views/home/_home_footer.php (65.73 ms)
  Rendered app/views/layouts/_back_to_top.php (1.28 ms)
  Rendered app/views/layouts/home.php (227.25 ms)
Completed 200 OK in (233.77 ms)
Started GET '/lang/tr' for 88.231.188.83 at 2019-02-25 16:13:43
Processing by lang#tr
Completed 302 Found in (5.57 ms)
Started GET '/home/index' for 88.231.188.83 at 2019-02-25 16:13:43
Processing by home#index
  Rendered app/views/home/index.php (29.43 ms)
  Rendered app/views//home/_home_topbar.php (17.00 ms)
  Rendered app/views//home/_home_header.php (17.21 ms)
  Rendered app/views//home/_home_navbar.php (66.25 ms)
  Rendered app/views/home/_home_footer.php (71.10 ms)
  Rendered app/views/layouts/_back_to_top.php (1.31 ms)
  Rendered app/views/layouts/home.php (240.37 ms)
Completed 200 OK in (247.13 ms)
Started GET '/home/index' for 88.231.188.83 at 2019-02-25 16:13:55
Processing by home#index
  Rendered app/views/home/index.php (28.67 ms)
  Rendered app/views//home/_home_topbar.php (16.19 ms)
  Rendered app/views//home/_home_header.php (16.21 ms)
  Rendered app/views//home/_home_navbar.php (61.07 ms)
  Rendered app/views/home/_home_footer.php (64.87 ms)
  Rendered app/views/layouts/_back_to_top.php (1.30 ms)
  Rendered app/views/layouts/home.php (226.23 ms)
Completed 200 OK in (232.93 ms)
Started GET '/home/products/search' for 88.231.188.83 at 2019-02-25 16:13:59
Processing by productpage#search
  Rendered app/views/home/productpage/search.php (10.09 ms)
  Rendered app/views//home/_home_topbar.php (16.97 ms)
  Rendered app/views//home/_home_header.php (17.39 ms)
  Rendered app/views//home/_home_navbar.php (66.63 ms)
  Rendered app/views/home/_home_footer.php (70.70 ms)
  Rendered app/views/layouts/_back_to_top.php (1.35 ms)
  Rendered app/views/layouts/home.php (222.16 ms)
Completed 200 OK in (236.38 ms)
Started POST '/home/products/find' for 88.231.188.83 at 2019-02-25 16:14:05
Processing by productpage#find
Completed 302 Found in (7.91 ms)
Started GET '/home/products/search' for 88.231.188.83 at 2019-02-25 16:14:06
Processing by productpage#search
  Rendered app/views/home/productpage/search.php (2.75 ms)
  Rendered app/views//home/_home_topbar.php (18.73 ms)
  Rendered app/views//home/_home_header.php (17.04 ms)
  Rendered app/views//home/_home_navbar.php (69.45 ms)
  Rendered app/views/home/_home_footer.php (66.10 ms)
  Rendered app/views/layouts/_back_to_top.php (1.27 ms)
  Rendered app/views/layouts/home.php (215.05 ms)
Completed 200 OK in (228.89 ms)
Started GET '/home/products/search' for 88.231.188.83 at 2019-02-25 16:14:15
Processing by productpage#search
  Rendered app/views/home/productpage/search.php (2.66 ms)
  Rendered app/views//home/_home_topbar.php (16.99 ms)
  Rendered app/views//home/_home_header.php (17.17 ms)
  Rendered app/views//home/_home_navbar.php (65.43 ms)
  Rendered app/views/home/_home_footer.php (71.68 ms)
  Rendered app/views/layouts/_back_to_top.php (1.28 ms)
  Rendered app/views/layouts/home.php (215.06 ms)
Completed 200 OK in (229.47 ms)
Started GET '/home/index' for 88.231.188.83 at 2019-02-25 16:14:17
Processing by home#index
  Rendered app/views/home/index.php (29.98 ms)
  Rendered app/views//home/_home_topbar.php (17.06 ms)
  Rendered app/views//home/_home_header.php (18.18 ms)
  Rendered app/views//home/_home_navbar.php (64.07 ms)
  Rendered app/views/home/_home_footer.php (68.97 ms)
  Rendered app/views/layouts/_back_to_top.php (1.29 ms)
  Rendered app/views/layouts/home.php (238.80 ms)
Completed 200 OK in (248.58 ms)
Started GET '/home/pages/35' for 88.231.188.83 at 2019-02-25 16:14:24
Processing by page#show
  Rendered app/views/home/page/show.php (87.65 ms)
  Rendered app/views//home/_home_topbar.php (18.42 ms)
  Rendered app/views//home/_home_header.php (17.71 ms)
  Rendered app/views//home/_home_navbar.php (67.21 ms)
  Rendered app/views/home/_home_footer.php (69.62 ms)
  Rendered app/views/layouts/_back_to_top.php (1.37 ms)
  Rendered app/views/layouts/home.php (302.83 ms)
Completed 200 OK in (317.13 ms)
Started GET '/home/index' for 88.231.188.83 at 2019-02-25 16:14:29
Processing by home#index
  Rendered app/views/home/index.php (27.84 ms)
  Rendered app/views//home/_home_topbar.php (16.03 ms)
  Rendered app/views//home/_home_header.php (16.18 ms)
  Rendered app/views//home/_home_navbar.php (59.72 ms)
  Rendered app/views/home/_home_footer.php (63.24 ms)
  Rendered app/views/layouts/_back_to_top.php (1.26 ms)
  Rendered app/views/layouts/home.php (220.94 ms)
Completed 200 OK in (227.25 ms)
Started GET '/home/index' for 88.231.188.83 at 2019-02-25 16:14:32
Processing by home#index
  Rendered app/views/home/index.php (31.64 ms)
  Rendered app/views//home/_home_topbar.php (18.24 ms)
  Rendered app/views//home/_home_header.php (18.58 ms)
  Rendered app/views//home/_home_navbar.php (62.53 ms)
  Rendered app/views/home/_home_footer.php (65.57 ms)
  Rendered app/views/layouts/_back_to_top.php (1.26 ms)
  Rendered app/views/layouts/home.php (237.11 ms)
Completed 200 OK in (243.53 ms)
Started GET '/home/producttypes/show/39' for 88.231.188.83 at 2019-02-25 16:14:47
Processing by producttypepage#show
  Rendered app/views/home/_menu_product.php (11.77 ms)
  Rendered app/views/home/productpage/_table.php (222.19 ms)
  Rendered app/views/home/producttypepage/show.php (256.59 ms)
  Rendered app/views//home/_home_topbar.php (16.23 ms)
  Rendered app/views//home/_home_header.php (16.28 ms)
  Rendered app/views//home/_home_navbar.php (59.78 ms)
  Rendered app/views/home/_home_footer.php (64.92 ms)
  Rendered app/views/layouts/_back_to_top.php (1.24 ms)
  Rendered app/views/layouts/home.php (451.58 ms)
Completed 200 OK in (478.29 ms)
Started GET '/home/index' for 88.231.188.83 at 2019-02-25 16:15:34
Processing by home#index
  Rendered app/views/home/index.php (29.22 ms)
  Rendered app/views//home/_home_topbar.php (16.89 ms)
  Rendered app/views//home/_home_header.php (16.77 ms)
  Rendered app/views//home/_home_navbar.php (61.49 ms)
  Rendered app/views/home/_home_footer.php (66.82 ms)
  Rendered app/views/layouts/_back_to_top.php (1.33 ms)
  Rendered app/views/layouts/home.php (232.24 ms)
Completed 200 OK in (239.42 ms)
Started GET '/home/producttypes/show/40' for 88.231.188.83 at 2019-02-25 16:15:39
Processing by producttypepage#show
  Rendered app/views/home/_menu_product.php (11.40 ms)
  Rendered app/views/home/productpage/_table.php (830.38 ms)
  Rendered app/views/home/producttypepage/show.php (864.35 ms)
  Rendered app/views//home/_home_topbar.php (16.17 ms)
  Rendered app/views//home/_home_header.php (16.12 ms)
  Rendered app/views//home/_home_navbar.php (59.30 ms)
  Rendered app/views/home/_home_footer.php (62.47 ms)
  Rendered app/views/layouts/_back_to_top.php (1.21 ms)
  Rendered app/views/layouts/home.php (1056.06 ms)
Completed 200 OK in (1076.97 ms)
Started GET '/home' for 157.55.39.52 at 2019-02-25 16:43:02
Processing by home#index
  Rendered app/views/home/index.php (30.06 ms)
  Rendered app/views//home/_home_topbar.php (17.08 ms)
  Rendered app/views//home/_home_header.php (17.04 ms)
  Rendered app/views//home/_home_navbar.php (63.51 ms)
  Rendered app/views/home/_home_footer.php (67.30 ms)
  Rendered app/views/layouts/_back_to_top.php (1.42 ms)
  Rendered app/views/layouts/home.php (234.96 ms)
Completed 200 OK in (243.63 ms)
Started GET '/robots.txt' for 46.229.168.147 at 2019-02-25 16:57:06
No route matches [GET] /robots.txt
Completed 404 Not Found in (3.20 ms)
  Rendered public/404.html (1.13 ms)
Started GET '/home/pages/6' for 46.229.168.135 at 2019-02-25 16:57:06
Processing by page#show
  Rendered app/views/home/page/show.php (58.23 ms)
  Rendered app/views//home/_home_topbar.php (16.31 ms)
  Rendered app/views//home/_home_header.php (16.17 ms)
  Rendered app/views//home/_home_navbar.php (59.57 ms)
  Rendered app/views/home/_home_footer.php (66.33 ms)
  Rendered app/views/layouts/_back_to_top.php (1.26 ms)
  Rendered app/views/layouts/home.php (254.68 ms)
Completed 200 OK in (269.39 ms)
Started GET '/robots.txt' for 207.46.13.3 at 2019-02-25 17:31:24
No route matches [GET] /robots.txt
Completed 404 Not Found in (3.19 ms)
  Rendered public/404.html (1.02 ms)
Started GET '/robots.txt' for 157.55.39.25 at 2019-02-25 17:31:42
No route matches [GET] /robots.txt
Completed 404 Not Found in (3.06 ms)
  Rendered public/404.html (0.96 ms)
Started GET '/home/products/show/228' for 95.70.145.184 at 2019-02-25 17:48:20
Processing by productpage#show
  Rendered app/views/home/productpage/_table.php (336.01 ms)
  Rendered app/views/home/productpage/show.php (442.78 ms)
  Rendered app/views//home/_home_topbar.php (17.09 ms)
  Rendered app/views//home/_home_header.php (16.44 ms)
  Rendered app/views//home/_home_navbar.php (62.16 ms)
  Rendered app/views/home/_home_footer.php (66.35 ms)
  Rendered app/views/layouts/_back_to_top.php (1.25 ms)
  Rendered app/views/layouts/home.php (643.61 ms)
Completed 200 OK in (658.50 ms)
Started GET '/robots.txt' for 216.244.66.250 at 2019-02-25 17:48:42
No route matches [GET] /robots.txt
Completed 404 Not Found in (2.95 ms)
  Rendered public/404.html (0.99 ms)
Started GET '/robots.txt' for 66.249.69.70 at 2019-02-25 18:17:55
No route matches [GET] /robots.txt
Completed 404 Not Found in (3.11 ms)
  Rendered public/404.html (1.00 ms)
Started GET '/' for 66.249.69.65 at 2019-02-25 18:18:05
Processing by home#index
  Rendered app/views/home/index.php (28.11 ms)
  Rendered app/views//home/_home_topbar.php (16.47 ms)
  Rendered app/views//home/_home_header.php (16.35 ms)
  Rendered app/views//home/_home_navbar.php (60.69 ms)
  Rendered app/views/home/_home_footer.php (65.05 ms)
  Rendered app/views/layouts/_back_to_top.php (1.23 ms)
  Rendered app/views/layouts/home.php (224.78 ms)
Completed 200 OK in (232.98 ms)
Started GET '/' for 66.249.69.68 at 2019-02-25 18:20:44
Processing by home#index
  Rendered app/views/home/index.php (27.73 ms)
  Rendered app/views//home/_home_topbar.php (16.41 ms)
  Rendered app/views//home/_home_header.php (16.41 ms)
  Rendered app/views//home/_home_navbar.php (60.69 ms)
  Rendered app/views/home/_home_footer.php (65.52 ms)
  Rendered app/views/layouts/_back_to_top.php (1.33 ms)
  Rendered app/views/layouts/home.php (225.06 ms)
Completed 200 OK in (232.39 ms)
Started GET '/robots.txt' for 216.244.66.250 at 2019-02-25 18:38:26
No route matches [GET] /robots.txt
Completed 404 Not Found in (3.24 ms)
  Rendered public/404.html (1.02 ms)
Started GET '/robots.txt' for 37.9.113.123 at 2019-02-25 18:46:34
No route matches [GET] /robots.txt
Completed 404 Not Found in (3.12 ms)
  Rendered public/404.html (1.01 ms)
Started GET '/home/products/show/338' for 37.9.113.123 at 2019-02-25 18:46:38
Processing by productpage#show
  Rendered app/views/home/productpage/_table.php (1488.52 ms)
  Rendered app/views/home/productpage/show.php (1609.93 ms)
  Rendered app/views//home/_home_topbar.php (16.63 ms)
  Rendered app/views//home/_home_header.php (16.41 ms)
  Rendered app/views//home/_home_navbar.php (60.30 ms)
  Rendered app/views/home/_home_footer.php (64.97 ms)
  Rendered app/views/layouts/_back_to_top.php (1.24 ms)
  Rendered app/views/layouts/home.php (1806.75 ms)
Completed 200 OK in (1823.09 ms)
Started GET '/home/index' for 66.249.69.70 at 2019-02-25 18:48:05
Processing by home#index
  Rendered app/views/home/index.php (36.49 ms)
  Rendered app/views//home/_home_topbar.php (16.62 ms)
  Rendered app/views//home/_home_header.php (16.40 ms)
  Rendered app/views//home/_home_navbar.php (60.30 ms)
  Rendered app/views/home/_home_footer.php (64.61 ms)
  Rendered app/views/layouts/_back_to_top.php (1.26 ms)
  Rendered app/views/layouts/home.php (232.52 ms)
Completed 200 OK in (239.24 ms)
Started GET '/home/products/show/369' for 54.36.148.180 at 2019-02-25 18:59:02
Processing by productpage#show
  Rendered app/views/home/productpage/_table.php (845.39 ms)
  Rendered app/views/home/productpage/show.php (953.81 ms)
  Rendered app/views//home/_home_topbar.php (19.00 ms)
  Rendered app/views//home/_home_header.php (18.30 ms)
  Rendered app/views//home/_home_navbar.php (65.28 ms)
  Rendered app/views/home/_home_footer.php (71.78 ms)
  Rendered app/views/layouts/_back_to_top.php (1.36 ms)
  Rendered app/views/layouts/home.php (1169.00 ms)
Completed 200 OK in (1183.90 ms)
Started GET '/' for 178.162.204.214 at 2019-02-25 19:01:50
Processing by home#index
  Rendered app/views/home/index.php (29.01 ms)
  Rendered app/views//home/_home_topbar.php (16.35 ms)
  Rendered app/views//home/_home_header.php (16.21 ms)
  Rendered app/views//home/_home_navbar.php (61.65 ms)
  Rendered app/views/home/_home_footer.php (65.17 ms)
  Rendered app/views/layouts/_back_to_top.php (1.22 ms)
  Rendered app/views/layouts/home.php (228.33 ms)
Completed 200 OK in (235.32 ms)
Started GET '/home/producttypes/show/44' for 66.249.69.68 at 2019-02-25 19:14:30
Processing by producttypepage#show
  Rendered app/views/home/_menu_product.php (12.83 ms)
  Rendered app/views/home/productpage/_table.php (504.15 ms)
  Rendered app/views/home/producttypepage/show.php (539.78 ms)
  Rendered app/views//home/_home_topbar.php (16.42 ms)
  Rendered app/views//home/_home_header.php (16.72 ms)
  Rendered app/views//home/_home_navbar.php (60.74 ms)
  Rendered app/views/home/_home_footer.php (65.27 ms)
  Rendered app/views/layouts/_back_to_top.php (1.25 ms)
  Rendered app/views/layouts/home.php (737.39 ms)
Completed 200 OK in (760.16 ms)
Started GET '/robots.txt' for 216.244.66.250 at 2019-02-25 19:30:02
No route matches [GET] /robots.txt
Completed 404 Not Found in (3.17 ms)
  Rendered public/404.html (0.98 ms)
Started GET '/robots.txt' for 37.9.113.123 at 2019-02-25 19:34:51
No route matches [GET] /robots.txt
Completed 404 Not Found in (2.96 ms)
  Rendered public/404.html (0.95 ms)
Started GET '/robots.txt' for 141.8.142.162 at 2019-02-25 19:34:51
No route matches [GET] /robots.txt
Completed 404 Not Found in (2.96 ms)
  Rendered public/404.html (0.92 ms)
Started GET '/' for 37.9.113.123 at 2019-02-25 19:34:55
Processing by home#index
  Rendered app/views/home/index.php (29.13 ms)
  Rendered app/views//home/_home_topbar.php (16.89 ms)
  Rendered app/views//home/_home_header.php (16.75 ms)
  Rendered app/views//home/_home_navbar.php (62.11 ms)
  Rendered app/views/home/_home_footer.php (67.60 ms)
  Rendered app/views/layouts/_back_to_top.php (1.33 ms)
  Rendered app/views/layouts/home.php (231.78 ms)
Completed 200 OK in (240.03 ms)
Started GET '/home/producttypes/show/42' for 66.249.69.65 at 2019-02-25 19:37:17
Processing by producttypepage#show
  Rendered app/views/home/_menu_product.php (11.52 ms)
  Rendered app/views/home/productpage/_table.php (335.92 ms)
  Rendered app/views/home/producttypepage/show.php (370.32 ms)
  Rendered app/views//home/_home_topbar.php (17.53 ms)
  Rendered app/views//home/_home_header.php (18.00 ms)
  Rendered app/views//home/_home_navbar.php (65.28 ms)
  Rendered app/views/home/_home_footer.php (67.69 ms)
  Rendered app/views/layouts/_back_to_top.php (1.31 ms)
  Rendered app/views/layouts/home.php (579.69 ms)
Completed 200 OK in (601.16 ms)
Started GET '/home/products/show/325' for 54.36.148.130 at 2019-02-25 19:53:40
Processing by productpage#show
  Rendered app/views/home/productpage/_table.php (1493.65 ms)
  Rendered app/views/home/productpage/show.php (1609.02 ms)
  Rendered app/views//home/_home_topbar.php (16.97 ms)
  Rendered app/views//home/_home_header.php (16.16 ms)
  Rendered app/views//home/_home_navbar.php (59.83 ms)
  Rendered app/views/home/_home_footer.php (63.23 ms)
  Rendered app/views/layouts/_back_to_top.php (1.34 ms)
  Rendered app/views/layouts/home.php (1803.50 ms)
Completed 200 OK in (1820.95 ms)
Started GET '/' for 54.185.226.132 at 2019-02-25 19:57:35
Processing by home#index
  Rendered app/views/home/index.php (27.89 ms)
  Rendered app/views//home/_home_topbar.php (16.19 ms)
  Rendered app/views//home/_home_header.php (16.49 ms)
  Rendered app/views//home/_home_navbar.php (61.01 ms)
  Rendered app/views/home/_home_footer.php (63.72 ms)
  Rendered app/views/layouts/_back_to_top.php (1.23 ms)
  Rendered app/views/layouts/home.php (223.29 ms)
Completed 200 OK in (230.08 ms)
Started GET '/LICENSE.php' for 193.106.30.98 at 2019-02-25 20:04:42
No route matches [GET] /LICENSE.php
Completed 404 Not Found in (3.01 ms)
  Rendered public/404.html (1.00 ms)
Started GET '/home/products/show/374' for 141.8.142.162 at 2019-02-25 20:05:59
Processing by productpage#show
  Rendered app/views/home/productpage/_table.php (1523.21 ms)
  Rendered app/views/home/productpage/show.php (1640.17 ms)
  Rendered app/views//home/_home_topbar.php (18.46 ms)
  Rendered app/views//home/_home_header.php (16.61 ms)
  Rendered app/views//home/_home_navbar.php (60.68 ms)
  Rendered app/views/home/_home_footer.php (65.26 ms)
  Rendered app/views/layouts/_back_to_top.php (1.33 ms)
  Rendered app/views/layouts/home.php (1844.98 ms)
Completed 200 OK in (1860.76 ms)
Started GET '/administrator/index.php' for 185.20.50.110 at 2019-02-25 20:08:30
No route matches [GET] /administrator/index.php
Completed 404 Not Found in (2.98 ms)
  Rendered public/404.html (0.92 ms)
Started GET '/home/products/show/359' for 54.36.150.65 at 2019-02-25 20:21:31
Processing by productpage#show
  Rendered app/views/home/productpage/_table.php (1491.07 ms)
  Rendered app/views/home/productpage/show.php (1603.06 ms)
  Rendered app/views//home/_home_topbar.php (16.61 ms)
  Rendered app/views//home/_home_header.php (16.31 ms)
  Rendered app/views//home/_home_navbar.php (60.64 ms)
  Rendered app/views/home/_home_footer.php (64.69 ms)
  Rendered app/views/layouts/_back_to_top.php (1.25 ms)
  Rendered app/views/layouts/home.php (1799.55 ms)
Completed 200 OK in (1827.58 ms)
Started GET '/home/products/show/235' for 66.249.69.65 at 2019-02-25 20:22:56
Processing by productpage#show
  Rendered app/views/home/productpage/_table.php (221.15 ms)
  Rendered app/views/home/productpage/show.php (327.83 ms)
  Rendered app/views//home/_home_topbar.php (16.37 ms)
  Rendered app/views//home/_home_header.php (16.87 ms)
  Rendered app/views//home/_home_navbar.php (61.13 ms)
  Rendered app/views/home/_home_footer.php (65.85 ms)
  Rendered app/views/layouts/_back_to_top.php (1.33 ms)
  Rendered app/views/layouts/home.php (526.87 ms)
Completed 200 OK in (540.07 ms)
Started GET '/home/about_us' for 85.106.62.124 at 2019-02-25 20:29:28
Processing by home#about_us
  Rendered app/views/home/about_us.php (19.19 ms)
  Rendered app/views//home/_home_topbar.php (17.62 ms)
  Rendered app/views//home/_home_header.php (17.53 ms)
  Rendered app/views//home/_home_navbar.php (63.55 ms)
  Rendered app/views/home/_home_footer.php (68.32 ms)
  Rendered app/views/layouts/_back_to_top.php (1.26 ms)
  Rendered app/views/layouts/home.php (226.84 ms)
Completed 200 OK in (235.20 ms)
Started GET '/robots.txt' for 216.244.66.250 at 2019-02-25 21:13:25
No route matches [GET] /robots.txt
Completed 404 Not Found in (3.08 ms)
  Rendered public/404.html (1.32 ms)
Started GET '/home/products/show/346' for 207.46.13.60 at 2019-02-25 21:18:58
Processing by productpage#show
  Rendered app/views/home/productpage/_table.php (1492.28 ms)
  Rendered app/views/home/productpage/show.php (1604.50 ms)
  Rendered app/views//home/_home_topbar.php (16.44 ms)
  Rendered app/views//home/_home_header.php (16.55 ms)
  Rendered app/views//home/_home_navbar.php (61.94 ms)
  Rendered app/views/home/_home_footer.php (64.86 ms)
  Rendered app/views/layouts/_back_to_top.php (1.87 ms)
  Rendered app/views/layouts/home.php (1803.51 ms)
Completed 200 OK in (1819.05 ms)
Started GET '/home/products/show/310' for 66.249.69.68 at 2019-02-25 21:41:28
Processing by productpage#show
  Rendered app/views/home/productpage/_table.php (1439.37 ms)
  Rendered app/views/home/productpage/show.php (1546.76 ms)
  Rendered app/views//home/_home_topbar.php (16.43 ms)
  Rendered app/views//home/_home_header.php (16.52 ms)
  Rendered app/views//home/_home_navbar.php (60.69 ms)
  Rendered app/views/home/_home_footer.php (64.40 ms)
  Rendered app/views/layouts/_back_to_top.php (1.30 ms)
  Rendered app/views/layouts/home.php (1743.27 ms)
Completed 200 OK in (1758.18 ms)
Started GET '/home/products/show/266' for 66.249.75.94 at 2019-02-25 22:17:19
Processing by productpage#show
  Rendered app/views/home/productpage/_table.php (524.66 ms)
  Rendered app/views/home/productpage/show.php (637.26 ms)
  Rendered app/views//home/_home_topbar.php (18.57 ms)
  Rendered app/views//home/_home_header.php (17.37 ms)
  Rendered app/views//home/_home_navbar.php (64.93 ms)
  Rendered app/views/home/_home_footer.php (69.76 ms)
  Rendered app/views/layouts/_back_to_top.php (1.34 ms)
  Rendered app/views/layouts/home.php (853.35 ms)
Completed 200 OK in (870.96 ms)
Started GET '/home/producttypes/show/40' for 66.249.75.95 at 2019-02-25 22:57:39
Processing by producttypepage#show
  Rendered app/views/home/_menu_product.php (11.73 ms)
  Rendered app/views/home/productpage/_table.php (851.73 ms)
  Rendered app/views/home/producttypepage/show.php (886.64 ms)
  Rendered app/views//home/_home_topbar.php (16.51 ms)
  Rendered app/views//home/_home_header.php (16.30 ms)
  Rendered app/views//home/_home_navbar.php (62.40 ms)
  Rendered app/views/home/_home_footer.php (69.71 ms)
  Rendered app/views/layouts/_back_to_top.php (1.61 ms)
  Rendered app/views/layouts/home.php (1090.63 ms)
Completed 200 OK in (1114.59 ms)
Started GET '/' for 86.47.80.148 at 2019-02-25 23:03:26
Processing by home#index
  Rendered app/views/home/index.php (34.15 ms)
  Rendered app/views//home/_home_topbar.php (20.03 ms)
  Rendered app/views//home/_home_header.php (23.72 ms)
  Rendered app/views//home/_home_navbar.php (75.64 ms)
  Rendered app/views/home/_home_footer.php (67.94 ms)
  Rendered app/views/layouts/_back_to_top.php (1.34 ms)
  Rendered app/views/layouts/home.php (267.55 ms)
Completed 200 OK in (276.24 ms)
Started GET '/home/index' for 86.47.80.148 at 2019-02-25 23:03:48
Processing by home#index
  Rendered app/views/home/index.php (28.49 ms)
  Rendered app/views//home/_home_topbar.php (17.49 ms)
  Rendered app/views//home/_home_header.php (16.84 ms)
  Rendered app/views//home/_home_navbar.php (60.80 ms)
  Rendered app/views/home/_home_footer.php (65.62 ms)
  Rendered app/views/layouts/_back_to_top.php (1.42 ms)
  Rendered app/views/layouts/home.php (228.26 ms)
Completed 200 OK in (234.92 ms)
Started GET '/home/documents' for 86.47.80.148 at 2019-02-25 23:04:07
Processing by documentpage#index
  Rendered app/views/home/documentpage/index.php (11.72 ms)
  Rendered app/views//home/_home_topbar.php (17.52 ms)
  Rendered app/views//home/_home_header.php (16.51 ms)
  Rendered app/views//home/_home_navbar.php (66.05 ms)
  Rendered app/views/home/_home_footer.php (73.55 ms)
  Rendered app/views/layouts/_back_to_top.php (1.25 ms)
  Rendered app/views/layouts/home.php (228.82 ms)
Completed 200 OK in (269.90 ms)
Started GET '/' for 86.47.80.148 at 2019-02-25 23:04:33
Processing by home#index
  Rendered app/views/home/index.php (30.00 ms)
  Rendered app/views//home/_home_topbar.php (16.75 ms)
  Rendered app/views//home/_home_header.php (19.08 ms)
  Rendered app/views//home/_home_navbar.php (68.09 ms)
  Rendered app/views/home/_home_footer.php (70.79 ms)
  Rendered app/views/layouts/_back_to_top.php (1.26 ms)
  Rendered app/views/layouts/home.php (246.74 ms)
Completed 200 OK in (253.72 ms)
Started GET '/home' for 86.47.80.148 at 2019-02-25 23:04:48
Processing by home#index
  Rendered app/views/home/index.php (28.07 ms)
  Rendered app/views//home/_home_topbar.php (16.29 ms)
  Rendered app/views//home/_home_header.php (16.44 ms)
  Rendered app/views//home/_home_navbar.php (60.13 ms)
  Rendered app/views/home/_home_footer.php (64.69 ms)
  Rendered app/views/layouts/_back_to_top.php (1.33 ms)
  Rendered app/views/layouts/home.php (224.73 ms)
Completed 200 OK in (231.15 ms)
Started GET '/robots.txt' for 141.8.142.162 at 2019-02-25 23:28:31
No route matches [GET] /robots.txt
Completed 404 Not Found in (4.70 ms)
  Rendered public/404.html (1.51 ms)
Started GET '/home/products/show/272' for 37.9.113.123 at 2019-02-25 23:28:35
Processing by productpage#show
  Rendered app/views/home/productpage/_table.php (218.70 ms)
  Rendered app/views/home/productpage/show.php (327.26 ms)
  Rendered app/views//home/_home_topbar.php (16.05 ms)
  Rendered app/views//home/_home_header.php (16.16 ms)
  Rendered app/views//home/_home_navbar.php (59.59 ms)
  Rendered app/views/home/_home_footer.php (63.72 ms)
  Rendered app/views/layouts/_back_to_top.php (1.25 ms)
  Rendered app/views/layouts/home.php (520.64 ms)
Completed 200 OK in (535.45 ms)
Started GET '/home/producttypes/show/akgenseeds.com' for 37.9.113.145 at 2019-02-25 23:35:15
Processing by producttypepage#show
Completed 302 Found in (26.32 ms)
Started GET '/home/categories' for 93.158.166.2 at 2019-02-25 23:35:18
Processing by categorypage#index
  Rendered app/views/home/categorypage/index.php (20.06 ms)
  Rendered app/views//home/_home_topbar.php (17.24 ms)
  Rendered app/views//home/_home_header.php (17.60 ms)
  Rendered app/views//home/_home_navbar.php (66.13 ms)
  Rendered app/views/home/_home_footer.php (67.31 ms)
  Rendered app/views/layouts/_back_to_top.php (1.30 ms)
  Rendered app/views/layouts/home.php (229.34 ms)
Completed 200 OK in (242.07 ms)
Started GET '/home/products/show/293' for 207.46.13.60 at 2019-02-25 23:38:49
Processing by productpage#show
  Rendered app/views/home/productpage/_table.php (934.70 ms)
  Rendered app/views/home/productpage/show.php (1057.95 ms)
  Rendered app/views//home/_home_topbar.php (18.08 ms)
  Rendered app/views//home/_home_header.php (19.26 ms)
  Rendered app/views//home/_home_navbar.php (65.81 ms)
  Rendered app/views/home/_home_footer.php (70.81 ms)
  Rendered app/views/layouts/_back_to_top.php (1.42 ms)
  Rendered app/views/layouts/home.php (1275.25 ms)
Completed 200 OK in (1290.39 ms)
Started GET '/home/agendas/show/15' for 178.154.171.25 at 2019-02-25 23:46:24
Processing by agendapage#show
  Rendered app/views/home/agendapage/show.php (45.78 ms)
  Rendered app/views//home/_home_topbar.php (16.35 ms)
  Rendered app/views//home/_home_header.php (16.48 ms)
  Rendered app/views//home/_home_navbar.php (60.26 ms)
  Rendered app/views/home/_home_footer.php (66.30 ms)
  Rendered app/views/layouts/_back_to_top.php (1.49 ms)
  Rendered app/views/layouts/home.php (244.41 ms)
Completed 200 OK in (269.11 ms)
