Started GET '/home/articles' for 207.46.13.17 at 2019-03-15 00:00:52
Processing by articlepage#index
  Rendered app/views/home/articlepage/index.php (20.94 ms)
  Rendered app/views//home/_home_topbar.php (16.89 ms)
  Rendered app/views//home/_home_header.php (16.72 ms)
  Rendered app/views//home/_home_navbar.php (62.56 ms)
  Rendered app/views/home/_home_footer.php (67.41 ms)
  Rendered app/views/layouts/_back_to_top.php (1.27 ms)
  Rendered app/views/layouts/home.php (226.04 ms)
Completed 200 OK in (296.37 ms)
Started GET '/' for 176.57.69.221 at 2019-03-15 00:22:11
Processing by home#index
  Rendered app/views/home/index.php (36.08 ms)
  Rendered app/views//home/_home_topbar.php (18.47 ms)
  Rendered app/views//home/_home_header.php (18.83 ms)
  Rendered app/views//home/_home_navbar.php (61.66 ms)
  Rendered app/views/home/_home_footer.php (65.25 ms)
  Rendered app/views/layouts/_back_to_top.php (1.35 ms)
  Rendered app/views/layouts/home.php (241.10 ms)
Completed 200 OK in (249.37 ms)
Started GET '/home/agendas/show/15' for 54.36.148.38 at 2019-03-15 00:31:39
Processing by agendapage#show
  Rendered app/views/home/agendapage/show.php (41.48 ms)
  Rendered app/views//home/_home_topbar.php (16.89 ms)
  Rendered app/views//home/_home_header.php (16.39 ms)
  Rendered app/views//home/_home_navbar.php (61.58 ms)
  Rendered app/views/home/_home_footer.php (70.40 ms)
  Rendered app/views/layouts/_back_to_top.php (1.31 ms)
  Rendered app/views/layouts/home.php (247.42 ms)
Completed 200 OK in (265.67 ms)
Started GET '/robots.txt' for 216.244.66.250 at 2019-03-15 00:37:59
No route matches [GET] /robots.txt
Completed 404 Not Found in (3.28 ms)
  Rendered public/404.html (1.09 ms)
Started GET '/robots.txt' for 37.9.113.123 at 2019-03-15 00:53:14
No route matches [GET] /robots.txt
Completed 404 Not Found in (3.29 ms)
  Rendered public/404.html (1.17 ms)
Started GET '/home/producttypes/show/39' for 37.9.113.123 at 2019-03-15 00:53:18
Processing by producttypepage#show
  Rendered app/views/home/_menu_product.php (11.43 ms)
  Rendered app/views/home/productpage/_table.php (234.10 ms)
  Rendered app/views/home/producttypepage/show.php (268.22 ms)
  Rendered app/views//home/_home_topbar.php (16.05 ms)
  Rendered app/views//home/_home_header.php (16.50 ms)
  Rendered app/views//home/_home_navbar.php (61.66 ms)
  Rendered app/views/home/_home_footer.php (63.96 ms)
  Rendered app/views/layouts/_back_to_top.php (1.26 ms)
  Rendered app/views/layouts/home.php (464.27 ms)
Completed 200 OK in (487.53 ms)
Started GET '/home/pages/35' for 141.8.142.162 at 2019-03-15 01:04:01
Processing by page#show
  Rendered app/views/home/page/show.php (80.30 ms)
  Rendered app/views//home/_home_topbar.php (16.64 ms)
  Rendered app/views//home/_home_header.php (19.28 ms)
  Rendered app/views//home/_home_navbar.php (59.71 ms)
  Rendered app/views/home/_home_footer.php (64.80 ms)
  Rendered app/views/layouts/_back_to_top.php (1.28 ms)
  Rendered app/views/layouts/home.php (283.05 ms)
Completed 200 OK in (298.74 ms)
Started GET '/robots.txt' for 216.244.66.250 at 2019-03-15 01:28:27
No route matches [GET] /robots.txt
Completed 404 Not Found in (3.03 ms)
  Rendered public/404.html (0.97 ms)
Started GET '/home/products/show/316' for 54.36.149.5 at 2019-03-15 01:59:05
Processing by productpage#show
  Rendered app/views/home/productpage/_table.php (1453.00 ms)
  Rendered app/views/home/productpage/show.php (1560.55 ms)
  Rendered app/views//home/_home_topbar.php (20.10 ms)
  Rendered app/views//home/_home_header.php (17.90 ms)
  Rendered app/views//home/_home_navbar.php (63.19 ms)
  Rendered app/views/home/_home_footer.php (90.78 ms)
  Rendered app/views/layouts/_back_to_top.php (2.19 ms)
  Rendered app/views/layouts/home.php (1800.41 ms)
Completed 200 OK in (1815.91 ms)
Started GET '/robots.txt' for 37.9.113.123 at 2019-03-15 02:01:01
No route matches [GET] /robots.txt
Completed 404 Not Found in (3.67 ms)
  Rendered public/404.html (1.02 ms)
Started GET '/home/producttypes/show/43' for 141.8.142.162 at 2019-03-15 02:01:04
Processing by producttypepage#show
  Rendered app/views/home/_menu_product.php (13.20 ms)
  Rendered app/views/home/productpage/_table.php (303.22 ms)
  Rendered app/views/home/producttypepage/show.php (342.68 ms)
  Rendered app/views//home/_home_topbar.php (19.29 ms)
  Rendered app/views//home/_home_header.php (20.11 ms)
  Rendered app/views//home/_home_navbar.php (77.32 ms)
  Rendered app/views/home/_home_footer.php (79.85 ms)
  Rendered app/views/layouts/_back_to_top.php (1.58 ms)
  Rendered app/views/layouts/home.php (584.23 ms)
Completed 200 OK in (607.21 ms)
Started GET '/home/products/show/314' for 54.36.150.28 at 2019-03-15 02:05:22
Processing by productpage#show
  Rendered app/views/home/productpage/_table.php (1451.84 ms)
  Rendered app/views/home/productpage/show.php (1573.12 ms)
  Rendered app/views//home/_home_topbar.php (17.75 ms)
  Rendered app/views//home/_home_header.php (16.64 ms)
  Rendered app/views//home/_home_navbar.php (60.23 ms)
  Rendered app/views/home/_home_footer.php (67.94 ms)
  Rendered app/views/layouts/_back_to_top.php (1.39 ms)
  Rendered app/views/layouts/home.php (1775.05 ms)
Completed 200 OK in (1794.08 ms)
Started GET '/home/agendas/show/16' for 141.8.142.13 at 2019-03-15 02:09:52
Processing by agendapage#show
  Rendered app/views/home/agendapage/show.php (47.11 ms)
  Rendered app/views//home/_home_topbar.php (16.64 ms)
  Rendered app/views//home/_home_header.php (16.46 ms)
  Rendered app/views//home/_home_navbar.php (63.57 ms)
  Rendered app/views/home/_home_footer.php (66.39 ms)
  Rendered app/views/layouts/_back_to_top.php (1.36 ms)
  Rendered app/views/layouts/home.php (258.71 ms)
Completed 200 OK in (330.17 ms)
Started GET '/home/products/show/350' for 37.9.113.123 at 2019-03-15 02:10:23
Processing by productpage#show
  Rendered app/views/home/productpage/_table.php (1494.59 ms)
  Rendered app/views/home/productpage/show.php (1603.90 ms)
  Rendered app/views//home/_home_topbar.php (17.43 ms)
  Rendered app/views//home/_home_header.php (17.14 ms)
  Rendered app/views//home/_home_navbar.php (62.45 ms)
  Rendered app/views/home/_home_footer.php (66.99 ms)
  Rendered app/views/layouts/_back_to_top.php (1.29 ms)
  Rendered app/views/layouts/home.php (1807.14 ms)
Completed 200 OK in (1819.85 ms)
Started GET '/robots.txt' for 216.244.66.250 at 2019-03-15 03:07:28
No route matches [GET] /robots.txt
Completed 404 Not Found in (3.77 ms)
  Rendered public/404.html (1.22 ms)
Started GET '/robots.txt' for 37.9.113.123 at 2019-03-15 03:58:06
No route matches [GET] /robots.txt
Completed 404 Not Found in (5.39 ms)
  Rendered public/404.html (1.65 ms)
Started GET '/home/products/show/297' for 37.9.113.123 at 2019-03-15 03:58:10
Processing by productpage#show
  Rendered app/views/home/productpage/_table.php (1688.67 ms)
  Rendered app/views/home/productpage/show.php (2009.08 ms)
  Rendered app/views//home/_home_topbar.php (17.40 ms)
  Rendered app/views//home/_home_header.php (19.29 ms)
  Rendered app/views//home/_home_navbar.php (116.32 ms)
  Rendered app/views/home/_home_footer.php (120.69 ms)
  Rendered app/views/layouts/_back_to_top.php (1.43 ms)
  Rendered app/views/layouts/home.php (2324.10 ms)
Completed 200 OK in (2512.49 ms)
Started GET '/' for 66.249.69.65 at 2019-03-15 04:17:47
Processing by home#index
  Rendered app/views/home/index.php (35.99 ms)
  Rendered app/views//home/_home_topbar.php (16.62 ms)
  Rendered app/views//home/_home_header.php (16.23 ms)
  Rendered app/views//home/_home_navbar.php (60.75 ms)
  Rendered app/views/home/_home_footer.php (64.70 ms)
  Rendered app/views/layouts/_back_to_top.php (1.31 ms)
  Rendered app/views/layouts/home.php (232.22 ms)
Completed 200 OK in (240.19 ms)
Started GET '/wp-login.php' for 52.202.107.139 at 2019-03-15 04:59:56
No route matches [GET] /wp-login.php
Completed 404 Not Found in (3.31 ms)
  Rendered public/404.html (1.02 ms)
Started GET '/administrator/index.php' for 52.202.107.139 at 2019-03-15 04:59:57
No route matches [GET] /administrator/index.php
Completed 404 Not Found in (3.06 ms)
  Rendered public/404.html (0.96 ms)
Started GET '/phpmyadmin/index.php' for 52.202.107.139 at 2019-03-15 04:59:58
No route matches [GET] /phpmyadmin/index.php
Completed 404 Not Found in (3.06 ms)
  Rendered public/404.html (0.93 ms)
Started GET '/pma/index.php' for 52.202.107.139 at 2019-03-15 04:59:59
No route matches [GET] /pma/index.php
Completed 404 Not Found in (3.83 ms)
  Rendered public/404.html (0.99 ms)
Started GET '/home/products' for 66.249.69.70 at 2019-03-15 05:42:04
Processing by productpage#index
  Rendered app/views/home/productpage/_table.php (6943.31 ms)
  Rendered app/views/home/productpage/index.php (6963.25 ms)
  Rendered app/views//home/_home_topbar.php (29.13 ms)
  Rendered app/views//home/_home_header.php (24.43 ms)
  Rendered app/views//home/_home_navbar.php (70.52 ms)
  Rendered app/views/home/_home_footer.php (74.32 ms)
  Rendered app/views/layouts/_back_to_top.php (11.73 ms)
  Rendered app/views/layouts/home.php (7219.39 ms)
Completed 200 OK in (7325.32 ms)
Started GET '/robots.txt' for 37.9.113.123 at 2019-03-15 05:57:12
No route matches [GET] /robots.txt
Completed 404 Not Found in (3.10 ms)
  Rendered public/404.html (10.13 ms)
Started GET '/home/distributors' for 93.158.166.2 at 2019-03-15 05:57:16
Processing by distributorpage#index
  Rendered app/views/home/distributorpage/index.php (62.14 ms)
  Rendered app/views//home/_home_topbar.php (16.46 ms)
  Rendered app/views//home/_home_header.php (16.31 ms)
  Rendered app/views//home/_home_navbar.php (60.84 ms)
  Rendered app/views/home/_home_footer.php (63.64 ms)
  Rendered app/views/layouts/_back_to_top.php (1.26 ms)
  Rendered app/views/layouts/home.php (258.07 ms)
Completed 200 OK in (292.20 ms)
Started GET '/home/products/show/239' for 37.9.113.145 at 2019-03-15 06:04:34
Processing by productpage#show
  Rendered app/views/home/productpage/_table.php (110.43 ms)
  Rendered app/views/home/productpage/show.php (228.76 ms)
  Rendered app/views//home/_home_topbar.php (16.23 ms)
  Rendered app/views//home/_home_header.php (16.03 ms)
  Rendered app/views//home/_home_navbar.php (59.21 ms)
  Rendered app/views/home/_home_footer.php (63.83 ms)
  Rendered app/views/layouts/_back_to_top.php (1.23 ms)
  Rendered app/views/layouts/home.php (421.83 ms)
Completed 200 OK in (437.10 ms)
Started GET '/home/products/akgenseeds.com' for 37.9.113.123 at 2019-03-15 06:07:32
No route matches [GET] /home/products/akgenseeds.com
Completed 404 Not Found in (3.05 ms)
  Rendered public/404.html (1.04 ms)
Started GET '/home/products/show/225' for 141.8.142.162 at 2019-03-15 06:07:35
Processing by productpage#show
  Rendered app/views/home/productpage/_table.php (327.37 ms)
  Rendered app/views/home/productpage/show.php (432.63 ms)
  Rendered app/views//home/_home_topbar.php (16.21 ms)
  Rendered app/views//home/_home_header.php (16.42 ms)
  Rendered app/views//home/_home_navbar.php (60.30 ms)
  Rendered app/views/home/_home_footer.php (62.92 ms)
  Rendered app/views/layouts/_back_to_top.php (1.25 ms)
  Rendered app/views/layouts/home.php (626.33 ms)
Completed 200 OK in (639.49 ms)
Started GET '/home/products/show/364' for 37.9.113.145 at 2019-03-15 06:19:10
Processing by productpage#show
  Rendered app/views/home/productpage/_table.php (1057.52 ms)
  Rendered app/views/home/productpage/show.php (1172.21 ms)
  Rendered app/views//home/_home_topbar.php (24.07 ms)
  Rendered app/views//home/_home_header.php (24.19 ms)
  Rendered app/views//home/_home_navbar.php (83.83 ms)
  Rendered app/views/home/_home_footer.php (86.52 ms)
  Rendered app/views/layouts/_back_to_top.php (1.41 ms)
  Rendered app/views/layouts/home.php (1446.72 ms)
Completed 200 OK in (1475.17 ms)
Started GET '/robots.txt' for 46.229.168.131 at 2019-03-15 06:39:42
No route matches [GET] /robots.txt
Completed 404 Not Found in (3.28 ms)
  Rendered public/404.html (1.09 ms)
Started GET '/home/products/show/361' for 46.229.168.149 at 2019-03-15 06:39:46
Processing by productpage#show
  Rendered app/views/home/productpage/_table.php (884.16 ms)
  Rendered app/views/home/productpage/show.php (1034.14 ms)
  Rendered app/views//home/_home_topbar.php (18.02 ms)
  Rendered app/views//home/_home_header.php (21.69 ms)
  Rendered app/views//home/_home_navbar.php (67.60 ms)
  Rendered app/views/home/_home_footer.php (74.72 ms)
  Rendered app/views/layouts/_back_to_top.php (1.30 ms)
  Rendered app/views/layouts/home.php (1257.03 ms)
Completed 200 OK in (1276.41 ms)
Started GET '/home/products/show/287' for 66.249.75.93 at 2019-03-15 07:09:34
Processing by productpage#show
  Rendered app/views/home/productpage/_table.php (423.03 ms)
  Rendered app/views/home/productpage/show.php (541.09 ms)
  Rendered app/views//home/_home_topbar.php (20.22 ms)
  Rendered app/views//home/_home_header.php (16.87 ms)
  Rendered app/views//home/_home_navbar.php (64.41 ms)
  Rendered app/views/home/_home_footer.php (65.77 ms)
  Rendered app/views/layouts/_back_to_top.php (1.35 ms)
  Rendered app/views/layouts/home.php (752.27 ms)
Completed 200 OK in (768.00 ms)
Started GET '/home/products/show/300' for 66.249.75.92 at 2019-03-15 07:10:22
Processing by productpage#show
  Rendered app/views/home/productpage/_table.php (498.03 ms)
  Rendered app/views/home/productpage/show.php (606.56 ms)
  Rendered app/views//home/_home_topbar.php (16.09 ms)
  Rendered app/views//home/_home_header.php (16.62 ms)
  Rendered app/views//home/_home_navbar.php (59.45 ms)
  Rendered app/views/home/_home_footer.php (63.42 ms)
  Rendered app/views/layouts/_back_to_top.php (1.20 ms)
  Rendered app/views/layouts/home.php (800.09 ms)
Completed 200 OK in (813.45 ms)
Started GET '/' for 66.249.75.93 at 2019-03-15 07:19:31
Processing by home#index
  Rendered app/views/home/index.php (40.94 ms)
  Rendered app/views//home/_home_topbar.php (17.11 ms)
  Rendered app/views//home/_home_header.php (17.10 ms)
  Rendered app/views//home/_home_navbar.php (62.61 ms)
  Rendered app/views/home/_home_footer.php (68.28 ms)
  Rendered app/views/layouts/_back_to_top.php (1.28 ms)
  Rendered app/views/layouts/home.php (245.50 ms)
Completed 200 OK in (253.84 ms)
Started GET '/robots.txt' for 141.8.142.162 at 2019-03-15 07:41:05
No route matches [GET] /robots.txt
Completed 404 Not Found in (3.56 ms)
  Rendered public/404.html (1.09 ms)
Started GET '/home/products/show/241' for 141.8.142.162 at 2019-03-15 07:41:09
Processing by productpage#show
  Rendered app/views/home/productpage/_table.php (217.84 ms)
  Rendered app/views/home/productpage/show.php (331.50 ms)
  Rendered app/views//home/_home_topbar.php (16.39 ms)
  Rendered app/views//home/_home_header.php (16.31 ms)
  Rendered app/views//home/_home_navbar.php (59.86 ms)
  Rendered app/views/home/_home_footer.php (64.81 ms)
  Rendered app/views/layouts/_back_to_top.php (1.23 ms)
  Rendered app/views/layouts/home.php (527.17 ms)
Completed 200 OK in (542.69 ms)
Started GET '/home/products/show/239' for 54.36.150.141 at 2019-03-15 07:47:18
Processing by productpage#show
  Rendered app/views/home/productpage/_table.php (119.63 ms)
  Rendered app/views/home/productpage/show.php (239.46 ms)
  Rendered app/views//home/_home_topbar.php (17.71 ms)
  Rendered app/views//home/_home_header.php (17.91 ms)
  Rendered app/views//home/_home_navbar.php (63.00 ms)
  Rendered app/views/home/_home_footer.php (69.34 ms)
  Rendered app/views/layouts/_back_to_top.php (1.31 ms)
  Rendered app/views/layouts/home.php (448.44 ms)
Completed 200 OK in (464.44 ms)
Started GET '/' for 139.198.19.213 at 2019-03-15 08:03:01
Processing by home#index
  Rendered app/views/home/index.php (35.37 ms)
  Rendered app/views//home/_home_topbar.php (22.20 ms)
  Rendered app/views//home/_home_header.php (22.23 ms)
  Rendered app/views//home/_home_navbar.php (71.60 ms)
  Rendered app/views/home/_home_footer.php (88.03 ms)
  Rendered app/views/layouts/_back_to_top.php (2.49 ms)
  Rendered app/views/layouts/home.php (291.52 ms)
Completed 200 OK in (301.53 ms)
Started GET '/home/products/show/338' for 37.9.113.123 at 2019-03-15 08:08:11
Processing by productpage#show
  Rendered app/views/home/productpage/_table.php (1616.02 ms)
  Rendered app/views/home/productpage/show.php (1734.32 ms)
  Rendered app/views//home/_home_topbar.php (21.22 ms)
  Rendered app/views//home/_home_header.php (19.62 ms)
  Rendered app/views//home/_home_navbar.php (77.30 ms)
  Rendered app/views/home/_home_footer.php (93.48 ms)
  Rendered app/views/layouts/_back_to_top.php (1.58 ms)
  Rendered app/views/layouts/home.php (2000.91 ms)
Completed 200 OK in (2017.46 ms)
Started GET '/robots.txt' for 216.244.66.250 at 2019-03-15 08:12:15
No route matches [GET] /robots.txt
Completed 404 Not Found in (4.48 ms)
  Rendered public/404.html (1.91 ms)
Started GET '/robots.txt' for 46.229.168.129 at 2019-03-15 08:23:11
No route matches [GET] /robots.txt
Completed 404 Not Found in (3.55 ms)
  Rendered public/404.html (1.11 ms)
Started GET '/home' for 46.229.168.133 at 2019-03-15 08:23:14
Processing by home#index
  Rendered app/views/home/index.php (30.80 ms)
  Rendered app/views//home/_home_topbar.php (18.10 ms)
  Rendered app/views//home/_home_header.php (17.55 ms)
  Rendered app/views//home/_home_navbar.php (69.34 ms)
  Rendered app/views/home/_home_footer.php (64.73 ms)
  Rendered app/views/layouts/_back_to_top.php (1.43 ms)
  Rendered app/views/layouts/home.php (244.90 ms)
Completed 200 OK in (253.69 ms)
Started GET '/home/products/show/404' for 46.229.168.131 at 2019-03-15 08:52:48
Processing by productpage#show
  Rendered app/views/home/productpage/_table.php (1573.10 ms)
  Rendered app/views/home/productpage/show.php (1724.56 ms)
  Rendered app/views//home/_home_topbar.php (16.77 ms)
  Rendered app/views//home/_home_header.php (16.41 ms)
  Rendered app/views//home/_home_navbar.php (60.81 ms)
  Rendered app/views/home/_home_footer.php (64.93 ms)
  Rendered app/views/layouts/_back_to_top.php (1.26 ms)
  Rendered app/views/layouts/home.php (1923.32 ms)
Completed 200 OK in (1941.06 ms)
Started GET '/robots.txt' for 216.244.66.250 at 2019-03-15 09:03:02
No route matches [GET] /robots.txt
Completed 404 Not Found in (3.40 ms)
  Rendered public/404.html (1.05 ms)
Started GET '/robots.txt' for 66.249.75.94 at 2019-03-15 09:12:54
No route matches [GET] /robots.txt
Completed 404 Not Found in (3.79 ms)
  Rendered public/404.html (1.42 ms)
Started GET '/home/products/show/367' for 54.36.150.138 at 2019-03-15 09:29:45
Processing by productpage#show
  Rendered app/views/home/productpage/_table.php (311.59 ms)
  Rendered app/views/home/productpage/show.php (436.88 ms)
  Rendered app/views//home/_home_topbar.php (17.50 ms)
  Rendered app/views//home/_home_header.php (17.81 ms)
  Rendered app/views//home/_home_navbar.php (72.17 ms)
  Rendered app/views/home/_home_footer.php (71.02 ms)
  Rendered app/views/layouts/_back_to_top.php (1.65 ms)
  Rendered app/views/layouts/home.php (660.57 ms)
Completed 200 OK in (677.98 ms)
Started GET '/robots.txt' for 216.244.66.250 at 2019-03-15 09:54:31
No route matches [GET] /robots.txt
Completed 404 Not Found in (3.24 ms)
  Rendered public/404.html (0.99 ms)
Started GET '/robots.txt' for 46.229.168.140 at 2019-03-15 10:08:26
No route matches [GET] /robots.txt
Completed 404 Not Found in (3.15 ms)
  Rendered public/404.html (1.01 ms)
Started GET '/home/products/show/269' for 46.229.168.136 at 2019-03-15 10:08:30
Processing by productpage#show
  Rendered app/views/home/productpage/_table.php (346.02 ms)
  Rendered app/views/home/productpage/show.php (455.70 ms)
  Rendered app/views//home/_home_topbar.php (18.68 ms)
  Rendered app/views//home/_home_header.php (18.32 ms)
  Rendered app/views//home/_home_navbar.php (65.28 ms)
  Rendered app/views/home/_home_footer.php (67.34 ms)
  Rendered app/views/layouts/_back_to_top.php (1.30 ms)
  Rendered app/views/layouts/home.php (668.20 ms)
Completed 200 OK in (683.43 ms)
Started GET '/robots.txt' for 216.244.66.250 at 2019-03-15 10:45:34
No route matches [GET] /robots.txt
Completed 404 Not Found in (3.06 ms)
  Rendered public/404.html (0.96 ms)
Started GET '/home/producttypes/show/40' for 46.154.64.28 at 2019-03-15 10:54:10
Processing by producttypepage#show
  Rendered app/views/home/_menu_product.php (24.64 ms)
  Rendered app/views/home/productpage/_table.php (877.19 ms)
  Rendered app/views/home/producttypepage/show.php (938.89 ms)
  Rendered app/views//home/_home_topbar.php (18.03 ms)
  Rendered app/views//home/_home_header.php (20.20 ms)
  Rendered app/views//home/_home_navbar.php (72.97 ms)
  Rendered app/views/home/_home_footer.php (77.68 ms)
  Rendered app/views/layouts/_back_to_top.php (1.31 ms)
  Rendered app/views/layouts/home.php (1174.14 ms)
Completed 200 OK in (1204.56 ms)
Started GET '/robots.txt' for 37.9.113.123 at 2019-03-15 10:57:29
No route matches [GET] /robots.txt
Completed 404 Not Found in (3.15 ms)
  Rendered public/404.html (1.02 ms)
Started GET '/home/products/show/289' for 93.158.166.2 at 2019-03-15 10:57:33
Processing by productpage#show
  Rendered app/views/home/productpage/_table.php (871.53 ms)
  Rendered app/views/home/productpage/show.php (1004.07 ms)
  Rendered app/views//home/_home_topbar.php (16.78 ms)
  Rendered app/views//home/_home_header.php (18.03 ms)
  Rendered app/views//home/_home_navbar.php (66.61 ms)
  Rendered app/views/home/_home_footer.php (69.45 ms)
  Rendered app/views/layouts/_back_to_top.php (1.31 ms)
  Rendered app/views/layouts/home.php (1214.97 ms)
Completed 200 OK in (1230.83 ms)
Started GET '/home/products/show/266' for 37.9.113.145 at 2019-03-15 10:59:20
Processing by productpage#show
  Rendered app/views/home/productpage/_table.php (575.37 ms)
  Rendered app/views/home/productpage/show.php (683.82 ms)
  Rendered app/views//home/_home_topbar.php (20.57 ms)
  Rendered app/views//home/_home_header.php (19.05 ms)
  Rendered app/views//home/_home_navbar.php (66.85 ms)
  Rendered app/views/home/_home_footer.php (69.78 ms)
  Rendered app/views/layouts/_back_to_top.php (1.55 ms)
  Rendered app/views/layouts/home.php (908.46 ms)
Completed 200 OK in (921.76 ms)
Started GET '/robots.txt' for 216.244.66.250 at 2019-03-15 11:36:27
No route matches [GET] /robots.txt
Completed 404 Not Found in (3.45 ms)
  Rendered public/404.html (1.16 ms)
Started GET '/robots.txt' for 46.229.168.144 at 2019-03-15 11:51:38
No route matches [GET] /robots.txt
Completed 404 Not Found in (3.38 ms)
  Rendered public/404.html (1.04 ms)
Started GET '/home/products/show/308' for 46.229.168.130 at 2019-03-15 11:51:41
Processing by productpage#show
  Rendered app/views/home/productpage/_table.php (1520.61 ms)
  Rendered app/views/home/productpage/show.php (1638.88 ms)
  Rendered app/views//home/_home_topbar.php (17.23 ms)
  Rendered app/views//home/_home_header.php (17.00 ms)
  Rendered app/views//home/_home_navbar.php (63.85 ms)
  Rendered app/views/home/_home_footer.php (73.34 ms)
  Rendered app/views/layouts/_back_to_top.php (1.40 ms)
  Rendered app/views/layouts/home.php (1851.71 ms)
Completed 200 OK in (1871.73 ms)
Started GET '/home/products/show/368' for 54.36.149.84 at 2019-03-15 11:59:48
Processing by productpage#show
  Rendered app/views/home/productpage/_table.php (392.84 ms)
  Rendered app/views/home/productpage/show.php (505.15 ms)
  Rendered app/views//home/_home_topbar.php (16.61 ms)
  Rendered app/views//home/_home_header.php (16.77 ms)
  Rendered app/views//home/_home_navbar.php (60.95 ms)
  Rendered app/views/home/_home_footer.php (65.35 ms)
  Rendered app/views/layouts/_back_to_top.php (1.23 ms)
  Rendered app/views/layouts/home.php (703.00 ms)
Completed 200 OK in (719.47 ms)
Started GET '/robots.txt' for 93.158.166.2 at 2019-03-15 12:02:56
No route matches [GET] /robots.txt
Completed 404 Not Found in (3.10 ms)
  Rendered public/404.html (1.00 ms)
Started GET '/home/producttypes/show/38' for 178.154.171.25 at 2019-03-15 12:11:55
Processing by producttypepage#show
  Rendered app/views/home/_menu_product.php (13.45 ms)
  Rendered app/views/home/productpage/_table.php (129.10 ms)
  Rendered app/views/home/producttypepage/show.php (170.20 ms)
  Rendered app/views//home/_home_topbar.php (17.01 ms)
  Rendered app/views//home/_home_header.php (23.66 ms)
  Rendered app/views//home/_home_navbar.php (71.82 ms)
  Rendered app/views/home/_home_footer.php (83.13 ms)
  Rendered app/views/layouts/_back_to_top.php (2.65 ms)
  Rendered app/views/layouts/home.php (413.74 ms)
Completed 200 OK in (440.62 ms)
Started GET '/home/producttypes/show/45' for 93.158.166.2 at 2019-03-15 12:14:50
Processing by producttypepage#show
  Rendered app/views/home/_menu_product.php (11.44 ms)
  Rendered app/views/home/productpage/_table.php (899.54 ms)
  Rendered app/views/home/producttypepage/show.php (934.43 ms)
  Rendered app/views//home/_home_topbar.php (16.54 ms)
  Rendered app/views//home/_home_header.php (17.51 ms)
  Rendered app/views//home/_home_navbar.php (63.16 ms)
  Rendered app/views/home/_home_footer.php (68.11 ms)
  Rendered app/views/layouts/_back_to_top.php (1.23 ms)
  Rendered app/views/layouts/home.php (1139.49 ms)
Completed 200 OK in (1161.34 ms)
Started GET '/home/producttypes/show/40' for 46.154.64.28 at 2019-03-15 12:16:09
Processing by producttypepage#show
  Rendered app/views/home/_menu_product.php (13.91 ms)
  Rendered app/views/home/productpage/_table.php (939.93 ms)
  Rendered app/views/home/producttypepage/show.php (980.59 ms)
  Rendered app/views//home/_home_topbar.php (19.64 ms)
  Rendered app/views//home/_home_header.php (19.95 ms)
  Rendered app/views//home/_home_navbar.php (75.65 ms)
  Rendered app/views/home/_home_footer.php (74.59 ms)
  Rendered app/views/layouts/_back_to_top.php (1.29 ms)
  Rendered app/views/layouts/home.php (1217.53 ms)
Completed 200 OK in (1242.44 ms)
Started GET '/robots.txt' for 216.244.66.250 at 2019-03-15 12:27:20
No route matches [GET] /robots.txt
Completed 404 Not Found in (3.20 ms)
  Rendered public/404.html (0.98 ms)
Started GET '/home/products/show/340' for 46.229.168.138 at 2019-03-15 12:45:14
Processing by productpage#show
  Rendered app/views/home/productpage/_table.php (1550.80 ms)
  Rendered app/views/home/productpage/show.php (1660.83 ms)
  Rendered app/views//home/_home_topbar.php (17.88 ms)
  Rendered app/views//home/_home_header.php (18.02 ms)
  Rendered app/views//home/_home_navbar.php (69.66 ms)
  Rendered app/views/home/_home_footer.php (73.28 ms)
  Rendered app/views/layouts/_back_to_top.php (1.38 ms)
  Rendered app/views/layouts/home.php (1882.30 ms)
Completed 200 OK in (1897.31 ms)
Started GET '/robots.txt' for 216.244.66.250 at 2019-03-15 13:17:42
No route matches [GET] /robots.txt
Completed 404 Not Found in (3.19 ms)
  Rendered public/404.html (1.01 ms)
Started GET '/home/products/show/372' for 157.55.39.61 at 2019-03-15 13:33:19
Processing by productpage#show
  Rendered app/views/home/productpage/_table.php (868.63 ms)
  Rendered app/views/home/productpage/show.php (981.45 ms)
  Rendered app/views//home/_home_topbar.php (16.99 ms)
  Rendered app/views//home/_home_header.php (17.03 ms)
  Rendered app/views//home/_home_navbar.php (64.06 ms)
  Rendered app/views/home/_home_footer.php (65.65 ms)
  Rendered app/views/layouts/_back_to_top.php (1.29 ms)
  Rendered app/views/layouts/home.php (1185.72 ms)
Completed 200 OK in (1202.54 ms)
Started GET '/home/products/show/369' for 54.36.148.203 at 2019-03-15 13:41:30
Processing by productpage#show
  Rendered app/views/home/productpage/_table.php (897.13 ms)
  Rendered app/views/home/productpage/show.php (1013.34 ms)
  Rendered app/views//home/_home_topbar.php (17.47 ms)
  Rendered app/views//home/_home_header.php (17.19 ms)
  Rendered app/views//home/_home_navbar.php (63.81 ms)
  Rendered app/views/home/_home_footer.php (66.75 ms)
  Rendered app/views/layouts/_back_to_top.php (1.29 ms)
  Rendered app/views/layouts/home.php (1218.95 ms)
Completed 200 OK in (1235.20 ms)
Started GET '/robots.txt' for 216.244.66.250 at 2019-03-15 14:06:36
No route matches [GET] /robots.txt
Completed 404 Not Found in (3.24 ms)
  Rendered public/404.html (0.97 ms)
Started GET '/' for 66.249.75.94 at 2019-03-15 14:13:14
Processing by home#index
  Rendered app/views/home/index.php (29.14 ms)
  Rendered app/views//home/_home_topbar.php (16.69 ms)
  Rendered app/views//home/_home_header.php (16.69 ms)
  Rendered app/views//home/_home_navbar.php (60.42 ms)
  Rendered app/views/home/_home_footer.php (65.93 ms)
  Rendered app/views/layouts/_back_to_top.php (1.48 ms)
  Rendered app/views/layouts/home.php (228.79 ms)
Completed 200 OK in (237.18 ms)
Started GET '/home/producttypes/show/40' for 46.154.64.28 at 2019-03-15 14:14:52
Processing by producttypepage#show
  Rendered app/views/home/_menu_product.php (11.80 ms)
  Rendered app/views/home/productpage/_table.php (889.11 ms)
  Rendered app/views/home/producttypepage/show.php (923.97 ms)
  Rendered app/views//home/_home_topbar.php (17.16 ms)
  Rendered app/views//home/_home_header.php (17.43 ms)
  Rendered app/views//home/_home_navbar.php (61.49 ms)
  Rendered app/views/home/_home_footer.php (68.48 ms)
  Rendered app/views/layouts/_back_to_top.php (1.24 ms)
  Rendered app/views/layouts/home.php (1126.93 ms)
Completed 200 OK in (1149.38 ms)
Started GET '/robots.txt' for 141.8.142.162 at 2019-03-15 14:46:34
No route matches [GET] /robots.txt
Completed 404 Not Found in (3.83 ms)
  Rendered public/404.html (1.12 ms)
Started GET '/home/agendas/show/14' for 141.8.142.162 at 2019-03-15 14:46:38
Processing by agendapage#show
  Rendered app/views/home/agendapage/show.php (52.95 ms)
  Rendered app/views//home/_home_topbar.php (16.92 ms)
  Rendered app/views//home/_home_header.php (16.87 ms)
  Rendered app/views//home/_home_navbar.php (67.68 ms)
  Rendered app/views/home/_home_footer.php (74.94 ms)
  Rendered app/views/layouts/_back_to_top.php (1.38 ms)
  Rendered app/views/layouts/home.php (269.68 ms)
Completed 200 OK in (287.10 ms)
Started GET '/robots.txt' for 141.8.183.215 at 2019-03-15 14:47:24
No route matches [GET] /robots.txt
Completed 404 Not Found in (3.58 ms)
  Rendered public/404.html (1.29 ms)
Started GET '/robots.txt' for 216.244.66.250 at 2019-03-15 14:56:10
No route matches [GET] /robots.txt
Completed 404 Not Found in (3.31 ms)
  Rendered public/404.html (1.01 ms)
Started GET '/robots.txt' for 216.244.66.250 at 2019-03-15 15:47:04
No route matches [GET] /robots.txt
Completed 404 Not Found in (3.21 ms)
  Rendered public/404.html (1.00 ms)
Started GET '/robots.txt' for 46.229.168.133 at 2019-03-15 16:19:39
No route matches [GET] /robots.txt
Completed 404 Not Found in (3.09 ms)
  Rendered public/404.html (1.01 ms)
Started GET '/home/products/show/343' for 46.229.168.138 at 2019-03-15 16:19:43
Processing by productpage#show
  Rendered app/views/home/productpage/_table.php (1419.81 ms)
  Rendered app/views/home/productpage/show.php (1527.70 ms)
  Rendered app/views//home/_home_topbar.php (16.18 ms)
  Rendered app/views//home/_home_header.php (16.49 ms)
  Rendered app/views//home/_home_navbar.php (59.19 ms)
  Rendered app/views/home/_home_footer.php (67.71 ms)
  Rendered app/views/layouts/_back_to_top.php (1.25 ms)
  Rendered app/views/layouts/home.php (1725.39 ms)
Completed 200 OK in (1740.79 ms)
Started GET '/robots.txt' for 148.64.56.114 at 2019-03-15 16:20:27
No route matches [GET] /robots.txt
Completed 404 Not Found in (3.06 ms)
  Rendered public/404.html (1.07 ms)
Started GET '/' for 148.64.56.114 at 2019-03-15 16:20:32
Processing by home#index
  Rendered app/views/home/index.php (32.50 ms)
  Rendered app/views//home/_home_topbar.php (18.02 ms)
  Rendered app/views//home/_home_header.php (17.98 ms)
  Rendered app/views//home/_home_navbar.php (64.02 ms)
  Rendered app/views/home/_home_footer.php (66.16 ms)
  Rendered app/views/layouts/_back_to_top.php (1.23 ms)
  Rendered app/views/layouts/home.php (239.68 ms)
Completed 200 OK in (247.40 ms)
Started GET '/home/products/show/306' for 207.46.13.102 at 2019-03-15 16:21:22
Processing by productpage#show
  Rendered app/views/home/productpage/_table.php (825.77 ms)
  Rendered app/views/home/productpage/show.php (932.81 ms)
  Rendered app/views//home/_home_topbar.php (16.34 ms)
  Rendered app/views//home/_home_header.php (16.44 ms)
  Rendered app/views//home/_home_navbar.php (60.37 ms)
  Rendered app/views/home/_home_footer.php (64.24 ms)
  Rendered app/views/layouts/_back_to_top.php (1.23 ms)
  Rendered app/views/layouts/home.php (1128.39 ms)
Completed 200 OK in (1141.14 ms)
Started GET '/' for 188.165.139.157 at 2019-03-15 16:46:11
Processing by home#index
  Rendered app/views/home/index.php (35.69 ms)
  Rendered app/views//home/_home_topbar.php (19.62 ms)
  Rendered app/views//home/_home_header.php (20.57 ms)
  Rendered app/views//home/_home_navbar.php (80.77 ms)
  Rendered app/views/home/_home_footer.php (91.53 ms)
  Rendered app/views/layouts/_back_to_top.php (1.67 ms)
  Rendered app/views/layouts/home.php (295.23 ms)
Completed 200 OK in (304.65 ms)
Started GET '/home/contact' for 213.32.107.202 at 2019-03-15 16:46:12
Processing by home#contact
  Rendered app/views/home/contact.php (61.38 ms)
  Rendered app/views//home/_home_topbar.php (22.93 ms)
  Rendered app/views//home/_home_header.php (17.69 ms)
  Rendered app/views//home/_home_navbar.php (65.36 ms)
  Rendered app/views/home/_home_footer.php (73.02 ms)
  Rendered app/views/layouts/_back_to_top.php (1.21 ms)
  Rendered app/views/layouts/home.php (282.60 ms)
Completed 200 OK in (289.24 ms)
Started GET '/' for 176.40.237.154 at 2019-03-15 17:10:37
Processing by home#index
  Rendered app/views/home/index.php (29.07 ms)
  Rendered app/views//home/_home_topbar.php (16.82 ms)
  Rendered app/views//home/_home_header.php (16.60 ms)
  Rendered app/views//home/_home_navbar.php (61.23 ms)
  Rendered app/views/home/_home_footer.php (65.25 ms)
  Rendered app/views/layouts/_back_to_top.php (1.34 ms)
  Rendered app/views/layouts/home.php (227.96 ms)
Completed 200 OK in (236.32 ms)
Started GET '/' for 66.249.81.6 at 2019-03-15 17:25:11
Processing by home#index
  Rendered app/views/home/index.php (28.85 ms)
  Rendered app/views//home/_home_topbar.php (16.04 ms)
  Rendered app/views//home/_home_header.php (16.15 ms)
  Rendered app/views//home/_home_navbar.php (61.74 ms)
  Rendered app/views/home/_home_footer.php (68.39 ms)
  Rendered app/views/layouts/_back_to_top.php (1.54 ms)
  Rendered app/views/layouts/home.php (230.69 ms)
Completed 200 OK in (238.92 ms)
Started GET '/home/categories/show/10' for 66.249.81.3 at 2019-03-15 17:25:52
Processing by categorypage#show
  Rendered app/views/home/_menu_product.php (12.05 ms)
  Rendered app/views/home/categorypage/show.php (123.61 ms)
  Rendered app/views//home/_home_topbar.php (16.30 ms)
  Rendered app/views//home/_home_header.php (16.59 ms)
  Rendered app/views//home/_home_navbar.php (61.02 ms)
  Rendered app/views/home/_home_footer.php (64.05 ms)
  Rendered app/views/layouts/_back_to_top.php (1.33 ms)
  Rendered app/views/layouts/home.php (319.84 ms)
Completed 200 OK in (343.20 ms)
Started GET '/home/agendas/show/14' for 66.249.81.6 at 2019-03-15 17:26:37
Processing by agendapage#show
  Rendered app/views/home/agendapage/show.php (10.38 ms)
  Rendered app/views//home/_home_topbar.php (17.27 ms)
  Rendered app/views//home/_home_header.php (17.65 ms)
  Rendered app/views//home/_home_navbar.php (63.68 ms)
  Rendered app/views/home/_home_footer.php (65.79 ms)
  Rendered app/views/layouts/_back_to_top.php (1.25 ms)
  Rendered app/views/layouts/home.php (213.57 ms)
Completed 200 OK in (227.36 ms)
Started GET '/lang/tr' for 66.249.81.3 at 2019-03-15 17:27:06
Processing by lang#tr
Completed 302 Found in (22.22 ms)
Started GET '/home/index' for 66.249.81.3 at 2019-03-15 17:27:06
Processing by home#index
  Rendered app/views/home/index.php (29.91 ms)
  Rendered app/views//home/_home_topbar.php (16.54 ms)
  Rendered app/views//home/_home_header.php (17.66 ms)
  Rendered app/views//home/_home_navbar.php (64.02 ms)
  Rendered app/views/home/_home_footer.php (68.59 ms)
  Rendered app/views/layouts/_back_to_top.php (1.21 ms)
  Rendered app/views/layouts/home.php (236.44 ms)
Completed 200 OK in (243.25 ms)
Started GET '/home/products' for 66.249.81.4 at 2019-03-15 17:27:24
Processing by productpage#index
  Rendered app/views/home/productpage/_table.php (7059.21 ms)
  Rendered app/views/home/productpage/index.php (7062.71 ms)
  Rendered app/views//home/_home_topbar.php (16.75 ms)
  Rendered app/views//home/_home_header.php (16.30 ms)
  Rendered app/views//home/_home_navbar.php (61.39 ms)
  Rendered app/views/home/_home_footer.php (64.47 ms)
  Rendered app/views/layouts/_back_to_top.php (1.21 ms)
  Rendered app/views/layouts/home.php (7259.85 ms)
Completed 200 OK in (7274.62 ms)
Started GET '/home/products' for 37.154.123.166 at 2019-03-15 17:27:32
Processing by productpage#index
  Rendered app/views/home/productpage/_table.php (6997.49 ms)
  Rendered app/views/home/productpage/index.php (7001.01 ms)
  Rendered app/views//home/_home_topbar.php (17.29 ms)
  Rendered app/views//home/_home_header.php (17.83 ms)
  Rendered app/views//home/_home_navbar.php (65.52 ms)
  Rendered app/views/home/_home_footer.php (66.21 ms)
  Rendered app/views/layouts/_back_to_top.php (1.25 ms)
  Rendered app/views/layouts/home.php (7207.64 ms)
Completed 200 OK in (7221.81 ms)
Started GET '/home/producttypes/show/46' for 66.249.81.4 at 2019-03-15 17:27:39
Processing by producttypepage#show
  Rendered app/views/home/_menu_product.php (11.50 ms)
  Rendered app/views/home/productpage/_table.php (1545.01 ms)
  Rendered app/views/home/producttypepage/show.php (1580.26 ms)
  Rendered app/views//home/_home_topbar.php (16.71 ms)
  Rendered app/views//home/_home_header.php (16.84 ms)
  Rendered app/views//home/_home_navbar.php (62.35 ms)
  Rendered app/views/home/_home_footer.php (66.38 ms)
  Rendered app/views/layouts/_back_to_top.php (1.23 ms)
  Rendered app/views/layouts/home.php (1783.36 ms)
Completed 200 OK in (1804.63 ms)
Started GET '/robots.txt' for 216.244.66.250 at 2019-03-15 17:28:21
No route matches [GET] /robots.txt
Completed 404 Not Found in (3.05 ms)
  Rendered public/404.html (1.01 ms)
Started GET '/home/distributors' for 66.249.81.3 at 2019-03-15 17:29:41
Processing by distributorpage#index
  Rendered app/views/home/distributorpage/index.php (35.37 ms)
  Rendered app/views//home/_home_topbar.php (16.88 ms)
  Rendered app/views//home/_home_header.php (16.90 ms)
  Rendered app/views//home/_home_navbar.php (62.59 ms)
  Rendered app/views/home/_home_footer.php (65.77 ms)
  Rendered app/views/layouts/_back_to_top.php (1.26 ms)
  Rendered app/views/layouts/home.php (239.07 ms)
Completed 200 OK in (249.89 ms)
Started GET '/' for 34.209.195.221 at 2019-03-15 17:31:55
Processing by home#index
  Rendered app/views/home/index.php (31.26 ms)
  Rendered app/views//home/_home_topbar.php (16.37 ms)
  Rendered app/views//home/_home_header.php (16.35 ms)
  Rendered app/views//home/_home_navbar.php (60.20 ms)
  Rendered app/views/home/_home_footer.php (65.34 ms)
  Rendered app/views/layouts/_back_to_top.php (1.34 ms)
  Rendered app/views/layouts/home.php (228.10 ms)
Completed 200 OK in (234.72 ms)
Started GET '/robots.txt' for 216.244.66.250 at 2019-03-15 18:19:09
No route matches [GET] /robots.txt
Completed 404 Not Found in (3.08 ms)
  Rendered public/404.html (0.97 ms)
Started GET '/robots.txt' for 207.46.13.31 at 2019-03-15 18:30:53
No route matches [GET] /robots.txt
Completed 404 Not Found in (3.26 ms)
  Rendered public/404.html (0.97 ms)
Started GET '/robots.txt' for 46.229.168.137 at 2019-03-15 18:35:40
No route matches [GET] /robots.txt
Completed 404 Not Found in (3.76 ms)
  Rendered public/404.html (1.30 ms)
Started GET '/home/index' for 46.229.168.135 at 2019-03-15 18:35:43
Processing by home#index
  Rendered app/views/home/index.php (32.13 ms)
  Rendered app/views//home/_home_topbar.php (17.24 ms)
  Rendered app/views//home/_home_header.php (17.50 ms)
  Rendered app/views//home/_home_navbar.php (65.52 ms)
  Rendered app/views/home/_home_footer.php (82.19 ms)
  Rendered app/views/layouts/_back_to_top.php (1.38 ms)
  Rendered app/views/layouts/home.php (254.89 ms)
Completed 200 OK in (263.50 ms)
Started GET '/' for 85.104.166.161 at 2019-03-15 18:44:40
Processing by home#index
  Rendered app/views/home/index.php (28.40 ms)
  Rendered app/views//home/_home_topbar.php (16.38 ms)
  Rendered app/views//home/_home_header.php (16.41 ms)
  Rendered app/views//home/_home_navbar.php (61.06 ms)
  Rendered app/views/home/_home_footer.php (73.30 ms)
  Rendered app/views/layouts/_back_to_top.php (1.35 ms)
  Rendered app/views/layouts/home.php (234.94 ms)
Completed 200 OK in (243.49 ms)
Started GET '/home/about_us' for 85.104.166.161 at 2019-03-15 18:45:08
Processing by home#about_us
  Rendered app/views/home/about_us.php (53.03 ms)
  Rendered app/views//home/_home_topbar.php (16.69 ms)
  Rendered app/views//home/_home_header.php (16.53 ms)
  Rendered app/views//home/_home_navbar.php (63.62 ms)
  Rendered app/views/home/_home_footer.php (62.95 ms)
  Rendered app/views/layouts/_back_to_top.php (1.22 ms)
  Rendered app/views/layouts/home.php (251.83 ms)
Completed 200 OK in (258.58 ms)
Started GET '/home/about_us' for 85.104.166.161 at 2019-03-15 18:47:03
Processing by home#about_us
  Rendered app/views/home/about_us.php (20.51 ms)
  Rendered app/views//home/_home_topbar.php (17.35 ms)
  Rendered app/views//home/_home_header.php (16.40 ms)
  Rendered app/views//home/_home_navbar.php (62.39 ms)
  Rendered app/views/home/_home_footer.php (65.14 ms)
  Rendered app/views/layouts/_back_to_top.php (1.31 ms)
  Rendered app/views/layouts/home.php (224.65 ms)
Completed 200 OK in (231.07 ms)
Started GET '/' for 85.104.166.161 at 2019-03-15 18:50:12
Processing by home#index
  Rendered app/views/home/index.php (30.45 ms)
  Rendered app/views//home/_home_topbar.php (18.01 ms)
  Rendered app/views//home/_home_header.php (18.10 ms)
  Rendered app/views//home/_home_navbar.php (64.60 ms)
  Rendered app/views/home/_home_footer.php (68.49 ms)
  Rendered app/views/layouts/_back_to_top.php (1.77 ms)
  Rendered app/views/layouts/home.php (244.47 ms)
Completed 200 OK in (251.10 ms)
Started GET '/home/products' for 85.104.166.161 at 2019-03-15 18:50:25
Processing by productpage#index
  Rendered app/views/home/productpage/_table.php (7273.50 ms)
  Rendered app/views/home/productpage/index.php (7277.36 ms)
  Rendered app/views//home/_home_topbar.php (17.65 ms)
  Rendered app/views//home/_home_header.php (17.71 ms)
  Rendered app/views//home/_home_navbar.php (64.40 ms)
  Rendered app/views/home/_home_footer.php (65.70 ms)
  Rendered app/views/layouts/_back_to_top.php (1.25 ms)
  Rendered app/views/layouts/home.php (7483.54 ms)
Completed 200 OK in (7498.66 ms)
Started GET '/home/products/show/323' for 85.104.166.161 at 2019-03-15 18:53:58
Processing by productpage#show
  Rendered app/views/home/productpage/_table.php (1451.84 ms)
  Rendered app/views/home/productpage/show.php (1563.99 ms)
  Rendered app/views//home/_home_topbar.php (18.25 ms)
  Rendered app/views//home/_home_header.php (22.21 ms)
  Rendered app/views//home/_home_navbar.php (87.78 ms)
  Rendered app/views/home/_home_footer.php (72.96 ms)
  Rendered app/views/layouts/_back_to_top.php (1.27 ms)
  Rendered app/views/layouts/home.php (1806.92 ms)
Completed 200 OK in (1820.32 ms)
Started GET '/home/products/show/323' for 85.104.166.161 at 2019-03-15 18:54:00
Processing by productpage#show
  Rendered app/views/home/productpage/_table.php (1452.09 ms)
  Rendered app/views/home/productpage/show.php (1580.42 ms)
  Rendered app/views//home/_home_topbar.php (17.42 ms)
  Rendered app/views//home/_home_header.php (18.69 ms)
  Rendered app/views//home/_home_navbar.php (61.22 ms)
  Rendered app/views/home/_home_footer.php (65.57 ms)
  Rendered app/views/layouts/_back_to_top.php (1.28 ms)
  Rendered app/views/layouts/home.php (1781.86 ms)
Completed 200 OK in (1795.36 ms)
Started GET '/home/products' for 85.104.166.161 at 2019-03-15 18:54:22
Processing by productpage#index
  Rendered app/views/home/productpage/_table.php (7225.54 ms)
  Rendered app/views/home/productpage/index.php (7229.08 ms)
  Rendered app/views//home/_home_topbar.php (16.57 ms)
  Rendered app/views//home/_home_header.php (16.01 ms)
  Rendered app/views//home/_home_navbar.php (59.13 ms)
  Rendered app/views/home/_home_footer.php (63.16 ms)
  Rendered app/views/layouts/_back_to_top.php (1.22 ms)
  Rendered app/views/layouts/home.php (7422.13 ms)
Completed 200 OK in (7436.18 ms)
Started GET '/' for 85.104.166.161 at 2019-03-15 18:54:30
Processing by home#index
  Rendered app/views/home/index.php (27.46 ms)
  Rendered app/views//home/_home_topbar.php (16.03 ms)
  Rendered app/views//home/_home_header.php (16.01 ms)
  Rendered app/views//home/_home_navbar.php (59.18 ms)
  Rendered app/views/home/_home_footer.php (62.76 ms)
  Rendered app/views/layouts/_back_to_top.php (1.21 ms)
  Rendered app/views/layouts/home.php (218.81 ms)
Completed 200 OK in (225.18 ms)
Started GET '/home/products/show/325' for 85.104.166.161 at 2019-03-15 19:30:11
Processing by productpage#show
  Rendered app/views/home/productpage/_table.php (1475.48 ms)
  Rendered app/views/home/productpage/show.php (1591.14 ms)
  Rendered app/views//home/_home_topbar.php (18.73 ms)
  Rendered app/views//home/_home_header.php (16.96 ms)
  Rendered app/views//home/_home_navbar.php (63.36 ms)
  Rendered app/views/home/_home_footer.php (68.43 ms)
  Rendered app/views/layouts/_back_to_top.php (1.35 ms)
  Rendered app/views/layouts/home.php (1800.76 ms)
Completed 200 OK in (1816.89 ms)
Started GET '/home/products/show/323' for 85.104.166.161 at 2019-03-15 19:30:22
Processing by productpage#show
  Rendered app/views/home/productpage/_table.php (1417.58 ms)
  Rendered app/views/home/productpage/show.php (1527.83 ms)
  Rendered app/views//home/_home_topbar.php (16.38 ms)
  Rendered app/views//home/_home_header.php (16.91 ms)
  Rendered app/views//home/_home_navbar.php (60.13 ms)
  Rendered app/views/home/_home_footer.php (64.51 ms)
  Rendered app/views/layouts/_back_to_top.php (1.23 ms)
  Rendered app/views/layouts/home.php (1725.10 ms)
Completed 200 OK in (1738.22 ms)
Started GET '/home/products/show/330' for 85.104.166.161 at 2019-03-15 19:30:40
Processing by productpage#show
  Rendered app/views/home/productpage/_table.php (1438.31 ms)
  Rendered app/views/home/productpage/show.php (1547.12 ms)
  Rendered app/views//home/_home_topbar.php (16.63 ms)
  Rendered app/views//home/_home_header.php (16.25 ms)
  Rendered app/views//home/_home_navbar.php (60.10 ms)
  Rendered app/views/home/_home_footer.php (66.32 ms)
  Rendered app/views/layouts/_back_to_top.php (1.50 ms)
  Rendered app/views/layouts/home.php (1747.08 ms)
Completed 200 OK in (1760.10 ms)
Started GET '/robots.txt' for 95.108.181.56 at 2019-03-15 19:54:14
No route matches [GET] /robots.txt
Completed 404 Not Found in (3.02 ms)
  Rendered public/404.html (0.97 ms)
Started GET '/home/producttypes/show/41' for 37.9.113.146 at 2019-03-15 19:54:18
Processing by producttypepage#show
  Rendered app/views/home/_menu_product.php (11.50 ms)
  Rendered app/views/home/productpage/_table.php (1491.54 ms)
  Rendered app/views/home/producttypepage/show.php (1525.62 ms)
  Rendered app/views//home/_home_topbar.php (16.44 ms)
  Rendered app/views//home/_home_header.php (16.21 ms)
  Rendered app/views//home/_home_navbar.php (66.04 ms)
  Rendered app/views/home/_home_footer.php (64.54 ms)
  Rendered app/views/layouts/_back_to_top.php (1.27 ms)
  Rendered app/views/layouts/home.php (1727.25 ms)
Completed 200 OK in (1750.38 ms)
Started GET '/home/products' for 66.249.69.65 at 2019-03-15 19:54:36
Processing by productpage#index
  Rendered app/views/home/productpage/_table.php (7130.60 ms)
  Rendered app/views/home/productpage/index.php (7134.41 ms)
  Rendered app/views//home/_home_topbar.php (16.03 ms)
  Rendered app/views//home/_home_header.php (16.07 ms)
  Rendered app/views//home/_home_navbar.php (61.24 ms)
  Rendered app/views/home/_home_footer.php (62.92 ms)
  Rendered app/views/layouts/_back_to_top.php (1.31 ms)
  Rendered app/views/layouts/home.php (7328.55 ms)
Completed 200 OK in (7345.84 ms)
Started GET '/robots.txt' for 216.244.66.250 at 2019-03-15 20:00:59
No route matches [GET] /robots.txt
Completed 404 Not Found in (3.03 ms)
  Rendered public/404.html (0.95 ms)
Started GET '/home/producttypes/show/43' for 66.249.69.70 at 2019-03-15 20:11:53
Processing by producttypepage#show
  Rendered app/views/home/_menu_product.php (12.16 ms)
  Rendered app/views/home/productpage/_table.php (303.43 ms)
  Rendered app/views/home/producttypepage/show.php (340.48 ms)
  Rendered app/views//home/_home_topbar.php (17.45 ms)
  Rendered app/views//home/_home_header.php (17.08 ms)
  Rendered app/views//home/_home_navbar.php (68.95 ms)
  Rendered app/views/home/_home_footer.php (76.19 ms)
  Rendered app/views/layouts/_back_to_top.php (1.53 ms)
  Rendered app/views/layouts/home.php (561.54 ms)
Completed 200 OK in (584.98 ms)
Started GET '/asss' for 212.252.56.75 at 2019-03-15 22:05:12
No route matches [GET] /asss
Completed 404 Not Found in (3.18 ms)
  Rendered public/404.html (0.99 ms)
Started GET '/' for 212.252.56.75 at 2019-03-15 22:05:23
Processing by home#index
  Rendered app/views/home/index.php (37.57 ms)
  Rendered app/views//home/_home_topbar.php (18.51 ms)
  Rendered app/views//home/_home_header.php (19.64 ms)
  Rendered app/views//home/_home_navbar.php (79.20 ms)
  Rendered app/views/home/_home_footer.php (78.81 ms)
  Rendered app/views/layouts/_back_to_top.php (1.96 ms)
  Rendered app/views/layouts/home.php (283.17 ms)
Completed 200 OK in (292.05 ms)
Started GET '/home/pages/35' for 212.252.56.75 at 2019-03-15 22:05:26
Processing by page#show
  Rendered app/views/home/page/show.php (109.31 ms)
  Rendered app/views//home/_home_topbar.php (18.69 ms)
  Rendered app/views//home/_home_header.php (19.82 ms)
  Rendered app/views//home/_home_navbar.php (70.99 ms)
  Rendered app/views/home/_home_footer.php (74.25 ms)
  Rendered app/views/layouts/_back_to_top.php (1.49 ms)
  Rendered app/views/layouts/home.php (334.93 ms)
Completed 200 OK in (351.36 ms)
Started GET '/home/pages/352' for 212.252.56.75 at 2019-03-15 22:05:29
Processing by page#show
Completed 302 Found in (11.88 ms)
Started GET '/home/index' for 212.252.56.75 at 2019-03-15 22:05:29
Processing by home#index
  Rendered app/views/home/index.php (28.84 ms)
  Rendered app/views//home/_home_topbar.php (18.88 ms)
  Rendered app/views//home/_home_header.php (19.63 ms)
  Rendered app/views//home/_home_navbar.php (77.26 ms)
  Rendered app/views/home/_home_footer.php (84.05 ms)
  Rendered app/views/layouts/_back_to_top.php (1.66 ms)
  Rendered app/views/layouts/home.php (273.32 ms)
Completed 200 OK in (280.09 ms)
Started GET '/home/articles' for 212.252.56.75 at 2019-03-15 22:05:33
Processing by articlepage#index
  Rendered app/views/home/articlepage/index.php (13.11 ms)
  Rendered app/views//home/_home_topbar.php (28.25 ms)
  Rendered app/views//home/_home_header.php (30.23 ms)
  Rendered app/views//home/_home_navbar.php (95.44 ms)
  Rendered app/views/home/_home_footer.php (124.24 ms)
  Rendered app/views/layouts/_back_to_top.php (2.10 ms)
  Rendered app/views/layouts/home.php (357.20 ms)
Completed 200 OK in (415.79 ms)
Started GET '/home/articlesh' for 212.252.56.75 at 2019-03-15 22:05:36
No route matches [GET] /home/articlesh
Completed 404 Not Found in (3.14 ms)
  Rendered public/404.html (0.95 ms)
Started GET '/home/articlesh' for 212.252.56.75 at 2019-03-15 22:08:16
No route matches [GET] /home/articlesh
Completed 404 Not Found in (3.41 ms)
  Rendered public/404.html (0.97 ms)
