[2019-02-19 00:06:17] info : Started GET / for 199.249.230.87
[2019-02-19 00:06:17] info : Processing by HomeController#index
[2019-02-19 00:06:18] info : 	Rendered app/views/home/index.php (28.58 ms)
[2019-02-19 00:06:18] info : 	Rendered app/views//home/_home_topbar.php (16.24 ms)
[2019-02-19 00:06:18] info : 	Rendered app/views//home/_home_header.php (16.56 ms)
[2019-02-19 00:06:18] info : 	Rendered app/views//home/_home_navbar.php (65.22 ms)
[2019-02-19 00:06:18] info : 	Rendered app/views/home/_home_footer.php (75.70 ms)
[2019-02-19 00:06:18] info : 	Rendered app/views/layouts/_back_to_top.php (1.31 ms)
[2019-02-19 00:06:18] info : 	Rendered app/views/layouts/home.php (242.19 ms)
[2019-02-19 00:06:18] info : Completed OK in (249.99 ms)
[2019-02-19 00:15:25] error : No route matches [GET] /robots.txt
[2019-02-19 00:15:25] info : 	Rendered public/404.html (1.10 ms)
[2019-02-19 00:22:47] error : No route matches [GET] /assets/images/search.php
[2019-02-19 00:22:47] info : 	Rendered public/404.html (0.98 ms)
[2019-02-19 00:53:14] info : Started GET /home/products/show/_dynamical_segment_ for 54.36.148.190
[2019-02-19 00:53:14] info : Processing by ProductpageController#show
[2019-02-19 00:53:16] info : 	Rendered app/views/home/productpage/_table.php (1475.87 ms)
[2019-02-19 00:53:16] info : 	Rendered app/views/home/productpage/show.php (1589.85 ms)
[2019-02-19 00:53:16] info : 	Rendered app/views//home/_home_topbar.php (17.05 ms)
[2019-02-19 00:53:16] info : 	Rendered app/views//home/_home_header.php (16.84 ms)
[2019-02-19 00:53:16] info : 	Rendered app/views//home/_home_navbar.php (60.37 ms)
[2019-02-19 00:53:16] info : 	Rendered app/views/home/_home_footer.php (64.13 ms)
[2019-02-19 00:53:16] info : 	Rendered app/views/layouts/_back_to_top.php (1.33 ms)
[2019-02-19 00:53:16] info : 	Rendered app/views/layouts/home.php (1787.90 ms)
[2019-02-19 00:53:16] info : Completed OK in (1807.57 ms)
[2019-02-19 01:11:24] info : Started GET / for 178.17.170.23
[2019-02-19 01:11:24] info : Processing by HomeController#index
[2019-02-19 01:11:24] info : 	Rendered app/views/home/index.php (28.27 ms)
[2019-02-19 01:11:24] info : 	Rendered app/views//home/_home_topbar.php (16.86 ms)
[2019-02-19 01:11:24] info : 	Rendered app/views//home/_home_header.php (17.51 ms)
[2019-02-19 01:11:24] info : 	Rendered app/views//home/_home_navbar.php (63.59 ms)
[2019-02-19 01:11:24] info : 	Rendered app/views/home/_home_footer.php (66.42 ms)
[2019-02-19 01:11:24] info : 	Rendered app/views/layouts/_back_to_top.php (1.30 ms)
[2019-02-19 01:11:24] info : 	Rendered app/views/layouts/home.php (231.79 ms)
[2019-02-19 01:11:24] info : Completed OK in (239.19 ms)
[2019-02-19 01:35:29] info : Started GET / for 159.203.81.125
[2019-02-19 01:35:29] info : Processing by HomeController#index
[2019-02-19 01:35:29] info : 	Rendered app/views/home/index.php (29.39 ms)
[2019-02-19 01:35:29] info : 	Rendered app/views//home/_home_topbar.php (16.42 ms)
[2019-02-19 01:35:29] info : 	Rendered app/views//home/_home_header.php (16.55 ms)
[2019-02-19 01:35:29] info : 	Rendered app/views//home/_home_navbar.php (61.04 ms)
[2019-02-19 01:35:29] info : 	Rendered app/views/home/_home_footer.php (65.10 ms)
[2019-02-19 01:35:29] info : 	Rendered app/views/layouts/_back_to_top.php (1.28 ms)
[2019-02-19 01:35:29] info : 	Rendered app/views/layouts/home.php (228.81 ms)
[2019-02-19 01:35:29] info : Completed OK in (236.24 ms)
[2019-02-19 01:55:33] error : No route matches [GET] /robots.txt
[2019-02-19 01:55:33] info : 	Rendered public/404.html (1.03 ms)
[2019-02-19 03:08:20] error : No route matches [GET] /upload/products/image/235.png
[2019-02-19 03:08:20] info : 	Rendered public/404.html (1.00 ms)
[2019-02-19 04:00:57] error : No route matches [GET] /robots.txt
[2019-02-19 04:00:57] info : 	Rendered public/404.html (1.01 ms)
[2019-02-19 04:01:00] info : Started GET /home/products/show/_dynamical_segment_ for 46.229.168.152
[2019-02-19 04:01:00] info : Processing by ProductpageController#show
[2019-02-19 04:01:02] info : 	Rendered app/views/home/productpage/_table.php (1536.53 ms)
[2019-02-19 04:01:02] info : 	Rendered app/views/home/productpage/show.php (1700.03 ms)
[2019-02-19 04:01:02] info : 	Rendered app/views//home/_home_topbar.php (22.52 ms)
[2019-02-19 04:01:02] info : 	Rendered app/views//home/_home_header.php (25.77 ms)
[2019-02-19 04:01:02] info : 	Rendered app/views//home/_home_navbar.php (121.63 ms)
[2019-02-19 04:01:02] info : 	Rendered app/views/home/_home_footer.php (221.20 ms)
[2019-02-19 04:01:02] info : 	Rendered app/views/layouts/_back_to_top.php (5.62 ms)
[2019-02-19 04:01:02] info : 	Rendered app/views/layouts/home.php (2153.98 ms)
[2019-02-19 04:01:02] info : Completed OK in (2239.51 ms)
[2019-02-19 04:18:03] info : Started GET / for 66.249.93.19
[2019-02-19 04:18:03] info : Processing by HomeController#index
[2019-02-19 04:18:03] info : 	Rendered app/views/home/index.php (65.62 ms)
[2019-02-19 04:18:03] info : 	Rendered app/views//home/_home_topbar.php (19.29 ms)
[2019-02-19 04:18:03] info : 	Rendered app/views//home/_home_header.php (19.75 ms)
[2019-02-19 04:18:03] info : 	Rendered app/views//home/_home_navbar.php (71.69 ms)
[2019-02-19 04:18:03] info : 	Rendered app/views/home/_home_footer.php (77.24 ms)
[2019-02-19 04:18:03] info : 	Rendered app/views/layouts/_back_to_top.php (1.38 ms)
[2019-02-19 04:18:03] info : 	Rendered app/views/layouts/home.php (299.42 ms)
[2019-02-19 04:18:03] info : Completed OK in (310.34 ms)
[2019-02-19 04:25:01] error : No route matches [GET] /robots.txt
[2019-02-19 04:25:01] info : 	Rendered public/404.html (1.07 ms)
[2019-02-19 04:25:06] info : Started GET / for 66.249.69.102
[2019-02-19 04:25:06] info : Processing by HomeController#index
[2019-02-19 04:25:06] info : 	Rendered app/views/home/index.php (29.07 ms)
[2019-02-19 04:25:06] info : 	Rendered app/views//home/_home_topbar.php (16.44 ms)
[2019-02-19 04:25:06] info : 	Rendered app/views//home/_home_header.php (16.38 ms)
[2019-02-19 04:25:06] info : 	Rendered app/views//home/_home_navbar.php (62.82 ms)
[2019-02-19 04:25:06] info : 	Rendered app/views/home/_home_footer.php (73.55 ms)
[2019-02-19 04:25:06] info : 	Rendered app/views/layouts/_back_to_top.php (1.33 ms)
[2019-02-19 04:25:06] info : 	Rendered app/views/layouts/home.php (237.97 ms)
[2019-02-19 04:25:06] info : Completed OK in (245.57 ms)
[2019-02-19 04:53:25] info : Started GET /home/products for 66.249.69.102
[2019-02-19 04:53:25] info : Processing by ProductpageController#index
[2019-02-19 04:53:33] info : 	Rendered app/views/home/productpage/_table.php (7170.59 ms)
[2019-02-19 04:53:33] info : 	Rendered app/views/home/productpage/index.php (7174.32 ms)
[2019-02-19 04:53:33] info : 	Rendered app/views//home/_home_topbar.php (17.04 ms)
[2019-02-19 04:53:33] info : 	Rendered app/views//home/_home_header.php (16.86 ms)
[2019-02-19 04:53:33] info : 	Rendered app/views//home/_home_navbar.php (62.17 ms)
[2019-02-19 04:53:33] info : 	Rendered app/views/home/_home_footer.php (67.30 ms)
[2019-02-19 04:53:33] info : 	Rendered app/views/layouts/_back_to_top.php (1.33 ms)
[2019-02-19 04:53:33] info : 	Rendered app/views/layouts/home.php (7377.27 ms)
[2019-02-19 04:53:33] info : Completed OK in (7393.52 ms)
[2019-02-19 05:15:09] info : Started GET /home/products/show/_dynamical_segment_ for 66.249.69.106
[2019-02-19 05:15:10] info : Processing by ProductpageController#show
[2019-02-19 05:15:19] info : Started GET /home/products for 66.249.69.104
[2019-02-19 05:15:19] info : Processing by ProductpageController#index
[2019-02-19 05:15:27] info : 	Rendered app/views/home/productpage/_table.php (7443.83 ms)
[2019-02-19 05:15:27] info : 	Rendered app/views/home/productpage/index.php (7503.75 ms)
[2019-02-19 05:15:27] info : 	Rendered app/views//home/_home_topbar.php (41.91 ms)
[2019-02-19 05:15:27] info : 	Rendered app/views//home/_home_header.php (34.47 ms)
[2019-02-19 05:15:27] info : 	Rendered app/views//home/_home_navbar.php (121.60 ms)
[2019-02-19 05:15:27] info : 	Rendered app/views/home/_home_footer.php (93.41 ms)
[2019-02-19 05:15:27] info : 	Rendered app/views/layouts/_back_to_top.php (10.78 ms)
[2019-02-19 05:15:27] info : 	Rendered app/views/layouts/home.php (7853.72 ms)
[2019-02-19 05:15:27] info : Completed OK in (7868.26 ms)
[2019-02-19 05:15:28] info : Started GET /home/products/show/_dynamical_segment_ for 66.249.69.102
[2019-02-19 05:15:28] info : Processing by ProductpageController#show
[2019-02-19 05:15:34] info : Started GET /home/products for 66.249.69.102
[2019-02-19 05:15:34] info : Processing by ProductpageController#index
[2019-02-19 05:15:41] info : 	Rendered app/views/home/productpage/_table.php (7491.58 ms)
[2019-02-19 05:15:41] info : 	Rendered app/views/home/productpage/index.php (7495.05 ms)
[2019-02-19 05:15:41] info : 	Rendered app/views//home/_home_topbar.php (16.64 ms)
[2019-02-19 05:15:41] info : 	Rendered app/views//home/_home_header.php (16.70 ms)
[2019-02-19 05:15:41] info : 	Rendered app/views//home/_home_navbar.php (62.34 ms)
[2019-02-19 05:15:41] info : 	Rendered app/views/home/_home_footer.php (67.25 ms)
[2019-02-19 05:15:41] info : 	Rendered app/views/layouts/_back_to_top.php (1.28 ms)
[2019-02-19 05:15:41] info : 	Rendered app/views/layouts/home.php (7697.55 ms)
[2019-02-19 05:15:41] info : Completed OK in (7710.62 ms)
[2019-02-19 05:17:08] info : Started GET /home/products/show/_dynamical_segment_ for 66.249.69.104
[2019-02-19 05:17:08] info : Processing by ProductpageController#show
[2019-02-19 05:17:10] info : Started GET /home/products for 66.249.69.102
[2019-02-19 05:17:10] info : Processing by ProductpageController#index
[2019-02-19 05:17:18] info : 	Rendered app/views/home/productpage/_table.php (7537.72 ms)
[2019-02-19 05:17:18] info : 	Rendered app/views/home/productpage/index.php (7583.28 ms)
[2019-02-19 05:17:18] info : 	Rendered app/views//home/_home_topbar.php (31.64 ms)
[2019-02-19 05:17:18] info : 	Rendered app/views//home/_home_header.php (20.66 ms)
[2019-02-19 05:17:18] info : 	Rendered app/views//home/_home_navbar.php (73.49 ms)
[2019-02-19 05:17:18] info : 	Rendered app/views/home/_home_footer.php (79.06 ms)
[2019-02-19 05:17:18] info : 	Rendered app/views/layouts/_back_to_top.php (19.37 ms)
[2019-02-19 05:17:18] info : 	Rendered app/views/layouts/home.php (7866.04 ms)
[2019-02-19 05:17:18] info : Completed OK in (7881.46 ms)
[2019-02-19 05:17:57] info : Started GET /home/products for 66.249.69.106
[2019-02-19 05:17:57] info : Processing by ProductpageController#index
[2019-02-19 05:18:05] info : 	Rendered app/views/home/productpage/_table.php (7935.89 ms)
[2019-02-19 05:18:05] info : 	Rendered app/views/home/productpage/index.php (7939.62 ms)
[2019-02-19 05:18:05] info : 	Rendered app/views//home/_home_topbar.php (17.97 ms)
[2019-02-19 05:18:05] info : 	Rendered app/views//home/_home_header.php (18.92 ms)
[2019-02-19 05:18:05] info : 	Rendered app/views//home/_home_navbar.php (66.12 ms)
[2019-02-19 05:18:05] info : 	Rendered app/views/home/_home_footer.php (71.63 ms)
[2019-02-19 05:18:05] info : 	Rendered app/views/layouts/_back_to_top.php (1.31 ms)
[2019-02-19 05:18:05] info : 	Rendered app/views/layouts/home.php (8157.36 ms)
[2019-02-19 05:18:05] info : Completed OK in (8170.90 ms)
[2019-02-19 05:42:00] error : No route matches [GET] /robots.txt
[2019-02-19 05:42:00] info : 	Rendered public/404.html (14.00 ms)
[2019-02-19 05:42:02] info : Started GET /home/products for 46.229.168.150
[2019-02-19 05:42:02] info : Processing by ProductpageController#index
[2019-02-19 05:42:10] info : 	Rendered app/views/home/productpage/_table.php (7440.36 ms)
[2019-02-19 05:42:10] info : 	Rendered app/views/home/productpage/index.php (7444.38 ms)
[2019-02-19 05:42:10] info : 	Rendered app/views//home/_home_topbar.php (18.44 ms)
[2019-02-19 05:42:10] info : 	Rendered app/views//home/_home_header.php (17.71 ms)
[2019-02-19 05:42:10] info : 	Rendered app/views//home/_home_navbar.php (63.22 ms)
[2019-02-19 05:42:10] info : 	Rendered app/views/home/_home_footer.php (66.91 ms)
[2019-02-19 05:42:10] info : 	Rendered app/views/layouts/_back_to_top.php (1.30 ms)
[2019-02-19 05:42:10] info : 	Rendered app/views/layouts/home.php (7651.32 ms)
[2019-02-19 05:42:10] info : Completed OK in (7669.24 ms)
[2019-02-19 06:20:22] info : Started GET /home/products/show/_dynamical_segment_ for 54.36.148.219
[2019-02-19 06:20:22] info : Processing by ProductpageController#show
[2019-02-19 06:20:23] info : 	Rendered app/views/home/productpage/_table.php (537.07 ms)
[2019-02-19 06:20:23] info : 	Rendered app/views/home/productpage/show.php (656.61 ms)
[2019-02-19 06:20:23] info : 	Rendered app/views//home/_home_topbar.php (16.87 ms)
[2019-02-19 06:20:23] info : 	Rendered app/views//home/_home_header.php (16.89 ms)
[2019-02-19 06:20:23] info : 	Rendered app/views//home/_home_navbar.php (63.04 ms)
[2019-02-19 06:20:23] info : 	Rendered app/views/home/_home_footer.php (67.42 ms)
[2019-02-19 06:20:23] info : 	Rendered app/views/layouts/_back_to_top.php (1.45 ms)
[2019-02-19 06:20:23] info : 	Rendered app/views/layouts/home.php (861.07 ms)
[2019-02-19 06:20:23] info : Completed OK in (875.12 ms)
[2019-02-19 08:15:34] info : Started GET / for 213.153.167.162
[2019-02-19 08:15:34] info : Processing by HomeController#index
[2019-02-19 08:15:34] info : 	Rendered app/views/home/index.php (45.88 ms)
[2019-02-19 08:15:34] info : 	Rendered app/views//home/_home_topbar.php (17.88 ms)
[2019-02-19 08:15:34] info : 	Rendered app/views//home/_home_header.php (18.41 ms)
[2019-02-19 08:15:34] info : 	Rendered app/views//home/_home_navbar.php (66.14 ms)
[2019-02-19 08:15:35] info : 	Rendered app/views/home/_home_footer.php (74.80 ms)
[2019-02-19 08:15:35] info : 	Rendered app/views/layouts/_back_to_top.php (1.42 ms)
[2019-02-19 08:15:35] info : 	Rendered app/views/layouts/home.php (265.61 ms)
[2019-02-19 08:15:35] info : Completed OK in (274.03 ms)
[2019-02-19 08:16:49] info : Started GET / for 3.92.47.135
[2019-02-19 08:16:49] info : Processing by HomeController#index
[2019-02-19 08:16:49] info : 	Rendered app/views/home/index.php (28.46 ms)
[2019-02-19 08:16:49] info : 	Rendered app/views//home/_home_topbar.php (16.63 ms)
[2019-02-19 08:16:49] info : 	Rendered app/views//home/_home_header.php (16.32 ms)
[2019-02-19 08:16:49] info : 	Rendered app/views//home/_home_navbar.php (63.35 ms)
[2019-02-19 08:16:49] info : 	Rendered app/views/home/_home_footer.php (65.79 ms)
[2019-02-19 08:16:49] info : 	Rendered app/views/layouts/_back_to_top.php (1.21 ms)
[2019-02-19 08:16:49] info : 	Rendered app/views/layouts/home.php (230.33 ms)
[2019-02-19 08:16:49] info : Completed OK in (236.38 ms)
[2019-02-19 08:34:53] error : No route matches [GET] /robots.txt
[2019-02-19 08:34:53] info : 	Rendered public/404.html (1.04 ms)
[2019-02-19 10:12:57] info : Started GET / for 62.210.83.78
[2019-02-19 10:12:57] info : Processing by HomeController#index
[2019-02-19 10:12:57] info : 	Rendered app/views/home/index.php (31.76 ms)
[2019-02-19 10:12:57] info : 	Rendered app/views//home/_home_topbar.php (18.47 ms)
[2019-02-19 10:12:57] info : 	Rendered app/views//home/_home_header.php (20.64 ms)
[2019-02-19 10:12:57] info : 	Rendered app/views//home/_home_navbar.php (70.59 ms)
[2019-02-19 10:12:58] info : 	Rendered app/views/home/_home_footer.php (81.70 ms)
[2019-02-19 10:12:58] info : 	Rendered app/views/layouts/_back_to_top.php (1.44 ms)
[2019-02-19 10:12:58] info : 	Rendered app/views/layouts/home.php (273.19 ms)
[2019-02-19 10:12:58] info : Completed OK in (281.29 ms)
[2019-02-19 11:23:41] info : Started GET /home/about_us for 88.230.236.248
[2019-02-19 11:23:41] info : Processing by HomeController#about_us
[2019-02-19 11:23:41] info : 	Rendered app/views/home/about_us.php (28.08 ms)
[2019-02-19 11:23:41] info : 	Rendered app/views//home/_home_topbar.php (17.90 ms)
[2019-02-19 11:23:41] info : 	Rendered app/views//home/_home_header.php (18.05 ms)
[2019-02-19 11:23:41] info : 	Rendered app/views//home/_home_navbar.php (62.75 ms)
[2019-02-19 11:23:41] info : 	Rendered app/views/home/_home_footer.php (66.87 ms)
[2019-02-19 11:23:41] info : 	Rendered app/views/layouts/_back_to_top.php (1.36 ms)
[2019-02-19 11:23:41] info : 	Rendered app/views/layouts/home.php (234.70 ms)
[2019-02-19 11:23:41] info : Completed OK in (242.17 ms)
[2019-02-19 11:24:26] info : Started GET /home/contact for 88.230.236.248
[2019-02-19 11:24:26] info : Processing by HomeController#contact
[2019-02-19 11:24:26] info : 	Rendered app/views/home/contact.php (53.03 ms)
[2019-02-19 11:24:26] info : 	Rendered app/views//home/_home_topbar.php (16.52 ms)
[2019-02-19 11:24:26] info : 	Rendered app/views//home/_home_header.php (16.60 ms)
[2019-02-19 11:24:26] info : 	Rendered app/views//home/_home_navbar.php (59.83 ms)
[2019-02-19 11:24:26] info : 	Rendered app/views/home/_home_footer.php (64.33 ms)
[2019-02-19 11:24:26] info : 	Rendered app/views/layouts/_back_to_top.php (1.23 ms)
[2019-02-19 11:24:26] info : 	Rendered app/views/layouts/home.php (249.33 ms)
[2019-02-19 11:24:26] info : Completed OK in (255.50 ms)
[2019-02-19 11:25:12] info : Started GET /home/about_us for 3.92.47.135
[2019-02-19 11:25:12] info : Processing by HomeController#about_us
[2019-02-19 11:25:12] info : 	Rendered app/views/home/about_us.php (18.35 ms)
[2019-02-19 11:25:12] info : 	Rendered app/views//home/_home_topbar.php (17.56 ms)
[2019-02-19 11:25:12] info : 	Rendered app/views//home/_home_header.php (17.01 ms)
[2019-02-19 11:25:12] info : 	Rendered app/views//home/_home_navbar.php (63.32 ms)
[2019-02-19 11:25:12] info : 	Rendered app/views/home/_home_footer.php (67.74 ms)
[2019-02-19 11:25:12] info : 	Rendered app/views/layouts/_back_to_top.php (1.27 ms)
[2019-02-19 11:25:12] info : 	Rendered app/views/layouts/home.php (223.36 ms)
[2019-02-19 11:25:12] info : Completed OK in (229.31 ms)
[2019-02-19 11:27:56] error : No route matches [GET] /images/
[2019-02-19 11:27:56] info : 	Rendered public/404.html (1.02 ms)
[2019-02-19 11:28:11] error : No route matches [GET] /robots.txt
[2019-02-19 11:28:11] info : 	Rendered public/404.html (0.95 ms)
[2019-02-19 11:28:11] info : Started GET /home/agendas/show/_dynamical_segment_ for 46.229.168.148
[2019-02-19 11:28:11] info : Processing by AgendapageController#show
[2019-02-19 11:28:11] info : 	Rendered app/views/home/agendapage/show.php (40.74 ms)
[2019-02-19 11:28:11] info : 	Rendered app/views//home/_home_topbar.php (16.49 ms)
[2019-02-19 11:28:11] info : 	Rendered app/views//home/_home_header.php (16.49 ms)
[2019-02-19 11:28:12] info : 	Rendered app/views//home/_home_navbar.php (62.51 ms)
[2019-02-19 11:28:12] info : 	Rendered app/views/home/_home_footer.php (65.58 ms)
[2019-02-19 11:28:12] info : 	Rendered app/views/layouts/_back_to_top.php (1.29 ms)
[2019-02-19 11:28:12] info : 	Rendered app/views/layouts/home.php (240.80 ms)
[2019-02-19 11:28:12] info : Completed OK in (258.83 ms)
[2019-02-19 11:34:32] info : Started GET /home/about_us for 88.230.236.248
[2019-02-19 11:34:32] info : Processing by HomeController#about_us
[2019-02-19 11:34:32] info : 	Rendered app/views/home/about_us.php (18.16 ms)
[2019-02-19 11:34:32] info : 	Rendered app/views//home/_home_topbar.php (16.72 ms)
[2019-02-19 11:34:32] info : 	Rendered app/views//home/_home_header.php (16.78 ms)
[2019-02-19 11:34:32] info : 	Rendered app/views//home/_home_navbar.php (62.49 ms)
[2019-02-19 11:34:32] info : 	Rendered app/views/home/_home_footer.php (64.95 ms)
[2019-02-19 11:34:32] info : 	Rendered app/views/layouts/_back_to_top.php (1.24 ms)
[2019-02-19 11:34:32] info : 	Rendered app/views/layouts/home.php (217.42 ms)
[2019-02-19 11:34:32] info : Completed OK in (224.85 ms)
[2019-02-19 11:43:51] error : No route matches [GET] /robots.txt
[2019-02-19 11:43:51] info : 	Rendered public/404.html (1.01 ms)
[2019-02-19 12:42:02] info : Started GET /home/products/show/_dynamical_segment_ for 46.221.239.151
[2019-02-19 12:42:02] info : Processing by ProductpageController#show
[2019-02-19 12:42:03] info : 	Rendered app/views/home/productpage/_table.php (1459.07 ms)
[2019-02-19 12:42:03] info : 	Rendered app/views/home/productpage/show.php (1577.37 ms)
[2019-02-19 12:42:03] info : 	Rendered app/views//home/_home_topbar.php (16.39 ms)
[2019-02-19 12:42:04] info : 	Rendered app/views//home/_home_header.php (16.24 ms)
[2019-02-19 12:42:04] info : 	Rendered app/views//home/_home_navbar.php (60.49 ms)
[2019-02-19 12:42:04] info : 	Rendered app/views/home/_home_footer.php (64.92 ms)
[2019-02-19 12:42:04] info : 	Rendered app/views/layouts/_back_to_top.php (1.32 ms)
[2019-02-19 12:42:04] info : 	Rendered app/views/layouts/home.php (1774.28 ms)
[2019-02-19 12:42:04] info : Completed OK in (1789.79 ms)
[2019-02-19 12:44:54] info : Started GET / for 88.245.230.170
[2019-02-19 12:44:54] info : Processing by HomeController#index
[2019-02-19 12:44:54] info : 	Rendered app/views/home/index.php (27.73 ms)
[2019-02-19 12:44:54] info : 	Rendered app/views//home/_home_topbar.php (15.70 ms)
[2019-02-19 12:44:54] info : 	Rendered app/views//home/_home_header.php (15.72 ms)
[2019-02-19 12:44:54] info : 	Rendered app/views//home/_home_navbar.php (61.48 ms)
[2019-02-19 12:44:54] info : 	Rendered app/views/home/_home_footer.php (64.55 ms)
[2019-02-19 12:44:54] info : 	Rendered app/views/layouts/_back_to_top.php (1.33 ms)
[2019-02-19 12:44:54] info : 	Rendered app/views/layouts/home.php (223.00 ms)
[2019-02-19 12:44:54] info : Completed OK in (229.07 ms)
[2019-02-19 12:45:04] info : Started GET /home/products for 88.245.230.170
[2019-02-19 12:45:04] info : Processing by ProductpageController#index
[2019-02-19 12:45:12] info : 	Rendered app/views/home/productpage/_table.php (7159.21 ms)
[2019-02-19 12:45:12] info : 	Rendered app/views/home/productpage/index.php (7163.15 ms)
[2019-02-19 12:45:12] info : 	Rendered app/views//home/_home_topbar.php (22.68 ms)
[2019-02-19 12:45:12] info : 	Rendered app/views//home/_home_header.php (16.76 ms)
[2019-02-19 12:45:12] info : 	Rendered app/views//home/_home_navbar.php (61.24 ms)
[2019-02-19 12:45:12] info : 	Rendered app/views/home/_home_footer.php (65.87 ms)
[2019-02-19 12:45:12] info : 	Rendered app/views/layouts/_back_to_top.php (1.23 ms)
[2019-02-19 12:45:12] info : 	Rendered app/views/layouts/home.php (7371.06 ms)
[2019-02-19 12:45:12] info : Completed OK in (7385.62 ms)
[2019-02-19 13:48:21] error : No route matches [GET] /robots.txt
[2019-02-19 13:48:21] info : 	Rendered public/404.html (0.99 ms)
[2019-02-19 13:48:21] info : Started GET /home/products for 66.249.75.150
[2019-02-19 13:48:21] info : Processing by ProductpageController#index
[2019-02-19 13:48:28] info : 	Rendered app/views/home/productpage/_table.php (6957.13 ms)
[2019-02-19 13:48:28] info : 	Rendered app/views/home/productpage/index.php (6960.68 ms)
[2019-02-19 13:48:28] info : 	Rendered app/views//home/_home_topbar.php (16.63 ms)
[2019-02-19 13:48:28] info : 	Rendered app/views//home/_home_header.php (17.00 ms)
[2019-02-19 13:48:28] info : 	Rendered app/views//home/_home_navbar.php (61.19 ms)
[2019-02-19 13:48:28] info : 	Rendered app/views/home/_home_footer.php (65.02 ms)
[2019-02-19 13:48:28] info : 	Rendered app/views/layouts/_back_to_top.php (1.27 ms)
[2019-02-19 13:48:28] info : 	Rendered app/views/layouts/home.php (7159.94 ms)
[2019-02-19 13:48:28] info : Completed OK in (7175.23 ms)
[2019-02-19 14:32:52] error : No route matches [GET] /robots.txt
[2019-02-19 14:32:52] info : 	Rendered public/404.html (1.15 ms)
[2019-02-19 14:32:54] info : Started GET /home/products/show/_dynamical_segment_ for 46.229.168.146
[2019-02-19 14:32:54] info : Processing by ProductpageController#show
[2019-02-19 14:32:55] info : 	Rendered app/views/home/productpage/_table.php (1538.63 ms)
[2019-02-19 14:32:55] info : 	Rendered app/views/home/productpage/show.php (1651.07 ms)
[2019-02-19 14:32:55] info : 	Rendered app/views//home/_home_topbar.php (17.72 ms)
[2019-02-19 14:32:55] info : 	Rendered app/views//home/_home_header.php (17.32 ms)
[2019-02-19 14:32:56] info : 	Rendered app/views//home/_home_navbar.php (67.91 ms)
[2019-02-19 14:32:56] info : 	Rendered app/views/home/_home_footer.php (72.23 ms)
[2019-02-19 14:32:56] info : 	Rendered app/views/layouts/_back_to_top.php (1.40 ms)
[2019-02-19 14:32:56] info : 	Rendered app/views/layouts/home.php (1867.61 ms)
[2019-02-19 14:32:56] info : Completed OK in (1882.74 ms)
[2019-02-19 15:21:47] error : No route matches [GET] /robots.txt
[2019-02-19 15:21:47] info : 	Rendered public/404.html (1.08 ms)
[2019-02-19 16:30:41] error : No route matches [GET] /upload/products/image/261.png
[2019-02-19 16:30:41] info : 	Rendered public/404.html (1.07 ms)
[2019-02-19 17:29:19] info : Started GET /home/contact for 31.223.57.64
[2019-02-19 17:29:19] info : Processing by HomeController#contact
[2019-02-19 17:29:19] info : 	Rendered app/views/home/contact.php (42.91 ms)
[2019-02-19 17:29:19] info : 	Rendered app/views//home/_home_topbar.php (16.06 ms)
[2019-02-19 17:29:19] info : 	Rendered app/views//home/_home_header.php (16.15 ms)
[2019-02-19 17:29:19] info : 	Rendered app/views//home/_home_navbar.php (59.73 ms)
[2019-02-19 17:29:19] info : 	Rendered app/views/home/_home_footer.php (62.64 ms)
[2019-02-19 17:29:19] info : 	Rendered app/views/layouts/_back_to_top.php (1.24 ms)
[2019-02-19 17:29:19] info : 	Rendered app/views/layouts/home.php (236.71 ms)
[2019-02-19 17:29:19] info : Completed OK in (244.19 ms)
[2019-02-19 17:29:32] info : Started GET /home/producttypes/show/_dynamical_segment_ for 31.223.57.64
[2019-02-19 17:29:32] info : Processing by ProducttypepageController#show
[2019-02-19 17:29:32] info : 	Rendered app/views/home/_menu_product.php (18.94 ms)
[2019-02-19 17:29:32] info : 	Rendered app/views/home/productpage/_table.php (328.53 ms)
[2019-02-19 17:29:32] info : 	Rendered app/views/home/producttypepage/show.php (391.99 ms)
[2019-02-19 17:29:32] info : 	Rendered app/views//home/_home_topbar.php (15.91 ms)
[2019-02-19 17:29:32] info : 	Rendered app/views//home/_home_header.php (15.86 ms)
[2019-02-19 17:29:32] info : 	Rendered app/views//home/_home_navbar.php (60.93 ms)
[2019-02-19 17:29:32] info : 	Rendered app/views/home/_home_footer.php (62.90 ms)
[2019-02-19 17:29:32] info : 	Rendered app/views/layouts/_back_to_top.php (1.22 ms)
[2019-02-19 17:29:32] info : 	Rendered app/views/layouts/home.php (585.54 ms)
[2019-02-19 17:29:32] info : Completed OK in (610.92 ms)
[2019-02-19 17:29:53] info : Started GET /home/producttypes/show/_dynamical_segment_ for 31.223.57.64
[2019-02-19 17:29:53] info : Processing by ProducttypepageController#show
[2019-02-19 17:29:53] info : 	Rendered app/views/home/_menu_product.php (11.15 ms)
[2019-02-19 17:29:53] info : 	Rendered app/views/home/productpage/_table.php (321.13 ms)
[2019-02-19 17:29:53] info : 	Rendered app/views/home/producttypepage/show.php (354.00 ms)
[2019-02-19 17:29:53] info : 	Rendered app/views//home/_home_topbar.php (16.37 ms)
[2019-02-19 17:29:53] info : 	Rendered app/views//home/_home_header.php (16.14 ms)
[2019-02-19 17:29:53] info : 	Rendered app/views//home/_home_navbar.php (59.33 ms)
[2019-02-19 17:29:54] info : 	Rendered app/views/home/_home_footer.php (62.78 ms)
[2019-02-19 17:29:54] info : 	Rendered app/views/layouts/_back_to_top.php (1.22 ms)
[2019-02-19 17:29:54] info : 	Rendered app/views/layouts/home.php (546.71 ms)
[2019-02-19 17:29:54] info : Completed OK in (566.11 ms)
[2019-02-19 17:30:05] info : Started GET /home/pages/_dynamical_segment_ for 31.223.57.64
[2019-02-19 17:30:05] info : Processing by PageController#show
[2019-02-19 17:30:05] info : 	Rendered app/views/home/page/show.php (90.36 ms)
[2019-02-19 17:30:05] info : 	Rendered app/views//home/_home_topbar.php (15.89 ms)
[2019-02-19 17:30:05] info : 	Rendered app/views//home/_home_header.php (16.02 ms)
[2019-02-19 17:30:05] info : 	Rendered app/views//home/_home_navbar.php (59.16 ms)
[2019-02-19 17:30:05] info : 	Rendered app/views/home/_home_footer.php (64.12 ms)
[2019-02-19 17:30:05] info : 	Rendered app/views/layouts/_back_to_top.php (1.30 ms)
[2019-02-19 17:30:05] info : 	Rendered app/views/layouts/home.php (283.82 ms)
[2019-02-19 17:30:05] info : Completed OK in (302.98 ms)
[2019-02-19 17:30:10] info : Started GET / for 18.237.28.154
[2019-02-19 17:30:10] info : Processing by HomeController#index
[2019-02-19 17:30:10] info : 	Rendered app/views/home/index.php (28.56 ms)
[2019-02-19 17:30:10] info : 	Rendered app/views//home/_home_topbar.php (16.06 ms)
[2019-02-19 17:30:10] info : 	Rendered app/views//home/_home_header.php (16.33 ms)
[2019-02-19 17:30:10] info : 	Rendered app/views//home/_home_navbar.php (59.32 ms)
[2019-02-19 17:30:11] info : 	Rendered app/views/home/_home_footer.php (62.79 ms)
[2019-02-19 17:30:11] info : 	Rendered app/views/layouts/_back_to_top.php (1.22 ms)
[2019-02-19 17:30:11] info : 	Rendered app/views/layouts/home.php (221.02 ms)
[2019-02-19 17:30:11] info : Completed OK in (226.64 ms)
[2019-02-19 17:30:14] info : Started GET /home/products for 31.223.57.64
[2019-02-19 17:30:14] info : Processing by ProductpageController#index
[2019-02-19 17:30:21] info : 	Rendered app/views/home/productpage/_table.php (6970.66 ms)
[2019-02-19 17:30:21] info : 	Rendered app/views/home/productpage/index.php (6974.25 ms)
[2019-02-19 17:30:21] info : 	Rendered app/views//home/_home_topbar.php (16.87 ms)
[2019-02-19 17:30:21] info : 	Rendered app/views//home/_home_header.php (16.90 ms)
[2019-02-19 17:30:21] info : 	Rendered app/views//home/_home_navbar.php (62.62 ms)
[2019-02-19 17:30:21] info : 	Rendered app/views/home/_home_footer.php (66.60 ms)
[2019-02-19 17:30:21] info : 	Rendered app/views/layouts/_back_to_top.php (1.33 ms)
[2019-02-19 17:30:21] info : 	Rendered app/views/layouts/home.php (7177.25 ms)
[2019-02-19 17:30:21] info : Completed OK in (7192.84 ms)
[2019-02-19 17:30:33] info : Started GET /home/producttypes/show/_dynamical_segment_ for 31.223.57.64
[2019-02-19 17:30:33] info : Processing by ProducttypepageController#show
[2019-02-19 17:30:33] info : 	Rendered app/views/home/_menu_product.php (11.36 ms)
[2019-02-19 17:30:34] info : 	Rendered app/views/home/productpage/_table.php (815.62 ms)
[2019-02-19 17:30:34] info : 	Rendered app/views/home/producttypepage/show.php (849.73 ms)
[2019-02-19 17:30:34] info : 	Rendered app/views//home/_home_topbar.php (17.01 ms)
[2019-02-19 17:30:34] info : 	Rendered app/views//home/_home_header.php (16.20 ms)
[2019-02-19 17:30:34] info : 	Rendered app/views//home/_home_navbar.php (61.68 ms)
[2019-02-19 17:30:34] info : 	Rendered app/views/home/_home_footer.php (66.73 ms)
[2019-02-19 17:30:34] info : 	Rendered app/views/layouts/_back_to_top.php (1.38 ms)
[2019-02-19 17:30:34] info : 	Rendered app/views/layouts/home.php (1050.29 ms)
[2019-02-19 17:30:34] info : Completed OK in (1071.08 ms)
[2019-02-19 17:32:16] info : Started GET /home/producttypes/show/_dynamical_segment_ for 31.223.57.64
[2019-02-19 17:32:16] info : Processing by ProducttypepageController#show
[2019-02-19 17:32:16] info : 	Rendered app/views/home/_menu_product.php (11.49 ms)
[2019-02-19 17:32:16] info : 	Rendered app/views/home/productpage/_table.php (224.76 ms)
[2019-02-19 17:32:16] info : 	Rendered app/views/home/producttypepage/show.php (259.18 ms)
[2019-02-19 17:32:16] info : 	Rendered app/views//home/_home_topbar.php (16.83 ms)
[2019-02-19 17:32:16] info : 	Rendered app/views//home/_home_header.php (16.32 ms)
[2019-02-19 17:32:16] info : 	Rendered app/views//home/_home_navbar.php (61.14 ms)
[2019-02-19 17:32:16] info : 	Rendered app/views/home/_home_footer.php (65.44 ms)
[2019-02-19 17:32:16] info : 	Rendered app/views/layouts/_back_to_top.php (1.22 ms)
[2019-02-19 17:32:16] info : 	Rendered app/views/layouts/home.php (458.27 ms)
[2019-02-19 17:32:16] info : Completed OK in (478.20 ms)
[2019-02-19 17:32:27] info : Started GET /home/categories/show/_dynamical_segment_ for 31.223.57.64
[2019-02-19 17:32:27] info : Processing by CategorypageController#show
[2019-02-19 17:32:27] info : 	Rendered app/views/home/_menu_product.php (11.75 ms)
[2019-02-19 17:32:27] info : 	Rendered app/views/home/categorypage/show.php (152.44 ms)
[2019-02-19 17:32:27] info : 	Rendered app/views//home/_home_topbar.php (18.74 ms)
[2019-02-19 17:32:27] info : 	Rendered app/views//home/_home_header.php (18.41 ms)
[2019-02-19 17:32:27] info : 	Rendered app/views//home/_home_navbar.php (60.93 ms)
[2019-02-19 17:32:27] info : 	Rendered app/views/home/_home_footer.php (65.55 ms)
[2019-02-19 17:32:27] info : 	Rendered app/views/layouts/_back_to_top.php (1.34 ms)
[2019-02-19 17:32:27] info : 	Rendered app/views/layouts/home.php (358.96 ms)
[2019-02-19 17:32:27] info : Completed OK in (382.18 ms)
[2019-02-19 17:32:39] info : Started GET /home/producttypes/show/_dynamical_segment_ for 31.223.57.64
[2019-02-19 17:32:39] info : Processing by ProducttypepageController#show
[2019-02-19 17:32:39] info : 	Rendered app/views/home/_menu_product.php (11.20 ms)
[2019-02-19 17:32:39] info : 	Rendered app/views/home/productpage/_table.php (328.75 ms)
[2019-02-19 17:32:39] info : 	Rendered app/views/home/producttypepage/show.php (362.01 ms)
[2019-02-19 17:32:39] info : 	Rendered app/views//home/_home_topbar.php (16.66 ms)
[2019-02-19 17:32:39] info : 	Rendered app/views//home/_home_header.php (16.11 ms)
[2019-02-19 17:32:40] info : 	Rendered app/views//home/_home_navbar.php (60.15 ms)
[2019-02-19 17:32:40] info : 	Rendered app/views/home/_home_footer.php (65.71 ms)
[2019-02-19 17:32:40] info : 	Rendered app/views/layouts/_back_to_top.php (1.29 ms)
[2019-02-19 17:32:40] info : 	Rendered app/views/layouts/home.php (558.51 ms)
[2019-02-19 17:32:40] info : Completed OK in (578.41 ms)
[2019-02-19 17:32:49] info : Started GET /home/categories/show/_dynamical_segment_ for 31.223.57.64
[2019-02-19 17:32:49] info : Processing by CategorypageController#show
[2019-02-19 17:32:49] info : 	Rendered app/views/home/_menu_product.php (11.50 ms)
[2019-02-19 17:32:49] info : 	Rendered app/views/home/categorypage/show.php (109.23 ms)
[2019-02-19 17:32:49] info : 	Rendered app/views//home/_home_topbar.php (17.03 ms)
[2019-02-19 17:32:49] info : 	Rendered app/views//home/_home_header.php (17.90 ms)
[2019-02-19 17:32:49] info : 	Rendered app/views//home/_home_navbar.php (63.99 ms)
[2019-02-19 17:32:50] info : 	Rendered app/views/home/_home_footer.php (64.01 ms)
[2019-02-19 17:32:50] info : 	Rendered app/views/layouts/_back_to_top.php (1.27 ms)
[2019-02-19 17:32:50] info : 	Rendered app/views/layouts/home.php (310.35 ms)
[2019-02-19 17:32:50] info : Completed OK in (330.36 ms)
[2019-02-19 17:32:58] info : Started GET /home/producttypes/show/_dynamical_segment_ for 31.223.57.64
[2019-02-19 17:32:58] info : Processing by ProducttypepageController#show
[2019-02-19 17:32:58] info : 	Rendered app/views/home/_menu_product.php (12.02 ms)
[2019-02-19 17:32:59] info : 	Rendered app/views/home/productpage/_table.php (240.21 ms)
[2019-02-19 17:32:59] info : 	Rendered app/views/home/producttypepage/show.php (275.60 ms)
[2019-02-19 17:32:59] info : 	Rendered app/views//home/_home_topbar.php (16.97 ms)
[2019-02-19 17:32:59] info : 	Rendered app/views//home/_home_header.php (16.32 ms)
[2019-02-19 17:32:59] info : 	Rendered app/views//home/_home_navbar.php (60.59 ms)
[2019-02-19 17:32:59] info : 	Rendered app/views/home/_home_footer.php (64.26 ms)
[2019-02-19 17:32:59] info : 	Rendered app/views/layouts/_back_to_top.php (1.23 ms)
[2019-02-19 17:32:59] info : 	Rendered app/views/layouts/home.php (473.88 ms)
[2019-02-19 17:32:59] info : Completed OK in (494.71 ms)
[2019-02-19 17:36:26] info : Started GET /home/producttypes/show/_dynamical_segment_ for 31.223.57.64
[2019-02-19 17:36:26] info : Processing by ProducttypepageController#show
[2019-02-19 17:36:26] info : 	Rendered app/views/home/_menu_product.php (11.59 ms)
[2019-02-19 17:36:26] info : 	Rendered app/views/home/productpage/_table.php (215.16 ms)
[2019-02-19 17:36:26] info : 	Rendered app/views/home/producttypepage/show.php (249.60 ms)
[2019-02-19 17:36:27] info : 	Rendered app/views//home/_home_topbar.php (16.11 ms)
[2019-02-19 17:36:27] info : 	Rendered app/views//home/_home_header.php (16.12 ms)
[2019-02-19 17:36:27] info : 	Rendered app/views//home/_home_navbar.php (59.01 ms)
[2019-02-19 17:36:27] info : 	Rendered app/views/home/_home_footer.php (62.76 ms)
[2019-02-19 17:36:27] info : 	Rendered app/views/layouts/_back_to_top.php (1.32 ms)
[2019-02-19 17:36:27] info : 	Rendered app/views/layouts/home.php (441.02 ms)
[2019-02-19 17:36:27] info : Completed OK in (461.72 ms)
[2019-02-19 17:36:31] info : Started GET /home/producttypes/show/_dynamical_segment_ for 31.223.57.64
[2019-02-19 17:36:31] info : Processing by ProducttypepageController#show
[2019-02-19 17:36:32] info : 	Rendered app/views/home/_menu_product.php (11.19 ms)
[2019-02-19 17:36:32] info : 	Rendered app/views/home/productpage/_table.php (223.60 ms)
[2019-02-19 17:36:32] info : 	Rendered app/views/home/producttypepage/show.php (256.72 ms)
[2019-02-19 17:36:32] info : 	Rendered app/views//home/_home_topbar.php (17.03 ms)
[2019-02-19 17:36:32] info : 	Rendered app/views//home/_home_header.php (16.04 ms)
[2019-02-19 17:36:32] info : 	Rendered app/views//home/_home_navbar.php (61.30 ms)
[2019-02-19 17:36:32] info : 	Rendered app/views/home/_home_footer.php (65.34 ms)
[2019-02-19 17:36:32] info : 	Rendered app/views/layouts/_back_to_top.php (1.25 ms)
[2019-02-19 17:36:32] info : 	Rendered app/views/layouts/home.php (455.75 ms)
[2019-02-19 17:36:32] info : Completed OK in (475.06 ms)
[2019-02-19 18:01:20] info : Started GET /home/producttypes/show/_dynamical_segment_ for 31.223.57.64
[2019-02-19 18:01:20] info : Processing by ProducttypepageController#show
[2019-02-19 18:01:20] info : 	Rendered app/views/home/_menu_product.php (11.75 ms)
[2019-02-19 18:01:20] info : 	Rendered app/views/home/productpage/_table.php (118.26 ms)
[2019-02-19 18:01:20] info : 	Rendered app/views/home/producttypepage/show.php (153.50 ms)
[2019-02-19 18:01:20] info : 	Rendered app/views//home/_home_topbar.php (17.54 ms)
[2019-02-19 18:01:20] info : 	Rendered app/views//home/_home_header.php (17.40 ms)
[2019-02-19 18:01:20] info : 	Rendered app/views//home/_home_navbar.php (62.39 ms)
[2019-02-19 18:01:20] info : 	Rendered app/views/home/_home_footer.php (66.37 ms)
[2019-02-19 18:01:20] info : 	Rendered app/views/layouts/_back_to_top.php (1.32 ms)
[2019-02-19 18:01:20] info : 	Rendered app/views/layouts/home.php (357.66 ms)
[2019-02-19 18:01:20] info : Completed OK in (380.01 ms)
[2019-02-19 18:02:14] info : Started GET /home/producttypes/show/_dynamical_segment_ for 31.223.57.64
[2019-02-19 18:02:14] info : Processing by ProducttypepageController#show
[2019-02-19 18:02:14] info : 	Rendered app/views/home/_menu_product.php (11.75 ms)
[2019-02-19 18:02:15] info : 	Rendered app/views/home/productpage/_table.php (349.85 ms)
[2019-02-19 18:02:15] info : 	Rendered app/views/home/producttypepage/show.php (385.24 ms)
[2019-02-19 18:02:15] info : 	Rendered app/views//home/_home_topbar.php (16.90 ms)
[2019-02-19 18:02:15] info : 	Rendered app/views//home/_home_header.php (17.25 ms)
[2019-02-19 18:02:15] info : 	Rendered app/views//home/_home_navbar.php (63.49 ms)
[2019-02-19 18:02:15] info : 	Rendered app/views/home/_home_footer.php (67.20 ms)
[2019-02-19 18:02:15] info : 	Rendered app/views/layouts/_back_to_top.php (1.28 ms)
[2019-02-19 18:02:15] info : 	Rendered app/views/layouts/home.php (590.19 ms)
[2019-02-19 18:02:15] info : Completed OK in (611.25 ms)
[2019-02-19 18:02:39] info : Started GET /home/producttypes/show/_dynamical_segment_ for 31.223.57.64
[2019-02-19 18:02:39] info : Processing by ProducttypepageController#show
[2019-02-19 18:02:39] info : 	Rendered app/views/home/_menu_product.php (14.70 ms)
[2019-02-19 18:02:39] info : 	Rendered app/views/home/productpage/_table.php (367.66 ms)
[2019-02-19 18:02:39] info : 	Rendered app/views/home/producttypepage/show.php (407.14 ms)
[2019-02-19 18:02:40] info : 	Rendered app/views//home/_home_topbar.php (17.61 ms)
[2019-02-19 18:02:40] info : 	Rendered app/views//home/_home_header.php (17.36 ms)
[2019-02-19 18:02:40] info : 	Rendered app/views//home/_home_navbar.php (62.97 ms)
[2019-02-19 18:02:40] info : 	Rendered app/views/home/_home_footer.php (67.59 ms)
[2019-02-19 18:02:40] info : 	Rendered app/views/layouts/_back_to_top.php (1.37 ms)
[2019-02-19 18:02:40] info : 	Rendered app/views/layouts/home.php (614.15 ms)
[2019-02-19 18:02:40] info : Completed OK in (635.35 ms)
[2019-02-19 18:23:32] error : No route matches [GET] /robots.txt
[2019-02-19 18:23:32] info : 	Rendered public/404.html (1.12 ms)
[2019-02-19 18:23:34] info : Started GET /home/agendas for 46.229.168.150
[2019-02-19 18:23:34] info : Processing by AgendapageController#index
[2019-02-19 18:23:34] info : 	Rendered app/views/home/agendapage/index.php (19.56 ms)
[2019-02-19 18:23:34] info : 	Rendered app/views//home/_home_topbar.php (17.19 ms)
[2019-02-19 18:23:34] info : 	Rendered app/views//home/_home_header.php (16.87 ms)
[2019-02-19 18:23:34] info : 	Rendered app/views//home/_home_navbar.php (65.74 ms)
[2019-02-19 18:23:35] info : 	Rendered app/views/home/_home_footer.php (67.38 ms)
[2019-02-19 18:23:35] info : 	Rendered app/views/layouts/_back_to_top.php (1.38 ms)
[2019-02-19 18:23:35] info : 	Rendered app/views/layouts/home.php (228.47 ms)
[2019-02-19 18:23:35] info : Completed OK in (251.79 ms)
[2019-02-19 18:29:40] info : Started GET /home/producttypes/show/_dynamical_segment_ for 31.223.57.64
[2019-02-19 18:29:40] info : Processing by ProducttypepageController#show
[2019-02-19 18:29:40] info : 	Rendered app/views/home/_menu_product.php (12.68 ms)
[2019-02-19 18:29:40] info : 	Rendered app/views/home/productpage/_table.php (223.74 ms)
[2019-02-19 18:29:40] info : 	Rendered app/views/home/producttypepage/show.php (260.44 ms)
[2019-02-19 18:29:40] info : 	Rendered app/views//home/_home_topbar.php (16.74 ms)
[2019-02-19 18:29:40] info : 	Rendered app/views//home/_home_header.php (16.89 ms)
[2019-02-19 18:29:40] info : 	Rendered app/views//home/_home_navbar.php (61.00 ms)
[2019-02-19 18:29:41] info : 	Rendered app/views/home/_home_footer.php (64.87 ms)
[2019-02-19 18:29:41] info : 	Rendered app/views/layouts/_back_to_top.php (1.27 ms)
[2019-02-19 18:29:41] info : 	Rendered app/views/layouts/home.php (458.38 ms)
[2019-02-19 18:29:41] info : Completed OK in (482.55 ms)
[2019-02-19 18:30:58] info : Started GET /home/products for 31.223.57.64
[2019-02-19 18:30:58] info : Processing by ProductpageController#index
[2019-02-19 18:31:05] info : 	Rendered app/views/home/productpage/_table.php (6908.12 ms)
[2019-02-19 18:31:05] info : 	Rendered app/views/home/productpage/index.php (6911.66 ms)
[2019-02-19 18:31:05] info : 	Rendered app/views//home/_home_topbar.php (15.97 ms)
[2019-02-19 18:31:05] info : 	Rendered app/views//home/_home_header.php (15.92 ms)
[2019-02-19 18:31:05] info : 	Rendered app/views//home/_home_navbar.php (59.05 ms)
[2019-02-19 18:31:05] info : 	Rendered app/views/home/_home_footer.php (63.13 ms)
[2019-02-19 18:31:05] info : 	Rendered app/views/layouts/_back_to_top.php (1.19 ms)
[2019-02-19 18:31:05] info : 	Rendered app/views/layouts/home.php (7103.13 ms)
[2019-02-19 18:31:05] info : Completed OK in (7117.56 ms)
[2019-02-19 18:31:05] info : Started GET /home/products for 31.223.57.64
[2019-02-19 18:31:05] info : Processing by ProductpageController#index
[2019-02-19 18:31:12] info : 	Rendered app/views/home/productpage/_table.php (6978.79 ms)
[2019-02-19 18:31:12] info : 	Rendered app/views/home/productpage/index.php (6982.35 ms)
[2019-02-19 18:31:12] info : 	Rendered app/views//home/_home_topbar.php (16.33 ms)
[2019-02-19 18:31:12] info : 	Rendered app/views//home/_home_header.php (15.90 ms)
[2019-02-19 18:31:12] info : 	Rendered app/views//home/_home_navbar.php (58.88 ms)
[2019-02-19 18:31:12] info : 	Rendered app/views/home/_home_footer.php (63.78 ms)
[2019-02-19 18:31:12] info : 	Rendered app/views/layouts/_back_to_top.php (1.30 ms)
[2019-02-19 18:31:12] info : 	Rendered app/views/layouts/home.php (7177.69 ms)
[2019-02-19 18:31:12] info : Completed OK in (7191.36 ms)
[2019-02-19 18:31:12] info : Started GET /home/products/search for 31.223.57.64
[2019-02-19 18:31:12] info : Processing by ProductpageController#search
[2019-02-19 18:31:12] info : 	Rendered app/views/home/productpage/search.php (13.06 ms)
[2019-02-19 18:31:12] info : 	Rendered app/views//home/_home_topbar.php (16.23 ms)
[2019-02-19 18:31:12] info : 	Rendered app/views//home/_home_header.php (16.09 ms)
[2019-02-19 18:31:13] info : 	Rendered app/views//home/_home_navbar.php (61.83 ms)
[2019-02-19 18:31:13] info : 	Rendered app/views/home/_home_footer.php (63.21 ms)
[2019-02-19 18:31:13] info : 	Rendered app/views/layouts/_back_to_top.php (1.28 ms)
[2019-02-19 18:31:13] info : 	Rendered app/views/layouts/home.php (209.00 ms)
[2019-02-19 18:31:13] info : Completed OK in (221.97 ms)
[2019-02-19 18:31:23] info : Started GET /home/producttypes/show/_dynamical_segment_ for 31.223.57.64
[2019-02-19 18:31:23] info : Processing by ProducttypepageController#show
[2019-02-19 18:31:23] info : 	Rendered app/views/home/_menu_product.php (11.32 ms)
[2019-02-19 18:31:23] info : 	Rendered app/views/home/productpage/_table.php (110.63 ms)
[2019-02-19 18:31:23] info : 	Rendered app/views/home/producttypepage/show.php (144.23 ms)
[2019-02-19 18:31:23] info : 	Rendered app/views//home/_home_topbar.php (16.40 ms)
[2019-02-19 18:31:23] info : 	Rendered app/views//home/_home_header.php (16.06 ms)
[2019-02-19 18:31:23] info : 	Rendered app/views//home/_home_navbar.php (60.74 ms)
[2019-02-19 18:31:24] info : 	Rendered app/views/home/_home_footer.php (63.19 ms)
[2019-02-19 18:31:24] info : 	Rendered app/views/layouts/_back_to_top.php (1.23 ms)
[2019-02-19 18:31:24] info : 	Rendered app/views/layouts/home.php (338.45 ms)
[2019-02-19 18:31:24] info : Completed OK in (358.26 ms)
[2019-02-19 18:32:06] info : Started GET /home/producttypes/show/_dynamical_segment_ for 31.223.57.64
[2019-02-19 18:32:06] info : Processing by ProducttypepageController#show
[2019-02-19 18:32:06] info : 	Rendered app/views/home/_menu_product.php (11.77 ms)
[2019-02-19 18:32:07] info : 	Rendered app/views/home/productpage/_table.php (826.18 ms)
[2019-02-19 18:32:07] info : 	Rendered app/views/home/producttypepage/show.php (861.17 ms)
[2019-02-19 18:32:07] info : 	Rendered app/views//home/_home_topbar.php (17.14 ms)
[2019-02-19 18:32:07] info : 	Rendered app/views//home/_home_header.php (22.35 ms)
[2019-02-19 18:32:07] info : 	Rendered app/views//home/_home_navbar.php (80.18 ms)
[2019-02-19 18:32:07] info : 	Rendered app/views/home/_home_footer.php (87.08 ms)
[2019-02-19 18:32:07] info : 	Rendered app/views/layouts/_back_to_top.php (1.94 ms)
[2019-02-19 18:32:07] info : 	Rendered app/views/layouts/home.php (1114.22 ms)
[2019-02-19 18:32:07] info : Completed OK in (1134.68 ms)
[2019-02-19 18:33:34] info : Started GET /home/producttypes/show/_dynamical_segment_ for 31.223.57.64
[2019-02-19 18:33:34] info : Processing by ProducttypepageController#show
[2019-02-19 18:33:34] info : 	Rendered app/views/home/_menu_product.php (11.63 ms)
[2019-02-19 18:33:35] info : 	Rendered app/views/home/productpage/_table.php (218.95 ms)
[2019-02-19 18:33:35] info : 	Rendered app/views/home/producttypepage/show.php (253.26 ms)
[2019-02-19 18:33:35] info : 	Rendered app/views//home/_home_topbar.php (16.40 ms)
[2019-02-19 18:33:35] info : 	Rendered app/views//home/_home_header.php (16.63 ms)
[2019-02-19 18:33:35] info : 	Rendered app/views//home/_home_navbar.php (61.35 ms)
[2019-02-19 18:33:35] info : 	Rendered app/views/home/_home_footer.php (65.51 ms)
[2019-02-19 18:33:35] info : 	Rendered app/views/layouts/_back_to_top.php (1.23 ms)
[2019-02-19 18:33:35] info : 	Rendered app/views/layouts/home.php (451.24 ms)
[2019-02-19 18:33:35] info : Completed OK in (471.24 ms)
[2019-02-19 18:34:37] error : No route matches [GET] /robots.txt
[2019-02-19 18:34:37] info : 	Rendered public/404.html (1.06 ms)
[2019-02-19 18:44:30] info : Started GET /home/producttypes/show/_dynamical_segment_ for 31.223.57.64
[2019-02-19 18:44:30] info : Processing by ProducttypepageController#show
[2019-02-19 18:44:30] info : 	Rendered app/views/home/_menu_product.php (11.93 ms)
[2019-02-19 18:44:31] info : 	Rendered app/views/home/productpage/_table.php (358.32 ms)
[2019-02-19 18:44:31] info : 	Rendered app/views/home/producttypepage/show.php (395.58 ms)
[2019-02-19 18:44:31] info : 	Rendered app/views//home/_home_topbar.php (16.54 ms)
[2019-02-19 18:44:31] info : 	Rendered app/views//home/_home_header.php (16.18 ms)
[2019-02-19 18:44:31] info : 	Rendered app/views//home/_home_navbar.php (61.14 ms)
[2019-02-19 18:44:31] info : 	Rendered app/views/home/_home_footer.php (64.68 ms)
[2019-02-19 18:44:31] info : 	Rendered app/views/layouts/_back_to_top.php (1.24 ms)
[2019-02-19 18:44:31] info : 	Rendered app/views/layouts/home.php (592.53 ms)
[2019-02-19 18:44:31] info : Completed OK in (618.01 ms)
[2019-02-19 18:44:40] info : Started GET /home/producttypes/show/_dynamical_segment_ for 31.223.57.64
[2019-02-19 18:44:40] info : Processing by ProducttypepageController#show
[2019-02-19 18:44:40] info : 	Rendered app/views/home/_menu_product.php (11.62 ms)
[2019-02-19 18:44:40] info : 	Rendered app/views/home/productpage/_table.php (215.27 ms)
[2019-02-19 18:44:40] info : 	Rendered app/views/home/producttypepage/show.php (251.08 ms)
[2019-02-19 18:44:40] info : 	Rendered app/views//home/_home_topbar.php (16.49 ms)
[2019-02-19 18:44:40] info : 	Rendered app/views//home/_home_header.php (16.22 ms)
[2019-02-19 18:44:40] info : 	Rendered app/views//home/_home_navbar.php (61.24 ms)
[2019-02-19 18:44:40] info : 	Rendered app/views/home/_home_footer.php (63.56 ms)
[2019-02-19 18:44:40] info : 	Rendered app/views/layouts/_back_to_top.php (1.27 ms)
[2019-02-19 18:44:40] info : 	Rendered app/views/layouts/home.php (446.44 ms)
[2019-02-19 18:44:40] info : Completed OK in (466.71 ms)
[2019-02-19 19:23:37] error : No route matches [GET] /robots.txt
[2019-02-19 19:23:37] info : 	Rendered public/404.html (1.54 ms)
[2019-02-19 19:43:29] error : No route matches [GET] /wp-content/plugins/easyrotator-for-wordpress/b.php
[2019-02-19 19:43:29] info : 	Rendered public/404.html (0.98 ms)
[2019-02-19 19:47:42] info : Started GET /home/producttypes/show/_dynamical_segment_ for 54.36.148.245
[2019-02-19 19:47:42] info : Processing by ProducttypepageController#show
[2019-02-19 19:47:42] info : 	Rendered app/views/home/_menu_product.php (12.01 ms)
[2019-02-19 19:47:44] info : 	Rendered app/views/home/productpage/_table.php (1544.00 ms)
[2019-02-19 19:47:44] info : 	Rendered app/views/home/producttypepage/show.php (1579.21 ms)
[2019-02-19 19:47:44] info : 	Rendered app/views//home/_home_topbar.php (16.68 ms)
[2019-02-19 19:47:44] info : 	Rendered app/views//home/_home_header.php (16.22 ms)
[2019-02-19 19:47:44] info : 	Rendered app/views//home/_home_navbar.php (60.30 ms)
[2019-02-19 19:47:44] info : 	Rendered app/views/home/_home_footer.php (64.31 ms)
[2019-02-19 19:47:44] info : 	Rendered app/views/layouts/_back_to_top.php (1.27 ms)
[2019-02-19 19:47:44] info : 	Rendered app/views/layouts/home.php (1776.37 ms)
[2019-02-19 19:47:44] info : Completed OK in (1799.73 ms)
[2019-02-19 19:55:31] info : Started GET /home/products/show/_dynamical_segment_ for 207.46.13.177
[2019-02-19 19:55:31] info : Processing by ProductpageController#show
[2019-02-19 19:55:32] info : 	Rendered app/views/home/productpage/_table.php (281.51 ms)
[2019-02-19 19:55:32] info : 	Rendered app/views/home/productpage/show.php (391.99 ms)
[2019-02-19 19:55:32] info : 	Rendered app/views//home/_home_topbar.php (16.84 ms)
[2019-02-19 19:55:32] info : 	Rendered app/views//home/_home_header.php (16.72 ms)
[2019-02-19 19:55:32] info : 	Rendered app/views//home/_home_navbar.php (62.17 ms)
[2019-02-19 19:55:32] info : 	Rendered app/views/home/_home_footer.php (66.12 ms)
[2019-02-19 19:55:32] info : 	Rendered app/views/layouts/_back_to_top.php (1.28 ms)
[2019-02-19 19:55:32] info : 	Rendered app/views/layouts/home.php (593.13 ms)
[2019-02-19 19:55:32] info : Completed OK in (607.43 ms)
[2019-02-19 20:41:53] info : Started GET /home/about_us for 66.249.81.8
[2019-02-19 20:41:53] info : Processing by HomeController#about_us
[2019-02-19 20:41:53] info : 	Rendered app/views/home/about_us.php (19.73 ms)
[2019-02-19 20:41:53] info : 	Rendered app/views//home/_home_topbar.php (20.87 ms)
[2019-02-19 20:41:53] info : 	Rendered app/views//home/_home_header.php (17.25 ms)
[2019-02-19 20:41:53] info : 	Rendered app/views//home/_home_navbar.php (63.07 ms)
[2019-02-19 20:41:53] info : 	Rendered app/views/home/_home_footer.php (67.94 ms)
[2019-02-19 20:41:53] info : 	Rendered app/views/layouts/_back_to_top.php (1.28 ms)
[2019-02-19 20:41:53] info : 	Rendered app/views/layouts/home.php (228.98 ms)
[2019-02-19 20:41:53] info : Completed OK in (236.44 ms)
[2019-02-19 20:44:29] info : Started GET /home/about_us for 66.249.81.8
[2019-02-19 20:44:29] info : Processing by HomeController#about_us
[2019-02-19 20:44:29] info : 	Rendered app/views/home/about_us.php (17.26 ms)
[2019-02-19 20:44:29] info : 	Rendered app/views//home/_home_topbar.php (16.19 ms)
[2019-02-19 20:44:29] info : 	Rendered app/views//home/_home_header.php (16.11 ms)
[2019-02-19 20:44:29] info : 	Rendered app/views//home/_home_navbar.php (60.11 ms)
[2019-02-19 20:44:29] info : 	Rendered app/views/home/_home_footer.php (65.71 ms)
[2019-02-19 20:44:29] info : 	Rendered app/views/layouts/_back_to_top.php (1.23 ms)
[2019-02-19 20:44:29] info : 	Rendered app/views/layouts/home.php (213.66 ms)
[2019-02-19 20:44:29] info : Completed OK in (219.98 ms)
[2019-02-19 20:45:10] info : Started GET /home/categories/show/_dynamical_segment_ for 66.249.81.10
[2019-02-19 20:45:10] info : Processing by CategorypageController#show
[2019-02-19 20:45:10] info : 	Rendered app/views/home/_menu_product.php (11.27 ms)
[2019-02-19 20:45:10] info : 	Rendered app/views/home/categorypage/show.php (110.69 ms)
[2019-02-19 20:45:10] info : 	Rendered app/views//home/_home_topbar.php (16.04 ms)
[2019-02-19 20:45:10] info : 	Rendered app/views//home/_home_header.php (15.93 ms)
[2019-02-19 20:45:10] info : 	Rendered app/views//home/_home_navbar.php (60.91 ms)
[2019-02-19 20:45:10] info : 	Rendered app/views/home/_home_footer.php (65.21 ms)
[2019-02-19 20:45:10] info : 	Rendered app/views/layouts/_back_to_top.php (1.29 ms)
[2019-02-19 20:45:10] info : 	Rendered app/views/layouts/home.php (307.33 ms)
[2019-02-19 20:45:10] info : Completed OK in (327.20 ms)
[2019-02-19 20:45:44] info : Started GET /home/about_us for 66.249.81.8
[2019-02-19 20:45:44] info : Processing by HomeController#about_us
[2019-02-19 20:45:44] info : 	Rendered app/views/home/about_us.php (17.88 ms)
[2019-02-19 20:45:44] info : 	Rendered app/views//home/_home_topbar.php (16.66 ms)
[2019-02-19 20:45:44] info : 	Rendered app/views//home/_home_header.php (16.82 ms)
[2019-02-19 20:45:44] info : 	Rendered app/views//home/_home_navbar.php (61.93 ms)
[2019-02-19 20:45:44] info : 	Rendered app/views/home/_home_footer.php (65.18 ms)
[2019-02-19 20:45:44] info : 	Rendered app/views/layouts/_back_to_top.php (1.23 ms)
[2019-02-19 20:45:44] info : 	Rendered app/views/layouts/home.php (217.66 ms)
[2019-02-19 20:45:44] info : Completed OK in (223.71 ms)
[2019-02-19 21:00:35] error : No route matches [GET] /robots.txt
[2019-02-19 21:00:35] info : 	Rendered public/404.html (1.02 ms)
[2019-02-19 21:45:55] info : Started GET /home/products/show/_dynamical_segment_ for 40.77.167.37
[2019-02-19 21:45:55] info : Processing by ProductpageController#show
[2019-02-19 21:45:55] info : 	Rendered app/views/home/productpage/_table.php (285.01 ms)
[2019-02-19 21:45:55] info : 	Rendered app/views/home/productpage/show.php (396.83 ms)
[2019-02-19 21:45:55] info : 	Rendered app/views//home/_home_topbar.php (18.16 ms)
[2019-02-19 21:45:55] info : 	Rendered app/views//home/_home_header.php (16.62 ms)
[2019-02-19 21:45:55] info : 	Rendered app/views//home/_home_navbar.php (61.33 ms)
[2019-02-19 21:45:55] info : 	Rendered app/views/home/_home_footer.php (66.64 ms)
[2019-02-19 21:45:55] info : 	Rendered app/views/layouts/_back_to_top.php (1.44 ms)
[2019-02-19 21:45:55] info : 	Rendered app/views/layouts/home.php (600.26 ms)
[2019-02-19 21:45:55] info : Completed OK in (614.80 ms)
[2019-02-19 21:59:46] info : Started GET /home/products/show/_dynamical_segment_ for 157.55.39.93
[2019-02-19 21:59:46] info : Processing by ProductpageController#show
[2019-02-19 21:59:48] info : 	Rendered app/views/home/productpage/_table.php (1562.29 ms)
[2019-02-19 21:59:48] info : 	Rendered app/views/home/productpage/show.php (1683.92 ms)
[2019-02-19 21:59:48] info : 	Rendered app/views//home/_home_topbar.php (17.47 ms)
[2019-02-19 21:59:48] info : 	Rendered app/views//home/_home_header.php (18.45 ms)
[2019-02-19 21:59:48] info : 	Rendered app/views//home/_home_navbar.php (74.65 ms)
[2019-02-19 21:59:48] info : 	Rendered app/views/home/_home_footer.php (74.29 ms)
[2019-02-19 21:59:48] info : 	Rendered app/views/layouts/_back_to_top.php (1.39 ms)
[2019-02-19 21:59:48] info : 	Rendered app/views/layouts/home.php (1910.89 ms)
[2019-02-19 21:59:48] info : Completed OK in (1935.80 ms)
[2019-02-19 22:22:02] info : Started GET / for 66.249.81.10
[2019-02-19 22:22:02] info : Processing by HomeController#index
[2019-02-19 22:22:02] info : 	Rendered app/views/home/index.php (28.91 ms)
[2019-02-19 22:22:02] info : 	Rendered app/views//home/_home_topbar.php (17.19 ms)
[2019-02-19 22:22:02] info : 	Rendered app/views//home/_home_header.php (17.26 ms)
[2019-02-19 22:22:02] info : 	Rendered app/views//home/_home_navbar.php (61.99 ms)
[2019-02-19 22:22:02] info : 	Rendered app/views/home/_home_footer.php (66.43 ms)
[2019-02-19 22:22:02] info : 	Rendered app/views/layouts/_back_to_top.php (1.28 ms)
[2019-02-19 22:22:02] info : 	Rendered app/views/layouts/home.php (230.86 ms)
[2019-02-19 22:22:02] info : Completed OK in (238.48 ms)
[2019-02-19 22:22:35] info : Started GET /home/pages/_dynamical_segment_ for 66.249.81.6
[2019-02-19 22:22:35] info : Processing by PageController#show
[2019-02-19 22:22:35] info : 	Rendered app/views/home/page/show.php (77.46 ms)
[2019-02-19 22:22:35] info : 	Rendered app/views//home/_home_topbar.php (16.46 ms)
[2019-02-19 22:22:35] info : 	Rendered app/views//home/_home_header.php (16.28 ms)
[2019-02-19 22:22:35] info : 	Rendered app/views//home/_home_navbar.php (61.31 ms)
[2019-02-19 22:22:35] info : 	Rendered app/views/home/_home_footer.php (64.29 ms)
[2019-02-19 22:22:35] info : 	Rendered app/views/layouts/_back_to_top.php (1.23 ms)
[2019-02-19 22:22:35] info : 	Rendered app/views/layouts/home.php (274.50 ms)
[2019-02-19 22:22:35] info : Completed OK in (287.20 ms)
[2019-02-19 22:23:08] info : Started GET / for 66.249.81.6
[2019-02-19 22:23:08] info : Processing by HomeController#index
[2019-02-19 22:23:08] info : 	Rendered app/views/home/index.php (37.91 ms)
[2019-02-19 22:23:08] info : 	Rendered app/views//home/_home_topbar.php (18.30 ms)
[2019-02-19 22:23:08] info : 	Rendered app/views//home/_home_header.php (16.58 ms)
[2019-02-19 22:23:08] info : 	Rendered app/views//home/_home_navbar.php (60.66 ms)
[2019-02-19 22:23:08] info : 	Rendered app/views/home/_home_footer.php (66.44 ms)
[2019-02-19 22:23:08] info : 	Rendered app/views/layouts/_back_to_top.php (1.33 ms)
[2019-02-19 22:23:08] info : 	Rendered app/views/layouts/home.php (248.49 ms)
[2019-02-19 22:23:08] info : Completed OK in (257.07 ms)
[2019-02-19 22:23:34] info : Started GET /home/about_us for 66.249.81.8
[2019-02-19 22:23:34] info : Processing by HomeController#about_us
[2019-02-19 22:23:34] info : 	Rendered app/views/home/about_us.php (17.79 ms)
[2019-02-19 22:23:34] info : 	Rendered app/views//home/_home_topbar.php (16.42 ms)
[2019-02-19 22:23:34] info : 	Rendered app/views//home/_home_header.php (16.55 ms)
[2019-02-19 22:23:34] info : 	Rendered app/views//home/_home_navbar.php (60.80 ms)
[2019-02-19 22:23:34] info : 	Rendered app/views/home/_home_footer.php (66.00 ms)
[2019-02-19 22:23:34] info : 	Rendered app/views/layouts/_back_to_top.php (1.27 ms)
[2019-02-19 22:23:34] info : 	Rendered app/views/layouts/home.php (216.39 ms)
[2019-02-19 22:23:34] info : Completed OK in (222.12 ms)
[2019-02-19 22:24:16] info : Started GET /home/products/show/_dynamical_segment_ for 54.36.148.238
[2019-02-19 22:24:16] info : Processing by ProductpageController#show
[2019-02-19 22:24:16] info : 	Rendered app/views/home/productpage/_table.php (118.10 ms)
[2019-02-19 22:24:16] info : 	Rendered app/views/home/productpage/show.php (227.88 ms)
[2019-02-19 22:24:16] info : 	Rendered app/views//home/_home_topbar.php (20.29 ms)
[2019-02-19 22:24:16] info : 	Rendered app/views//home/_home_header.php (20.16 ms)
[2019-02-19 22:24:16] info : 	Rendered app/views//home/_home_navbar.php (67.21 ms)
[2019-02-19 22:24:16] info : 	Rendered app/views/home/_home_footer.php (73.79 ms)
[2019-02-19 22:24:16] info : 	Rendered app/views/layouts/_back_to_top.php (1.43 ms)
[2019-02-19 22:24:16] info : 	Rendered app/views/layouts/home.php (452.83 ms)
[2019-02-19 22:24:16] info : Completed OK in (465.52 ms)
[2019-02-19 22:24:25] info : Started GET /home/about_us for 66.249.81.10
[2019-02-19 22:24:25] info : Processing by HomeController#about_us
[2019-02-19 22:24:25] info : 	Rendered app/views/home/about_us.php (17.55 ms)
[2019-02-19 22:24:25] info : 	Rendered app/views//home/_home_topbar.php (16.52 ms)
[2019-02-19 22:24:25] info : 	Rendered app/views//home/_home_header.php (16.81 ms)
[2019-02-19 22:24:25] info : 	Rendered app/views//home/_home_navbar.php (63.07 ms)
[2019-02-19 22:24:25] info : 	Rendered app/views/home/_home_footer.php (66.17 ms)
[2019-02-19 22:24:25] info : 	Rendered app/views/layouts/_back_to_top.php (1.26 ms)
[2019-02-19 22:24:25] info : 	Rendered app/views/layouts/home.php (218.94 ms)
[2019-02-19 22:24:25] info : Completed OK in (224.77 ms)
[2019-02-19 23:19:11] error : No route matches [GET] /robots.txt
[2019-02-19 23:19:11] info : 	Rendered public/404.html (0.98 ms)
[2019-02-19 23:19:12] info : Started GET /home/products for 66.249.69.72
[2019-02-19 23:19:12] info : Processing by ProductpageController#index
[2019-02-19 23:19:19] info : 	Rendered app/views/home/productpage/_table.php (6981.85 ms)
[2019-02-19 23:19:19] info : 	Rendered app/views/home/productpage/index.php (6985.54 ms)
[2019-02-19 23:19:19] info : 	Rendered app/views//home/_home_topbar.php (16.31 ms)
[2019-02-19 23:19:19] info : 	Rendered app/views//home/_home_header.php (16.36 ms)
[2019-02-19 23:19:19] info : 	Rendered app/views//home/_home_navbar.php (59.96 ms)
[2019-02-19 23:19:19] info : 	Rendered app/views/home/_home_footer.php (64.10 ms)
[2019-02-19 23:19:19] info : 	Rendered app/views/layouts/_back_to_top.php (1.23 ms)
[2019-02-19 23:19:19] info : 	Rendered app/views/layouts/home.php (7180.24 ms)
[2019-02-19 23:19:19] info : Completed OK in (7195.81 ms)
[2019-02-19 23:26:47] error : No route matches [GET] /robots.txt
[2019-02-19 23:26:47] info : 	Rendered public/404.html (1.02 ms)
