[2019-02-18 00:22:29] info : Started GET /home/products/show/_dynamical_segment_ for 54.36.148.205
[2019-02-18 00:22:29] info : Processing by ProductpageController#show
[2019-02-18 00:22:30] info : 	Rendered app/views/home/productpage/_table.php (1665.38 ms)
[2019-02-18 00:22:30] info : 	Rendered app/views/home/productpage/show.php (1777.98 ms)
[2019-02-18 00:22:30] info : 	Rendered app/views//home/_home_topbar.php (19.68 ms)
[2019-02-18 00:22:30] info : 	Rendered app/views//home/_home_header.php (22.95 ms)
[2019-02-18 00:22:30] info : 	Rendered app/views//home/_home_navbar.php (72.22 ms)
[2019-02-18 00:22:31] info : 	Rendered app/views/home/_home_footer.php (67.08 ms)
[2019-02-18 00:22:31] info : 	Rendered app/views/layouts/_back_to_top.php (1.32 ms)
[2019-02-18 00:22:31] info : 	Rendered app/views/layouts/home.php (2001.36 ms)
[2019-02-18 00:22:31] info : Completed OK in (2016.64 ms)
[2019-02-18 00:46:48] error : No route matches [GET] /robots.txt
[2019-02-18 00:46:48] info : 	Rendered public/404.html (1.23 ms)
[2019-02-18 01:08:44] error : No route matches [GET] /robots.txt
[2019-02-18 01:08:44] info : 	Rendered public/404.html (0.98 ms)
[2019-02-18 01:08:48] info : Started GET /home/products/show/_dynamical_segment_ for 37.9.113.123
[2019-02-18 01:08:48] info : Processing by ProductpageController#show
[2019-02-18 01:08:49] info : 	Rendered app/views/home/productpage/_table.php (852.31 ms)
[2019-02-18 01:08:49] info : 	Rendered app/views/home/productpage/show.php (966.83 ms)
[2019-02-18 01:08:49] info : 	Rendered app/views//home/_home_topbar.php (17.15 ms)
[2019-02-18 01:08:49] info : 	Rendered app/views//home/_home_header.php (17.33 ms)
[2019-02-18 01:08:49] info : 	Rendered app/views//home/_home_navbar.php (63.16 ms)
[2019-02-18 01:08:49] info : 	Rendered app/views/home/_home_footer.php (67.44 ms)
[2019-02-18 01:08:49] info : 	Rendered app/views/layouts/_back_to_top.php (1.31 ms)
[2019-02-18 01:08:49] info : 	Rendered app/views/layouts/home.php (1171.84 ms)
[2019-02-18 01:08:49] info : Completed OK in (1186.43 ms)
[2019-02-18 01:11:23] error : No route matches [GET] /robots.txt
[2019-02-18 01:11:23] info : 	Rendered public/404.html (0.94 ms)
[2019-02-18 01:11:25] info : Started GET /home/products/show/_dynamical_segment_ for 66.249.69.72
[2019-02-18 01:11:25] info : Processing by ProductpageController#show
[2019-02-18 01:11:25] info : 	Rendered app/views/home/productpage/_table.php (230.11 ms)
[2019-02-18 01:11:25] info : 	Rendered app/views/home/productpage/show.php (338.74 ms)
[2019-02-18 01:11:25] info : 	Rendered app/views//home/_home_topbar.php (16.74 ms)
[2019-02-18 01:11:25] info : 	Rendered app/views//home/_home_header.php (20.27 ms)
[2019-02-18 01:11:25] info : 	Rendered app/views//home/_home_navbar.php (63.46 ms)
[2019-02-18 01:11:25] info : 	Rendered app/views/home/_home_footer.php (63.97 ms)
[2019-02-18 01:11:25] info : 	Rendered app/views/layouts/_back_to_top.php (1.24 ms)
[2019-02-18 01:11:25] info : 	Rendered app/views/layouts/home.php (542.22 ms)
[2019-02-18 01:11:25] info : Completed OK in (555.01 ms)
[2019-02-18 01:36:19] error : No route matches [GET] /robots.txt
[2019-02-18 01:36:19] info : 	Rendered public/404.html (0.99 ms)
[2019-02-18 02:10:36] info : Started GET /home/producttypes/show/_dynamical_segment_ for 66.249.69.70
[2019-02-18 02:10:36] info : Processing by ProducttypepageController#show
[2019-02-18 02:10:36] info : 	Rendered app/views/home/_menu_product.php (35.36 ms)
[2019-02-18 02:10:36] info : 	Rendered app/views/home/productpage/_table.php (169.27 ms)
[2019-02-18 02:10:36] info : 	Rendered app/views/home/producttypepage/show.php (261.98 ms)
[2019-02-18 02:10:36] info : 	Rendered app/views//home/_home_topbar.php (24.45 ms)
[2019-02-18 02:10:36] info : 	Rendered app/views//home/_home_header.php (53.63 ms)
[2019-02-18 02:10:36] info : 	Rendered app/views//home/_home_navbar.php (113.43 ms)
[2019-02-18 02:10:37] info : 	Rendered app/views/home/_home_footer.php (74.25 ms)
[2019-02-18 02:10:37] info : 	Rendered app/views/layouts/_back_to_top.php (43.60 ms)
[2019-02-18 02:10:37] info : 	Rendered app/views/layouts/home.php (637.12 ms)
[2019-02-18 02:10:37] info : Completed OK in (738.33 ms)
[2019-02-18 02:14:38] error : No route matches [GET] /robots.txt
[2019-02-18 02:14:38] info : 	Rendered public/404.html (24.22 ms)
[2019-02-18 02:14:42] info : Started GET /home/pages/_dynamical_segment_ for 37.9.113.123
[2019-02-18 02:14:42] info : Processing by PageController#show
[2019-02-18 02:14:42] info : 	Rendered app/views/home/page/show.php (85.30 ms)
[2019-02-18 02:14:42] info : 	Rendered app/views//home/_home_topbar.php (19.66 ms)
[2019-02-18 02:14:42] info : 	Rendered app/views//home/_home_header.php (20.11 ms)
[2019-02-18 02:14:43] info : 	Rendered app/views//home/_home_navbar.php (70.90 ms)
[2019-02-18 02:14:43] info : 	Rendered app/views/home/_home_footer.php (68.03 ms)
[2019-02-18 02:14:43] info : 	Rendered app/views/layouts/_back_to_top.php (1.39 ms)
[2019-02-18 02:14:43] info : 	Rendered app/views/layouts/home.php (307.19 ms)
[2019-02-18 02:14:43] info : Completed OK in (329.70 ms)
[2019-02-18 02:44:03] error : No route matches [GET] /robots.txt
[2019-02-18 02:44:03] info : 	Rendered public/404.html (1.16 ms)
[2019-02-18 02:44:05] info : Started GET /home/producttypes/show/_dynamical_segment_ for 46.229.168.133
[2019-02-18 02:44:06] info : Processing by ProducttypepageController#show
[2019-02-18 02:44:06] info : 	Rendered app/views/home/_menu_product.php (19.19 ms)
[2019-02-18 02:44:07] info : 	Rendered app/views/home/productpage/_table.php (1489.32 ms)
[2019-02-18 02:44:07] info : 	Rendered app/views/home/producttypepage/show.php (1605.75 ms)
[2019-02-18 02:44:07] info : 	Rendered app/views//home/_home_topbar.php (16.43 ms)
[2019-02-18 02:44:07] info : 	Rendered app/views//home/_home_header.php (16.42 ms)
[2019-02-18 02:44:08] info : 	Rendered app/views//home/_home_navbar.php (415.94 ms)
[2019-02-18 02:44:08] info : 	Rendered app/views/home/_home_footer.php (90.08 ms)
[2019-02-18 02:44:08] info : 	Rendered app/views/layouts/_back_to_top.php (1.41 ms)
[2019-02-18 02:44:08] info : 	Rendered app/views/layouts/home.php (2183.94 ms)
[2019-02-18 02:44:08] info : Completed OK in (2258.18 ms)
[2019-02-18 03:22:32] error : No route matches [GET] /robots.txt
[2019-02-18 03:22:32] info : 	Rendered public/404.html (0.99 ms)
[2019-02-18 03:29:31] error : No route matches [GET] /robots.txt
[2019-02-18 03:29:31] info : 	Rendered public/404.html (1.00 ms)
[2019-02-18 03:29:32] info : Started GET /home/pages/_dynamical_segment_ for 66.249.69.74
[2019-02-18 03:29:32] info : Processing by PageController#show
[2019-02-18 03:29:32] info : 	Rendered app/views/home/page/show.php (112.14 ms)
[2019-02-18 03:29:32] info : 	Rendered app/views//home/_home_topbar.php (16.57 ms)
[2019-02-18 03:29:32] info : 	Rendered app/views//home/_home_header.php (16.15 ms)
[2019-02-18 03:29:32] info : 	Rendered app/views//home/_home_navbar.php (61.39 ms)
[2019-02-18 03:29:32] info : 	Rendered app/views/home/_home_footer.php (64.30 ms)
[2019-02-18 03:29:32] info : 	Rendered app/views/layouts/_back_to_top.php (1.28 ms)
[2019-02-18 03:29:32] info : 	Rendered app/views/layouts/home.php (309.77 ms)
[2019-02-18 03:29:32] info : Completed OK in (323.82 ms)
[2019-02-18 03:38:24] info : Started GET /home/products/show/_dynamical_segment_ for 54.36.149.103
[2019-02-18 03:38:24] info : Processing by ProductpageController#show
[2019-02-18 03:38:25] info : 	Rendered app/views/home/productpage/_table.php (1581.33 ms)
[2019-02-18 03:38:25] info : 	Rendered app/views/home/productpage/show.php (1701.87 ms)
[2019-02-18 03:38:25] info : 	Rendered app/views//home/_home_topbar.php (17.45 ms)
[2019-02-18 03:38:25] info : 	Rendered app/views//home/_home_header.php (17.73 ms)
[2019-02-18 03:38:25] info : 	Rendered app/views//home/_home_navbar.php (64.87 ms)
[2019-02-18 03:38:25] info : 	Rendered app/views/home/_home_footer.php (70.32 ms)
[2019-02-18 03:38:25] info : 	Rendered app/views/layouts/_back_to_top.php (1.39 ms)
[2019-02-18 03:38:25] info : 	Rendered app/views/layouts/home.php (1913.93 ms)
[2019-02-18 03:38:25] info : Completed OK in (1947.13 ms)
[2019-02-18 03:49:09] info : Started GET /home/products/show/_dynamical_segment_ for 54.36.148.124
[2019-02-18 03:49:09] info : Processing by ProductpageController#show
[2019-02-18 03:49:11] info : 	Rendered app/views/home/productpage/_table.php (1671.63 ms)
[2019-02-18 03:49:11] info : 	Rendered app/views/home/productpage/show.php (1779.05 ms)
[2019-02-18 03:49:11] info : 	Rendered app/views//home/_home_topbar.php (19.71 ms)
[2019-02-18 03:49:11] info : 	Rendered app/views//home/_home_header.php (22.10 ms)
[2019-02-18 03:49:11] info : 	Rendered app/views//home/_home_navbar.php (67.73 ms)
[2019-02-18 03:49:11] info : 	Rendered app/views/home/_home_footer.php (69.23 ms)
[2019-02-18 03:49:11] info : 	Rendered app/views/layouts/_back_to_top.php (1.37 ms)
[2019-02-18 03:49:11] info : 	Rendered app/views/layouts/home.php (2002.43 ms)
[2019-02-18 03:49:11] info : Completed OK in (2017.24 ms)
[2019-02-18 04:03:34] error : No route matches [GET] /robots.txt
[2019-02-18 04:03:34] info : 	Rendered public/404.html (0.99 ms)
[2019-02-18 04:15:18] error : No route matches [GET] /robots.txt
[2019-02-18 04:15:18] info : 	Rendered public/404.html (1.01 ms)
[2019-02-18 04:15:20] info : Started GET /home/index for 46.229.168.136
[2019-02-18 04:15:20] info : Processing by HomeController#index
[2019-02-18 04:15:20] info : 	Rendered app/views/home/index.php (75.68 ms)
[2019-02-18 04:15:20] info : 	Rendered app/views//home/_home_topbar.php (17.72 ms)
[2019-02-18 04:15:20] info : 	Rendered app/views//home/_home_header.php (17.28 ms)
[2019-02-18 04:15:21] info : 	Rendered app/views//home/_home_navbar.php (64.48 ms)
[2019-02-18 04:15:21] info : 	Rendered app/views/home/_home_footer.php (68.69 ms)
[2019-02-18 04:15:21] info : 	Rendered app/views/layouts/_back_to_top.php (1.32 ms)
[2019-02-18 04:15:21] info : 	Rendered app/views/layouts/home.php (286.19 ms)
[2019-02-18 04:15:21] info : Completed OK in (294.14 ms)
[2019-02-18 04:20:25] info : Started GET /home/products/show/_dynamical_segment_ for 66.249.69.70
[2019-02-18 04:20:25] info : Processing by ProductpageController#show
[2019-02-18 04:20:27] info : 	Rendered app/views/home/productpage/_table.php (1477.36 ms)
[2019-02-18 04:20:27] info : 	Rendered app/views/home/productpage/show.php (1589.24 ms)
[2019-02-18 04:20:27] info : 	Rendered app/views//home/_home_topbar.php (17.32 ms)
[2019-02-18 04:20:27] info : 	Rendered app/views//home/_home_header.php (17.67 ms)
[2019-02-18 04:20:27] info : 	Rendered app/views//home/_home_navbar.php (67.04 ms)
[2019-02-18 04:20:27] info : 	Rendered app/views/home/_home_footer.php (66.73 ms)
[2019-02-18 04:20:27] info : 	Rendered app/views/layouts/_back_to_top.php (1.35 ms)
[2019-02-18 04:20:27] info : 	Rendered app/views/layouts/home.php (1798.27 ms)
[2019-02-18 04:20:27] info : Completed OK in (1811.51 ms)
[2019-02-18 04:31:58] info : Started GET /home/producttypes/show/_dynamical_segment_ for 66.249.69.72
[2019-02-18 04:31:58] info : Processing by ProducttypepageController#show
[2019-02-18 04:31:58] error : No route matches [GET] /robots.txt
[2019-02-18 04:31:58] info : 	Rendered public/404.html (1.31 ms)
[2019-02-18 04:31:58] info : 	Rendered app/views/home/_menu_product.php (14.90 ms)
[2019-02-18 04:31:59] info : 	Rendered app/views/home/productpage/_table.php (411.71 ms)
[2019-02-18 04:31:59] info : 	Rendered app/views/home/producttypepage/show.php (456.04 ms)
[2019-02-18 04:31:59] info : 	Rendered app/views//home/_home_topbar.php (24.11 ms)
[2019-02-18 04:31:59] info : 	Rendered app/views//home/_home_header.php (18.54 ms)
[2019-02-18 04:31:59] info : 	Rendered app/views//home/_home_navbar.php (75.47 ms)
[2019-02-18 04:31:59] info : 	Rendered app/views/home/_home_footer.php (72.94 ms)
[2019-02-18 04:31:59] info : 	Rendered app/views/layouts/_back_to_top.php (1.30 ms)
[2019-02-18 04:31:59] info : 	Rendered app/views/layouts/home.php (701.19 ms)
[2019-02-18 04:31:59] info : Completed OK in (728.46 ms)
[2019-02-18 04:41:43] info : Started GET /home/products/show/_dynamical_segment_ for 66.249.69.72
[2019-02-18 04:41:43] info : Processing by ProductpageController#show
[2019-02-18 04:41:44] info : 	Rendered app/views/home/productpage/_table.php (548.61 ms)
[2019-02-18 04:41:44] info : 	Rendered app/views/home/productpage/show.php (660.35 ms)
[2019-02-18 04:41:44] info : 	Rendered app/views//home/_home_topbar.php (22.86 ms)
[2019-02-18 04:41:44] info : 	Rendered app/views//home/_home_header.php (20.35 ms)
[2019-02-18 04:41:44] info : 	Rendered app/views//home/_home_navbar.php (74.79 ms)
[2019-02-18 04:41:44] info : 	Rendered app/views/home/_home_footer.php (73.66 ms)
[2019-02-18 04:41:44] info : 	Rendered app/views/layouts/_back_to_top.php (1.36 ms)
[2019-02-18 04:41:44] info : 	Rendered app/views/layouts/home.php (902.09 ms)
[2019-02-18 04:41:44] info : Completed OK in (916.79 ms)
[2019-02-18 04:50:01] info : Started GET /home/products for 66.249.69.72
[2019-02-18 04:50:01] info : Processing by ProductpageController#index
[2019-02-18 04:50:09] info : 	Rendered app/views/home/productpage/_table.php (7282.05 ms)
[2019-02-18 04:50:09] info : 	Rendered app/views/home/productpage/index.php (7286.08 ms)
[2019-02-18 04:50:09] info : 	Rendered app/views//home/_home_topbar.php (16.67 ms)
[2019-02-18 04:50:09] info : 	Rendered app/views//home/_home_header.php (16.69 ms)
[2019-02-18 04:50:09] info : 	Rendered app/views//home/_home_navbar.php (63.36 ms)
[2019-02-18 04:50:09] info : 	Rendered app/views/home/_home_footer.php (68.05 ms)
[2019-02-18 04:50:09] info : 	Rendered app/views/layouts/_back_to_top.php (1.27 ms)
[2019-02-18 04:50:09] info : 	Rendered app/views/layouts/home.php (7490.75 ms)
[2019-02-18 04:50:09] info : Completed OK in (7506.98 ms)
[2019-02-18 04:52:23] error : No route matches [GET] /robots.txt
[2019-02-18 04:52:23] info : 	Rendered public/404.html (1.58 ms)
[2019-02-18 04:52:40] info : Started GET /home/products/show/_dynamical_segment_ for 66.249.69.74
[2019-02-18 04:52:40] info : Processing by ProductpageController#show
[2019-02-18 04:52:40] info : 	Rendered app/views/home/productpage/_table.php (252.03 ms)
[2019-02-18 04:52:40] info : 	Rendered app/views/home/productpage/show.php (382.00 ms)
[2019-02-18 04:52:40] info : 	Rendered app/views//home/_home_topbar.php (22.87 ms)
[2019-02-18 04:52:40] info : 	Rendered app/views//home/_home_header.php (21.69 ms)
[2019-02-18 04:52:40] info : 	Rendered app/views//home/_home_navbar.php (86.54 ms)
[2019-02-18 04:52:40] info : 	Rendered app/views/home/_home_footer.php (79.69 ms)
[2019-02-18 04:52:40] info : 	Rendered app/views/layouts/_back_to_top.php (1.24 ms)
[2019-02-18 04:52:40] info : 	Rendered app/views/layouts/home.php (638.91 ms)
[2019-02-18 04:52:40] info : Completed OK in (651.75 ms)
[2019-02-18 05:51:59] error : No route matches [GET] /wp-content/uploads/2018/11/seo_script.php
[2019-02-18 05:51:59] info : 	Rendered public/404.html (15.06 ms)
[2019-02-18 06:00:36] error : No route matches [GET] /robots.txt
[2019-02-18 06:00:36] info : 	Rendered public/404.html (1.06 ms)
[2019-02-18 06:00:40] info : Started GET /home/producttypes/show/_dynamical_segment_ for 141.8.142.63
[2019-02-18 06:00:40] info : Processing by ProducttypepageController#show
[2019-02-18 06:00:40] info : 	Rendered app/views/home/_menu_product.php (13.32 ms)
[2019-02-18 06:00:40] info : 	Rendered app/views/home/productpage/_table.php (117.46 ms)
[2019-02-18 06:00:40] info : 	Rendered app/views/home/producttypepage/show.php (170.66 ms)
[2019-02-18 06:00:40] info : 	Rendered app/views//home/_home_topbar.php (18.67 ms)
[2019-02-18 06:00:40] info : 	Rendered app/views//home/_home_header.php (27.14 ms)
[2019-02-18 06:00:40] info : 	Rendered app/views//home/_home_navbar.php (64.61 ms)
[2019-02-18 06:00:40] info : 	Rendered app/views/home/_home_footer.php (70.78 ms)
[2019-02-18 06:00:40] info : 	Rendered app/views/layouts/_back_to_top.php (8.84 ms)
[2019-02-18 06:00:40] info : 	Rendered app/views/layouts/home.php (403.40 ms)
[2019-02-18 06:00:40] info : Completed OK in (481.40 ms)
[2019-02-18 06:05:02] error : No route matches [GET] /robots.txt
[2019-02-18 06:05:02] info : 	Rendered public/404.html (0.99 ms)
[2019-02-18 06:05:05] info : Started GET /home/producttypes/show/_dynamical_segment_ for 46.229.168.145
[2019-02-18 06:05:05] info : Processing by ProducttypepageController#show
[2019-02-18 06:05:05] info : 	Rendered app/views/home/_menu_product.php (11.11 ms)
[2019-02-18 06:05:06] info : 	Rendered app/views/home/productpage/_table.php (325.14 ms)
[2019-02-18 06:05:06] info : 	Rendered app/views/home/producttypepage/show.php (358.26 ms)
[2019-02-18 06:05:06] info : 	Rendered app/views//home/_home_topbar.php (16.11 ms)
[2019-02-18 06:05:06] info : 	Rendered app/views//home/_home_header.php (16.08 ms)
[2019-02-18 06:05:06] info : 	Rendered app/views//home/_home_navbar.php (59.49 ms)
[2019-02-18 06:05:06] info : 	Rendered app/views/home/_home_footer.php (63.57 ms)
[2019-02-18 06:05:06] info : 	Rendered app/views/layouts/_back_to_top.php (1.20 ms)
[2019-02-18 06:05:06] info : 	Rendered app/views/layouts/home.php (552.06 ms)
[2019-02-18 06:05:06] info : Completed OK in (572.36 ms)
[2019-02-18 06:22:36] error : No route matches [GET] /robots.txt
[2019-02-18 06:22:36] info : 	Rendered public/404.html (0.99 ms)
[2019-02-18 06:22:37] info : Started GET /home/products/show/_dynamical_segment_ for 95.163.255.153
[2019-02-18 06:22:37] info : Processing by ProductpageController#show
[2019-02-18 06:22:38] info : 	Rendered app/views/home/productpage/_table.php (845.24 ms)
[2019-02-18 06:22:38] info : 	Rendered app/views/home/productpage/show.php (965.87 ms)
[2019-02-18 06:22:38] info : 	Rendered app/views//home/_home_topbar.php (16.87 ms)
[2019-02-18 06:22:38] info : 	Rendered app/views//home/_home_header.php (17.83 ms)
[2019-02-18 06:22:38] info : 	Rendered app/views//home/_home_navbar.php (66.76 ms)
[2019-02-18 06:22:38] info : 	Rendered app/views/home/_home_footer.php (69.11 ms)
[2019-02-18 06:22:38] info : 	Rendered app/views/layouts/_back_to_top.php (1.36 ms)
[2019-02-18 06:22:38] info : 	Rendered app/views/layouts/home.php (1175.98 ms)
[2019-02-18 06:22:38] info : Completed OK in (1203.62 ms)
[2019-02-18 06:29:15] error : No route matches [GET] /robots.txt
[2019-02-18 06:29:15] info : 	Rendered public/404.html (0.98 ms)
[2019-02-18 06:31:44] info : Started GET /home/products/show/_dynamical_segment_ for 54.36.149.95
[2019-02-18 06:31:44] info : Processing by ProductpageController#show
[2019-02-18 06:31:47] info : 	Rendered app/views/home/productpage/_table.php (2535.50 ms)
[2019-02-18 06:31:47] info : 	Rendered app/views/home/productpage/show.php (2647.78 ms)
[2019-02-18 06:31:47] info : 	Rendered app/views//home/_home_topbar.php (17.40 ms)
[2019-02-18 06:31:47] info : 	Rendered app/views//home/_home_header.php (16.78 ms)
[2019-02-18 06:31:47] info : 	Rendered app/views//home/_home_navbar.php (61.76 ms)
[2019-02-18 06:31:47] info : 	Rendered app/views/home/_home_footer.php (64.57 ms)
[2019-02-18 06:31:47] info : 	Rendered app/views/layouts/_back_to_top.php (1.27 ms)
[2019-02-18 06:31:47] info : 	Rendered app/views/layouts/home.php (2849.16 ms)
[2019-02-18 06:31:47] info : Completed OK in (2868.64 ms)
[2019-02-18 06:33:16] error : No route matches [GET] /robots.txt
[2019-02-18 06:33:16] info : 	Rendered public/404.html (1.15 ms)
[2019-02-18 06:33:17] info : Started GET /home/products/show/_dynamical_segment_ for 66.249.69.102
[2019-02-18 06:33:17] info : Processing by ProductpageController#show
[2019-02-18 06:33:17] info : 	Rendered app/views/home/productpage/_table.php (523.02 ms)
[2019-02-18 06:33:17] info : 	Rendered app/views/home/productpage/show.php (645.81 ms)
[2019-02-18 06:33:17] info : 	Rendered app/views//home/_home_topbar.php (17.86 ms)
[2019-02-18 06:33:17] info : 	Rendered app/views//home/_home_header.php (16.89 ms)
[2019-02-18 06:33:17] info : 	Rendered app/views//home/_home_navbar.php (60.40 ms)
[2019-02-18 06:33:18] info : 	Rendered app/views/home/_home_footer.php (67.50 ms)
[2019-02-18 06:33:18] info : 	Rendered app/views/layouts/_back_to_top.php (1.26 ms)
[2019-02-18 06:33:18] info : 	Rendered app/views/layouts/home.php (849.60 ms)
[2019-02-18 06:33:18] info : Completed OK in (863.45 ms)
[2019-02-18 06:52:25] info : Started GET /home/products/show/_dynamical_segment_ for 54.36.149.63
[2019-02-18 06:52:25] info : Processing by ProductpageController#show
[2019-02-18 06:52:27] info : 	Rendered app/views/home/productpage/_table.php (1459.20 ms)
[2019-02-18 06:52:27] info : 	Rendered app/views/home/productpage/show.php (1567.16 ms)
[2019-02-18 06:52:27] info : 	Rendered app/views//home/_home_topbar.php (16.38 ms)
[2019-02-18 06:52:27] info : 	Rendered app/views//home/_home_header.php (16.69 ms)
[2019-02-18 06:52:27] info : 	Rendered app/views//home/_home_navbar.php (62.96 ms)
[2019-02-18 06:52:27] info : 	Rendered app/views/home/_home_footer.php (66.11 ms)
[2019-02-18 06:52:27] info : 	Rendered app/views/layouts/_back_to_top.php (1.32 ms)
[2019-02-18 06:52:27] info : 	Rendered app/views/layouts/home.php (1768.71 ms)
[2019-02-18 06:52:27] info : Completed OK in (1782.85 ms)
[2019-02-18 07:13:14] info : Started GET /home/products/show/_dynamical_segment_ for 66.249.69.106
[2019-02-18 07:13:14] info : Processing by ProductpageController#show
[2019-02-18 07:13:15] info : 	Rendered app/views/home/productpage/_table.php (335.66 ms)
[2019-02-18 07:13:15] info : 	Rendered app/views/home/productpage/show.php (455.00 ms)
[2019-02-18 07:13:15] info : 	Rendered app/views//home/_home_topbar.php (16.71 ms)
[2019-02-18 07:13:15] info : 	Rendered app/views//home/_home_header.php (16.64 ms)
[2019-02-18 07:13:15] info : 	Rendered app/views//home/_home_navbar.php (62.35 ms)
[2019-02-18 07:13:15] info : 	Rendered app/views/home/_home_footer.php (66.00 ms)
[2019-02-18 07:13:15] info : 	Rendered app/views/layouts/_back_to_top.php (1.33 ms)
[2019-02-18 07:13:15] info : 	Rendered app/views/layouts/home.php (656.52 ms)
[2019-02-18 07:13:15] info : Completed OK in (671.40 ms)
[2019-02-18 07:48:43] error : No route matches [GET] /robots.txt
[2019-02-18 07:48:43] info : 	Rendered public/404.html (1.01 ms)
[2019-02-18 07:48:43] info : Started GET /home/categories/show/_dynamical_segment_ for 66.249.69.104
[2019-02-18 07:48:43] info : Processing by CategorypageController#show
[2019-02-18 07:48:43] info : 	Rendered app/views/home/_menu_product.php (13.27 ms)
[2019-02-18 07:48:43] info : 	Rendered app/views/home/categorypage/show.php (131.70 ms)
[2019-02-18 07:48:44] info : 	Rendered app/views//home/_home_topbar.php (16.12 ms)
[2019-02-18 07:48:44] info : 	Rendered app/views//home/_home_header.php (16.16 ms)
[2019-02-18 07:48:44] info : 	Rendered app/views//home/_home_navbar.php (60.77 ms)
[2019-02-18 07:48:44] info : 	Rendered app/views/home/_home_footer.php (64.40 ms)
[2019-02-18 07:48:44] info : 	Rendered app/views/layouts/_back_to_top.php (1.28 ms)
[2019-02-18 07:48:44] info : 	Rendered app/views/layouts/home.php (332.07 ms)
[2019-02-18 07:48:44] info : Completed OK in (355.38 ms)
[2019-02-18 07:53:29] info : Started GET / for 52.53.201.78
[2019-02-18 07:53:29] info : Processing by HomeController#index
[2019-02-18 07:53:29] info : 	Rendered app/views/home/index.php (83.67 ms)
[2019-02-18 07:53:30] info : 	Rendered app/views//home/_home_topbar.php (17.78 ms)
[2019-02-18 07:53:30] info : 	Rendered app/views//home/_home_header.php (16.99 ms)
[2019-02-18 07:53:30] info : 	Rendered app/views//home/_home_navbar.php (61.68 ms)
[2019-02-18 07:53:30] info : 	Rendered app/views/home/_home_footer.php (69.84 ms)
[2019-02-18 07:53:30] info : 	Rendered app/views/layouts/_back_to_top.php (1.28 ms)
[2019-02-18 07:53:30] info : 	Rendered app/views/layouts/home.php (288.83 ms)
[2019-02-18 07:53:30] info : Completed OK in (294.97 ms)
[2019-02-18 08:11:38] info : Started GET / for 52.90.52.170
[2019-02-18 08:11:38] info : Processing by HomeController#index
[2019-02-18 08:11:38] info : 	Rendered app/views/home/index.php (33.66 ms)
[2019-02-18 08:11:38] info : 	Rendered app/views//home/_home_topbar.php (18.03 ms)
[2019-02-18 08:11:38] info : 	Rendered app/views//home/_home_header.php (17.30 ms)
[2019-02-18 08:11:38] info : 	Rendered app/views//home/_home_navbar.php (64.88 ms)
[2019-02-18 08:11:38] info : 	Rendered app/views/home/_home_footer.php (68.70 ms)
[2019-02-18 08:11:38] info : 	Rendered app/views/layouts/_back_to_top.php (1.26 ms)
[2019-02-18 08:11:38] info : 	Rendered app/views/layouts/home.php (244.42 ms)
[2019-02-18 08:11:38] info : Completed OK in (253.36 ms)
[2019-02-18 08:54:06] error : No route matches [GET] /robots.txt
[2019-02-18 08:54:06] info : 	Rendered public/404.html (0.97 ms)
[2019-02-18 08:57:40] error : No route matches [GET] /robots.txt
[2019-02-18 08:57:40] info : 	Rendered public/404.html (0.98 ms)
[2019-02-18 08:57:40] info : Started GET /home/products/show/_dynamical_segment_ for 66.249.69.102
[2019-02-18 08:57:40] info : Processing by ProductpageController#show
[2019-02-18 08:57:40] info : 	Rendered app/views/home/productpage/_table.php (329.46 ms)
[2019-02-18 08:57:40] info : 	Rendered app/views/home/productpage/show.php (440.25 ms)
[2019-02-18 08:57:40] info : 	Rendered app/views//home/_home_topbar.php (16.96 ms)
[2019-02-18 08:57:40] info : 	Rendered app/views//home/_home_header.php (17.10 ms)
[2019-02-18 08:57:40] info : 	Rendered app/views//home/_home_navbar.php (60.22 ms)
[2019-02-18 08:57:40] info : 	Rendered app/views/home/_home_footer.php (66.18 ms)
[2019-02-18 08:57:40] info : 	Rendered app/views/layouts/_back_to_top.php (1.34 ms)
[2019-02-18 08:57:40] info : 	Rendered app/views/layouts/home.php (640.28 ms)
[2019-02-18 08:57:40] info : Completed OK in (654.66 ms)
[2019-02-18 08:58:42] info : Started GET /home/products/show/_dynamical_segment_ for 54.36.148.30
[2019-02-18 08:58:42] info : Processing by ProductpageController#show
[2019-02-18 08:58:43] info : 	Rendered app/views/home/productpage/_table.php (502.94 ms)
[2019-02-18 08:58:43] info : 	Rendered app/views/home/productpage/show.php (620.12 ms)
[2019-02-18 08:58:43] info : 	Rendered app/views//home/_home_topbar.php (16.50 ms)
[2019-02-18 08:58:43] info : 	Rendered app/views//home/_home_header.php (16.22 ms)
[2019-02-18 08:58:43] info : 	Rendered app/views//home/_home_navbar.php (59.48 ms)
[2019-02-18 08:58:43] info : 	Rendered app/views/home/_home_footer.php (64.71 ms)
[2019-02-18 08:58:43] info : 	Rendered app/views/layouts/_back_to_top.php (1.23 ms)
[2019-02-18 08:58:43] info : 	Rendered app/views/layouts/home.php (815.97 ms)
[2019-02-18 08:58:43] info : Completed OK in (829.63 ms)
[2019-02-18 08:58:45] info : Started GET /home/products/show/_dynamical_segment_ for 66.249.69.104
[2019-02-18 08:58:45] info : Processing by ProductpageController#show
[2019-02-18 08:58:46] info : 	Rendered app/views/home/productpage/_table.php (1466.04 ms)
[2019-02-18 08:58:46] info : 	Rendered app/views/home/productpage/show.php (1576.30 ms)
[2019-02-18 08:58:46] info : 	Rendered app/views//home/_home_topbar.php (18.53 ms)
[2019-02-18 08:58:46] info : 	Rendered app/views//home/_home_header.php (18.57 ms)
[2019-02-18 08:58:46] info : 	Rendered app/views//home/_home_navbar.php (62.91 ms)
[2019-02-18 08:58:46] info : 	Rendered app/views/home/_home_footer.php (65.47 ms)
[2019-02-18 08:58:46] info : 	Rendered app/views/layouts/_back_to_top.php (1.20 ms)
[2019-02-18 08:58:46] info : 	Rendered app/views/layouts/home.php (1784.09 ms)
[2019-02-18 08:58:46] info : Completed OK in (1801.02 ms)
[2019-02-18 09:33:19] error : No route matches [GET] /robots.txt
[2019-02-18 09:33:19] info : 	Rendered public/404.html (0.97 ms)
[2019-02-18 09:39:32] info : Started GET / for 31.206.43.185
[2019-02-18 09:39:32] info : Processing by HomeController#index
[2019-02-18 09:39:32] info : 	Rendered app/views/home/index.php (30.33 ms)
[2019-02-18 09:39:32] info : 	Rendered app/views//home/_home_topbar.php (19.20 ms)
[2019-02-18 09:39:32] info : 	Rendered app/views//home/_home_header.php (18.97 ms)
[2019-02-18 09:39:32] info : 	Rendered app/views//home/_home_navbar.php (68.56 ms)
[2019-02-18 09:39:32] info : 	Rendered app/views/home/_home_footer.php (70.40 ms)
[2019-02-18 09:39:32] info : 	Rendered app/views/layouts/_back_to_top.php (1.36 ms)
[2019-02-18 09:39:32] info : 	Rendered app/views/layouts/home.php (248.98 ms)
[2019-02-18 09:39:32] info : Completed OK in (256.70 ms)
[2019-02-18 09:39:32] info : Started GET / for 31.206.43.185
[2019-02-18 09:39:32] info : Processing by HomeController#index
[2019-02-18 09:39:32] info : 	Rendered app/views/home/index.php (28.01 ms)
[2019-02-18 09:39:32] info : 	Rendered app/views//home/_home_topbar.php (17.10 ms)
[2019-02-18 09:39:32] info : 	Rendered app/views//home/_home_header.php (16.50 ms)
[2019-02-18 09:39:32] info : 	Rendered app/views//home/_home_navbar.php (61.74 ms)
[2019-02-18 09:39:33] info : 	Rendered app/views/home/_home_footer.php (66.95 ms)
[2019-02-18 09:39:33] info : 	Rendered app/views/layouts/_back_to_top.php (1.48 ms)
[2019-02-18 09:39:33] info : 	Rendered app/views/layouts/home.php (229.59 ms)
[2019-02-18 09:39:33] info : Completed OK in (235.67 ms)
[2019-02-18 09:40:31] info : Started GET / for 178.246.15.41
[2019-02-18 09:40:31] info : Processing by HomeController#index
[2019-02-18 09:40:31] info : 	Rendered app/views/home/index.php (27.96 ms)
[2019-02-18 09:40:31] info : 	Rendered app/views//home/_home_topbar.php (16.35 ms)
[2019-02-18 09:40:31] info : 	Rendered app/views//home/_home_header.php (16.23 ms)
[2019-02-18 09:40:31] info : 	Rendered app/views//home/_home_navbar.php (60.19 ms)
[2019-02-18 09:40:31] info : 	Rendered app/views/home/_home_footer.php (66.47 ms)
[2019-02-18 09:40:31] info : 	Rendered app/views/layouts/_back_to_top.php (1.21 ms)
[2019-02-18 09:40:31] info : 	Rendered app/views/layouts/home.php (225.64 ms)
[2019-02-18 09:40:31] info : Completed OK in (231.34 ms)
[2019-02-18 09:48:41] info : Started GET / for 178.246.15.41
[2019-02-18 09:48:41] info : Processing by HomeController#index
[2019-02-18 09:48:41] info : 	Rendered app/views/home/index.php (28.69 ms)
[2019-02-18 09:48:41] info : 	Rendered app/views//home/_home_topbar.php (16.98 ms)
[2019-02-18 09:48:41] info : 	Rendered app/views//home/_home_header.php (16.93 ms)
[2019-02-18 09:48:41] info : 	Rendered app/views//home/_home_navbar.php (62.01 ms)
[2019-02-18 09:48:41] info : 	Rendered app/views/home/_home_footer.php (68.28 ms)
[2019-02-18 09:48:41] info : 	Rendered app/views/layouts/_back_to_top.php (1.41 ms)
[2019-02-18 09:48:41] info : 	Rendered app/views/layouts/home.php (233.87 ms)
[2019-02-18 09:48:41] info : Completed OK in (241.46 ms)
[2019-02-18 09:48:46] info : Started GET /home/about_us for 178.246.15.41
[2019-02-18 09:48:46] info : Processing by HomeController#about_us
[2019-02-18 09:48:46] info : 	Rendered app/views/home/about_us.php (35.25 ms)
[2019-02-18 09:48:46] info : 	Rendered app/views//home/_home_topbar.php (23.18 ms)
[2019-02-18 09:48:46] info : 	Rendered app/views//home/_home_header.php (23.18 ms)
[2019-02-18 09:48:46] info : 	Rendered app/views//home/_home_navbar.php (79.67 ms)
[2019-02-18 09:48:46] info : 	Rendered app/views/home/_home_footer.php (92.36 ms)
[2019-02-18 09:48:46] info : 	Rendered app/views/layouts/_back_to_top.php (1.30 ms)
[2019-02-18 09:48:46] info : 	Rendered app/views/layouts/home.php (297.28 ms)
[2019-02-18 09:48:46] info : Completed OK in (304.05 ms)
[2019-02-18 09:48:53] info : Started GET /home/index for 178.246.15.41
[2019-02-18 09:48:53] info : Processing by HomeController#index
[2019-02-18 09:48:53] info : 	Rendered app/views/home/index.php (30.33 ms)
[2019-02-18 09:48:53] info : 	Rendered app/views//home/_home_topbar.php (19.14 ms)
[2019-02-18 09:48:53] info : 	Rendered app/views//home/_home_header.php (20.86 ms)
[2019-02-18 09:48:53] info : 	Rendered app/views//home/_home_navbar.php (67.60 ms)
[2019-02-18 09:48:53] info : 	Rendered app/views/home/_home_footer.php (79.83 ms)
[2019-02-18 09:48:53] info : 	Rendered app/views/layouts/_back_to_top.php (1.24 ms)
[2019-02-18 09:48:53] info : 	Rendered app/views/layouts/home.php (260.42 ms)
[2019-02-18 09:48:53] info : Completed OK in (266.48 ms)
[2019-02-18 10:00:28] error : No route matches [GET] /robots.txt
[2019-02-18 10:00:28] info : 	Rendered public/404.html (1.02 ms)
[2019-02-18 10:00:33] info : Started GET /home/producttypes/show/_dynamical_segment_ for 66.249.69.104
[2019-02-18 10:00:33] info : Processing by ProducttypepageController#show
[2019-02-18 10:00:33] info : 	Rendered app/views/home/_menu_product.php (13.96 ms)
[2019-02-18 10:00:34] info : 	Rendered app/views/home/productpage/_table.php (542.38 ms)
[2019-02-18 10:00:34] info : 	Rendered app/views/home/producttypepage/show.php (581.15 ms)
[2019-02-18 10:00:34] info : 	Rendered app/views//home/_home_topbar.php (18.61 ms)
[2019-02-18 10:00:34] info : 	Rendered app/views//home/_home_header.php (16.76 ms)
[2019-02-18 10:00:34] info : 	Rendered app/views//home/_home_navbar.php (66.47 ms)
[2019-02-18 10:00:34] info : 	Rendered app/views/home/_home_footer.php (73.36 ms)
[2019-02-18 10:00:34] info : 	Rendered app/views/layouts/_back_to_top.php (1.42 ms)
[2019-02-18 10:00:34] info : 	Rendered app/views/layouts/home.php (796.18 ms)
[2019-02-18 10:00:34] info : Completed OK in (818.80 ms)
[2019-02-18 10:05:50] info : Started GET /lang/en for 207.46.13.205
[2019-02-18 10:05:50] info : Processing by LangController#en
[2019-02-18 10:05:52] info : Started GET /home/index for 207.46.13.205
[2019-02-18 10:05:52] info : Processing by HomeController#index
[2019-02-18 10:05:52] info : 	Rendered app/views/home/index.php (32.47 ms)
[2019-02-18 10:05:52] info : 	Rendered app/views//home/_home_topbar.php (21.53 ms)
[2019-02-18 10:05:52] info : 	Rendered app/views//home/_home_header.php (19.73 ms)
[2019-02-18 10:05:52] info : 	Rendered app/views//home/_home_navbar.php (67.18 ms)
[2019-02-18 10:05:52] info : 	Rendered app/views/home/_home_footer.php (72.32 ms)
[2019-02-18 10:05:52] info : 	Rendered app/views/layouts/_back_to_top.php (1.28 ms)
[2019-02-18 10:05:52] info : 	Rendered app/views/layouts/home.php (259.64 ms)
[2019-02-18 10:05:52] info : Completed OK in (267.16 ms)
[2019-02-18 10:33:48] error : No route matches [GET] /robots.txt
[2019-02-18 10:33:48] info : 	Rendered public/404.html (1.02 ms)
[2019-02-18 10:56:47] info : Started GET /home for 66.249.69.106
[2019-02-18 10:56:47] info : Processing by HomeController#index
[2019-02-18 10:56:47] info : 	Rendered app/views/home/index.php (29.48 ms)
[2019-02-18 10:56:47] info : 	Rendered app/views//home/_home_topbar.php (16.96 ms)
[2019-02-18 10:56:47] info : 	Rendered app/views//home/_home_header.php (17.35 ms)
[2019-02-18 10:56:48] info : 	Rendered app/views//home/_home_navbar.php (63.80 ms)
[2019-02-18 10:56:48] info : 	Rendered app/views/home/_home_footer.php (68.64 ms)
[2019-02-18 10:56:48] info : 	Rendered app/views/layouts/_back_to_top.php (1.30 ms)
[2019-02-18 10:56:48] info : 	Rendered app/views/layouts/home.php (236.38 ms)
[2019-02-18 10:56:48] info : Completed OK in (244.01 ms)
[2019-02-18 11:04:13] info : Started GET /home/products/show/_dynamical_segment_ for 54.36.148.180
[2019-02-18 11:04:13] info : Processing by ProductpageController#show
[2019-02-18 11:04:14] info : 	Rendered app/views/home/productpage/_table.php (843.76 ms)
[2019-02-18 11:04:14] info : 	Rendered app/views/home/productpage/show.php (953.94 ms)
[2019-02-18 11:04:14] info : 	Rendered app/views//home/_home_topbar.php (16.97 ms)
[2019-02-18 11:04:14] info : 	Rendered app/views//home/_home_header.php (17.09 ms)
[2019-02-18 11:04:14] info : 	Rendered app/views//home/_home_navbar.php (61.26 ms)
[2019-02-18 11:04:14] info : 	Rendered app/views/home/_home_footer.php (65.51 ms)
[2019-02-18 11:04:14] info : 	Rendered app/views/layouts/_back_to_top.php (1.25 ms)
[2019-02-18 11:04:14] info : 	Rendered app/views/layouts/home.php (1153.33 ms)
[2019-02-18 11:04:14] info : Completed OK in (1167.73 ms)
[2019-02-18 11:20:58] error : No route matches [GET] /robots.txt
[2019-02-18 11:20:58] info : 	Rendered public/404.html (1.11 ms)
[2019-02-18 11:46:32] info : Started GET /home/products/show/_dynamical_segment_ for 54.36.149.83
[2019-02-18 11:46:32] info : Processing by ProductpageController#show
[2019-02-18 11:46:33] info : 	Rendered app/views/home/productpage/_table.php (895.60 ms)
[2019-02-18 11:46:33] info : 	Rendered app/views/home/productpage/show.php (1008.35 ms)
[2019-02-18 11:46:33] info : 	Rendered app/views//home/_home_topbar.php (17.55 ms)
[2019-02-18 11:46:33] info : 	Rendered app/views//home/_home_header.php (17.45 ms)
[2019-02-18 11:46:33] info : 	Rendered app/views//home/_home_navbar.php (74.30 ms)
[2019-02-18 11:46:33] info : 	Rendered app/views/home/_home_footer.php (72.93 ms)
[2019-02-18 11:46:33] info : 	Rendered app/views/layouts/_back_to_top.php (2.47 ms)
[2019-02-18 11:46:33] info : 	Rendered app/views/layouts/home.php (1233.13 ms)
[2019-02-18 11:46:33] info : Completed OK in (1247.92 ms)
[2019-02-18 12:08:27] info : Started GET / for 85.110.91.159
[2019-02-18 12:08:27] info : Processing by HomeController#index
[2019-02-18 12:08:27] info : 	Rendered app/views/home/index.php (28.62 ms)
[2019-02-18 12:08:27] info : 	Rendered app/views//home/_home_topbar.php (16.68 ms)
[2019-02-18 12:08:27] info : 	Rendered app/views//home/_home_header.php (16.44 ms)
[2019-02-18 12:08:27] info : 	Rendered app/views//home/_home_navbar.php (61.24 ms)
[2019-02-18 12:08:27] info : 	Rendered app/views/home/_home_footer.php (65.27 ms)
[2019-02-18 12:08:27] info : 	Rendered app/views/layouts/_back_to_top.php (1.27 ms)
[2019-02-18 12:08:27] info : 	Rendered app/views/layouts/home.php (226.58 ms)
[2019-02-18 12:08:27] info : Completed OK in (234.09 ms)
[2019-02-18 12:08:30] info : Started GET /home/contact for 85.110.91.159
[2019-02-18 12:08:30] info : Processing by HomeController#contact
[2019-02-18 12:08:30] info : 	Rendered app/views/home/contact.php (56.52 ms)
[2019-02-18 12:08:30] info : 	Rendered app/views//home/_home_topbar.php (16.71 ms)
[2019-02-18 12:08:30] info : 	Rendered app/views//home/_home_header.php (17.10 ms)
[2019-02-18 12:08:30] info : 	Rendered app/views//home/_home_navbar.php (62.31 ms)
[2019-02-18 12:08:30] info : 	Rendered app/views/home/_home_footer.php (65.61 ms)
[2019-02-18 12:08:30] info : 	Rendered app/views/layouts/_back_to_top.php (1.27 ms)
[2019-02-18 12:08:30] info : 	Rendered app/views/layouts/home.php (257.01 ms)
[2019-02-18 12:08:30] info : Completed OK in (263.20 ms)
[2019-02-18 12:09:10] info : Started GET / for 85.110.91.159
[2019-02-18 12:09:10] info : Processing by HomeController#index
[2019-02-18 12:09:10] info : 	Rendered app/views/home/index.php (27.88 ms)
[2019-02-18 12:09:10] info : 	Rendered app/views//home/_home_topbar.php (16.45 ms)
[2019-02-18 12:09:10] info : 	Rendered app/views//home/_home_header.php (17.07 ms)
[2019-02-18 12:09:10] info : 	Rendered app/views//home/_home_navbar.php (62.43 ms)
[2019-02-18 12:09:10] info : 	Rendered app/views/home/_home_footer.php (66.43 ms)
[2019-02-18 12:09:10] info : 	Rendered app/views/layouts/_back_to_top.php (1.43 ms)
[2019-02-18 12:09:10] info : 	Rendered app/views/layouts/home.php (229.64 ms)
[2019-02-18 12:09:10] info : Completed OK in (235.68 ms)
[2019-02-18 13:06:57] info : Started GET /home/products/show/_dynamical_segment_ for 54.36.148.129
[2019-02-18 13:06:57] info : Processing by ProductpageController#show
[2019-02-18 13:06:58] info : 	Rendered app/views/home/productpage/_table.php (1542.49 ms)
[2019-02-18 13:06:58] info : 	Rendered app/views/home/productpage/show.php (1656.96 ms)
[2019-02-18 13:06:58] info : 	Rendered app/views//home/_home_topbar.php (18.67 ms)
[2019-02-18 13:06:58] info : 	Rendered app/views//home/_home_header.php (18.44 ms)
[2019-02-18 13:06:58] info : 	Rendered app/views//home/_home_navbar.php (69.79 ms)
[2019-02-18 13:06:59] info : 	Rendered app/views/home/_home_footer.php (66.33 ms)
[2019-02-18 13:06:59] info : 	Rendered app/views/layouts/_back_to_top.php (1.30 ms)
[2019-02-18 13:06:59] info : 	Rendered app/views/layouts/home.php (1874.82 ms)
[2019-02-18 13:06:59] info : Completed OK in (1891.59 ms)
[2019-02-18 13:36:54] error : No route matches [GET] /editor/filemanager/browser/default/connectors/php/connector.php?Command=GetFoldersAndFiles&Type=File&CurrentFolder=/
[2019-02-18 13:36:54] info : 	Rendered public/404.html (1.01 ms)
[2019-02-18 13:41:30] error : No route matches [GET] /robots.txt
[2019-02-18 13:41:30] info : 	Rendered public/404.html (0.93 ms)
[2019-02-18 13:41:31] info : Started GET /home/categories for 66.249.69.102
[2019-02-18 13:41:31] info : Processing by CategorypageController#index
[2019-02-18 13:41:31] info : 	Rendered app/views/home/categorypage/index.php (13.55 ms)
[2019-02-18 13:41:31] info : 	Rendered app/views//home/_home_topbar.php (17.13 ms)
[2019-02-18 13:41:31] info : 	Rendered app/views//home/_home_header.php (16.77 ms)
[2019-02-18 13:41:31] info : 	Rendered app/views//home/_home_navbar.php (63.47 ms)
[2019-02-18 13:41:31] info : 	Rendered app/views/home/_home_footer.php (68.70 ms)
[2019-02-18 13:41:31] info : 	Rendered app/views/layouts/_back_to_top.php (1.29 ms)
[2019-02-18 13:41:31] info : 	Rendered app/views/layouts/home.php (219.71 ms)
[2019-02-18 13:41:31] info : Completed OK in (231.52 ms)
[2019-02-18 14:14:31] info : Started GET /home/producttypes/show/_dynamical_segment_ for 66.249.69.102
[2019-02-18 14:14:31] info : Processing by ProducttypepageController#show
[2019-02-18 14:14:31] info : 	Rendered app/views/home/_menu_product.php (12.01 ms)
[2019-02-18 14:14:31] info : 	Rendered app/views/home/productpage/_table.php (434.66 ms)
[2019-02-18 14:14:31] info : 	Rendered app/views/home/producttypepage/show.php (471.03 ms)
[2019-02-18 14:14:31] info : 	Rendered app/views//home/_home_topbar.php (16.72 ms)
[2019-02-18 14:14:31] info : 	Rendered app/views//home/_home_header.php (16.66 ms)
[2019-02-18 14:14:31] info : 	Rendered app/views//home/_home_navbar.php (63.34 ms)
[2019-02-18 14:14:31] info : 	Rendered app/views/home/_home_footer.php (63.88 ms)
[2019-02-18 14:14:31] info : 	Rendered app/views/layouts/_back_to_top.php (1.23 ms)
[2019-02-18 14:14:31] info : 	Rendered app/views/layouts/home.php (673.52 ms)
[2019-02-18 14:14:31] info : Completed OK in (696.95 ms)
[2019-02-18 14:25:39] info : Started GET /home/producttypes/show/_dynamical_segment_ for 66.249.69.106
[2019-02-18 14:25:39] info : Processing by ProducttypepageController#show
[2019-02-18 14:25:39] info : 	Rendered app/views/home/_menu_product.php (12.47 ms)
[2019-02-18 14:25:39] info : 	Rendered app/views/home/productpage/_table.php (123.19 ms)
[2019-02-18 14:25:39] info : 	Rendered app/views/home/producttypepage/show.php (160.14 ms)
[2019-02-18 14:25:39] info : 	Rendered app/views//home/_home_topbar.php (16.07 ms)
[2019-02-18 14:25:39] info : 	Rendered app/views//home/_home_header.php (16.16 ms)
[2019-02-18 14:25:39] info : 	Rendered app/views//home/_home_navbar.php (60.90 ms)
[2019-02-18 14:25:39] info : 	Rendered app/views/home/_home_footer.php (64.30 ms)
[2019-02-18 14:25:39] info : 	Rendered app/views/layouts/_back_to_top.php (1.28 ms)
[2019-02-18 14:25:39] info : 	Rendered app/views/layouts/home.php (356.32 ms)
[2019-02-18 14:25:39] info : Completed OK in (381.89 ms)
[2019-02-18 14:30:27] error : No route matches [GET] /robots.txt
[2019-02-18 14:30:27] info : 	Rendered public/404.html (1.14 ms)
[2019-02-18 14:30:36] info : Started GET / for 78.188.200.64
[2019-02-18 14:30:36] info : Processing by HomeController#index
[2019-02-18 14:30:36] info : 	Rendered app/views/home/index.php (31.99 ms)
[2019-02-18 14:30:36] info : 	Rendered app/views//home/_home_topbar.php (18.29 ms)
[2019-02-18 14:30:36] info : 	Rendered app/views//home/_home_header.php (18.87 ms)
[2019-02-18 14:30:36] info : 	Rendered app/views//home/_home_navbar.php (71.55 ms)
[2019-02-18 14:30:36] info : 	Rendered app/views/home/_home_footer.php (69.83 ms)
[2019-02-18 14:30:36] info : 	Rendered app/views/layouts/_back_to_top.php (1.37 ms)
[2019-02-18 14:30:36] info : 	Rendered app/views/layouts/home.php (255.50 ms)
[2019-02-18 14:30:36] info : Completed OK in (261.64 ms)
[2019-02-18 14:30:40] info : Started GET /home/contact for 78.188.200.64
[2019-02-18 14:30:40] info : Processing by HomeController#contact
[2019-02-18 14:30:40] info : 	Rendered app/views/home/contact.php (45.78 ms)
[2019-02-18 14:30:40] info : 	Rendered app/views//home/_home_topbar.php (18.74 ms)
[2019-02-18 14:30:40] info : 	Rendered app/views//home/_home_header.php (19.63 ms)
[2019-02-18 14:30:40] info : 	Rendered app/views//home/_home_navbar.php (75.06 ms)
[2019-02-18 14:30:40] info : 	Rendered app/views/home/_home_footer.php (86.98 ms)
[2019-02-18 14:30:40] info : 	Rendered app/views/layouts/_back_to_top.php (1.52 ms)
[2019-02-18 14:30:40] info : 	Rendered app/views/layouts/home.php (289.31 ms)
[2019-02-18 14:30:40] info : Completed OK in (295.76 ms)
[2019-02-18 14:30:53] info : Started GET / for 78.188.200.64
[2019-02-18 14:30:53] info : Processing by HomeController#index
[2019-02-18 14:30:53] info : 	Rendered app/views/home/index.php (29.13 ms)
[2019-02-18 14:30:53] info : 	Rendered app/views//home/_home_topbar.php (16.78 ms)
[2019-02-18 14:30:53] info : 	Rendered app/views//home/_home_header.php (16.67 ms)
[2019-02-18 14:30:53] info : 	Rendered app/views//home/_home_navbar.php (61.59 ms)
[2019-02-18 14:30:53] info : 	Rendered app/views/home/_home_footer.php (66.74 ms)
[2019-02-18 14:30:53] info : 	Rendered app/views/layouts/_back_to_top.php (1.24 ms)
[2019-02-18 14:30:53] info : 	Rendered app/views/layouts/home.php (229.65 ms)
[2019-02-18 14:30:53] info : Completed OK in (235.45 ms)
[2019-02-18 14:46:02] info : Started GET / for 81.213.89.48
[2019-02-18 14:46:02] info : Processing by HomeController#index
[2019-02-18 14:46:02] info : 	Rendered app/views/home/index.php (28.46 ms)
[2019-02-18 14:46:02] info : 	Rendered app/views//home/_home_topbar.php (16.83 ms)
[2019-02-18 14:46:02] info : 	Rendered app/views//home/_home_header.php (16.84 ms)
[2019-02-18 14:46:02] info : 	Rendered app/views//home/_home_navbar.php (63.74 ms)
[2019-02-18 14:46:02] info : 	Rendered app/views/home/_home_footer.php (68.04 ms)
[2019-02-18 14:46:02] info : 	Rendered app/views/layouts/_back_to_top.php (1.30 ms)
[2019-02-18 14:46:02] info : 	Rendered app/views/layouts/home.php (233.57 ms)
[2019-02-18 14:46:02] info : Completed OK in (241.13 ms)
[2019-02-18 14:46:14] info : Started GET /home/products for 81.213.89.48
[2019-02-18 14:46:14] info : Processing by ProductpageController#index
[2019-02-18 14:46:21] info : 	Rendered app/views/home/productpage/_table.php (7381.26 ms)
[2019-02-18 14:46:21] info : 	Rendered app/views/home/productpage/index.php (7416.77 ms)
[2019-02-18 14:46:22] info : 	Rendered app/views//home/_home_topbar.php (39.56 ms)
[2019-02-18 14:46:22] info : 	Rendered app/views//home/_home_header.php (16.78 ms)
[2019-02-18 14:46:22] info : 	Rendered app/views//home/_home_navbar.php (62.36 ms)
[2019-02-18 14:46:22] info : 	Rendered app/views/home/_home_footer.php (66.16 ms)
[2019-02-18 14:46:22] info : 	Rendered app/views/layouts/_back_to_top.php (1.23 ms)
[2019-02-18 14:46:22] info : 	Rendered app/views/layouts/home.php (7640.77 ms)
[2019-02-18 14:46:22] info : Completed OK in (7656.43 ms)
[2019-02-18 14:46:28] info : Started GET /home/contact for 81.213.89.48
[2019-02-18 14:46:28] info : Processing by HomeController#contact
[2019-02-18 14:46:28] info : 	Rendered app/views/home/contact.php (44.05 ms)
[2019-02-18 14:46:28] info : 	Rendered app/views//home/_home_topbar.php (16.88 ms)
[2019-02-18 14:46:28] info : 	Rendered app/views//home/_home_header.php (17.87 ms)
[2019-02-18 14:46:28] info : 	Rendered app/views//home/_home_navbar.php (60.73 ms)
[2019-02-18 14:46:28] info : 	Rendered app/views/home/_home_footer.php (65.02 ms)
[2019-02-18 14:46:28] info : 	Rendered app/views/layouts/_back_to_top.php (1.24 ms)
[2019-02-18 14:46:28] info : 	Rendered app/views/layouts/home.php (243.28 ms)
[2019-02-18 14:46:28] info : Completed OK in (249.12 ms)
[2019-02-18 14:51:10] info : Started GET /home/distributors for 81.213.89.48
[2019-02-18 14:51:10] info : Processing by DistributorpageController#index
[2019-02-18 14:51:10] info : 	Rendered app/views/home/distributorpage/index.php (207.18 ms)
[2019-02-18 14:51:10] info : 	Rendered app/views//home/_home_topbar.php (17.62 ms)
[2019-02-18 14:51:10] info : 	Rendered app/views//home/_home_header.php (17.69 ms)
[2019-02-18 14:51:10] info : 	Rendered app/views//home/_home_navbar.php (64.45 ms)
[2019-02-18 14:51:11] info : 	Rendered app/views/home/_home_footer.php (67.60 ms)
[2019-02-18 14:51:11] info : 	Rendered app/views/layouts/_back_to_top.php (1.29 ms)
[2019-02-18 14:51:11] info : 	Rendered app/views/layouts/home.php (419.17 ms)
[2019-02-18 14:51:11] info : Completed OK in (549.12 ms)
[2019-02-18 15:05:59] info : Started GET / for 193.140.53.20
[2019-02-18 15:05:59] info : Processing by HomeController#index
[2019-02-18 15:05:59] info : 	Rendered app/views/home/index.php (29.17 ms)
[2019-02-18 15:05:59] info : 	Rendered app/views//home/_home_topbar.php (19.06 ms)
[2019-02-18 15:05:59] info : 	Rendered app/views//home/_home_header.php (18.25 ms)
[2019-02-18 15:05:59] info : 	Rendered app/views//home/_home_navbar.php (63.17 ms)
[2019-02-18 15:05:59] info : 	Rendered app/views/home/_home_footer.php (64.33 ms)
[2019-02-18 15:05:59] info : 	Rendered app/views/layouts/_back_to_top.php (1.27 ms)
[2019-02-18 15:05:59] info : 	Rendered app/views/layouts/home.php (234.02 ms)
[2019-02-18 15:05:59] info : Completed OK in (241.53 ms)
[2019-02-18 15:06:00] info : Started GET / for 193.140.53.20
[2019-02-18 15:06:00] info : Processing by HomeController#index
[2019-02-18 15:06:00] info : 	Rendered app/views/home/index.php (27.77 ms)
[2019-02-18 15:06:00] info : 	Rendered app/views//home/_home_topbar.php (16.44 ms)
[2019-02-18 15:06:00] info : 	Rendered app/views//home/_home_header.php (17.38 ms)
[2019-02-18 15:06:00] info : 	Rendered app/views//home/_home_navbar.php (62.89 ms)
[2019-02-18 15:06:00] info : 	Rendered app/views/home/_home_footer.php (70.18 ms)
[2019-02-18 15:06:00] info : 	Rendered app/views/layouts/_back_to_top.php (1.22 ms)
[2019-02-18 15:06:00] info : 	Rendered app/views/layouts/home.php (233.19 ms)
[2019-02-18 15:06:00] info : Completed OK in (239.29 ms)
[2019-02-18 15:06:13] info : Started GET /home/producttypes/show/_dynamical_segment_ for 193.140.53.20
[2019-02-18 15:06:13] info : Processing by ProducttypepageController#show
[2019-02-18 15:06:13] info : 	Rendered app/views/home/_menu_product.php (11.36 ms)
[2019-02-18 15:06:13] info : 	Rendered app/views/home/productpage/_table.php (491.60 ms)
[2019-02-18 15:06:13] info : 	Rendered app/views/home/producttypepage/show.php (525.44 ms)
[2019-02-18 15:06:13] info : 	Rendered app/views//home/_home_topbar.php (16.07 ms)
[2019-02-18 15:06:13] info : 	Rendered app/views//home/_home_header.php (16.32 ms)
[2019-02-18 15:06:13] info : 	Rendered app/views//home/_home_navbar.php (60.60 ms)
[2019-02-18 15:06:13] info : 	Rendered app/views/home/_home_footer.php (63.84 ms)
[2019-02-18 15:06:13] info : 	Rendered app/views/layouts/_back_to_top.php (1.24 ms)
[2019-02-18 15:06:13] info : 	Rendered app/views/layouts/home.php (721.18 ms)
[2019-02-18 15:06:13] info : Completed OK in (741.59 ms)
[2019-02-18 15:06:35] info : Started GET / for 193.140.53.20
[2019-02-18 15:06:35] info : Processing by HomeController#index
[2019-02-18 15:06:35] info : 	Rendered app/views/home/index.php (30.06 ms)
[2019-02-18 15:06:35] info : 	Rendered app/views//home/_home_topbar.php (17.03 ms)
[2019-02-18 15:06:35] info : 	Rendered app/views//home/_home_header.php (16.53 ms)
[2019-02-18 15:06:35] info : 	Rendered app/views//home/_home_navbar.php (62.73 ms)
[2019-02-18 15:06:35] info : 	Rendered app/views/home/_home_footer.php (71.19 ms)
[2019-02-18 15:06:35] info : 	Rendered app/views/layouts/_back_to_top.php (1.28 ms)
[2019-02-18 15:06:35] info : 	Rendered app/views/layouts/home.php (237.66 ms)
[2019-02-18 15:06:35] info : Completed OK in (244.06 ms)
[2019-02-18 15:06:42] info : Started GET /home/producttypes/show/_dynamical_segment_ for 193.140.53.20
[2019-02-18 15:06:42] info : Processing by ProducttypepageController#show
[2019-02-18 15:06:42] info : 	Rendered app/views/home/_menu_product.php (12.00 ms)
[2019-02-18 15:06:42] info : 	Rendered app/views/home/productpage/_table.php (331.41 ms)
[2019-02-18 15:06:42] info : 	Rendered app/views/home/producttypepage/show.php (366.12 ms)
[2019-02-18 15:06:42] info : 	Rendered app/views//home/_home_topbar.php (16.44 ms)
[2019-02-18 15:06:42] info : 	Rendered app/views//home/_home_header.php (16.24 ms)
[2019-02-18 15:06:42] info : 	Rendered app/views//home/_home_navbar.php (59.36 ms)
[2019-02-18 15:06:43] info : 	Rendered app/views/home/_home_footer.php (62.87 ms)
[2019-02-18 15:06:43] info : 	Rendered app/views/layouts/_back_to_top.php (1.22 ms)
[2019-02-18 15:06:43] info : 	Rendered app/views/layouts/home.php (559.20 ms)
[2019-02-18 15:06:43] info : Completed OK in (579.14 ms)
[2019-02-18 15:06:54] info : Started GET / for 193.140.53.20
[2019-02-18 15:06:54] info : Processing by HomeController#index
[2019-02-18 15:06:55] info : 	Rendered app/views/home/index.php (31.49 ms)
[2019-02-18 15:06:55] info : 	Rendered app/views//home/_home_topbar.php (16.65 ms)
[2019-02-18 15:06:55] info : 	Rendered app/views//home/_home_header.php (16.71 ms)
[2019-02-18 15:06:55] info : 	Rendered app/views//home/_home_navbar.php (60.74 ms)
[2019-02-18 15:06:55] info : 	Rendered app/views/home/_home_footer.php (72.19 ms)
[2019-02-18 15:06:55] info : 	Rendered app/views/layouts/_back_to_top.php (1.40 ms)
[2019-02-18 15:06:55] info : 	Rendered app/views/layouts/home.php (240.57 ms)
[2019-02-18 15:06:55] info : Completed OK in (246.39 ms)
[2019-02-18 16:03:48] error : No route matches [GET] /robots.txt
[2019-02-18 16:03:48] info : 	Rendered public/404.html (1.12 ms)
[2019-02-18 16:05:47] info : Started GET / for 91.235.105.252
[2019-02-18 16:05:47] info : Processing by HomeController#index
[2019-02-18 16:05:47] info : 	Rendered app/views/home/index.php (28.38 ms)
[2019-02-18 16:05:47] info : 	Rendered app/views//home/_home_topbar.php (16.29 ms)
[2019-02-18 16:05:47] info : 	Rendered app/views//home/_home_header.php (16.30 ms)
[2019-02-18 16:05:48] info : 	Rendered app/views//home/_home_navbar.php (61.84 ms)
[2019-02-18 16:05:48] info : 	Rendered app/views/home/_home_footer.php (64.42 ms)
[2019-02-18 16:05:48] info : 	Rendered app/views/layouts/_back_to_top.php (1.26 ms)
[2019-02-18 16:05:48] info : 	Rendered app/views/layouts/home.php (225.31 ms)
[2019-02-18 16:05:48] info : Completed OK in (232.68 ms)
[2019-02-18 16:26:31] info : Started GET /home/producttypes/show/_dynamical_segment_ for 157.55.39.125
[2019-02-18 16:26:31] info : Processing by ProducttypepageController#show
[2019-02-18 16:26:31] info : 	Rendered app/views/home/_menu_product.php (12.04 ms)
[2019-02-18 16:26:32] info : 	Rendered app/views/home/productpage/_table.php (864.24 ms)
[2019-02-18 16:26:32] info : 	Rendered app/views/home/producttypepage/show.php (900.38 ms)
[2019-02-18 16:26:32] info : 	Rendered app/views//home/_home_topbar.php (17.46 ms)
[2019-02-18 16:26:32] info : 	Rendered app/views//home/_home_header.php (16.73 ms)
[2019-02-18 16:26:32] info : 	Rendered app/views//home/_home_navbar.php (63.02 ms)
[2019-02-18 16:26:32] info : 	Rendered app/views/home/_home_footer.php (64.88 ms)
[2019-02-18 16:26:32] info : 	Rendered app/views/layouts/_back_to_top.php (1.29 ms)
[2019-02-18 16:26:32] info : 	Rendered app/views/layouts/home.php (1101.61 ms)
[2019-02-18 16:26:32] info : Completed OK in (1124.55 ms)
[2019-02-18 16:26:40] error : No route matches [GET] /robots.txt
[2019-02-18 16:26:40] info : 	Rendered public/404.html (1.00 ms)
[2019-02-18 16:51:19] error : No route matches [GET] /robots.txt
[2019-02-18 16:51:19] info : 	Rendered public/404.html (1.09 ms)
[2019-02-18 16:53:23] error : No route matches [GET] /phpmyadmin/
[2019-02-18 16:53:23] info : 	Rendered public/404.html (1.04 ms)
[2019-02-18 17:40:17] error : No route matches [GET] /robots.txt
[2019-02-18 17:40:17] info : 	Rendered public/404.html (1.00 ms)
[2019-02-18 17:51:03] info : Started GET / for 18.237.195.91
[2019-02-18 17:51:03] info : Processing by HomeController#index
[2019-02-18 17:51:03] info : 	Rendered app/views/home/index.php (31.24 ms)
[2019-02-18 17:51:03] info : 	Rendered app/views//home/_home_topbar.php (16.51 ms)
[2019-02-18 17:51:03] info : 	Rendered app/views//home/_home_header.php (16.06 ms)
[2019-02-18 17:51:03] info : 	Rendered app/views//home/_home_navbar.php (60.00 ms)
[2019-02-18 17:51:03] info : 	Rendered app/views/home/_home_footer.php (63.49 ms)
[2019-02-18 17:51:03] info : 	Rendered app/views/layouts/_back_to_top.php (1.34 ms)
[2019-02-18 17:51:03] info : 	Rendered app/views/layouts/home.php (226.88 ms)
[2019-02-18 17:51:03] info : Completed OK in (234.21 ms)
[2019-02-18 18:16:53] info : Started GET /home for 207.46.13.49
[2019-02-18 18:16:53] info : Processing by HomeController#index
[2019-02-18 18:16:53] info : 	Rendered app/views/home/index.php (30.36 ms)
[2019-02-18 18:16:54] info : 	Rendered app/views//home/_home_topbar.php (16.91 ms)
[2019-02-18 18:16:54] info : 	Rendered app/views//home/_home_header.php (16.28 ms)
[2019-02-18 18:16:54] info : 	Rendered app/views//home/_home_navbar.php (62.60 ms)
[2019-02-18 18:16:54] info : 	Rendered app/views/home/_home_footer.php (74.31 ms)
[2019-02-18 18:16:54] info : 	Rendered app/views/layouts/_back_to_top.php (1.44 ms)
[2019-02-18 18:16:54] info : 	Rendered app/views/layouts/home.php (239.78 ms)
[2019-02-18 18:16:54] info : Completed OK in (250.03 ms)
[2019-02-18 18:42:01] info : Started GET /home/index for 212.252.56.137
[2019-02-18 18:42:01] info : Processing by HomeController#index
[2019-02-18 18:42:01] info : 	Rendered app/views/home/index.php (32.11 ms)
[2019-02-18 18:42:01] info : 	Rendered app/views//home/_home_topbar.php (17.32 ms)
[2019-02-18 18:42:01] info : 	Rendered app/views//home/_home_header.php (16.46 ms)
[2019-02-18 18:42:01] info : 	Rendered app/views//home/_home_navbar.php (70.09 ms)
[2019-02-18 18:42:01] info : 	Rendered app/views/home/_home_footer.php (66.98 ms)
[2019-02-18 18:42:01] info : 	Rendered app/views/layouts/_back_to_top.php (1.31 ms)
[2019-02-18 18:42:01] info : 	Rendered app/views/layouts/home.php (245.70 ms)
[2019-02-18 18:42:01] info : Completed OK in (253.55 ms)
[2019-02-18 19:40:11] error : No route matches [GET] /robots.txt
[2019-02-18 19:40:11] info : 	Rendered public/404.html (0.97 ms)
[2019-02-18 19:40:15] info : Started GET /home/products/show/_dynamical_segment_ for 46.229.168.142
[2019-02-18 19:40:15] info : Processing by ProductpageController#show
[2019-02-18 19:40:16] info : 	Rendered app/views/home/productpage/_table.php (1425.89 ms)
[2019-02-18 19:40:16] info : 	Rendered app/views/home/productpage/show.php (1532.90 ms)
[2019-02-18 19:40:16] info : 	Rendered app/views//home/_home_topbar.php (16.37 ms)
[2019-02-18 19:40:16] info : 	Rendered app/views//home/_home_header.php (15.90 ms)
[2019-02-18 19:40:16] info : 	Rendered app/views//home/_home_navbar.php (59.67 ms)
[2019-02-18 19:40:16] info : 	Rendered app/views/home/_home_footer.php (63.38 ms)
[2019-02-18 19:40:16] info : 	Rendered app/views/layouts/_back_to_top.php (1.25 ms)
[2019-02-18 19:40:16] info : 	Rendered app/views/layouts/home.php (1728.25 ms)
[2019-02-18 19:40:16] info : Completed OK in (1742.25 ms)
[2019-02-18 19:49:43] error : No route matches [GET] /robots.txt
[2019-02-18 19:49:43] info : 	Rendered public/404.html (0.99 ms)
[2019-02-18 19:49:43] info : Started GET /home/products/show/_dynamical_segment_ for 66.249.75.150
[2019-02-18 19:49:43] info : Processing by ProductpageController#show
[2019-02-18 19:49:44] info : 	Rendered app/views/home/productpage/_table.php (556.78 ms)
[2019-02-18 19:49:44] info : 	Rendered app/views/home/productpage/show.php (669.70 ms)
[2019-02-18 19:49:44] info : 	Rendered app/views//home/_home_topbar.php (16.36 ms)
[2019-02-18 19:49:44] info : 	Rendered app/views//home/_home_header.php (16.28 ms)
[2019-02-18 19:49:44] info : 	Rendered app/views//home/_home_navbar.php (63.63 ms)
[2019-02-18 19:49:44] info : 	Rendered app/views/home/_home_footer.php (64.78 ms)
[2019-02-18 19:49:44] info : 	Rendered app/views/layouts/_back_to_top.php (1.24 ms)
[2019-02-18 19:49:44] info : 	Rendered app/views/layouts/home.php (869.06 ms)
[2019-02-18 19:49:44] info : Completed OK in (883.79 ms)
[2019-02-18 20:04:27] error : No route matches [GET] /robots.txt
[2019-02-18 20:04:27] info : 	Rendered public/404.html (0.97 ms)
[2019-02-18 20:51:28] error : No route matches [GET] /robots.txt
[2019-02-18 20:51:28] info : 	Rendered public/404.html (0.96 ms)
[2019-02-18 20:55:12] info : Started GET / for 207.46.13.90
[2019-02-18 20:55:12] info : Processing by HomeController#index
[2019-02-18 20:55:13] info : 	Rendered app/views/home/index.php (27.96 ms)
[2019-02-18 20:55:13] info : 	Rendered app/views//home/_home_topbar.php (16.52 ms)
[2019-02-18 20:55:13] info : 	Rendered app/views//home/_home_header.php (16.11 ms)
[2019-02-18 20:55:13] info : 	Rendered app/views//home/_home_navbar.php (59.02 ms)
[2019-02-18 20:55:13] info : 	Rendered app/views/home/_home_footer.php (62.78 ms)
[2019-02-18 20:55:13] info : 	Rendered app/views/layouts/_back_to_top.php (1.23 ms)
[2019-02-18 20:55:13] info : 	Rendered app/views/layouts/home.php (220.36 ms)
[2019-02-18 20:55:13] info : Completed OK in (227.80 ms)
[2019-02-18 21:25:16] error : No route matches [GET] /robots.txt
[2019-02-18 21:25:16] info : 	Rendered public/404.html (1.09 ms)
[2019-02-18 21:25:17] info : Started GET /home/producttypes/show/_dynamical_segment_ for 66.249.69.104
[2019-02-18 21:25:17] info : Processing by ProducttypepageController#show
[2019-02-18 21:25:17] info : 	Rendered app/views/home/_menu_product.php (11.37 ms)
[2019-02-18 21:25:17] info : 	Rendered app/views/home/productpage/_table.php (329.53 ms)
[2019-02-18 21:25:17] info : 	Rendered app/views/home/producttypepage/show.php (363.20 ms)
[2019-02-18 21:25:17] info : 	Rendered app/views//home/_home_topbar.php (16.44 ms)
[2019-02-18 21:25:17] info : 	Rendered app/views//home/_home_header.php (16.18 ms)
[2019-02-18 21:25:17] info : 	Rendered app/views//home/_home_navbar.php (60.34 ms)
[2019-02-18 21:25:17] info : 	Rendered app/views/home/_home_footer.php (64.12 ms)
[2019-02-18 21:25:17] info : 	Rendered app/views/layouts/_back_to_top.php (1.28 ms)
[2019-02-18 21:25:17] info : 	Rendered app/views/layouts/home.php (558.67 ms)
[2019-02-18 21:25:17] info : Completed OK in (580.44 ms)
[2019-02-18 21:29:01] info : Started GET / for 217.131.69.46
[2019-02-18 21:29:01] info : Processing by HomeController#index
[2019-02-18 21:29:01] info : 	Rendered app/views/home/index.php (29.65 ms)
[2019-02-18 21:29:01] info : 	Rendered app/views//home/_home_topbar.php (16.95 ms)
[2019-02-18 21:29:01] info : 	Rendered app/views//home/_home_header.php (17.41 ms)
[2019-02-18 21:29:01] info : 	Rendered app/views//home/_home_navbar.php (61.82 ms)
[2019-02-18 21:29:01] info : 	Rendered app/views/home/_home_footer.php (75.09 ms)
[2019-02-18 21:29:01] info : 	Rendered app/views/layouts/_back_to_top.php (1.58 ms)
[2019-02-18 21:29:01] info : 	Rendered app/views/layouts/home.php (241.72 ms)
[2019-02-18 21:29:01] info : Completed OK in (248.90 ms)
[2019-02-18 21:38:18] error : No route matches [GET] /robots.txt
[2019-02-18 21:38:18] info : 	Rendered public/404.html (1.02 ms)
[2019-02-18 22:08:09] error : No route matches [GET] /robots.txt
[2019-02-18 22:08:09] info : 	Rendered public/404.html (1.01 ms)
[2019-02-18 22:08:12] info : Started GET /home/products/show/_dynamical_segment_ for 46.229.168.143
[2019-02-18 22:08:12] info : Processing by ProductpageController#show
[2019-02-18 22:08:14] info : 	Rendered app/views/home/productpage/_table.php (1489.56 ms)
[2019-02-18 22:08:14] info : 	Rendered app/views/home/productpage/show.php (1596.94 ms)
[2019-02-18 22:08:14] info : 	Rendered app/views//home/_home_topbar.php (19.19 ms)
[2019-02-18 22:08:14] info : 	Rendered app/views//home/_home_header.php (20.28 ms)
[2019-02-18 22:08:14] info : 	Rendered app/views//home/_home_navbar.php (71.25 ms)
[2019-02-18 22:08:14] info : 	Rendered app/views/home/_home_footer.php (78.91 ms)
[2019-02-18 22:08:14] info : 	Rendered app/views/layouts/_back_to_top.php (1.39 ms)
[2019-02-18 22:08:14] info : 	Rendered app/views/layouts/home.php (1830.26 ms)
[2019-02-18 22:08:14] info : Completed OK in (1844.40 ms)
[2019-02-18 22:20:53] info : Started GET /lang/tr for 40.77.167.144
[2019-02-18 22:20:53] info : Processing by LangController#tr
[2019-02-18 22:20:54] info : Started GET /home/index for 40.77.167.144
[2019-02-18 22:20:54] info : Processing by HomeController#index
[2019-02-18 22:20:54] info : 	Rendered app/views/home/index.php (28.09 ms)
[2019-02-18 22:20:54] info : 	Rendered app/views//home/_home_topbar.php (16.22 ms)
[2019-02-18 22:20:54] info : 	Rendered app/views//home/_home_header.php (15.87 ms)
[2019-02-18 22:20:54] info : 	Rendered app/views//home/_home_navbar.php (61.49 ms)
[2019-02-18 22:20:54] info : 	Rendered app/views/home/_home_footer.php (64.44 ms)
[2019-02-18 22:20:54] info : 	Rendered app/views/layouts/_back_to_top.php (1.25 ms)
[2019-02-18 22:20:54] info : 	Rendered app/views/layouts/home.php (223.93 ms)
[2019-02-18 22:20:54] info : Completed OK in (231.36 ms)
[2019-02-18 22:42:14] error : No route matches [GET] /robots.txt
[2019-02-18 22:42:14] info : 	Rendered public/404.html (0.99 ms)
[2019-02-18 22:50:30] error : No route matches [GET] /robots.txt
[2019-02-18 22:50:30] info : 	Rendered public/404.html (0.97 ms)
[2019-02-18 22:50:33] info : Started GET /home/products/show/_dynamical_segment_ for 37.9.113.123
[2019-02-18 22:50:33] info : Processing by ProductpageController#show
[2019-02-18 22:50:35] info : 	Rendered app/views/home/productpage/_table.php (1503.02 ms)
[2019-02-18 22:50:35] info : 	Rendered app/views/home/productpage/show.php (1611.60 ms)
[2019-02-18 22:50:35] info : 	Rendered app/views//home/_home_topbar.php (16.34 ms)
[2019-02-18 22:50:35] info : 	Rendered app/views//home/_home_header.php (16.13 ms)
[2019-02-18 22:50:35] info : 	Rendered app/views//home/_home_navbar.php (61.30 ms)
[2019-02-18 22:50:35] info : 	Rendered app/views/home/_home_footer.php (62.93 ms)
[2019-02-18 22:50:35] info : 	Rendered app/views/layouts/_back_to_top.php (1.25 ms)
[2019-02-18 22:50:35] info : 	Rendered app/views/layouts/home.php (1806.04 ms)
[2019-02-18 22:50:35] info : Completed OK in (1820.14 ms)
[2019-02-18 22:59:44] info : Started GET / for 192.160.102.170
[2019-02-18 22:59:44] info : Processing by HomeController#index
[2019-02-18 22:59:44] info : 	Rendered app/views/home/index.php (31.57 ms)
[2019-02-18 22:59:44] info : 	Rendered app/views//home/_home_topbar.php (17.64 ms)
[2019-02-18 22:59:44] info : 	Rendered app/views//home/_home_header.php (18.28 ms)
[2019-02-18 22:59:44] info : 	Rendered app/views//home/_home_navbar.php (65.54 ms)
[2019-02-18 22:59:44] info : 	Rendered app/views/home/_home_footer.php (67.60 ms)
[2019-02-18 22:59:44] info : 	Rendered app/views/layouts/_back_to_top.php (1.29 ms)
[2019-02-18 22:59:44] info : 	Rendered app/views/layouts/home.php (244.59 ms)
[2019-02-18 22:59:44] info : Completed OK in (251.84 ms)
[2019-02-18 23:04:44] info : Started GET / for 199.249.230.81
[2019-02-18 23:04:44] info : Processing by HomeController#index
[2019-02-18 23:04:44] info : 	Rendered app/views/home/index.php (28.03 ms)
[2019-02-18 23:04:44] info : 	Rendered app/views//home/_home_topbar.php (16.08 ms)
[2019-02-18 23:04:44] info : 	Rendered app/views//home/_home_header.php (16.29 ms)
[2019-02-18 23:04:44] info : 	Rendered app/views//home/_home_navbar.php (62.30 ms)
[2019-02-18 23:04:45] info : 	Rendered app/views/home/_home_footer.php (71.45 ms)
[2019-02-18 23:04:45] info : 	Rendered app/views/layouts/_back_to_top.php (1.29 ms)
[2019-02-18 23:04:45] info : 	Rendered app/views/layouts/home.php (232.33 ms)
[2019-02-18 23:04:45] info : Completed OK in (238.41 ms)
[2019-02-18 23:05:28] info : Started GET / for 192.160.102.168
[2019-02-18 23:05:28] info : Processing by HomeController#index
[2019-02-18 23:05:28] info : 	Rendered app/views/home/index.php (29.06 ms)
[2019-02-18 23:05:28] info : 	Rendered app/views//home/_home_topbar.php (16.93 ms)
[2019-02-18 23:05:28] info : 	Rendered app/views//home/_home_header.php (16.56 ms)
[2019-02-18 23:05:28] info : 	Rendered app/views//home/_home_navbar.php (61.91 ms)
[2019-02-18 23:05:28] info : 	Rendered app/views/home/_home_footer.php (69.30 ms)
[2019-02-18 23:05:28] info : 	Rendered app/views/layouts/_back_to_top.php (1.29 ms)
[2019-02-18 23:05:28] info : 	Rendered app/views/layouts/home.php (235.50 ms)
[2019-02-18 23:05:28] info : Completed OK in (241.46 ms)
[2019-02-18 23:06:31] info : Started GET / for 199.249.230.68
[2019-02-18 23:06:31] info : Processing by HomeController#index
[2019-02-18 23:06:31] info : 	Rendered app/views/home/index.php (30.15 ms)
[2019-02-18 23:06:31] info : 	Rendered app/views//home/_home_topbar.php (18.12 ms)
[2019-02-18 23:06:31] info : 	Rendered app/views//home/_home_header.php (19.64 ms)
[2019-02-18 23:06:31] info : 	Rendered app/views//home/_home_navbar.php (62.49 ms)
[2019-02-18 23:06:31] info : 	Rendered app/views/home/_home_footer.php (65.07 ms)
[2019-02-18 23:06:31] info : 	Rendered app/views/layouts/_back_to_top.php (1.24 ms)
[2019-02-18 23:06:31] info : 	Rendered app/views/layouts/home.php (237.37 ms)
[2019-02-18 23:06:31] info : Completed OK in (243.20 ms)
[2019-02-18 23:07:55] info : Started GET / for 199.249.230.65
[2019-02-18 23:07:55] info : Processing by HomeController#index
[2019-02-18 23:07:55] info : 	Rendered app/views/home/index.php (30.72 ms)
[2019-02-18 23:07:55] info : 	Rendered app/views//home/_home_topbar.php (16.45 ms)
[2019-02-18 23:07:55] info : 	Rendered app/views//home/_home_header.php (17.31 ms)
[2019-02-18 23:07:55] info : 	Rendered app/views//home/_home_navbar.php (60.36 ms)
[2019-02-18 23:07:55] info : 	Rendered app/views/home/_home_footer.php (64.91 ms)
[2019-02-18 23:07:55] info : 	Rendered app/views/layouts/_back_to_top.php (1.27 ms)
[2019-02-18 23:07:55] info : 	Rendered app/views/layouts/home.php (228.91 ms)
[2019-02-18 23:07:55] info : Completed OK in (234.94 ms)
[2019-02-18 23:08:20] info : Started GET / for 185.233.100.23
[2019-02-18 23:08:20] info : Processing by HomeController#index
[2019-02-18 23:08:20] info : 	Rendered app/views/home/index.php (31.65 ms)
[2019-02-18 23:08:20] info : 	Rendered app/views//home/_home_topbar.php (16.98 ms)
[2019-02-18 23:08:20] info : 	Rendered app/views//home/_home_header.php (17.69 ms)
[2019-02-18 23:08:20] info : 	Rendered app/views//home/_home_navbar.php (61.61 ms)
[2019-02-18 23:08:20] info : 	Rendered app/views/home/_home_footer.php (68.66 ms)
[2019-02-18 23:08:20] info : 	Rendered app/views/layouts/_back_to_top.php (1.29 ms)
[2019-02-18 23:08:20] info : 	Rendered app/views/layouts/home.php (236.63 ms)
[2019-02-18 23:08:20] info : Completed OK in (244.79 ms)
[2019-02-18 23:08:52] info : Started GET / for 192.160.102.168
[2019-02-18 23:08:52] info : Processing by HomeController#index
[2019-02-18 23:08:53] info : 	Rendered app/views/home/index.php (28.40 ms)
[2019-02-18 23:08:53] info : 	Rendered app/views//home/_home_topbar.php (18.65 ms)
[2019-02-18 23:08:53] info : 	Rendered app/views//home/_home_header.php (17.62 ms)
[2019-02-18 23:08:53] info : 	Rendered app/views//home/_home_navbar.php (65.35 ms)
[2019-02-18 23:08:53] info : 	Rendered app/views/home/_home_footer.php (67.47 ms)
[2019-02-18 23:08:53] info : 	Rendered app/views/layouts/_back_to_top.php (1.32 ms)
[2019-02-18 23:08:53] info : 	Rendered app/views/layouts/home.php (238.32 ms)
[2019-02-18 23:08:53] info : Completed OK in (244.26 ms)
[2019-02-18 23:12:43] error : No route matches [GET] /robots.txt
[2019-02-18 23:12:43] info : 	Rendered public/404.html (1.05 ms)
[2019-02-18 23:13:48] info : Started GET /home/products/show/_dynamical_segment_ for 157.55.39.192
[2019-02-18 23:13:48] info : Processing by ProductpageController#show
[2019-02-18 23:13:49] info : 	Rendered app/views/home/productpage/_table.php (904.39 ms)
[2019-02-18 23:13:49] info : 	Rendered app/views/home/productpage/show.php (1026.56 ms)
[2019-02-18 23:13:49] info : 	Rendered app/views//home/_home_topbar.php (20.76 ms)
[2019-02-18 23:13:49] info : 	Rendered app/views//home/_home_header.php (17.75 ms)
[2019-02-18 23:13:49] info : 	Rendered app/views//home/_home_navbar.php (67.68 ms)
[2019-02-18 23:13:49] info : 	Rendered app/views/home/_home_footer.php (72.91 ms)
[2019-02-18 23:13:49] info : 	Rendered app/views/layouts/_back_to_top.php (1.39 ms)
[2019-02-18 23:13:49] info : 	Rendered app/views/layouts/home.php (1249.89 ms)
[2019-02-18 23:13:49] info : Completed OK in (1263.22 ms)
[2019-02-18 23:14:39] info : Started GET / for 62.210.105.116
[2019-02-18 23:14:39] info : Processing by HomeController#index
[2019-02-18 23:14:39] info : 	Rendered app/views/home/index.php (29.93 ms)
[2019-02-18 23:14:39] info : 	Rendered app/views//home/_home_topbar.php (17.89 ms)
[2019-02-18 23:14:39] info : 	Rendered app/views//home/_home_header.php (18.27 ms)
[2019-02-18 23:14:39] info : 	Rendered app/views//home/_home_navbar.php (66.47 ms)
[2019-02-18 23:14:39] info : 	Rendered app/views/home/_home_footer.php (78.27 ms)
[2019-02-18 23:14:39] info : 	Rendered app/views/layouts/_back_to_top.php (2.09 ms)
[2019-02-18 23:14:39] info : 	Rendered app/views/layouts/home.php (255.97 ms)
[2019-02-18 23:14:39] info : Completed OK in (262.75 ms)
[2019-02-18 23:18:32] info : Started GET / for 85.248.227.165
[2019-02-18 23:18:32] info : Processing by HomeController#index
[2019-02-18 23:18:32] info : 	Rendered app/views/home/index.php (29.35 ms)
[2019-02-18 23:18:32] info : 	Rendered app/views//home/_home_topbar.php (16.70 ms)
[2019-02-18 23:18:32] info : 	Rendered app/views//home/_home_header.php (17.02 ms)
[2019-02-18 23:18:32] info : 	Rendered app/views//home/_home_navbar.php (65.07 ms)
[2019-02-18 23:18:32] info : 	Rendered app/views/home/_home_footer.php (72.60 ms)
[2019-02-18 23:18:32] info : 	Rendered app/views/layouts/_back_to_top.php (1.35 ms)
[2019-02-18 23:18:32] info : 	Rendered app/views/layouts/home.php (241.71 ms)
[2019-02-18 23:18:32] info : Completed OK in (247.52 ms)
[2019-02-18 23:19:08] info : Started GET / for 195.176.3.24
[2019-02-18 23:19:08] info : Processing by HomeController#index
[2019-02-18 23:19:08] info : 	Rendered app/views/home/index.php (28.57 ms)
[2019-02-18 23:19:08] info : 	Rendered app/views//home/_home_topbar.php (18.13 ms)
[2019-02-18 23:19:08] info : 	Rendered app/views//home/_home_header.php (18.18 ms)
[2019-02-18 23:19:08] info : 	Rendered app/views//home/_home_navbar.php (64.72 ms)
[2019-02-18 23:19:09] info : 	Rendered app/views/home/_home_footer.php (66.01 ms)
[2019-02-18 23:19:09] info : 	Rendered app/views/layouts/_back_to_top.php (1.29 ms)
[2019-02-18 23:19:09] info : 	Rendered app/views/layouts/home.php (237.10 ms)
[2019-02-18 23:19:09] info : Completed OK in (243.34 ms)
[2019-02-18 23:19:54] info : Started GET /home/contact for 207.46.13.115
[2019-02-18 23:19:54] info : Processing by HomeController#contact
[2019-02-18 23:19:54] info : 	Rendered app/views/home/contact.php (43.58 ms)
[2019-02-18 23:19:54] info : 	Rendered app/views//home/_home_topbar.php (16.63 ms)
[2019-02-18 23:19:54] info : 	Rendered app/views//home/_home_header.php (16.47 ms)
[2019-02-18 23:19:54] info : 	Rendered app/views//home/_home_navbar.php (64.31 ms)
[2019-02-18 23:19:54] info : 	Rendered app/views/home/_home_footer.php (64.98 ms)
[2019-02-18 23:19:54] info : 	Rendered app/views/layouts/_back_to_top.php (1.59 ms)
[2019-02-18 23:19:54] info : 	Rendered app/views/layouts/home.php (245.23 ms)
[2019-02-18 23:19:54] info : Completed OK in (250.99 ms)
[2019-02-18 23:22:58] info : Started GET / for 195.176.3.23
[2019-02-18 23:22:58] info : Processing by HomeController#index
[2019-02-18 23:22:58] info : 	Rendered app/views/home/index.php (28.71 ms)
[2019-02-18 23:22:58] info : 	Rendered app/views//home/_home_topbar.php (16.46 ms)
[2019-02-18 23:22:58] info : 	Rendered app/views//home/_home_header.php (17.08 ms)
[2019-02-18 23:22:58] info : 	Rendered app/views//home/_home_navbar.php (60.71 ms)
[2019-02-18 23:22:58] info : 	Rendered app/views/home/_home_footer.php (68.27 ms)
[2019-02-18 23:22:58] info : 	Rendered app/views/layouts/_back_to_top.php (1.30 ms)
[2019-02-18 23:22:58] info : 	Rendered app/views/layouts/home.php (229.80 ms)
[2019-02-18 23:22:58] info : Completed OK in (235.63 ms)
[2019-02-18 23:24:25] info : Started GET / for 185.104.120.3
[2019-02-18 23:24:25] info : Processing by HomeController#index
[2019-02-18 23:24:25] info : 	Rendered app/views/home/index.php (27.80 ms)
[2019-02-18 23:24:26] info : 	Rendered app/views//home/_home_topbar.php (16.06 ms)
[2019-02-18 23:24:26] info : 	Rendered app/views//home/_home_header.php (15.85 ms)
[2019-02-18 23:24:26] info : 	Rendered app/views//home/_home_navbar.php (58.40 ms)
[2019-02-18 23:24:26] info : 	Rendered app/views/home/_home_footer.php (63.08 ms)
[2019-02-18 23:24:26] info : 	Rendered app/views/layouts/_back_to_top.php (1.21 ms)
[2019-02-18 23:24:26] info : 	Rendered app/views/layouts/home.php (218.64 ms)
[2019-02-18 23:24:26] info : Completed OK in (224.27 ms)
[2019-02-18 23:27:22] info : Started GET / for 199.249.230.80
[2019-02-18 23:27:22] info : Processing by HomeController#index
[2019-02-18 23:27:22] info : 	Rendered app/views/home/index.php (31.48 ms)
[2019-02-18 23:27:23] info : 	Rendered app/views//home/_home_topbar.php (16.45 ms)
[2019-02-18 23:27:23] info : 	Rendered app/views//home/_home_header.php (17.73 ms)
[2019-02-18 23:27:23] info : 	Rendered app/views//home/_home_navbar.php (64.54 ms)
[2019-02-18 23:27:23] info : 	Rendered app/views/home/_home_footer.php (66.94 ms)
[2019-02-18 23:27:23] info : 	Rendered app/views/layouts/_back_to_top.php (1.25 ms)
[2019-02-18 23:27:23] info : 	Rendered app/views/layouts/home.php (236.94 ms)
[2019-02-18 23:27:23] info : Completed OK in (242.81 ms)
[2019-02-18 23:27:38] info : Started GET / for 109.70.100.22
[2019-02-18 23:27:38] info : Processing by HomeController#index
[2019-02-18 23:27:38] info : 	Rendered app/views/home/index.php (27.95 ms)
[2019-02-18 23:27:38] info : 	Rendered app/views//home/_home_topbar.php (17.18 ms)
[2019-02-18 23:27:38] info : 	Rendered app/views//home/_home_header.php (17.21 ms)
[2019-02-18 23:27:38] info : 	Rendered app/views//home/_home_navbar.php (60.88 ms)
[2019-02-18 23:27:38] info : 	Rendered app/views/home/_home_footer.php (64.79 ms)
[2019-02-18 23:27:38] info : 	Rendered app/views/layouts/_back_to_top.php (1.25 ms)
[2019-02-18 23:27:38] info : 	Rendered app/views/layouts/home.php (226.31 ms)
[2019-02-18 23:27:38] info : Completed OK in (231.90 ms)
[2019-02-18 23:28:05] error : No route matches [GET] /robots.txt
[2019-02-18 23:28:05] info : 	Rendered public/404.html (0.93 ms)
[2019-02-18 23:28:55] info : Started GET / for 109.70.100.20
[2019-02-18 23:28:55] info : Processing by HomeController#index
[2019-02-18 23:28:55] info : 	Rendered app/views/home/index.php (28.56 ms)
[2019-02-18 23:28:55] info : 	Rendered app/views//home/_home_topbar.php (18.01 ms)
[2019-02-18 23:28:55] info : 	Rendered app/views//home/_home_header.php (18.21 ms)
[2019-02-18 23:28:55] info : 	Rendered app/views//home/_home_navbar.php (65.86 ms)
[2019-02-18 23:28:55] info : 	Rendered app/views/home/_home_footer.php (69.08 ms)
[2019-02-18 23:28:55] info : 	Rendered app/views/layouts/_back_to_top.php (1.44 ms)
[2019-02-18 23:28:55] info : 	Rendered app/views/layouts/home.php (242.97 ms)
[2019-02-18 23:28:55] info : Completed OK in (248.77 ms)
[2019-02-18 23:32:03] info : Started GET / for 185.220.102.7
[2019-02-18 23:32:03] info : Processing by HomeController#index
[2019-02-18 23:32:03] info : 	Rendered app/views/home/index.php (32.47 ms)
[2019-02-18 23:32:03] info : 	Rendered app/views//home/_home_topbar.php (18.22 ms)
[2019-02-18 23:32:03] info : 	Rendered app/views//home/_home_header.php (20.42 ms)
[2019-02-18 23:32:03] info : 	Rendered app/views//home/_home_navbar.php (65.83 ms)
[2019-02-18 23:32:03] info : 	Rendered app/views/home/_home_footer.php (69.14 ms)
[2019-02-18 23:32:03] info : 	Rendered app/views/layouts/_back_to_top.php (1.28 ms)
[2019-02-18 23:32:03] info : 	Rendered app/views/layouts/home.php (248.34 ms)
[2019-02-18 23:32:03] info : Completed OK in (254.23 ms)
[2019-02-18 23:42:51] info : Started GET / for 46.4.86.164
[2019-02-18 23:42:51] info : Processing by HomeController#index
[2019-02-18 23:42:51] info : 	Rendered app/views/home/index.php (29.20 ms)
[2019-02-18 23:42:51] info : 	Rendered app/views//home/_home_topbar.php (21.90 ms)
[2019-02-18 23:42:51] info : 	Rendered app/views//home/_home_header.php (18.42 ms)
[2019-02-18 23:42:51] info : 	Rendered app/views//home/_home_navbar.php (61.95 ms)
[2019-02-18 23:42:51] info : 	Rendered app/views/home/_home_footer.php (69.00 ms)
[2019-02-18 23:42:51] info : 	Rendered app/views/layouts/_back_to_top.php (1.31 ms)
[2019-02-18 23:42:51] info : 	Rendered app/views/layouts/home.php (240.65 ms)
[2019-02-18 23:42:51] info : Completed OK in (248.25 ms)
