Started GET '/home/categories' for 66.249.75.95 at 2019-03-03 00:00:10
Processing by categorypage#index
  Rendered app/views/home/categorypage/index.php (15.60 ms)
  Rendered app/views//home/_home_topbar.php (18.01 ms)
  Rendered app/views//home/_home_header.php (18.48 ms)
  Rendered app/views//home/_home_navbar.php (67.04 ms)
  Rendered app/views/home/_home_footer.php (69.23 ms)
  Rendered app/views/layouts/_back_to_top.php (1.26 ms)
  Rendered app/views/layouts/home.php (230.83 ms)
Completed 200 OK in (254.81 ms)
Started GET '/lang/tr' for 66.249.75.94 at 2019-03-03 00:00:40
Processing by lang#tr
Completed 302 Found in (21.28 ms)
Started GET '/home/index' for 66.249.75.93 at 2019-03-03 00:00:41
Processing by home#index
  Rendered app/views/home/index.php (28.91 ms)
  Rendered app/views//home/_home_topbar.php (16.41 ms)
  Rendered app/views//home/_home_header.php (16.62 ms)
  Rendered app/views//home/_home_navbar.php (60.17 ms)
  Rendered app/views/home/_home_footer.php (64.39 ms)
  Rendered app/views/layouts/_back_to_top.php (1.23 ms)
  Rendered app/views/layouts/home.php (225.42 ms)
Completed 200 OK in (231.96 ms)
Started GET '/home/products/show/235' for 66.249.75.95 at 2019-03-03 00:10:14
Processing by productpage#show
  Rendered app/views/home/productpage/_table.php (223.96 ms)
  Rendered app/views/home/productpage/show.php (341.75 ms)
  Rendered app/views//home/_home_topbar.php (17.34 ms)
  Rendered app/views//home/_home_header.php (16.91 ms)
  Rendered app/views//home/_home_navbar.php (60.78 ms)
  Rendered app/views/home/_home_footer.php (65.33 ms)
  Rendered app/views/layouts/_back_to_top.php (1.23 ms)
  Rendered app/views/layouts/home.php (541.91 ms)
Completed 200 OK in (556.92 ms)
Started GET '/home/products' for 66.249.69.65 at 2019-03-03 00:14:50
Processing by productpage#index
  Rendered app/views/home/productpage/_table.php (7144.91 ms)
  Rendered app/views/home/productpage/index.php (7148.78 ms)
  Rendered app/views//home/_home_topbar.php (16.43 ms)
  Rendered app/views//home/_home_header.php (17.54 ms)
  Rendered app/views//home/_home_navbar.php (60.25 ms)
  Rendered app/views/home/_home_footer.php (65.59 ms)
  Rendered app/views/layouts/_back_to_top.php (1.25 ms)
  Rendered app/views/layouts/home.php (7347.11 ms)
Completed 200 OK in (7368.24 ms)
Started GET '/robots.txt' for 37.9.113.123 at 2019-03-03 00:16:28
No route matches [GET] /robots.txt
Completed 404 Not Found in (3.03 ms)
  Rendered public/404.html (1.03 ms)
Started GET '/' for 37.9.113.123 at 2019-03-03 00:16:32
Processing by home#index
  Rendered app/views/home/index.php (30.89 ms)
  Rendered app/views//home/_home_topbar.php (17.01 ms)
  Rendered app/views//home/_home_header.php (18.27 ms)
  Rendered app/views//home/_home_navbar.php (67.59 ms)
  Rendered app/views/home/_home_footer.php (65.98 ms)
  Rendered app/views/layouts/_back_to_top.php (1.26 ms)
  Rendered app/views/layouts/home.php (240.06 ms)
Completed 200 OK in (246.82 ms)
Started GET '/home/index' for 66.249.69.65 at 2019-03-03 00:17:56
Processing by home#index
  Rendered app/views/home/index.php (28.23 ms)
  Rendered app/views//home/_home_topbar.php (16.18 ms)
  Rendered app/views//home/_home_header.php (17.11 ms)
  Rendered app/views//home/_home_navbar.php (61.46 ms)
  Rendered app/views/home/_home_footer.php (65.80 ms)
  Rendered app/views/layouts/_back_to_top.php (1.29 ms)
  Rendered app/views/layouts/home.php (227.58 ms)
Completed 200 OK in (233.92 ms)
Started GET '/' for 88.227.118.170 at 2019-03-03 00:55:50
Processing by home#index
  Rendered app/views/home/index.php (34.13 ms)
  Rendered app/views//home/_home_topbar.php (17.90 ms)
  Rendered app/views//home/_home_header.php (17.56 ms)
  Rendered app/views//home/_home_navbar.php (61.68 ms)
  Rendered app/views/home/_home_footer.php (65.12 ms)
  Rendered app/views/layouts/_back_to_top.php (1.34 ms)
  Rendered app/views/layouts/home.php (238.01 ms)
Completed 200 OK in (246.93 ms)
Started GET '/robots.txt' for 216.244.66.250 at 2019-03-03 01:25:17
No route matches [GET] /robots.txt
Completed 404 Not Found in (3.14 ms)
  Rendered public/404.html (1.02 ms)
Started GET '/robots.txt' for 141.8.142.162 at 2019-03-03 01:43:25
No route matches [GET] /robots.txt
Completed 404 Not Found in (3.13 ms)
  Rendered public/404.html (1.06 ms)
Started GET '/home/contact' for 207.46.13.168 at 2019-03-03 01:46:40
Processing by home#contact
  Rendered app/views/home/contact.php (685.70 ms)
  Rendered app/views//home/_home_topbar.php (17.23 ms)
  Rendered app/views//home/_home_header.php (17.38 ms)
  Rendered app/views//home/_home_navbar.php (67.66 ms)
  Rendered app/views/home/_home_footer.php (68.57 ms)
  Rendered app/views/layouts/_back_to_top.php (1.47 ms)
  Rendered app/views/layouts/home.php (896.57 ms)
Completed 200 OK in (904.93 ms)
Started GET '/' for 124.206.180.180 at 2019-03-03 02:15:49
Processing by home#index
  Rendered app/views/home/index.php (905.42 ms)
  Rendered app/views//home/_home_topbar.php (29.77 ms)
  Rendered app/views//home/_home_header.php (162.06 ms)
  Rendered app/views//home/_home_navbar.php (109.12 ms)
  Rendered app/views/home/_home_footer.php (81.27 ms)
  Rendered app/views/layouts/_back_to_top.php (17.27 ms)
  Rendered app/views/layouts/home.php (1386.31 ms)
Completed 200 OK in (1699.67 ms)
Started GET '/robots.txt' for 216.244.66.250 at 2019-03-03 02:16:12
No route matches [GET] /robots.txt
Completed 404 Not Found in (3.21 ms)
  Rendered public/404.html (24.72 ms)
Started GET '/robots.txt' for 216.244.66.250 at 2019-03-03 03:08:06
No route matches [GET] /robots.txt
Completed 404 Not Found in (125.65 ms)
  Rendered public/404.html (169.59 ms)
Started GET '/' for 37.49.225.117 at 2019-03-03 03:56:32
Processing by home#index
  Rendered app/views/home/index.php (401.58 ms)
  Rendered app/views//home/_home_topbar.php (38.44 ms)
  Rendered app/views//home/_home_header.php (34.96 ms)
  Rendered app/views//home/_home_navbar.php (311.21 ms)
  Rendered app/views/home/_home_footer.php (137.37 ms)
  Rendered app/views/layouts/_back_to_top.php (10.69 ms)
  Rendered app/views/layouts/home.php (981.64 ms)
Completed 200 OK in (1127.54 ms)
Started GET '/FCKeditor/editor/filemanager/browser/default/connectors/php/connector.php?Command=GetFoldersAndFiles&Type=File&CurrentFolder=/' for 46.119.123.124 at 2019-03-03 04:07:33
No route matches [GET] /FCKeditor/editor/filemanager/browser/default/connectors/php/connector.php?Command=GetFoldersAndFiles&Type=File&CurrentFolder=/
Completed 404 Not Found in (3.43 ms)
  Rendered public/404.html (19.58 ms)
Started GET '/robots.txt' for 216.244.66.250 at 2019-03-03 04:47:28
No route matches [GET] /robots.txt
Completed 404 Not Found in (10.64 ms)
  Rendered public/404.html (22.25 ms)
Started GET '/wp-content/plugins/all-in-one-seo/aioseop_class.php?login=fg5mb' for 193.106.30.98 at 2019-03-03 04:57:50
No route matches [GET] /wp-content/plugins/all-in-one-seo/aioseop_class.php?login=fg5mb
Completed 404 Not Found in (103.01 ms)
  Rendered public/404.html (36.62 ms)
Started GET '/robots.txt' for 46.229.168.134 at 2019-03-03 05:02:24
No route matches [GET] /robots.txt
Completed 404 Not Found in (14.30 ms)
  Rendered public/404.html (11.27 ms)
Started GET '/home/pages/32' for 46.229.168.134 at 2019-03-03 05:02:25
Processing by page#show
  Rendered app/views/home/page/show.php (138.73 ms)
  Rendered app/views//home/_home_topbar.php (24.42 ms)
  Rendered app/views//home/_home_header.php (28.94 ms)
  Rendered app/views//home/_home_navbar.php (273.55 ms)
  Rendered app/views/home/_home_footer.php (105.61 ms)
  Rendered app/views/layouts/_back_to_top.php (9.31 ms)
  Rendered app/views/layouts/home.php (651.92 ms)
Completed 200 OK in (797.59 ms)
Started GET '/home/products/show/378' for 66.249.69.68 at 2019-03-03 05:29:26
Processing by productpage#show
  Rendered app/views/home/productpage/_table.php (286.77 ms)
  Rendered app/views/home/productpage/show.php (454.18 ms)
  Rendered app/views//home/_home_topbar.php (23.10 ms)
  Rendered app/views//home/_home_header.php (99.15 ms)
  Rendered app/views//home/_home_navbar.php (66.35 ms)
  Rendered app/views/home/_home_footer.php (81.10 ms)
  Rendered app/views/layouts/_back_to_top.php (8.78 ms)
  Rendered app/views/layouts/home.php (777.48 ms)
Completed 200 OK in (919.32 ms)
Started GET '/robots.txt' for 216.244.66.250 at 2019-03-03 05:36:45
No route matches [GET] /robots.txt
Completed 404 Not Found in (3.14 ms)
  Rendered public/404.html (12.53 ms)
Started GET '/robots.txt' for 37.9.113.123 at 2019-03-03 05:47:24
No route matches [GET] /robots.txt
Completed 404 Not Found in (3.17 ms)
  Rendered public/404.html (0.98 ms)
Started GET '/home/producttypes/show/45' for 37.9.113.123 at 2019-03-03 05:47:27
Processing by producttypepage#show
  Rendered app/views/home/_menu_product.php (24.51 ms)
  Rendered app/views/home/productpage/_table.php (853.04 ms)
  Rendered app/views/home/producttypepage/show.php (922.43 ms)
  Rendered app/views//home/_home_topbar.php (17.55 ms)
  Rendered app/views//home/_home_header.php (17.24 ms)
  Rendered app/views//home/_home_navbar.php (64.16 ms)
  Rendered app/views/home/_home_footer.php (69.10 ms)
  Rendered app/views/layouts/_back_to_top.php (1.38 ms)
  Rendered app/views/layouts/home.php (1131.53 ms)
Completed 200 OK in (1162.64 ms)
Started GET '/' for 66.249.69.70 at 2019-03-03 07:09:30
Processing by home#index
  Rendered app/views/home/index.php (64.81 ms)
  Rendered app/views//home/_home_topbar.php (16.11 ms)
  Rendered app/views//home/_home_header.php (16.13 ms)
  Rendered app/views//home/_home_navbar.php (60.20 ms)
  Rendered app/views/home/_home_footer.php (63.50 ms)
  Rendered app/views/layouts/_back_to_top.php (1.29 ms)
  Rendered app/views/layouts/home.php (258.36 ms)
Completed 200 OK in (266.46 ms)
Started GET '/robots.txt' for 216.244.66.250 at 2019-03-03 07:14:31
No route matches [GET] /robots.txt
Completed 404 Not Found in (4.89 ms)
  Rendered public/404.html (1.61 ms)
Started GET '/home/producttypes/show/42' for 66.249.69.70 at 2019-03-03 07:16:54
Processing by producttypepage#show
  Rendered app/views/home/_menu_product.php (11.71 ms)
  Rendered app/views/home/productpage/_table.php (346.30 ms)
  Rendered app/views/home/producttypepage/show.php (380.47 ms)
  Rendered app/views//home/_home_topbar.php (16.31 ms)
  Rendered app/views//home/_home_header.php (16.16 ms)
  Rendered app/views//home/_home_navbar.php (63.77 ms)
  Rendered app/views/home/_home_footer.php (71.95 ms)
  Rendered app/views/layouts/_back_to_top.php (1.30 ms)
  Rendered app/views/layouts/home.php (586.57 ms)
Completed 200 OK in (608.42 ms)
Started GET '/robots.txt' for 216.244.66.250 at 2019-03-03 08:03:22
No route matches [GET] /robots.txt
Completed 404 Not Found in (3.12 ms)
  Rendered public/404.html (1.05 ms)
Started GET '/robots.txt' for 46.229.168.131 at 2019-03-03 08:25:23
No route matches [GET] /robots.txt
Completed 404 Not Found in (3.25 ms)
  Rendered public/404.html (0.98 ms)
Started GET '/home/articles' for 46.229.168.134 at 2019-03-03 08:25:24
Processing by articlepage#index
  Rendered app/views/home/articlepage/index.php (8.51 ms)
  Rendered app/views//home/_home_topbar.php (17.04 ms)
  Rendered app/views//home/_home_header.php (17.00 ms)
  Rendered app/views//home/_home_navbar.php (61.38 ms)
  Rendered app/views/home/_home_footer.php (66.79 ms)
  Rendered app/views/layouts/_back_to_top.php (1.28 ms)
  Rendered app/views/layouts/home.php (210.51 ms)
Completed 200 OK in (275.87 ms)
Started GET '/robots.txt' for 66.249.75.95 at 2019-03-03 08:45:29
No route matches [GET] /robots.txt
Completed 404 Not Found in (3.11 ms)
  Rendered public/404.html (1.28 ms)
Started GET '/' for 66.249.75.95 at 2019-03-03 08:45:30
Processing by home#index
  Rendered app/views/home/index.php (33.12 ms)
  Rendered app/views//home/_home_topbar.php (19.63 ms)
  Rendered app/views//home/_home_header.php (17.86 ms)
  Rendered app/views//home/_home_navbar.php (68.72 ms)
  Rendered app/views/home/_home_footer.php (73.51 ms)
  Rendered app/views/layouts/_back_to_top.php (1.39 ms)
  Rendered app/views/layouts/home.php (257.86 ms)
Completed 200 OK in (266.30 ms)
Started GET '/home/products/show/347' for 54.36.149.96 at 2019-03-03 09:27:11
Processing by productpage#show
  Rendered app/views/home/productpage/_table.php (1521.50 ms)
  Rendered app/views/home/productpage/show.php (1633.69 ms)
  Rendered app/views//home/_home_topbar.php (16.85 ms)
  Rendered app/views//home/_home_header.php (16.38 ms)
  Rendered app/views//home/_home_navbar.php (61.71 ms)
  Rendered app/views/home/_home_footer.php (64.31 ms)
  Rendered app/views/layouts/_back_to_top.php (1.32 ms)
  Rendered app/views/layouts/home.php (1831.37 ms)
Completed 200 OK in (1846.79 ms)
Started GET '/robots.txt' for 37.9.113.123 at 2019-03-03 10:09:18
No route matches [GET] /robots.txt
Completed 404 Not Found in (3.92 ms)
  Rendered public/404.html (1.08 ms)
Started GET '/home/products/show/350' for 37.9.113.145 at 2019-03-03 10:09:22
Processing by productpage#show
  Rendered app/views/home/productpage/_table.php (1438.72 ms)
  Rendered app/views/home/productpage/show.php (1546.96 ms)
  Rendered app/views//home/_home_topbar.php (16.95 ms)
  Rendered app/views//home/_home_header.php (17.02 ms)
  Rendered app/views//home/_home_navbar.php (61.32 ms)
  Rendered app/views/home/_home_footer.php (64.40 ms)
  Rendered app/views/layouts/_back_to_top.php (1.26 ms)
  Rendered app/views/layouts/home.php (1745.18 ms)
Completed 200 OK in (1760.02 ms)
Started GET '/robots.txt' for 216.244.66.250 at 2019-03-03 10:34:53
No route matches [GET] /robots.txt
Completed 404 Not Found in (3.03 ms)
  Rendered public/404.html (0.95 ms)
Started GET '/' for 66.249.81.6 at 2019-03-03 11:15:40
Processing by home#index
  Rendered app/views/home/index.php (28.68 ms)
  Rendered app/views//home/_home_topbar.php (16.50 ms)
  Rendered app/views//home/_home_header.php (16.38 ms)
  Rendered app/views//home/_home_navbar.php (59.74 ms)
  Rendered app/views/home/_home_footer.php (64.53 ms)
  Rendered app/views/layouts/_back_to_top.php (1.25 ms)
  Rendered app/views/layouts/home.php (224.23 ms)
Completed 200 OK in (232.42 ms)
Started GET '/home/products/show/300' for 66.249.75.93 at 2019-03-03 11:24:13
Processing by productpage#show
  Rendered app/views/home/productpage/_table.php (495.34 ms)
  Rendered app/views/home/productpage/show.php (604.71 ms)
  Rendered app/views//home/_home_topbar.php (16.64 ms)
  Rendered app/views//home/_home_header.php (16.88 ms)
  Rendered app/views//home/_home_navbar.php (61.36 ms)
  Rendered app/views/home/_home_footer.php (65.77 ms)
  Rendered app/views/layouts/_back_to_top.php (1.29 ms)
  Rendered app/views/layouts/home.php (805.96 ms)
Completed 200 OK in (821.18 ms)
Started GET '/robots.txt' for 216.244.66.250 at 2019-03-03 11:26:05
No route matches [GET] /robots.txt
Completed 404 Not Found in (2.99 ms)
  Rendered public/404.html (1.00 ms)
Started GET '/home/products' for 66.249.75.95 at 2019-03-03 11:26:20
Processing by productpage#index
  Rendered app/views/home/productpage/_table.php (6840.06 ms)
  Rendered app/views/home/productpage/index.php (6845.80 ms)
  Rendered app/views//home/_home_topbar.php (16.51 ms)
  Rendered app/views//home/_home_header.php (16.31 ms)
  Rendered app/views//home/_home_navbar.php (60.23 ms)
  Rendered app/views/home/_home_footer.php (65.17 ms)
  Rendered app/views/layouts/_back_to_top.php (1.29 ms)
  Rendered app/views/layouts/home.php (7043.12 ms)
Completed 200 OK in (7057.70 ms)
Started GET '/robots.txt' for 216.244.66.250 at 2019-03-03 12:17:06
No route matches [GET] /robots.txt
Completed 404 Not Found in (3.10 ms)
  Rendered public/404.html (1.01 ms)
Started GET '/robots.txt' for 37.9.113.123 at 2019-03-03 12:38:37
No route matches [GET] /robots.txt
Completed 404 Not Found in (3.14 ms)
  Rendered public/404.html (0.98 ms)
Started GET '/home/products/show/351' for 54.36.148.176 at 2019-03-03 12:41:56
Processing by productpage#show
  Rendered app/views/home/productpage/_table.php (1481.41 ms)
  Rendered app/views/home/productpage/show.php (1619.70 ms)
  Rendered app/views//home/_home_topbar.php (16.22 ms)
  Rendered app/views//home/_home_header.php (16.37 ms)
  Rendered app/views//home/_home_navbar.php (62.40 ms)
  Rendered app/views/home/_home_footer.php (67.85 ms)
  Rendered app/views/layouts/_back_to_top.php (1.30 ms)
  Rendered app/views/layouts/home.php (1821.02 ms)
Completed 200 OK in (1837.14 ms)
Started GET '/' for 66.249.81.6 at 2019-03-03 12:55:56
Processing by home#index
  Rendered app/views/home/index.php (28.48 ms)
  Rendered app/views//home/_home_topbar.php (16.49 ms)
  Rendered app/views//home/_home_header.php (16.19 ms)
  Rendered app/views//home/_home_navbar.php (59.91 ms)
  Rendered app/views/home/_home_footer.php (65.35 ms)
  Rendered app/views/layouts/_back_to_top.php (1.30 ms)
  Rendered app/views/layouts/home.php (224.36 ms)
Completed 200 OK in (232.36 ms)
Started GET '/' for 66.249.81.3 at 2019-03-03 12:56:56
Processing by home#index
  Rendered app/views/home/index.php (29.85 ms)
  Rendered app/views//home/_home_topbar.php (15.98 ms)
  Rendered app/views//home/_home_header.php (16.08 ms)
  Rendered app/views//home/_home_navbar.php (60.03 ms)
  Rendered app/views/home/_home_footer.php (69.40 ms)
  Rendered app/views/layouts/_back_to_top.php (1.25 ms)
  Rendered app/views/layouts/home.php (229.46 ms)
Completed 200 OK in (236.52 ms)
Started GET '/' for 66.249.81.6 at 2019-03-03 12:58:46
Processing by home#index
  Rendered app/views/home/index.php (27.97 ms)
  Rendered app/views//home/_home_topbar.php (19.41 ms)
  Rendered app/views//home/_home_header.php (20.00 ms)
  Rendered app/views//home/_home_navbar.php (66.50 ms)
  Rendered app/views/home/_home_footer.php (63.67 ms)
  Rendered app/views/layouts/_back_to_top.php (1.23 ms)
  Rendered app/views/layouts/home.php (237.10 ms)
Completed 200 OK in (243.68 ms)
Started GET '/' for 66.249.81.6 at 2019-03-03 13:02:14
Processing by home#index
  Rendered app/views/home/index.php (29.45 ms)
  Rendered app/views//home/_home_topbar.php (18.48 ms)
  Rendered app/views//home/_home_header.php (16.58 ms)
  Rendered app/views//home/_home_navbar.php (63.83 ms)
  Rendered app/views/home/_home_footer.php (65.49 ms)
  Rendered app/views/layouts/_back_to_top.php (2.16 ms)
  Rendered app/views/layouts/home.php (238.44 ms)
Completed 200 OK in (245.87 ms)
Started GET '/' for 66.249.81.3 at 2019-03-03 13:02:20
Processing by home#index
  Rendered app/views/home/index.php (31.90 ms)
  Rendered app/views//home/_home_topbar.php (19.79 ms)
  Rendered app/views//home/_home_header.php (21.27 ms)
  Rendered app/views//home/_home_navbar.php (64.66 ms)
  Rendered app/views/home/_home_footer.php (66.94 ms)
  Rendered app/views/layouts/_back_to_top.php (1.27 ms)
  Rendered app/views/layouts/home.php (248.25 ms)
Completed 200 OK in (254.95 ms)
Started GET '/home/agendas' for 66.249.81.4 at 2019-03-03 13:02:25
Processing by agendapage#index
  Rendered app/views/home/agendapage/index.php (55.82 ms)
  Rendered app/views//home/_home_topbar.php (24.25 ms)
  Rendered app/views//home/_home_header.php (24.61 ms)
  Rendered app/views//home/_home_navbar.php (89.63 ms)
  Rendered app/views/home/_home_footer.php (77.79 ms)
  Rendered app/views/layouts/_back_to_top.php (1.28 ms)
  Rendered app/views/layouts/home.php (326.44 ms)
Completed 200 OK in (361.55 ms)
Started GET '/' for 66.249.81.4 at 2019-03-03 13:02:30
Processing by home#index
  Rendered app/views/home/index.php (28.36 ms)
  Rendered app/views//home/_home_topbar.php (16.67 ms)
  Rendered app/views//home/_home_header.php (16.33 ms)
  Rendered app/views//home/_home_navbar.php (79.35 ms)
  Rendered app/views/home/_home_footer.php (70.32 ms)
  Rendered app/views/layouts/_back_to_top.php (1.31 ms)
  Rendered app/views/layouts/home.php (250.23 ms)
Completed 200 OK in (256.72 ms)
Started GET '/home/contact' for 66.249.81.3 at 2019-03-03 13:03:04
Processing by home#contact
  Rendered app/views/home/contact.php (61.09 ms)
  Rendered app/views//home/_home_topbar.php (17.26 ms)
  Rendered app/views//home/_home_header.php (17.45 ms)
  Rendered app/views//home/_home_navbar.php (62.97 ms)
  Rendered app/views/home/_home_footer.php (67.39 ms)
  Rendered app/views/layouts/_back_to_top.php (1.22 ms)
  Rendered app/views/layouts/home.php (268.21 ms)
Completed 200 OK in (275.09 ms)
Started GET '/home/about_us' for 66.249.81.4 at 2019-03-03 13:03:18
Processing by home#about_us
  Rendered app/views/home/about_us.php (45.67 ms)
  Rendered app/views//home/_home_topbar.php (16.66 ms)
  Rendered app/views//home/_home_header.php (16.78 ms)
  Rendered app/views//home/_home_navbar.php (61.53 ms)
  Rendered app/views/home/_home_footer.php (66.43 ms)
  Rendered app/views/layouts/_back_to_top.php (1.23 ms)
  Rendered app/views/layouts/home.php (246.62 ms)
Completed 200 OK in (252.95 ms)
Started GET '/home/pages/35' for 66.249.81.3 at 2019-03-03 13:03:29
Processing by page#show
  Rendered app/views/home/page/show.php (89.52 ms)
  Rendered app/views//home/_home_topbar.php (16.34 ms)
  Rendered app/views//home/_home_header.php (16.24 ms)
  Rendered app/views//home/_home_navbar.php (60.07 ms)
  Rendered app/views/home/_home_footer.php (65.13 ms)
  Rendered app/views/layouts/_back_to_top.php (1.25 ms)
  Rendered app/views/layouts/home.php (285.39 ms)
Completed 200 OK in (306.34 ms)
Started GET '/home/about_us' for 66.249.81.6 at 2019-03-03 13:03:32
Processing by home#about_us
  Rendered app/views/home/about_us.php (19.12 ms)
  Rendered app/views//home/_home_topbar.php (17.00 ms)
  Rendered app/views//home/_home_header.php (16.57 ms)
  Rendered app/views//home/_home_navbar.php (60.14 ms)
  Rendered app/views/home/_home_footer.php (64.41 ms)
  Rendered app/views/layouts/_back_to_top.php (1.24 ms)
  Rendered app/views/layouts/home.php (215.81 ms)
Completed 200 OK in (222.23 ms)
Started GET '/home/about_us' for 66.249.81.3 at 2019-03-03 13:03:38
Processing by home#about_us
  Rendered app/views/home/about_us.php (19.25 ms)
  Rendered app/views//home/_home_topbar.php (17.92 ms)
  Rendered app/views//home/_home_header.php (17.37 ms)
  Rendered app/views//home/_home_navbar.php (67.13 ms)
  Rendered app/views/home/_home_footer.php (68.95 ms)
  Rendered app/views/layouts/_back_to_top.php (1.22 ms)
  Rendered app/views/layouts/home.php (231.06 ms)
Completed 200 OK in (237.44 ms)
Started GET '/home/albums' for 66.249.81.6 at 2019-03-03 13:03:44
Processing by albumpage#index
  Rendered app/views/home/albumpage/index.php (65.32 ms)
  Rendered app/views//home/_home_topbar.php (19.06 ms)
  Rendered app/views//home/_home_header.php (17.47 ms)
  Rendered app/views//home/_home_navbar.php (63.36 ms)
  Rendered app/views/home/_home_footer.php (69.74 ms)
  Rendered app/views/layouts/_back_to_top.php (1.30 ms)
  Rendered app/views/layouts/home.php (276.73 ms)
Completed 200 OK in (335.10 ms)
Started GET '/home/articles' for 66.249.81.6 at 2019-03-03 13:03:49
Processing by articlepage#index
  Rendered app/views/home/articlepage/index.php (4.60 ms)
  Rendered app/views//home/_home_topbar.php (16.91 ms)
  Rendered app/views//home/_home_header.php (16.46 ms)
  Rendered app/views//home/_home_navbar.php (61.84 ms)
  Rendered app/views/home/_home_footer.php (66.15 ms)
  Rendered app/views/layouts/_back_to_top.php (1.27 ms)
  Rendered app/views/layouts/home.php (214.50 ms)
Completed 200 OK in (234.33 ms)
Started GET '/home/pages/33' for 66.249.81.6 at 2019-03-03 13:03:56
Processing by page#show
  Rendered app/views/home/page/show.php (79.71 ms)
  Rendered app/views//home/_home_topbar.php (19.31 ms)
  Rendered app/views//home/_home_header.php (16.89 ms)
  Rendered app/views//home/_home_navbar.php (64.64 ms)
  Rendered app/views/home/_home_footer.php (66.62 ms)
  Rendered app/views/layouts/_back_to_top.php (1.24 ms)
  Rendered app/views/layouts/home.php (298.12 ms)
Completed 200 OK in (311.22 ms)
Started GET '/home/articles' for 66.249.81.3 at 2019-03-03 13:04:01
Processing by articlepage#index
  Rendered app/views/home/articlepage/index.php (2.51 ms)
  Rendered app/views//home/_home_topbar.php (16.53 ms)
  Rendered app/views//home/_home_header.php (16.43 ms)
  Rendered app/views//home/_home_navbar.php (61.61 ms)
  Rendered app/views/home/_home_footer.php (64.13 ms)
  Rendered app/views/layouts/_back_to_top.php (1.23 ms)
  Rendered app/views/layouts/home.php (200.20 ms)
Completed 200 OK in (212.89 ms)
Started GET '/home/albums' for 66.249.81.3 at 2019-03-03 13:04:03
Processing by albumpage#index
  Rendered app/views/home/albumpage/index.php (10.36 ms)
  Rendered app/views//home/_home_topbar.php (16.52 ms)
  Rendered app/views//home/_home_header.php (17.68 ms)
  Rendered app/views//home/_home_navbar.php (63.12 ms)
  Rendered app/views/home/_home_footer.php (64.89 ms)
  Rendered app/views/layouts/_back_to_top.php (1.31 ms)
  Rendered app/views/layouts/home.php (211.58 ms)
Completed 200 OK in (224.31 ms)
Started GET '/home/about_us' for 66.249.81.3 at 2019-03-03 13:04:06
Processing by home#about_us
  Rendered app/views/home/about_us.php (22.44 ms)
  Rendered app/views//home/_home_topbar.php (20.80 ms)
  Rendered app/views//home/_home_header.php (16.89 ms)
  Rendered app/views//home/_home_navbar.php (69.57 ms)
  Rendered app/views/home/_home_footer.php (71.12 ms)
  Rendered app/views/layouts/_back_to_top.php (1.25 ms)
  Rendered app/views/layouts/home.php (243.06 ms)
Completed 200 OK in (253.02 ms)
Started GET '/home/about_us' for 66.249.81.4 at 2019-03-03 13:04:08
Processing by home#about_us
  Rendered app/views/home/about_us.php (17.60 ms)
  Rendered app/views//home/_home_topbar.php (16.41 ms)
  Rendered app/views//home/_home_header.php (17.19 ms)
  Rendered app/views//home/_home_navbar.php (61.19 ms)
  Rendered app/views/home/_home_footer.php (66.90 ms)
  Rendered app/views/layouts/_back_to_top.php (1.21 ms)
  Rendered app/views/layouts/home.php (218.27 ms)
Completed 200 OK in (224.60 ms)
Started GET '/home/about_us' for 66.249.81.3 at 2019-03-03 13:05:00
Processing by home#about_us
  Rendered app/views/home/about_us.php (18.15 ms)
  Rendered app/views//home/_home_topbar.php (16.90 ms)
  Rendered app/views//home/_home_header.php (17.49 ms)
  Rendered app/views//home/_home_navbar.php (63.80 ms)
  Rendered app/views/home/_home_footer.php (66.04 ms)
  Rendered app/views/layouts/_back_to_top.php (1.25 ms)
  Rendered app/views/layouts/home.php (221.87 ms)
Completed 200 OK in (228.31 ms)
Started GET '/home/pages/36' for 66.249.81.4 at 2019-03-03 13:05:16
Processing by page#show
  Rendered app/views/home/page/show.php (75.49 ms)
  Rendered app/views//home/_home_topbar.php (16.12 ms)
  Rendered app/views//home/_home_header.php (16.32 ms)
  Rendered app/views//home/_home_navbar.php (60.36 ms)
  Rendered app/views/home/_home_footer.php (68.90 ms)
  Rendered app/views/layouts/_back_to_top.php (1.25 ms)
  Rendered app/views/layouts/home.php (275.38 ms)
Completed 200 OK in (288.30 ms)
Started GET '/home/about_us' for 66.249.81.3 at 2019-03-03 13:05:21
Processing by home#about_us
  Rendered app/views/home/about_us.php (17.76 ms)
  Rendered app/views//home/_home_topbar.php (17.37 ms)
  Rendered app/views//home/_home_header.php (16.21 ms)
  Rendered app/views//home/_home_navbar.php (60.36 ms)
  Rendered app/views/home/_home_footer.php (64.32 ms)
  Rendered app/views/layouts/_back_to_top.php (1.24 ms)
  Rendered app/views/layouts/home.php (216.32 ms)
Completed 200 OK in (222.75 ms)
Started GET '/lang/tr' for 66.249.81.6 at 2019-03-03 13:05:27
Processing by lang#tr
Completed 302 Found in (16.17 ms)
Started GET '/home/index' for 66.249.81.4 at 2019-03-03 13:05:27
Processing by home#index
  Rendered app/views/home/index.php (28.04 ms)
  Rendered app/views//home/_home_topbar.php (16.11 ms)
  Rendered app/views//home/_home_header.php (16.33 ms)
  Rendered app/views//home/_home_navbar.php (59.95 ms)
  Rendered app/views/home/_home_footer.php (65.28 ms)
  Rendered app/views/layouts/_back_to_top.php (1.25 ms)
  Rendered app/views/layouts/home.php (224.99 ms)
Completed 200 OK in (231.52 ms)
Started GET '/home/contact' for 66.249.81.3 at 2019-03-03 13:05:46
Processing by home#contact
  Rendered app/views/home/contact.php (44.40 ms)
  Rendered app/views//home/_home_topbar.php (15.92 ms)
  Rendered app/views//home/_home_header.php (15.87 ms)
  Rendered app/views//home/_home_navbar.php (59.87 ms)
  Rendered app/views/home/_home_footer.php (67.11 ms)
  Rendered app/views/layouts/_back_to_top.php (1.25 ms)
  Rendered app/views/layouts/home.php (242.06 ms)
Completed 200 OK in (248.71 ms)
Started GET '/home/products' for 66.249.81.3 at 2019-03-03 13:06:22
Processing by productpage#index
  Rendered app/views/home/productpage/_table.php (7219.79 ms)
  Rendered app/views/home/productpage/index.php (7223.52 ms)
  Rendered app/views//home/_home_topbar.php (17.21 ms)
  Rendered app/views//home/_home_header.php (16.41 ms)
  Rendered app/views//home/_home_navbar.php (61.20 ms)
  Rendered app/views/home/_home_footer.php (64.34 ms)
  Rendered app/views/layouts/_back_to_top.php (1.34 ms)
  Rendered app/views/layouts/home.php (7421.27 ms)
Completed 200 OK in (7436.50 ms)
Started GET '/home/products' for 5.24.123.118 at 2019-03-03 13:06:30
Processing by productpage#index
  Rendered app/views/home/productpage/_table.php (7027.96 ms)
  Rendered app/views/home/productpage/index.php (7031.55 ms)
  Rendered app/views//home/_home_topbar.php (16.52 ms)
  Rendered app/views//home/_home_header.php (16.47 ms)
  Rendered app/views//home/_home_navbar.php (60.36 ms)
  Rendered app/views/home/_home_footer.php (65.30 ms)
  Rendered app/views/layouts/_back_to_top.php (1.35 ms)
  Rendered app/views/layouts/home.php (7229.37 ms)
Completed 200 OK in (7244.84 ms)
Started GET '/robots.txt' for 216.244.66.250 at 2019-03-03 13:08:27
No route matches [GET] /robots.txt
Completed 404 Not Found in (3.05 ms)
  Rendered public/404.html (1.10 ms)
Started GET '/home/contact' for 66.249.81.4 at 2019-03-03 13:09:24
Processing by home#contact
  Rendered app/views/home/contact.php (42.63 ms)
  Rendered app/views//home/_home_topbar.php (16.97 ms)
  Rendered app/views//home/_home_header.php (16.81 ms)
  Rendered app/views//home/_home_navbar.php (65.56 ms)
  Rendered app/views/home/_home_footer.php (68.68 ms)
  Rendered app/views/layouts/_back_to_top.php (1.32 ms)
  Rendered app/views/layouts/home.php (251.57 ms)
Completed 200 OK in (258.26 ms)
Started GET '/home/products/show/248' for 157.55.39.244 at 2019-03-03 13:33:37
Processing by productpage#show
  Rendered app/views/home/productpage/_table.php (842.20 ms)
  Rendered app/views/home/productpage/show.php (956.07 ms)
  Rendered app/views//home/_home_topbar.php (16.97 ms)
  Rendered app/views//home/_home_header.php (17.62 ms)
  Rendered app/views//home/_home_navbar.php (63.82 ms)
  Rendered app/views/home/_home_footer.php (66.58 ms)
  Rendered app/views/layouts/_back_to_top.php (1.32 ms)
  Rendered app/views/layouts/home.php (1160.59 ms)
Completed 200 OK in (1175.64 ms)
Started GET '/robots.txt' for 216.244.66.250 at 2019-03-03 13:57:48
No route matches [GET] /robots.txt
Completed 404 Not Found in (3.12 ms)
  Rendered public/404.html (1.01 ms)
Started GET '/robots.txt' for 216.244.66.250 at 2019-03-03 14:46:51
No route matches [GET] /robots.txt
Completed 404 Not Found in (3.15 ms)
  Rendered public/404.html (1.00 ms)
Started GET '/home/products/show/367' for 66.249.75.93 at 2019-03-03 15:05:07
Processing by productpage#show
  Rendered app/views/home/productpage/_table.php (224.07 ms)
  Rendered app/views/home/productpage/show.php (330.21 ms)
  Rendered app/views//home/_home_topbar.php (16.19 ms)
  Rendered app/views//home/_home_header.php (16.19 ms)
  Rendered app/views//home/_home_navbar.php (60.84 ms)
  Rendered app/views/home/_home_footer.php (62.20 ms)
  Rendered app/views/layouts/_back_to_top.php (1.22 ms)
  Rendered app/views/layouts/home.php (523.71 ms)
Completed 200 OK in (538.77 ms)
Started GET '/robots.txt' for 157.55.39.103 at 2019-03-03 15:10:48
No route matches [GET] /robots.txt
Completed 404 Not Found in (3.05 ms)
  Rendered public/404.html (0.98 ms)
Started GET '/robots.txt' for 46.229.168.141 at 2019-03-03 15:16:16
No route matches [GET] /robots.txt
Completed 404 Not Found in (3.25 ms)
  Rendered public/404.html (0.96 ms)
Started GET '/home/products/show/299' for 46.229.168.148 at 2019-03-03 15:16:17
Processing by productpage#show
  Rendered app/views/home/productpage/_table.php (1433.81 ms)
  Rendered app/views/home/productpage/show.php (1548.63 ms)
  Rendered app/views//home/_home_topbar.php (16.27 ms)
  Rendered app/views//home/_home_header.php (16.55 ms)
  Rendered app/views//home/_home_navbar.php (62.46 ms)
  Rendered app/views/home/_home_footer.php (64.04 ms)
  Rendered app/views/layouts/_back_to_top.php (1.27 ms)
  Rendered app/views/layouts/home.php (1746.31 ms)
Completed 200 OK in (1763.08 ms)
Started GET '/robots.txt' for 141.8.142.162 at 2019-03-03 15:23:52
No route matches [GET] /robots.txt
Completed 404 Not Found in (3.05 ms)
  Rendered public/404.html (0.97 ms)
Started GET '/robots.txt' for 216.244.66.250 at 2019-03-03 15:36:39
No route matches [GET] /robots.txt
Completed 404 Not Found in (3.23 ms)
  Rendered public/404.html (0.98 ms)
Started GET '/home/agendas/show/14' for 178.154.200.13 at 2019-03-03 15:40:10
Processing by agendapage#show
  Rendered app/views/home/agendapage/show.php (17.79 ms)
  Rendered app/views//home/_home_topbar.php (16.63 ms)
  Rendered app/views//home/_home_header.php (16.34 ms)
  Rendered app/views//home/_home_navbar.php (61.38 ms)
  Rendered app/views/home/_home_footer.php (64.85 ms)
  Rendered app/views/layouts/_back_to_top.php (1.28 ms)
  Rendered app/views/layouts/home.php (214.99 ms)
Completed 200 OK in (230.34 ms)
Started GET '/home/products/show/367' for 66.249.75.95 at 2019-03-03 15:47:34
Processing by productpage#show
  Rendered app/views/home/productpage/_table.php (224.93 ms)
  Rendered app/views/home/productpage/show.php (342.02 ms)
  Rendered app/views//home/_home_topbar.php (16.72 ms)
  Rendered app/views//home/_home_header.php (16.73 ms)
  Rendered app/views//home/_home_navbar.php (62.57 ms)
  Rendered app/views/home/_home_footer.php (66.48 ms)
  Rendered app/views/layouts/_back_to_top.php (1.28 ms)
  Rendered app/views/layouts/home.php (544.42 ms)
Completed 200 OK in (560.14 ms)
Started GET '/home/products/search' for 66.249.69.70 at 2019-03-03 16:16:50
Processing by productpage#search
  Rendered app/views/home/productpage/search.php (71.30 ms)
  Rendered app/views//home/_home_topbar.php (16.46 ms)
  Rendered app/views//home/_home_header.php (16.43 ms)
  Rendered app/views//home/_home_navbar.php (61.54 ms)
  Rendered app/views/home/_home_footer.php (65.94 ms)
  Rendered app/views/layouts/_back_to_top.php (1.27 ms)
  Rendered app/views/layouts/home.php (270.56 ms)
Completed 200 OK in (286.26 ms)
Started GET '/robots.txt' for 216.244.66.250 at 2019-03-03 16:27:35
No route matches [GET] /robots.txt
Completed 404 Not Found in (3.12 ms)
  Rendered public/404.html (0.98 ms)
Started GET '/robots.txt' for 216.244.66.250 at 2019-03-03 17:17:44
No route matches [GET] /robots.txt
Completed 404 Not Found in (3.16 ms)
  Rendered public/404.html (0.99 ms)
Started GET '/home/producttypes/show/44' for 66.249.69.68 at 2019-03-03 17:23:46
Processing by producttypepage#show
  Rendered app/views/home/_menu_product.php (11.50 ms)
  Rendered app/views/home/productpage/_table.php (496.45 ms)
  Rendered app/views/home/producttypepage/show.php (531.56 ms)
  Rendered app/views//home/_home_topbar.php (16.42 ms)
  Rendered app/views//home/_home_header.php (16.44 ms)
  Rendered app/views//home/_home_navbar.php (60.56 ms)
  Rendered app/views/home/_home_footer.php (64.70 ms)
  Rendered app/views/layouts/_back_to_top.php (1.25 ms)
  Rendered app/views/layouts/home.php (728.28 ms)
Completed 200 OK in (751.38 ms)
Started GET '/' for 66.249.69.65 at 2019-03-03 18:06:13
Processing by home#index
  Rendered app/views/home/index.php (28.35 ms)
  Rendered app/views//home/_home_topbar.php (16.38 ms)
  Rendered app/views//home/_home_header.php (16.31 ms)
  Rendered app/views//home/_home_navbar.php (61.16 ms)
  Rendered app/views/home/_home_footer.php (63.52 ms)
  Rendered app/views/layouts/_back_to_top.php (1.35 ms)
  Rendered app/views/layouts/home.php (225.18 ms)
Completed 200 OK in (233.38 ms)
Started GET '/robots.txt' for 216.244.66.250 at 2019-03-03 18:06:42
No route matches [GET] /robots.txt
Completed 404 Not Found in (3.19 ms)
  Rendered public/404.html (0.98 ms)
Started GET '/' for 54.244.149.113 at 2019-03-03 18:49:59
Processing by home#index
  Rendered app/views/home/index.php (28.32 ms)
  Rendered app/views//home/_home_topbar.php (16.48 ms)
  Rendered app/views//home/_home_header.php (16.25 ms)
  Rendered app/views//home/_home_navbar.php (60.19 ms)
  Rendered app/views/home/_home_footer.php (64.54 ms)
  Rendered app/views/layouts/_back_to_top.php (1.25 ms)
  Rendered app/views/layouts/home.php (224.22 ms)
Completed 200 OK in (232.75 ms)
Started GET '/robots.txt' for 216.244.66.250 at 2019-03-03 18:55:56
No route matches [GET] /robots.txt
Completed 404 Not Found in (3.10 ms)
  Rendered public/404.html (0.96 ms)
Started GET '/robots.txt' for 178.154.171.25 at 2019-03-03 19:31:48
No route matches [GET] /robots.txt
Completed 404 Not Found in (3.06 ms)
  Rendered public/404.html (1.00 ms)
Started GET '/home/contact' for 66.249.81.6 at 2019-03-03 19:38:54
Processing by home#contact
  Rendered app/views/home/contact.php (44.03 ms)
  Rendered app/views//home/_home_topbar.php (16.79 ms)
  Rendered app/views//home/_home_header.php (16.84 ms)
  Rendered app/views//home/_home_navbar.php (64.20 ms)
  Rendered app/views/home/_home_footer.php (67.24 ms)
  Rendered app/views/layouts/_back_to_top.php (1.26 ms)
  Rendered app/views/layouts/home.php (249.03 ms)
Completed 200 OK in (257.35 ms)
Started HEAD '/' for 46.166.190.164 at 2019-03-03 19:41:04
Uzay çağında bizim henüz desteklemediğimiz bir method → HEAD → C:\Inetpub\vhosts\akgenseeds.com\httpdocs\lib\ApplicationRoutes.php at line 77

          }

        }

      }

      return NULL;

    }

    throw new Exception("Uzay çağında bizim henüz desteklemediğimiz bir method → " . $request->method);

  }



  private static function set_route(ApplicationRoute $route) {

    if (array_key_exists($route->method, static::$_routes)) {

      if (array_key_exists($route->rule, static::$_routes[$route->method])) {

Started GET '/robots.txt' for 216.244.66.250 at 2019-03-03 19:45:29
No route matches [GET] /robots.txt
Completed 404 Not Found in (3.09 ms)
  Rendered public/404.html (1.02 ms)
Started GET '/home/producttypes/show/42' for 66.249.75.94 at 2019-03-03 19:50:02
Processing by producttypepage#show
  Rendered app/views/home/_menu_product.php (11.57 ms)
  Rendered app/views/home/productpage/_table.php (330.39 ms)
  Rendered app/views/home/producttypepage/show.php (365.20 ms)
  Rendered app/views//home/_home_topbar.php (16.93 ms)
  Rendered app/views//home/_home_header.php (16.66 ms)
  Rendered app/views//home/_home_navbar.php (62.44 ms)
  Rendered app/views/home/_home_footer.php (66.48 ms)
  Rendered app/views/layouts/_back_to_top.php (1.25 ms)
  Rendered app/views/layouts/home.php (566.59 ms)
Completed 200 OK in (596.81 ms)
Started GET '/robots.txt' for 216.244.66.250 at 2019-03-03 20:36:54
No route matches [GET] /robots.txt
Completed 404 Not Found in (2.99 ms)
  Rendered public/404.html (0.98 ms)
Started GET '/' for 94.19.150.216 at 2019-03-03 20:46:15
Processing by home#index
  Rendered app/views/home/index.php (33.55 ms)
  Rendered app/views//home/_home_topbar.php (19.31 ms)
  Rendered app/views//home/_home_header.php (18.89 ms)
  Rendered app/views//home/_home_navbar.php (66.92 ms)
  Rendered app/views/home/_home_footer.php (65.41 ms)
  Rendered app/views/layouts/_back_to_top.php (1.32 ms)
  Rendered app/views/layouts/home.php (248.56 ms)
Completed 200 OK in (257.40 ms)
Started GET '/home/distributors' for 157.55.39.52 at 2019-03-03 21:01:06
Processing by distributorpage#index
  Rendered app/views/home/distributorpage/index.php (85.77 ms)
  Rendered app/views//home/_home_topbar.php (17.14 ms)
  Rendered app/views//home/_home_header.php (16.41 ms)
  Rendered app/views//home/_home_navbar.php (60.84 ms)
  Rendered app/views/home/_home_footer.php (65.12 ms)
  Rendered app/views/layouts/_back_to_top.php (1.26 ms)
  Rendered app/views/layouts/home.php (284.42 ms)
Completed 200 OK in (324.63 ms)
Started GET '/wp-includes/LICENSE.php' for 193.106.30.98 at 2019-03-03 21:06:09
No route matches [GET] /wp-includes/LICENSE.php
Completed 404 Not Found in (3.01 ms)
  Rendered public/404.html (1.03 ms)
Started GET '/home/products/show/273' for 77.136.201.97 at 2019-03-03 21:12:01
Processing by productpage#show
  Rendered app/views/home/productpage/_table.php (500.64 ms)
  Rendered app/views/home/productpage/show.php (608.76 ms)
  Rendered app/views//home/_home_topbar.php (16.47 ms)
  Rendered app/views//home/_home_header.php (16.72 ms)
  Rendered app/views//home/_home_navbar.php (60.73 ms)
  Rendered app/views/home/_home_footer.php (66.36 ms)
  Rendered app/views/layouts/_back_to_top.php (1.30 ms)
  Rendered app/views/layouts/home.php (807.73 ms)
Completed 200 OK in (822.72 ms)
Started GET '/robots.txt' for 216.244.66.250 at 2019-03-03 21:28:15
No route matches [GET] /robots.txt
Completed 404 Not Found in (3.07 ms)
  Rendered public/404.html (1.04 ms)
Started GET '/robots.txt' for 216.244.66.250 at 2019-03-03 22:19:48
No route matches [GET] /robots.txt
Completed 404 Not Found in (3.22 ms)
  Rendered public/404.html (1.00 ms)
Started GET '/wordpress2/wp-login.php' for 212.92.123.95 at 2019-03-03 22:50:30
No route matches [GET] /wordpress2/wp-login.php
Completed 404 Not Found in (3.13 ms)
  Rendered public/404.html (0.98 ms)
Started GET '/blog1/wp-login.php' for 212.92.123.95 at 2019-03-03 22:50:31
No route matches [GET] /blog1/wp-login.php
Completed 404 Not Found in (3.08 ms)
  Rendered public/404.html (0.94 ms)
Started GET '/wordpress/wp-login.php' for 212.92.123.95 at 2019-03-03 22:50:31
No route matches [GET] /wordpress/wp-login.php
Completed 404 Not Found in (3.08 ms)
  Rendered public/404.html (0.94 ms)
Started GET '/test/wp-login.php' for 212.92.123.95 at 2019-03-03 22:50:32
No route matches [GET] /test/wp-login.php
Completed 404 Not Found in (3.01 ms)
  Rendered public/404.html (0.93 ms)
Started GET '/blog1/wp-login.php' for 212.92.123.95 at 2019-03-03 22:50:32
No route matches [GET] /blog1/wp-login.php
Completed 404 Not Found in (3.04 ms)
  Rendered public/404.html (0.93 ms)
Started GET '/blog/wp-login.php' for 212.92.123.95 at 2019-03-03 22:50:32
No route matches [GET] /blog/wp-login.php
Completed 404 Not Found in (3.00 ms)
  Rendered public/404.html (0.95 ms)
Started GET '/wordpress1/wp-login.php' for 212.92.123.95 at 2019-03-03 22:50:33
No route matches [GET] /wordpress1/wp-login.php
Completed 404 Not Found in (3.11 ms)
  Rendered public/404.html (0.92 ms)
Started GET '/wp1/wp-login.php' for 212.92.123.95 at 2019-03-03 22:50:33
No route matches [GET] /wp1/wp-login.php
Completed 404 Not Found in (3.85 ms)
  Rendered public/404.html (0.95 ms)
Started GET '/test3/wp-login.php' for 212.92.123.95 at 2019-03-03 22:50:33
No route matches [GET] /test3/wp-login.php
Completed 404 Not Found in (2.98 ms)
  Rendered public/404.html (0.91 ms)
Started GET '/wordpress2/wp-login.php' for 212.92.123.95 at 2019-03-03 22:50:34
No route matches [GET] /wordpress2/wp-login.php
Completed 404 Not Found in (2.97 ms)
  Rendered public/404.html (0.91 ms)
Started GET '/wordpress/wp-login.php' for 212.92.123.95 at 2019-03-03 22:50:34
No route matches [GET] /wordpress/wp-login.php
Completed 404 Not Found in (2.91 ms)
  Rendered public/404.html (0.90 ms)
Started GET '/test2/wp-login.php' for 212.92.123.95 at 2019-03-03 22:50:35
No route matches [GET] /test2/wp-login.php
Completed 404 Not Found in (2.97 ms)
  Rendered public/404.html (0.94 ms)
Started GET '/wp/wp-login.php' for 212.92.123.95 at 2019-03-03 22:50:35
No route matches [GET] /wp/wp-login.php
Completed 404 Not Found in (3.00 ms)
  Rendered public/404.html (0.92 ms)
Started GET '/wp-login.php' for 212.92.123.95 at 2019-03-03 22:50:35
No route matches [GET] /wp-login.php
Completed 404 Not Found in (2.98 ms)
  Rendered public/404.html (0.94 ms)
Started GET '/wordpress3/wp-login.php' for 212.92.123.95 at 2019-03-03 22:50:36
No route matches [GET] /wordpress3/wp-login.php
Completed 404 Not Found in (2.95 ms)
  Rendered public/404.html (0.93 ms)
Started GET '/wordpress3/wp-login.php' for 212.92.123.95 at 2019-03-03 22:50:36
No route matches [GET] /wordpress3/wp-login.php
Completed 404 Not Found in (3.06 ms)
  Rendered public/404.html (0.95 ms)
Started GET '/test2/wp-login.php' for 212.92.123.95 at 2019-03-03 22:50:36
No route matches [GET] /test2/wp-login.php
Completed 404 Not Found in (2.94 ms)
  Rendered public/404.html (0.91 ms)
Started GET '/blog3/wp-login.php' for 212.92.123.95 at 2019-03-03 22:50:37
No route matches [GET] /blog3/wp-login.php
Completed 404 Not Found in (2.96 ms)
  Rendered public/404.html (0.91 ms)
Started GET '/wp1/wp-login.php' for 212.92.123.95 at 2019-03-03 22:50:37
No route matches [GET] /wp1/wp-login.php
Completed 404 Not Found in (3.13 ms)
  Rendered public/404.html (0.92 ms)
Started GET '/test/wp-login.php' for 212.92.123.95 at 2019-03-03 22:50:37
No route matches [GET] /test/wp-login.php
Completed 404 Not Found in (3.50 ms)
  Rendered public/404.html (0.98 ms)
Started GET '/wp3/wp-login.php' for 212.92.123.95 at 2019-03-03 22:50:38
No route matches [GET] /wp3/wp-login.php
Completed 404 Not Found in (3.00 ms)
  Rendered public/404.html (0.93 ms)
Started GET '/blog2/wp-login.php' for 212.92.123.95 at 2019-03-03 22:50:38
No route matches [GET] /blog2/wp-login.php
Completed 404 Not Found in (2.99 ms)
  Rendered public/404.html (0.92 ms)
Started GET '/test1/wp-login.php' for 212.92.123.95 at 2019-03-03 22:50:39
No route matches [GET] /test1/wp-login.php
Completed 404 Not Found in (3.02 ms)
  Rendered public/404.html (0.92 ms)
Started GET '/blog3/wp-login.php' for 212.92.123.95 at 2019-03-03 22:50:39
No route matches [GET] /blog3/wp-login.php
Completed 404 Not Found in (3.00 ms)
  Rendered public/404.html (0.92 ms)
Started GET '/wordpress1/wp-login.php' for 212.92.123.95 at 2019-03-03 22:50:39
No route matches [GET] /wordpress1/wp-login.php
Completed 404 Not Found in (2.97 ms)
  Rendered public/404.html (0.93 ms)
Started GET '/blog/wp-login.php' for 212.92.123.95 at 2019-03-03 22:50:40
No route matches [GET] /blog/wp-login.php
Completed 404 Not Found in (3.06 ms)
  Rendered public/404.html (0.93 ms)
Started GET '/blog2/wp-login.php' for 212.92.123.95 at 2019-03-03 22:50:40
No route matches [GET] /blog2/wp-login.php
Completed 404 Not Found in (2.93 ms)
  Rendered public/404.html (0.91 ms)
Started GET '/wp3/wp-login.php' for 212.92.123.95 at 2019-03-03 22:50:41
No route matches [GET] /wp3/wp-login.php
Completed 404 Not Found in (2.94 ms)
  Rendered public/404.html (0.90 ms)
Started GET '/wp2/wp-login.php' for 212.92.123.95 at 2019-03-03 22:50:41
No route matches [GET] /wp2/wp-login.php
Completed 404 Not Found in (3.08 ms)
  Rendered public/404.html (0.94 ms)
Started GET '/wp/wp-login.php' for 212.92.123.95 at 2019-03-03 22:50:41
No route matches [GET] /wp/wp-login.php
Completed 404 Not Found in (2.94 ms)
  Rendered public/404.html (0.91 ms)
Started GET '/wp2/wp-login.php' for 212.92.123.95 at 2019-03-03 22:50:42
No route matches [GET] /wp2/wp-login.php
Completed 404 Not Found in (3.01 ms)
  Rendered public/404.html (0.94 ms)
Started GET '/test3/wp-login.php' for 212.92.123.95 at 2019-03-03 22:50:42
No route matches [GET] /test3/wp-login.php
Completed 404 Not Found in (3.28 ms)
  Rendered public/404.html (1.01 ms)
Started GET '/test1/wp-login.php' for 212.92.123.95 at 2019-03-03 22:50:43
No route matches [GET] /test1/wp-login.php
Completed 404 Not Found in (3.09 ms)
  Rendered public/404.html (0.94 ms)
Started GET '/robots.txt' for 54.36.150.3 at 2019-03-03 22:55:59
No route matches [GET] /robots.txt
Completed 404 Not Found in (3.80 ms)
  Rendered public/404.html (1.06 ms)
Started GET '/robots.txt' for 66.249.75.93 at 2019-03-03 23:05:37
No route matches [GET] /robots.txt
Completed 404 Not Found in (3.13 ms)
  Rendered public/404.html (0.99 ms)
Started GET '/home/products/show/300' for 66.249.75.93 at 2019-03-03 23:05:37
Processing by productpage#show
  Rendered app/views/home/productpage/_table.php (499.13 ms)
  Rendered app/views/home/productpage/show.php (607.28 ms)
  Rendered app/views//home/_home_topbar.php (16.90 ms)
  Rendered app/views//home/_home_header.php (19.45 ms)
  Rendered app/views//home/_home_navbar.php (66.64 ms)
  Rendered app/views/home/_home_footer.php (63.92 ms)
  Rendered app/views/layouts/_back_to_top.php (1.28 ms)
  Rendered app/views/layouts/home.php (814.59 ms)
Completed 200 OK in (831.75 ms)
Started GET '/home/products/show/306' for 157.55.39.93 at 2019-03-03 23:09:07
Processing by productpage#show
  Rendered app/views/home/productpage/_table.php (815.06 ms)
  Rendered app/views/home/productpage/show.php (924.62 ms)
  Rendered app/views//home/_home_topbar.php (16.06 ms)
  Rendered app/views//home/_home_header.php (15.99 ms)
  Rendered app/views//home/_home_navbar.php (59.74 ms)
  Rendered app/views/home/_home_footer.php (64.48 ms)
  Rendered app/views/layouts/_back_to_top.php (1.22 ms)
  Rendered app/views/layouts/home.php (1119.14 ms)
Completed 200 OK in (1133.02 ms)
Started GET '/robots.txt' for 216.244.66.250 at 2019-03-03 23:10:51
No route matches [GET] /robots.txt
Completed 404 Not Found in (3.03 ms)
  Rendered public/404.html (0.94 ms)
