Started GET '/robots.txt' for 216.244.66.250 at 2019-02-27 00:34:06
No route matches [GET] /robots.txt
Completed 404 Not Found in (3.44 ms)
  Rendered public/404.html (0.98 ms)
Started GET '/home/products/show/404' for 54.36.148.183 at 2019-02-27 01:48:26
Processing by productpage#show
  Rendered app/views/home/productpage/_table.php (1505.61 ms)
  Rendered app/views/home/productpage/show.php (1621.07 ms)
  Rendered app/views//home/_home_topbar.php (17.87 ms)
  Rendered app/views//home/_home_header.php (17.02 ms)
  Rendered app/views//home/_home_navbar.php (64.11 ms)
  Rendered app/views/home/_home_footer.php (68.35 ms)
  Rendered app/views/layouts/_back_to_top.php (1.42 ms)
  Rendered app/views/layouts/home.php (1829.69 ms)
Completed 200 OK in (1845.35 ms)
Started GET '/robots.txt' for 216.244.66.250 at 2019-02-27 02:16:34
No route matches [GET] /robots.txt
Completed 404 Not Found in (3.38 ms)
  Rendered public/404.html (9.35 ms)
Started GET '/home/products/show/297' for 54.36.150.169 at 2019-02-27 02:26:37
Processing by productpage#show
  Rendered app/views/home/productpage/_table.php (1414.26 ms)
  Rendered app/views/home/productpage/show.php (1629.27 ms)
  Rendered app/views//home/_home_topbar.php (37.73 ms)
  Rendered app/views//home/_home_header.php (39.56 ms)
  Rendered app/views//home/_home_navbar.php (98.76 ms)
  Rendered app/views/home/_home_footer.php (111.32 ms)
  Rendered app/views/layouts/_back_to_top.php (49.94 ms)
  Rendered app/views/layouts/home.php (2036.86 ms)
Completed 200 OK in (2174.94 ms)
Started GET '/' for 66.249.75.94 at 2019-02-27 02:55:32
Processing by home#index
  Rendered app/views/home/index.php (161.82 ms)
  Rendered app/views//home/_home_topbar.php (17.93 ms)
  Rendered app/views//home/_home_header.php (17.64 ms)
  Rendered app/views//home/_home_navbar.php (64.05 ms)
  Rendered app/views/home/_home_footer.php (68.56 ms)
  Rendered app/views/layouts/_back_to_top.php (1.33 ms)
  Rendered app/views/layouts/home.php (371.52 ms)
Completed 200 OK in (380.84 ms)
Started GET '/robots.txt' for 216.244.66.250 at 2019-02-27 03:55:38
No route matches [GET] /robots.txt
Completed 404 Not Found in (3.01 ms)
  Rendered public/404.html (0.96 ms)
Started GET '/home/products/show/342' for 54.36.148.16 at 2019-02-27 04:18:45
Processing by productpage#show
  Rendered app/views/home/productpage/_table.php (1457.58 ms)
  Rendered app/views/home/productpage/show.php (1564.96 ms)
  Rendered app/views//home/_home_topbar.php (16.72 ms)
  Rendered app/views//home/_home_header.php (18.28 ms)
  Rendered app/views//home/_home_navbar.php (61.83 ms)
  Rendered app/views/home/_home_footer.php (65.50 ms)
  Rendered app/views/layouts/_back_to_top.php (1.30 ms)
  Rendered app/views/layouts/home.php (1766.63 ms)
Completed 200 OK in (1781.78 ms)
Started GET '/robots.txt' for 216.244.66.250 at 2019-02-27 04:45:44
No route matches [GET] /robots.txt
Completed 404 Not Found in (3.06 ms)
  Rendered public/404.html (0.98 ms)
Started GET '/robots.txt' for 46.229.168.142 at 2019-02-27 05:17:02
No route matches [GET] /robots.txt
Completed 404 Not Found in (37.39 ms)
  Rendered public/404.html (12.89 ms)
Started GET '/home/categories/show/10' for 46.229.168.137 at 2019-02-27 05:17:03
Processing by categorypage#show
  Rendered app/views/home/_menu_product.php (17.64 ms)
  Rendered app/views/home/categorypage/show.php (137.42 ms)
  Rendered app/views//home/_home_topbar.php (22.72 ms)
  Rendered app/views//home/_home_header.php (25.88 ms)
  Rendered app/views//home/_home_navbar.php (74.96 ms)
  Rendered app/views/home/_home_footer.php (91.22 ms)
  Rendered app/views/layouts/_back_to_top.php (11.63 ms)
  Rendered app/views/layouts/home.php (411.27 ms)
Completed 200 OK in (490.52 ms)
Started GET '/robots.txt' for 66.249.75.95 at 2019-02-27 05:27:34
No route matches [GET] /robots.txt
Completed 404 Not Found in (3.06 ms)
  Rendered public/404.html (0.98 ms)
Started GET '/robots.txt' for 216.244.66.250 at 2019-02-27 05:37:41
No route matches [GET] /robots.txt
Completed 404 Not Found in (2.98 ms)
  Rendered public/404.html (0.95 ms)
Started GET '/home/products/show/283' for 66.249.75.93 at 2019-02-27 05:45:24
Processing by productpage#show
  Rendered app/views/home/productpage/_table.php (337.86 ms)
  Rendered app/views/home/productpage/show.php (452.12 ms)
  Rendered app/views//home/_home_topbar.php (16.89 ms)
  Rendered app/views//home/_home_header.php (16.31 ms)
  Rendered app/views//home/_home_navbar.php (61.93 ms)
  Rendered app/views/home/_home_footer.php (65.31 ms)
  Rendered app/views/layouts/_back_to_top.php (1.35 ms)
  Rendered app/views/layouts/home.php (650.89 ms)
Completed 200 OK in (672.74 ms)
Started GET '/home/products/show/267' for 66.249.75.95 at 2019-02-27 06:18:49
Processing by productpage#show
  Rendered app/views/home/productpage/_table.php (503.78 ms)
  Rendered app/views/home/productpage/show.php (612.38 ms)
  Rendered app/views//home/_home_topbar.php (16.55 ms)
  Rendered app/views//home/_home_header.php (17.37 ms)
  Rendered app/views//home/_home_navbar.php (61.23 ms)
  Rendered app/views/home/_home_footer.php (63.89 ms)
  Rendered app/views/layouts/_back_to_top.php (1.23 ms)
  Rendered app/views/layouts/home.php (810.07 ms)
Completed 200 OK in (825.07 ms)
Started GET '/wp-includes/locale.php' for 193.106.30.98 at 2019-02-27 07:38:43
No route matches [GET] /wp-includes/locale.php
Completed 404 Not Found in (3.28 ms)
  Rendered public/404.html (1.08 ms)
Started GET '/robots.txt' for 54.36.150.38 at 2019-02-27 07:42:48
No route matches [GET] /robots.txt
Completed 404 Not Found in (3.15 ms)
  Rendered public/404.html (0.98 ms)
Started GET '/home/products/show/360' for 54.36.150.124 at 2019-02-27 07:42:49
Processing by productpage#show
  Rendered app/views/home/productpage/_table.php (1449.38 ms)
  Rendered app/views/home/productpage/show.php (1559.31 ms)
  Rendered app/views//home/_home_topbar.php (16.24 ms)
  Rendered app/views//home/_home_header.php (17.44 ms)
  Rendered app/views//home/_home_navbar.php (63.28 ms)
  Rendered app/views/home/_home_footer.php (63.93 ms)
  Rendered app/views/layouts/_back_to_top.php (1.30 ms)
  Rendered app/views/layouts/home.php (1758.69 ms)
Completed 200 OK in (1773.54 ms)
Started GET '/home/products/show/267' for 66.249.69.65 at 2019-02-27 07:44:10
Processing by productpage#show
  Rendered app/views/home/productpage/_table.php (487.59 ms)
  Rendered app/views/home/productpage/show.php (592.75 ms)
  Rendered app/views//home/_home_topbar.php (16.68 ms)
  Rendered app/views//home/_home_header.php (16.14 ms)
  Rendered app/views//home/_home_navbar.php (59.96 ms)
  Rendered app/views/home/_home_footer.php (63.59 ms)
  Rendered app/views/layouts/_back_to_top.php (1.23 ms)
  Rendered app/views/layouts/home.php (786.46 ms)
Completed 200 OK in (799.33 ms)
Started GET '/robots.txt' for 46.229.168.152 at 2019-02-27 07:55:12
No route matches [GET] /robots.txt
Completed 404 Not Found in (3.26 ms)
  Rendered public/404.html (1.09 ms)
Started GET '/home/products/show/357' for 46.229.168.143 at 2019-02-27 07:55:13
Processing by productpage#show
  Rendered app/views/home/productpage/_table.php (1496.60 ms)
  Rendered app/views/home/productpage/show.php (1609.97 ms)
  Rendered app/views//home/_home_topbar.php (16.53 ms)
  Rendered app/views//home/_home_header.php (16.22 ms)
  Rendered app/views//home/_home_navbar.php (60.56 ms)
  Rendered app/views/home/_home_footer.php (72.87 ms)
  Rendered app/views/layouts/_back_to_top.php (1.25 ms)
  Rendered app/views/layouts/home.php (1814.53 ms)
Completed 200 OK in (1831.48 ms)
Started GET '/test/' for 218.66.74.188 at 2019-02-27 08:06:11
No route matches [GET] /test/
Completed 404 Not Found in (3.16 ms)
  Rendered public/404.html (1.03 ms)
Started GET '/home/products/show/298' for 54.36.148.188 at 2019-02-27 08:10:31
Processing by productpage#show
  Rendered app/views/home/productpage/_table.php (1500.22 ms)
  Rendered app/views/home/productpage/show.php (1613.40 ms)
  Rendered app/views//home/_home_topbar.php (17.45 ms)
  Rendered app/views//home/_home_header.php (16.29 ms)
  Rendered app/views//home/_home_navbar.php (59.68 ms)
  Rendered app/views/home/_home_footer.php (65.43 ms)
  Rendered app/views/layouts/_back_to_top.php (1.32 ms)
  Rendered app/views/layouts/home.php (1810.64 ms)
Completed 200 OK in (1826.34 ms)
Started GET '/robots.txt' for 216.244.66.250 at 2019-02-27 08:10:35
No route matches [GET] /robots.txt
Completed 404 Not Found in (2.99 ms)
  Rendered public/404.html (0.95 ms)
Started GET '/home/products/show/248' for 54.36.148.197 at 2019-02-27 08:39:45
Processing by productpage#show
  Rendered app/views/home/productpage/_table.php (834.73 ms)
  Rendered app/views/home/productpage/show.php (943.48 ms)
  Rendered app/views//home/_home_topbar.php (17.51 ms)
  Rendered app/views//home/_home_header.php (16.87 ms)
  Rendered app/views//home/_home_navbar.php (72.32 ms)
  Rendered app/views/home/_home_footer.php (74.46 ms)
  Rendered app/views/layouts/_back_to_top.php (1.57 ms)
  Rendered app/views/layouts/home.php (1166.22 ms)
Completed 200 OK in (1186.33 ms)
Started GET '/robots.txt' for 216.244.66.250 at 2019-02-27 09:00:00
No route matches [GET] /robots.txt
Completed 404 Not Found in (3.04 ms)
  Rendered public/404.html (0.97 ms)
Started GET '/robots.txt' for 216.244.66.250 at 2019-02-27 09:49:31
No route matches [GET] /robots.txt
Completed 404 Not Found in (3.34 ms)
  Rendered public/404.html (1.00 ms)
Started GET '/robots.txt' for 37.9.113.123 at 2019-02-27 11:27:17
No route matches [GET] /robots.txt
Completed 404 Not Found in (3.11 ms)
  Rendered public/404.html (0.97 ms)
Started GET '/robots.txt' for 216.244.66.250 at 2019-02-27 11:27:56
No route matches [GET] /robots.txt
Completed 404 Not Found in (4.74 ms)
  Rendered public/404.html (1.51 ms)
Started GET '/' for 209.17.97.90 at 2019-02-27 11:38:21
Processing by home#index
  Rendered app/views/home/index.php (39.89 ms)
  Rendered app/views//home/_home_topbar.php (16.57 ms)
  Rendered app/views//home/_home_header.php (16.66 ms)
  Rendered app/views//home/_home_navbar.php (63.66 ms)
  Rendered app/views/home/_home_footer.php (65.63 ms)
  Rendered app/views/layouts/_back_to_top.php (1.33 ms)
  Rendered app/views/layouts/home.php (242.00 ms)
Completed 200 OK in (250.34 ms)
Started GET '/home/producttypes/show/43' for 46.154.101.105 at 2019-02-27 12:27:37
Processing by producttypepage#show
  Rendered app/views/home/_menu_product.php (11.67 ms)
  Rendered app/views/home/productpage/_table.php (293.31 ms)
  Rendered app/views/home/producttypepage/show.php (345.25 ms)
  Rendered app/views//home/_home_topbar.php (17.62 ms)
  Rendered app/views//home/_home_header.php (17.89 ms)
  Rendered app/views//home/_home_navbar.php (64.40 ms)
  Rendered app/views/home/_home_footer.php (68.63 ms)
  Rendered app/views/layouts/_back_to_top.php (1.37 ms)
  Rendered app/views/layouts/home.php (555.62 ms)
Completed 200 OK in (589.76 ms)
Started GET '/home/products/show/277' for 54.36.148.12 at 2019-02-27 12:45:55
Processing by productpage#show
  Rendered app/views/home/productpage/_table.php (291.17 ms)
  Rendered app/views/home/productpage/show.php (399.03 ms)
  Rendered app/views//home/_home_topbar.php (17.26 ms)
  Rendered app/views//home/_home_header.php (17.25 ms)
  Rendered app/views//home/_home_navbar.php (60.70 ms)
  Rendered app/views/home/_home_footer.php (64.47 ms)
  Rendered app/views/layouts/_back_to_top.php (1.28 ms)
  Rendered app/views/layouts/home.php (597.39 ms)
Completed 200 OK in (612.88 ms)
Started GET '/home/pages/32' for 40.77.167.48 at 2019-02-27 12:51:26
Processing by page#show
  Rendered app/views/home/page/show.php (86.18 ms)
  Rendered app/views//home/_home_topbar.php (17.56 ms)
  Rendered app/views//home/_home_header.php (17.58 ms)
  Rendered app/views//home/_home_navbar.php (68.91 ms)
  Rendered app/views/home/_home_footer.php (67.04 ms)
  Rendered app/views/layouts/_back_to_top.php (1.29 ms)
  Rendered app/views/layouts/home.php (298.96 ms)
Completed 200 OK in (323.69 ms)
Started GET '/robots.txt' for 216.244.66.250 at 2019-02-27 13:07:05
No route matches [GET] /robots.txt
Completed 404 Not Found in (3.43 ms)
  Rendered public/404.html (0.99 ms)
Started GET '/wp-login.php' for 134.236.243.12 at 2019-02-27 13:15:25
No route matches [GET] /wp-login.php
Completed 404 Not Found in (3.05 ms)
  Rendered public/404.html (0.97 ms)
Started GET '/home' for 54.36.148.24 at 2019-02-27 13:43:21
Processing by home#index
  Rendered app/views/home/index.php (29.50 ms)
  Rendered app/views//home/_home_topbar.php (18.40 ms)
  Rendered app/views//home/_home_header.php (18.52 ms)
  Rendered app/views//home/_home_navbar.php (63.08 ms)
  Rendered app/views/home/_home_footer.php (66.31 ms)
  Rendered app/views/layouts/_back_to_top.php (1.30 ms)
  Rendered app/views/layouts/home.php (235.07 ms)
Completed 200 OK in (243.22 ms)
Started GET '/robots.txt' for 216.244.66.250 at 2019-02-27 13:58:45
No route matches [GET] /robots.txt
Completed 404 Not Found in (3.12 ms)
  Rendered public/404.html (0.99 ms)
Started GET '/home/products/show/320' for 54.36.148.140 at 2019-02-27 14:01:13
Processing by productpage#show
  Rendered app/views/home/productpage/_table.php (1492.51 ms)
  Rendered app/views/home/productpage/show.php (1603.65 ms)
  Rendered app/views//home/_home_topbar.php (16.20 ms)
  Rendered app/views//home/_home_header.php (16.31 ms)
  Rendered app/views//home/_home_navbar.php (60.03 ms)
  Rendered app/views/home/_home_footer.php (64.90 ms)
  Rendered app/views/layouts/_back_to_top.php (1.28 ms)
  Rendered app/views/layouts/home.php (1799.14 ms)
Completed 200 OK in (1814.71 ms)
Started GET '/home/contact' for 157.55.39.240 at 2019-02-27 14:27:09
Processing by home#contact
  Rendered app/views/home/contact.php (56.05 ms)
  Rendered app/views//home/_home_topbar.php (18.05 ms)
  Rendered app/views//home/_home_header.php (18.50 ms)
  Rendered app/views//home/_home_navbar.php (64.27 ms)
  Rendered app/views/home/_home_footer.php (67.42 ms)
  Rendered app/views/layouts/_back_to_top.php (1.32 ms)
  Rendered app/views/layouts/home.php (265.42 ms)
Completed 200 OK in (273.78 ms)
Started GET '/robots.txt' for 141.8.183.215 at 2019-02-27 14:27:14
No route matches [GET] /robots.txt
Completed 404 Not Found in (3.04 ms)
  Rendered public/404.html (1.04 ms)
Started GET '/home/products/show/358' for 66.249.75.95 at 2019-02-27 14:27:41
Processing by productpage#show
  Rendered app/views/home/productpage/_table.php (1435.83 ms)
  Rendered app/views/home/productpage/show.php (1545.60 ms)
  Rendered app/views//home/_home_topbar.php (16.12 ms)
  Rendered app/views//home/_home_header.php (16.15 ms)
  Rendered app/views//home/_home_navbar.php (60.72 ms)
  Rendered app/views/home/_home_footer.php (63.53 ms)
  Rendered app/views/layouts/_back_to_top.php (1.30 ms)
  Rendered app/views/layouts/home.php (1740.78 ms)
Completed 200 OK in (1754.87 ms)
Started GET '/robots.txt' for 40.77.167.198 at 2019-02-27 14:34:09
No route matches [GET] /robots.txt
Completed 404 Not Found in (3.36 ms)
  Rendered public/404.html (0.99 ms)
Started GET '/' for 52.213.146.75 at 2019-02-27 14:48:21
Processing by home#index
  Rendered app/views/home/index.php (28.52 ms)
  Rendered app/views//home/_home_topbar.php (16.50 ms)
  Rendered app/views//home/_home_header.php (16.29 ms)
  Rendered app/views//home/_home_navbar.php (61.25 ms)
  Rendered app/views/home/_home_footer.php (67.19 ms)
  Rendered app/views/layouts/_back_to_top.php (1.31 ms)
  Rendered app/views/layouts/home.php (227.96 ms)
Completed 200 OK in (236.20 ms)
Started GET '/robots.txt' for 216.244.66.250 at 2019-02-27 14:50:25
No route matches [GET] /robots.txt
Completed 404 Not Found in (3.18 ms)
  Rendered public/404.html (1.01 ms)
Started GET '/home/products/show/235' for 54.36.149.1 at 2019-02-27 14:58:09
Processing by productpage#show
  Rendered app/views/home/productpage/_table.php (223.83 ms)
  Rendered app/views/home/productpage/show.php (332.05 ms)
  Rendered app/views//home/_home_topbar.php (16.37 ms)
  Rendered app/views//home/_home_header.php (18.49 ms)
  Rendered app/views//home/_home_navbar.php (68.99 ms)
  Rendered app/views/home/_home_footer.php (66.57 ms)
  Rendered app/views/layouts/_back_to_top.php (1.30 ms)
  Rendered app/views/layouts/home.php (541.60 ms)
Completed 200 OK in (557.02 ms)
Started GET '/home/pages/32' for 157.55.39.240 at 2019-02-27 15:39:08
Processing by page#show
  Rendered app/views/home/page/show.php (82.15 ms)
  Rendered app/views//home/_home_topbar.php (17.21 ms)
  Rendered app/views//home/_home_header.php (17.76 ms)
  Rendered app/views//home/_home_navbar.php (65.91 ms)
  Rendered app/views/home/_home_footer.php (69.84 ms)
  Rendered app/views/layouts/_back_to_top.php (1.32 ms)
  Rendered app/views/layouts/home.php (293.12 ms)
Completed 200 OK in (308.72 ms)
Started GET '/robots.txt' for 216.244.66.250 at 2019-02-27 16:30:58
No route matches [GET] /robots.txt
Completed 404 Not Found in (3.26 ms)
  Rendered public/404.html (1.03 ms)
Started GET '/home/products/show/337' for 54.36.150.169 at 2019-02-27 16:53:04
Processing by productpage#show
  Rendered app/views/home/productpage/_table.php (1472.53 ms)
  Rendered app/views/home/productpage/show.php (1582.30 ms)
  Rendered app/views//home/_home_topbar.php (16.57 ms)
  Rendered app/views//home/_home_header.php (16.16 ms)
  Rendered app/views//home/_home_navbar.php (61.04 ms)
  Rendered app/views/home/_home_footer.php (67.16 ms)
  Rendered app/views/layouts/_back_to_top.php (1.26 ms)
  Rendered app/views/layouts/home.php (1783.96 ms)
Completed 200 OK in (1798.94 ms)
Started GET '/' for 54.214.100.199 at 2019-02-27 17:03:17
Processing by home#index
  Rendered app/views/home/index.php (30.70 ms)
  Rendered app/views//home/_home_topbar.php (17.50 ms)
  Rendered app/views//home/_home_header.php (16.98 ms)
  Rendered app/views//home/_home_navbar.php (64.17 ms)
  Rendered app/views/home/_home_footer.php (78.82 ms)
  Rendered app/views/layouts/_back_to_top.php (1.32 ms)
  Rendered app/views/layouts/home.php (249.33 ms)
Completed 200 OK in (257.75 ms)
Started GET '/robots.txt' for 216.244.66.250 at 2019-02-27 17:20:57
No route matches [GET] /robots.txt
Completed 404 Not Found in (3.13 ms)
  Rendered public/404.html (0.98 ms)
Started GET '/' for 66.249.75.95 at 2019-02-27 17:28:32
Processing by home#index
Started GET '/robots.txt' for 66.249.75.94 at 2019-02-27 17:28:32
No route matches [GET] /robots.txt
Completed 404 Not Found in (3.43 ms)
  Rendered public/404.html (1.25 ms)
  Rendered app/views/home/index.php (29.73 ms)
  Rendered app/views//home/_home_topbar.php (16.31 ms)
  Rendered app/views//home/_home_header.php (16.42 ms)
  Rendered app/views//home/_home_navbar.php (59.98 ms)
  Rendered app/views/home/_home_footer.php (63.66 ms)
  Rendered app/views/layouts/_back_to_top.php (1.33 ms)
  Rendered app/views/layouts/home.php (224.63 ms)
Completed 200 OK in (233.48 ms)
Started GET '/home/products/show/270' for 54.36.148.179 at 2019-02-27 17:38:15
Processing by productpage#show
  Rendered app/views/home/productpage/_table.php (801.98 ms)
  Rendered app/views/home/productpage/show.php (908.07 ms)
  Rendered app/views//home/_home_topbar.php (16.04 ms)
  Rendered app/views//home/_home_header.php (15.97 ms)
  Rendered app/views//home/_home_navbar.php (59.83 ms)
  Rendered app/views/home/_home_footer.php (63.49 ms)
  Rendered app/views/layouts/_back_to_top.php (1.26 ms)
  Rendered app/views/layouts/home.php (1101.45 ms)
Completed 200 OK in (1116.32 ms)
Started GET '/' for 40.77.167.176 at 2019-02-27 17:51:32
Processing by home#index
  Rendered app/views/home/index.php (28.88 ms)
  Rendered app/views//home/_home_topbar.php (16.93 ms)
  Rendered app/views//home/_home_header.php (16.76 ms)
  Rendered app/views//home/_home_navbar.php (62.80 ms)
  Rendered app/views/home/_home_footer.php (69.77 ms)
  Rendered app/views/layouts/_back_to_top.php (1.31 ms)
  Rendered app/views/layouts/home.php (234.45 ms)
Completed 200 OK in (242.83 ms)
Started GET '/home/products/show/354' for 54.36.150.82 at 2019-02-27 18:57:29
Processing by productpage#show
  Rendered app/views/home/productpage/_table.php (1471.62 ms)
  Rendered app/views/home/productpage/show.php (1579.51 ms)
  Rendered app/views//home/_home_topbar.php (16.56 ms)
  Rendered app/views//home/_home_header.php (17.09 ms)
  Rendered app/views//home/_home_navbar.php (64.60 ms)
  Rendered app/views/home/_home_footer.php (65.06 ms)
  Rendered app/views/layouts/_back_to_top.php (1.40 ms)
  Rendered app/views/layouts/home.php (1782.07 ms)
Completed 200 OK in (1797.31 ms)
Started GET '/robots.txt' for 216.244.66.250 at 2019-02-27 19:04:31
No route matches [GET] /robots.txt
Completed 404 Not Found in (3.20 ms)
  Rendered public/404.html (1.01 ms)
Started GET '/' for 66.249.75.94 at 2019-02-27 19:30:47
Processing by home#index
  Rendered app/views/home/index.php (28.88 ms)
  Rendered app/views//home/_home_topbar.php (16.72 ms)
  Rendered app/views//home/_home_header.php (16.60 ms)
  Rendered app/views//home/_home_navbar.php (61.32 ms)
  Rendered app/views/home/_home_footer.php (65.84 ms)
  Rendered app/views/layouts/_back_to_top.php (1.32 ms)
  Rendered app/views/layouts/home.php (227.71 ms)
Completed 200 OK in (235.90 ms)
Started GET '/' for 54.221.86.29 at 2019-02-27 19:41:54
Processing by home#index
  Rendered app/views/home/index.php (35.29 ms)
  Rendered app/views//home/_home_topbar.php (22.61 ms)
  Rendered app/views//home/_home_header.php (21.42 ms)
  Rendered app/views//home/_home_navbar.php (85.71 ms)
  Rendered app/views/home/_home_footer.php (89.91 ms)
  Rendered app/views/layouts/_back_to_top.php (2.33 ms)
  Rendered app/views/layouts/home.php (306.96 ms)
Completed 200 OK in (316.51 ms)
Started GET '/' for 54.221.86.29 at 2019-02-27 19:41:55
Processing by home#index
  Rendered app/views/home/index.php (32.47 ms)
  Rendered app/views//home/_home_topbar.php (18.02 ms)
  Rendered app/views//home/_home_header.php (18.97 ms)
  Rendered app/views//home/_home_navbar.php (63.95 ms)
  Rendered app/views/home/_home_footer.php (68.43 ms)
  Rendered app/views/layouts/_back_to_top.php (1.45 ms)
  Rendered app/views/layouts/home.php (242.90 ms)
Completed 200 OK in (249.98 ms)
Started GET '/robots.txt' for 54.221.86.29 at 2019-02-27 19:41:55
No route matches [GET] /robots.txt
Completed 404 Not Found in (3.13 ms)
  Rendered public/404.html (1.02 ms)
Started GET '/home/products/show/267' for 66.249.75.95 at 2019-02-27 19:44:03
Processing by productpage#show
  Rendered app/views/home/productpage/_table.php (503.09 ms)
  Rendered app/views/home/productpage/show.php (613.07 ms)
  Rendered app/views//home/_home_topbar.php (17.34 ms)
  Rendered app/views//home/_home_header.php (21.16 ms)
  Rendered app/views//home/_home_navbar.php (61.91 ms)
  Rendered app/views/home/_home_footer.php (65.58 ms)
  Rendered app/views/layouts/_back_to_top.php (1.23 ms)
  Rendered app/views/layouts/home.php (818.04 ms)
Completed 200 OK in (831.65 ms)
Started GET '/robots.txt' for 216.244.66.250 at 2019-02-27 19:55:21
No route matches [GET] /robots.txt
Completed 404 Not Found in (3.09 ms)
  Rendered public/404.html (1.00 ms)
Started GET '/home/distributors' for 66.249.75.94 at 2019-02-27 20:13:49
Processing by distributorpage#index
  Rendered app/views/home/distributorpage/index.php (75.55 ms)
  Rendered app/views//home/_home_topbar.php (17.76 ms)
  Rendered app/views//home/_home_header.php (18.19 ms)
  Rendered app/views//home/_home_navbar.php (66.52 ms)
  Rendered app/views/home/_home_footer.php (71.80 ms)
  Rendered app/views/layouts/_back_to_top.php (1.35 ms)
  Rendered app/views/layouts/home.php (289.38 ms)
Completed 200 OK in (355.59 ms)
Started GET '/home/products/show/319' for 54.36.150.124 at 2019-02-27 20:42:53
Processing by productpage#show
  Rendered app/views/home/productpage/_table.php (912.05 ms)
  Rendered app/views/home/productpage/show.php (1021.59 ms)
  Rendered app/views//home/_home_topbar.php (17.55 ms)
  Rendered app/views//home/_home_header.php (17.99 ms)
  Rendered app/views//home/_home_navbar.php (65.46 ms)
  Rendered app/views/home/_home_footer.php (69.26 ms)
  Rendered app/views/layouts/_back_to_top.php (1.31 ms)
  Rendered app/views/layouts/home.php (1231.81 ms)
Completed 200 OK in (1247.09 ms)
Started GET '/home/products/show/379' for 37.6.130.10 at 2019-02-27 20:52:44
Processing by productpage#show
  Rendered app/views/home/productpage/_table.php (333.94 ms)
  Rendered app/views/home/productpage/show.php (449.27 ms)
  Rendered app/views//home/_home_topbar.php (16.47 ms)
  Rendered app/views//home/_home_header.php (16.32 ms)
  Rendered app/views//home/_home_navbar.php (66.32 ms)
  Rendered app/views/home/_home_footer.php (68.40 ms)
  Rendered app/views/layouts/_back_to_top.php (1.41 ms)
  Rendered app/views/layouts/home.php (657.43 ms)
Completed 200 OK in (672.84 ms)
Started GET '/home/products/show/293' for 54.36.150.44 at 2019-02-27 21:08:40
Processing by productpage#show
  Rendered app/views/home/productpage/_table.php (828.12 ms)
  Rendered app/views/home/productpage/show.php (939.35 ms)
  Rendered app/views//home/_home_topbar.php (16.47 ms)
  Rendered app/views//home/_home_header.php (16.55 ms)
  Rendered app/views//home/_home_navbar.php (62.39 ms)
  Rendered app/views/home/_home_footer.php (65.81 ms)
  Rendered app/views/layouts/_back_to_top.php (1.30 ms)
  Rendered app/views/layouts/home.php (1138.81 ms)
Completed 200 OK in (1154.08 ms)
Started GET '/home/products/show/273' for 54.36.150.144 at 2019-02-27 21:13:50
Processing by productpage#show
  Rendered app/views/home/productpage/_table.php (513.56 ms)
  Rendered app/views/home/productpage/show.php (621.47 ms)
  Rendered app/views//home/_home_topbar.php (16.83 ms)
  Rendered app/views//home/_home_header.php (16.92 ms)
  Rendered app/views//home/_home_navbar.php (62.51 ms)
  Rendered app/views/home/_home_footer.php (65.31 ms)
  Rendered app/views/layouts/_back_to_top.php (1.34 ms)
  Rendered app/views/layouts/home.php (836.70 ms)
Completed 200 OK in (849.54 ms)
Started GET '/' for 5.46.105.250 at 2019-02-27 21:24:40
Processing by home#index
  Rendered app/views/home/index.php (38.71 ms)
  Rendered app/views//home/_home_topbar.php (17.00 ms)
  Rendered app/views//home/_home_header.php (16.64 ms)
  Rendered app/views//home/_home_navbar.php (63.56 ms)
  Rendered app/views/home/_home_footer.php (82.55 ms)
  Rendered app/views/layouts/_back_to_top.php (2.24 ms)
  Rendered app/views/layouts/home.php (262.41 ms)
Completed 200 OK in (274.88 ms)
Started GET '/lang/tr' for 5.46.105.250 at 2019-02-27 21:25:09
Processing by lang#tr
Completed 302 Found in (30.97 ms)
Started GET '/home/index' for 5.46.105.250 at 2019-02-27 21:25:09
Processing by home#index
  Rendered app/views/home/index.php (29.08 ms)
  Rendered app/views//home/_home_topbar.php (16.54 ms)
  Rendered app/views//home/_home_header.php (16.22 ms)
  Rendered app/views//home/_home_navbar.php (59.68 ms)
  Rendered app/views/home/_home_footer.php (64.61 ms)
  Rendered app/views/layouts/_back_to_top.php (1.37 ms)
  Rendered app/views/layouts/home.php (226.21 ms)
Completed 200 OK in (233.49 ms)
Started GET '/home/contact' for 5.46.105.250 at 2019-02-27 21:25:16
Processing by home#contact
  Rendered app/views/home/contact.php (43.32 ms)
  Rendered app/views//home/_home_topbar.php (17.28 ms)
  Rendered app/views//home/_home_header.php (17.25 ms)
  Rendered app/views//home/_home_navbar.php (62.93 ms)
  Rendered app/views/home/_home_footer.php (72.58 ms)
  Rendered app/views/layouts/_back_to_top.php (1.43 ms)
  Rendered app/views/layouts/home.php (253.85 ms)
Completed 200 OK in (260.61 ms)
Started GET '/home/index' for 5.46.105.250 at 2019-02-27 21:25:51
Processing by home#index
  Rendered app/views/home/index.php (28.84 ms)
  Rendered app/views//home/_home_topbar.php (16.24 ms)
  Rendered app/views//home/_home_header.php (16.75 ms)
  Rendered app/views//home/_home_navbar.php (63.55 ms)
  Rendered app/views/home/_home_footer.php (63.54 ms)
  Rendered app/views/layouts/_back_to_top.php (1.40 ms)
  Rendered app/views/layouts/home.php (227.36 ms)
Completed 200 OK in (234.17 ms)
Started GET '/' for 5.46.105.250 at 2019-02-27 21:25:53
Processing by home#index
  Rendered app/views/home/index.php (27.78 ms)
  Rendered app/views//home/_home_topbar.php (16.24 ms)
  Rendered app/views//home/_home_header.php (16.46 ms)
  Rendered app/views//home/_home_navbar.php (60.99 ms)
  Rendered app/views/home/_home_footer.php (64.97 ms)
  Rendered app/views/layouts/_back_to_top.php (1.22 ms)
  Rendered app/views/layouts/home.php (224.40 ms)
Completed 200 OK in (230.74 ms)
Started GET '/' for 52.53.201.78 at 2019-02-27 21:32:26
Processing by home#index
  Rendered app/views/home/index.php (29.99 ms)
  Rendered app/views//home/_home_topbar.php (17.22 ms)
  Rendered app/views//home/_home_header.php (19.60 ms)
  Rendered app/views//home/_home_navbar.php (71.52 ms)
  Rendered app/views/home/_home_footer.php (74.95 ms)
  Rendered app/views/layouts/_back_to_top.php (1.34 ms)
  Rendered app/views/layouts/home.php (253.66 ms)
Completed 200 OK in (262.10 ms)
Started GET '/robots.txt' for 46.229.168.149 at 2019-02-27 21:33:36
No route matches [GET] /robots.txt
Completed 404 Not Found in (3.29 ms)
  Rendered public/404.html (1.06 ms)
Started GET '/home/categories' for 46.229.168.136 at 2019-02-27 21:33:36
Processing by categorypage#index
  Rendered app/views/home/categorypage/index.php (15.86 ms)
  Rendered app/views//home/_home_topbar.php (16.99 ms)
  Rendered app/views//home/_home_header.php (17.83 ms)
  Rendered app/views//home/_home_navbar.php (63.57 ms)
  Rendered app/views/home/_home_footer.php (66.65 ms)
  Rendered app/views/layouts/_back_to_top.php (1.30 ms)
  Rendered app/views/layouts/home.php (222.56 ms)
Completed 200 OK in (233.79 ms)
Started GET '/home/products/show/312' for 54.36.150.152 at 2019-02-27 21:50:35
Processing by productpage#show
  Rendered app/views/home/productpage/_table.php (1571.16 ms)
  Rendered app/views/home/productpage/show.php (1691.97 ms)
  Rendered app/views//home/_home_topbar.php (18.26 ms)
  Rendered app/views//home/_home_header.php (17.51 ms)
  Rendered app/views//home/_home_navbar.php (69.19 ms)
  Rendered app/views/home/_home_footer.php (72.11 ms)
  Rendered app/views/layouts/_back_to_top.php (1.27 ms)
  Rendered app/views/layouts/home.php (1910.76 ms)
Completed 200 OK in (1925.77 ms)
Started GET '/home/products/show/272' for 85.158.37.11 at 2019-02-27 22:09:38
Processing by productpage#show
  Rendered app/views/home/productpage/_table.php (242.63 ms)
  Rendered app/views/home/productpage/show.php (351.15 ms)
  Rendered app/views//home/_home_topbar.php (16.82 ms)
  Rendered app/views//home/_home_header.php (16.68 ms)
  Rendered app/views//home/_home_navbar.php (62.02 ms)
  Rendered app/views/home/_home_footer.php (66.20 ms)
  Rendered app/views/layouts/_back_to_top.php (1.31 ms)
  Rendered app/views/layouts/home.php (552.89 ms)
Completed 200 OK in (568.22 ms)
Started GET '/lang/en' for 85.158.37.11 at 2019-02-27 22:09:49
Processing by lang#en
Completed 302 Found in (5.42 ms)
Started GET '/home/index' for 85.158.37.11 at 2019-02-27 22:09:49
Processing by home#index
  Rendered app/views/home/index.php (30.55 ms)
  Rendered app/views//home/_home_topbar.php (20.49 ms)
  Rendered app/views//home/_home_header.php (18.18 ms)
  Rendered app/views//home/_home_navbar.php (70.78 ms)
  Rendered app/views/home/_home_footer.php (79.82 ms)
  Rendered app/views/layouts/_back_to_top.php (1.33 ms)
  Rendered app/views/layouts/home.php (268.18 ms)
Completed 200 OK in (275.48 ms)
Started GET '/lang/en' for 85.158.37.11 at 2019-02-27 22:09:56
Processing by lang#en
Completed 302 Found in (8.48 ms)
Started GET '/home/index' for 85.158.37.11 at 2019-02-27 22:09:56
Processing by home#index
  Rendered app/views/home/index.php (29.74 ms)
  Rendered app/views//home/_home_topbar.php (18.10 ms)
  Rendered app/views//home/_home_header.php (18.51 ms)
  Rendered app/views//home/_home_navbar.php (72.42 ms)
  Rendered app/views/home/_home_footer.php (72.67 ms)
  Rendered app/views/layouts/_back_to_top.php (1.39 ms)
  Rendered app/views/layouts/home.php (257.86 ms)
Completed 200 OK in (264.49 ms)
Started GET '/home/producttypes/show/37' for 85.158.37.11 at 2019-02-27 22:10:21
Processing by producttypepage#show
  Rendered app/views/home/_menu_product.php (12.79 ms)
  Rendered app/views/home/productpage/_table.php (241.10 ms)
  Rendered app/views/home/producttypepage/show.php (278.11 ms)
  Rendered app/views//home/_home_topbar.php (16.90 ms)
  Rendered app/views//home/_home_header.php (16.48 ms)
  Rendered app/views//home/_home_navbar.php (61.68 ms)
  Rendered app/views/home/_home_footer.php (66.01 ms)
  Rendered app/views/layouts/_back_to_top.php (1.23 ms)
  Rendered app/views/layouts/home.php (479.38 ms)
Completed 200 OK in (502.08 ms)
Started GET '/home/products/show/271' for 176.88.98.105 at 2019-02-27 22:10:23
Processing by productpage#show
  Rendered app/views/home/productpage/_table.php (547.07 ms)
  Rendered app/views/home/productpage/show.php (666.13 ms)
  Rendered app/views//home/_home_topbar.php (18.05 ms)
  Rendered app/views//home/_home_header.php (17.41 ms)
  Rendered app/views//home/_home_navbar.php (66.57 ms)
  Rendered app/views/home/_home_footer.php (73.79 ms)
  Rendered app/views/layouts/_back_to_top.php (1.31 ms)
  Rendered app/views/layouts/home.php (882.60 ms)
Completed 200 OK in (896.60 ms)
Started GET '/robots.txt' for 216.244.66.250 at 2019-02-27 22:24:43
No route matches [GET] /robots.txt
Completed 404 Not Found in (3.33 ms)
  Rendered public/404.html (1.04 ms)
Started GET '/home/products/show/300' for 66.249.75.95 at 2019-02-27 22:50:22
Processing by productpage#show
  Rendered app/views/home/productpage/_table.php (533.60 ms)
  Rendered app/views/home/productpage/show.php (643.53 ms)
  Rendered app/views//home/_home_topbar.php (17.87 ms)
  Rendered app/views//home/_home_header.php (18.25 ms)
  Rendered app/views//home/_home_navbar.php (68.80 ms)
  Rendered app/views/home/_home_footer.php (71.77 ms)
  Rendered app/views/layouts/_back_to_top.php (1.40 ms)
  Rendered app/views/layouts/home.php (862.11 ms)
Completed 200 OK in (878.66 ms)
Started GET '/robots.txt' for 37.9.113.123 at 2019-02-27 23:00:41
Started GET '/robots.txt' for 141.8.142.162 at 2019-02-27 23:00:41
No route matches [GET] /robots.txt
No route matches [GET] /robots.txt
Completed 404 Not Found in (3.38 ms)
Completed 404 Not Found in (3.51 ms)
  Rendered public/404.html (1.19 ms)
  Rendered public/404.html (1.15 ms)
Started GET '/' for 37.9.113.123 at 2019-02-27 23:00:45
Processing by home#index
  Rendered app/views/home/index.php (28.32 ms)
  Rendered app/views//home/_home_topbar.php (17.04 ms)
  Rendered app/views//home/_home_header.php (17.29 ms)
  Rendered app/views//home/_home_navbar.php (60.46 ms)
  Rendered app/views/home/_home_footer.php (63.43 ms)
  Rendered app/views/layouts/_back_to_top.php (1.24 ms)
  Rendered app/views/layouts/home.php (224.83 ms)
Completed 200 OK in (232.95 ms)
Started GET '/robots.txt' for 216.244.66.250 at 2019-02-27 23:14:11
No route matches [GET] /robots.txt
Completed 404 Not Found in (3.08 ms)
  Rendered public/404.html (1.02 ms)
Started GET '/wp/wp-login.php' for 78.142.208.160 at 2019-02-27 23:30:45
No route matches [GET] /wp/wp-login.php
Completed 404 Not Found in (3.35 ms)
  Rendered public/404.html (0.98 ms)
Started HEAD '/' for 46.166.186.212 at 2019-02-27 23:44:11
Uzay çağında bizim henüz desteklemediğimiz bir method → HEAD → C:\Inetpub\vhosts\akgenseeds.com\httpdocs\lib\ApplicationRoutes.php at line 77

          }

        }

      }

      return NULL;

    }

    throw new Exception("Uzay çağında bizim henüz desteklemediğimiz bir method → " . $request->method);

  }



  private static function set_route(ApplicationRoute $route) {

    if (array_key_exists($route->method, static::$_routes)) {

      if (array_key_exists($route->rule, static::$_routes[$route->method])) {

Started GET '/wp-admin/user/users-new.php?login=lYEv7B' for 193.106.30.98 at 2019-02-27 23:44:25
No route matches [GET] /wp-admin/user/users-new.php?login=lYEv7B
Completed 404 Not Found in (3.37 ms)
  Rendered public/404.html (1.10 ms)
