[2019-02-17 20:56:48] info : Started GET / for 212.252.56.137
[2019-02-17 20:56:48] info : Processing by HomeController#index
[2019-02-17 20:56:48] info : 	Rendered app/views/home/index.php (29.51 ms)
[2019-02-17 20:56:48] info : 	Rendered app/views//home/_home_topbar.php (19.16 ms)
[2019-02-17 20:56:48] info : 	Rendered app/views//home/_home_header.php (17.75 ms)
[2019-02-17 20:56:48] info : 	Rendered app/views//home/_home_navbar.php (62.67 ms)
[2019-02-17 20:56:48] info : 	Rendered app/views/home/_home_footer.php (69.64 ms)
[2019-02-17 20:56:48] info : 	Rendered app/views/layouts/_back_to_top.php (1.30 ms)
[2019-02-17 20:56:48] info : 	Rendered app/views/layouts/home.php (239.14 ms)
[2019-02-17 20:56:48] info : Completed OK in (260.01 ms)
[2019-02-17 20:56:51] info : Started GET /home/about_us for 212.252.56.137
[2019-02-17 20:56:51] info : Processing by HomeController#about_us
[2019-02-17 20:56:51] info : 	Rendered app/views/home/about_us.php (18.11 ms)
[2019-02-17 20:56:51] info : 	Rendered app/views//home/_home_topbar.php (16.74 ms)
[2019-02-17 20:56:51] info : 	Rendered app/views//home/_home_header.php (16.24 ms)
[2019-02-17 20:56:51] info : 	Rendered app/views//home/_home_navbar.php (63.58 ms)
[2019-02-17 20:56:51] info : 	Rendered app/views/home/_home_footer.php (65.95 ms)
[2019-02-17 20:56:51] info : 	Rendered app/views/layouts/_back_to_top.php (1.23 ms)
[2019-02-17 20:56:51] info : 	Rendered app/views/layouts/home.php (219.83 ms)
[2019-02-17 20:56:51] info : Completed OK in (225.85 ms)
[2019-02-17 20:56:53] info : Started GET /home/pages/_dynamical_segment_ for 212.252.56.137
[2019-02-17 20:56:53] info : Processing by PageController#show
[2019-02-17 20:56:53] info : 	Rendered app/views/home/page/show.php (83.86 ms)
[2019-02-17 20:56:53] info : 	Rendered app/views//home/_home_topbar.php (19.00 ms)
[2019-02-17 20:56:53] info : 	Rendered app/views//home/_home_header.php (20.84 ms)
[2019-02-17 20:56:53] info : 	Rendered app/views//home/_home_navbar.php (67.47 ms)
[2019-02-17 20:56:53] info : 	Rendered app/views/home/_home_footer.php (69.30 ms)
[2019-02-17 20:56:53] info : 	Rendered app/views/layouts/_back_to_top.php (1.25 ms)
[2019-02-17 20:56:53] info : 	Rendered app/views/layouts/home.php (303.20 ms)
[2019-02-17 20:56:53] info : Completed OK in (315.60 ms)
[2019-02-17 20:56:55] info : Started GET /home/producttypes/show/_dynamical_segment_ for 212.252.56.137
[2019-02-17 20:56:55] info : Processing by ProducttypepageController#show
[2019-02-17 20:56:55] info : 	Rendered app/views/home/_menu_product.php (12.79 ms)
[2019-02-17 20:56:56] info : 	Rendered app/views/home/productpage/_table.php (856.32 ms)
[2019-02-17 20:56:56] info : 	Rendered app/views/home/producttypepage/show.php (893.24 ms)
[2019-02-17 20:56:56] info : 	Rendered app/views//home/_home_topbar.php (16.60 ms)
[2019-02-17 20:56:56] info : 	Rendered app/views//home/_home_header.php (16.60 ms)
[2019-02-17 20:56:56] info : 	Rendered app/views//home/_home_navbar.php (66.90 ms)
[2019-02-17 20:56:57] info : 	Rendered app/views/home/_home_footer.php (73.11 ms)
[2019-02-17 20:56:57] info : 	Rendered app/views/layouts/_back_to_top.php (1.25 ms)
[2019-02-17 20:56:57] info : 	Rendered app/views/layouts/home.php (1108.33 ms)
[2019-02-17 20:56:57] info : Completed OK in (1129.01 ms)
[2019-02-17 20:57:01] info : Started GET /home/agendas for 212.252.56.137
[2019-02-17 20:57:01] info : Processing by AgendapageController#index
[2019-02-17 20:57:01] info : 	Rendered app/views/home/agendapage/index.php (67.08 ms)
[2019-02-17 20:57:01] info : 	Rendered app/views//home/_home_topbar.php (16.73 ms)
[2019-02-17 20:57:01] info : 	Rendered app/views//home/_home_header.php (16.77 ms)
[2019-02-17 20:57:01] info : 	Rendered app/views//home/_home_navbar.php (62.27 ms)
[2019-02-17 20:57:01] info : 	Rendered app/views/home/_home_footer.php (65.77 ms)
[2019-02-17 20:57:01] info : 	Rendered app/views/layouts/_back_to_top.php (1.27 ms)
[2019-02-17 20:57:01] info : 	Rendered app/views/layouts/home.php (274.70 ms)
[2019-02-17 20:57:01] info : Completed OK in (304.36 ms)
[2019-02-17 20:57:03] info : Started GET /home/distributors for 212.252.56.137
[2019-02-17 20:57:03] info : Processing by DistributorpageController#index
[2019-02-17 20:57:03] info : 	Rendered app/views/home/distributorpage/index.php (60.56 ms)
[2019-02-17 20:57:03] info : 	Rendered app/views//home/_home_topbar.php (16.33 ms)
[2019-02-17 20:57:03] info : 	Rendered app/views//home/_home_header.php (16.55 ms)
[2019-02-17 20:57:03] info : 	Rendered app/views//home/_home_navbar.php (66.78 ms)
[2019-02-17 20:57:03] info : 	Rendered app/views/home/_home_footer.php (86.66 ms)
[2019-02-17 20:57:03] info : 	Rendered app/views/layouts/_back_to_top.php (1.94 ms)
[2019-02-17 20:57:03] info : 	Rendered app/views/layouts/home.php (288.94 ms)
[2019-02-17 20:57:03] info : Completed OK in (321.30 ms)
[2019-02-17 20:57:04] info : Started GET /home/contact for 212.252.56.137
[2019-02-17 20:57:04] info : Processing by HomeController#contact
[2019-02-17 20:57:04] info : 	Rendered app/views/home/contact.php (42.54 ms)
[2019-02-17 20:57:05] info : 	Rendered app/views//home/_home_topbar.php (16.51 ms)
[2019-02-17 20:57:05] info : 	Rendered app/views//home/_home_header.php (16.14 ms)
[2019-02-17 20:57:05] info : 	Rendered app/views//home/_home_navbar.php (60.84 ms)
[2019-02-17 20:57:05] info : 	Rendered app/views/home/_home_footer.php (64.42 ms)
[2019-02-17 20:57:05] info : 	Rendered app/views/layouts/_back_to_top.php (1.27 ms)
[2019-02-17 20:57:05] info : 	Rendered app/views/layouts/home.php (238.91 ms)
[2019-02-17 20:57:05] info : Completed OK in (244.57 ms)
[2019-02-17 20:57:06] info : Started GET /home/contact for 212.252.56.137
[2019-02-17 20:57:06] info : Processing by HomeController#contact
[2019-02-17 20:57:06] info : 	Rendered app/views/home/contact.php (44.05 ms)
[2019-02-17 20:57:06] info : 	Rendered app/views//home/_home_topbar.php (16.63 ms)
[2019-02-17 20:57:06] info : 	Rendered app/views//home/_home_header.php (16.61 ms)
[2019-02-17 20:57:06] info : 	Rendered app/views//home/_home_navbar.php (60.69 ms)
[2019-02-17 20:57:07] info : 	Rendered app/views/home/_home_footer.php (66.29 ms)
[2019-02-17 20:57:07] info : 	Rendered app/views/layouts/_back_to_top.php (1.26 ms)
[2019-02-17 20:57:07] info : 	Rendered app/views/layouts/home.php (243.67 ms)
[2019-02-17 20:57:07] info : Completed OK in (249.33 ms)
[2019-02-17 20:58:18] info : Started GET /home/contact for 212.252.56.137
[2019-02-17 20:58:18] info : Processing by HomeController#contact
[2019-02-17 20:58:18] info : 	Rendered app/views/home/contact.php (43.44 ms)
[2019-02-17 20:58:18] info : 	Rendered app/views//home/_home_topbar.php (17.36 ms)
[2019-02-17 20:58:19] info : 	Rendered app/views//home/_home_header.php (17.42 ms)
[2019-02-17 20:58:19] info : 	Rendered app/views//home/_home_navbar.php (67.96 ms)
[2019-02-17 20:58:19] info : 	Rendered app/views/home/_home_footer.php (73.68 ms)
[2019-02-17 20:58:19] info : 	Rendered app/views/layouts/_back_to_top.php (1.44 ms)
[2019-02-17 20:58:19] info : 	Rendered app/views/layouts/home.php (260.85 ms)
[2019-02-17 20:58:19] info : Completed OK in (266.73 ms)
[2019-02-17 20:58:21] info : Started GET /home/contact for 212.252.56.137
[2019-02-17 20:58:21] info : Processing by HomeController#contact
[2019-02-17 20:58:21] info : 	Rendered app/views/home/contact.php (42.44 ms)
[2019-02-17 20:58:21] info : 	Rendered app/views//home/_home_topbar.php (16.09 ms)
[2019-02-17 20:58:21] info : 	Rendered app/views//home/_home_header.php (16.14 ms)
[2019-02-17 20:58:21] info : 	Rendered app/views//home/_home_navbar.php (62.85 ms)
[2019-02-17 20:58:21] info : 	Rendered app/views/home/_home_footer.php (65.47 ms)
[2019-02-17 20:58:21] info : 	Rendered app/views/layouts/_back_to_top.php (1.27 ms)
[2019-02-17 20:58:21] info : 	Rendered app/views/layouts/home.php (241.14 ms)
[2019-02-17 20:58:21] info : Completed OK in (246.77 ms)
[2019-02-17 20:58:23] info : Started GET /home/contact for 212.252.56.137
[2019-02-17 20:58:23] info : Processing by HomeController#contact
[2019-02-17 20:58:23] info : 	Rendered app/views/home/contact.php (42.25 ms)
[2019-02-17 20:58:23] info : 	Rendered app/views//home/_home_topbar.php (16.10 ms)
[2019-02-17 20:58:23] info : 	Rendered app/views//home/_home_header.php (16.07 ms)
[2019-02-17 20:58:24] info : 	Rendered app/views//home/_home_navbar.php (60.85 ms)
[2019-02-17 20:58:24] info : 	Rendered app/views/home/_home_footer.php (67.29 ms)
[2019-02-17 20:58:24] info : 	Rendered app/views/layouts/_back_to_top.php (1.22 ms)
[2019-02-17 20:58:24] info : 	Rendered app/views/layouts/home.php (241.01 ms)
[2019-02-17 20:58:24] info : Completed OK in (246.58 ms)
[2019-02-17 20:58:27] info : Started GET /home/index for 212.252.56.137
[2019-02-17 20:58:27] info : Processing by HomeController#index
[2019-02-17 20:58:27] info : 	Rendered app/views/home/index.php (28.86 ms)
[2019-02-17 20:58:27] info : 	Rendered app/views//home/_home_topbar.php (17.40 ms)
[2019-02-17 20:58:27] info : 	Rendered app/views//home/_home_header.php (17.02 ms)
[2019-02-17 20:58:27] info : 	Rendered app/views//home/_home_navbar.php (62.21 ms)
[2019-02-17 20:58:27] info : 	Rendered app/views/home/_home_footer.php (67.55 ms)
[2019-02-17 20:58:27] info : 	Rendered app/views/layouts/_back_to_top.php (1.25 ms)
[2019-02-17 20:58:27] info : 	Rendered app/views/layouts/home.php (232.66 ms)
[2019-02-17 20:58:27] info : Completed OK in (238.20 ms)
[2019-02-17 20:58:31] info : Started GET /home/index for 212.252.56.137
[2019-02-17 20:58:31] info : Processing by HomeController#index
[2019-02-17 20:58:31] info : 	Rendered app/views/home/index.php (27.79 ms)
[2019-02-17 20:58:31] info : 	Rendered app/views//home/_home_topbar.php (16.73 ms)
[2019-02-17 20:58:31] info : 	Rendered app/views//home/_home_header.php (16.29 ms)
[2019-02-17 20:58:31] info : 	Rendered app/views//home/_home_navbar.php (60.53 ms)
[2019-02-17 20:58:31] info : 	Rendered app/views/home/_home_footer.php (64.92 ms)
[2019-02-17 20:58:31] info : 	Rendered app/views/layouts/_back_to_top.php (1.25 ms)
[2019-02-17 20:58:31] info : 	Rendered app/views/layouts/home.php (224.61 ms)
[2019-02-17 20:58:31] info : Completed OK in (230.51 ms)
[2019-02-17 20:58:34] info : Started GET /home/about_us for 212.252.56.137
[2019-02-17 20:58:34] info : Processing by HomeController#about_us
[2019-02-17 20:58:34] info : 	Rendered app/views/home/about_us.php (17.78 ms)
[2019-02-17 20:58:34] info : 	Rendered app/views//home/_home_topbar.php (17.20 ms)
[2019-02-17 20:58:34] info : 	Rendered app/views//home/_home_header.php (16.32 ms)
[2019-02-17 20:58:34] info : 	Rendered app/views//home/_home_navbar.php (62.91 ms)
[2019-02-17 20:58:34] info : 	Rendered app/views/home/_home_footer.php (65.09 ms)
[2019-02-17 20:58:34] info : 	Rendered app/views/layouts/_back_to_top.php (1.26 ms)
[2019-02-17 20:58:34] info : 	Rendered app/views/layouts/home.php (218.84 ms)
[2019-02-17 20:58:34] info : Completed OK in (224.44 ms)
[2019-02-17 20:58:38] info : Started GET /home/products/search for 212.252.56.137
[2019-02-17 20:58:38] info : Processing by ProductpageController#search
[2019-02-17 20:58:38] info : 	Rendered app/views/home/productpage/search.php (22.72 ms)
[2019-02-17 20:58:38] info : 	Rendered app/views//home/_home_topbar.php (16.29 ms)
[2019-02-17 20:58:38] info : 	Rendered app/views//home/_home_header.php (18.94 ms)
[2019-02-17 20:58:39] info : 	Rendered app/views//home/_home_navbar.php (61.11 ms)
[2019-02-17 20:58:39] info : 	Rendered app/views/home/_home_footer.php (64.03 ms)
[2019-02-17 20:58:39] info : 	Rendered app/views/layouts/_back_to_top.php (1.24 ms)
[2019-02-17 20:58:39] info : 	Rendered app/views/layouts/home.php (221.64 ms)
[2019-02-17 20:58:39] info : Completed OK in (234.58 ms)
[2019-02-17 20:58:41] info : Started GET /home/contact for 212.252.56.137
[2019-02-17 20:58:41] info : Processing by HomeController#contact
[2019-02-17 20:58:41] info : 	Rendered app/views/home/contact.php (43.06 ms)
[2019-02-17 20:58:41] info : 	Rendered app/views//home/_home_topbar.php (16.76 ms)
[2019-02-17 20:58:41] info : 	Rendered app/views//home/_home_header.php (17.78 ms)
[2019-02-17 20:58:41] info : 	Rendered app/views//home/_home_navbar.php (62.73 ms)
[2019-02-17 20:58:41] info : 	Rendered app/views/home/_home_footer.php (65.36 ms)
[2019-02-17 20:58:41] info : 	Rendered app/views/layouts/_back_to_top.php (1.30 ms)
[2019-02-17 20:58:41] info : 	Rendered app/views/layouts/home.php (244.37 ms)
[2019-02-17 20:58:41] info : Completed OK in (250.02 ms)
[2019-02-17 20:58:42] info : Started GET /home/distributors for 212.252.56.137
[2019-02-17 20:58:42] info : Processing by DistributorpageController#index
[2019-02-17 20:58:42] info : 	Rendered app/views/home/distributorpage/index.php (34.37 ms)
[2019-02-17 20:58:42] info : 	Rendered app/views//home/_home_topbar.php (19.23 ms)
[2019-02-17 20:58:43] info : 	Rendered app/views//home/_home_header.php (17.50 ms)
[2019-02-17 20:58:43] info : 	Rendered app/views//home/_home_navbar.php (61.25 ms)
[2019-02-17 20:58:43] info : 	Rendered app/views/home/_home_footer.php (66.27 ms)
[2019-02-17 20:58:43] info : 	Rendered app/views/layouts/_back_to_top.php (1.28 ms)
[2019-02-17 20:58:43] info : 	Rendered app/views/layouts/home.php (240.75 ms)
[2019-02-17 20:58:43] info : Completed OK in (250.02 ms)
[2019-02-17 20:59:22] info : Started GET /home/distributors for 212.252.56.137
[2019-02-17 20:59:22] info : Processing by DistributorpageController#index
[2019-02-17 20:59:22] info : 	Rendered app/views/home/distributorpage/index.php (33.97 ms)
[2019-02-17 20:59:22] info : 	Rendered app/views//home/_home_topbar.php (17.18 ms)
[2019-02-17 20:59:22] info : 	Rendered app/views//home/_home_header.php (17.01 ms)
[2019-02-17 20:59:22] info : 	Rendered app/views//home/_home_navbar.php (62.61 ms)
[2019-02-17 20:59:22] info : 	Rendered app/views/home/_home_footer.php (65.89 ms)
[2019-02-17 20:59:22] info : 	Rendered app/views/layouts/_back_to_top.php (1.25 ms)
[2019-02-17 20:59:22] info : 	Rendered app/views/layouts/home.php (235.98 ms)
[2019-02-17 20:59:22] info : Completed OK in (245.18 ms)
[2019-02-17 20:59:23] info : Started GET /home/distributors for 212.252.56.137
[2019-02-17 20:59:23] info : Processing by DistributorpageController#index
[2019-02-17 20:59:23] info : 	Rendered app/views/home/distributorpage/index.php (33.89 ms)
[2019-02-17 20:59:23] info : 	Rendered app/views//home/_home_topbar.php (16.46 ms)
[2019-02-17 20:59:23] info : 	Rendered app/views//home/_home_header.php (16.78 ms)
[2019-02-17 20:59:24] info : 	Rendered app/views//home/_home_navbar.php (61.49 ms)
[2019-02-17 20:59:24] info : 	Rendered app/views/home/_home_footer.php (64.87 ms)
[2019-02-17 20:59:24] info : 	Rendered app/views/layouts/_back_to_top.php (1.22 ms)
[2019-02-17 20:59:24] info : 	Rendered app/views/layouts/home.php (231.79 ms)
[2019-02-17 20:59:24] info : Completed OK in (240.99 ms)
[2019-02-17 20:59:25] info : Started GET /home/pages/_dynamical_segment_ for 212.252.56.137
[2019-02-17 20:59:25] info : Processing by PageController#show
[2019-02-17 20:59:25] info : 	Rendered app/views/home/page/show.php (87.93 ms)
[2019-02-17 20:59:25] info : 	Rendered app/views//home/_home_topbar.php (21.57 ms)
[2019-02-17 20:59:25] info : 	Rendered app/views//home/_home_header.php (18.18 ms)
[2019-02-17 20:59:25] info : 	Rendered app/views//home/_home_navbar.php (68.93 ms)
[2019-02-17 20:59:25] info : 	Rendered app/views/home/_home_footer.php (72.79 ms)
[2019-02-17 20:59:25] info : 	Rendered app/views/layouts/_back_to_top.php (1.22 ms)
[2019-02-17 20:59:25] info : 	Rendered app/views/layouts/home.php (312.03 ms)
[2019-02-17 20:59:25] info : Completed OK in (325.72 ms)
[2019-02-17 20:59:27] info : Started GET /home/agendas for 212.252.56.137
[2019-02-17 20:59:27] info : Processing by AgendapageController#index
[2019-02-17 20:59:27] info : 	Rendered app/views/home/agendapage/index.php (10.38 ms)
[2019-02-17 20:59:27] info : 	Rendered app/views//home/_home_topbar.php (16.42 ms)
[2019-02-17 20:59:27] info : 	Rendered app/views//home/_home_header.php (16.56 ms)
[2019-02-17 20:59:27] info : 	Rendered app/views//home/_home_navbar.php (61.33 ms)
[2019-02-17 20:59:27] info : 	Rendered app/views/home/_home_footer.php (69.48 ms)
[2019-02-17 20:59:27] info : 	Rendered app/views/layouts/_back_to_top.php (1.37 ms)
[2019-02-17 20:59:27] info : 	Rendered app/views/layouts/home.php (212.77 ms)
[2019-02-17 20:59:27] info : Completed OK in (233.25 ms)
[2019-02-17 21:00:53] error : No route matches [GET] /robots.txt
[2019-02-17 21:00:53] info : 	Rendered public/404.html (1.08 ms)
[2019-02-17 21:00:57] info : Started GET /home/producttypes/show/_dynamical_segment_ for 37.9.113.123
[2019-02-17 21:00:57] info : Processing by ProducttypepageController#show
[2019-02-17 21:00:57] info : 	Rendered app/views/home/_menu_product.php (11.74 ms)
[2019-02-17 21:00:58] info : 	Rendered app/views/home/productpage/_table.php (887.31 ms)
[2019-02-17 21:00:58] info : 	Rendered app/views/home/producttypepage/show.php (922.42 ms)
[2019-02-17 21:00:58] info : 	Rendered app/views//home/_home_topbar.php (17.04 ms)
[2019-02-17 21:00:58] info : 	Rendered app/views//home/_home_header.php (17.60 ms)
[2019-02-17 21:00:58] info : 	Rendered app/views//home/_home_navbar.php (64.04 ms)
[2019-02-17 21:00:58] info : 	Rendered app/views/home/_home_footer.php (68.30 ms)
[2019-02-17 21:00:58] info : 	Rendered app/views/layouts/_back_to_top.php (1.22 ms)
[2019-02-17 21:00:58] info : 	Rendered app/views/layouts/home.php (1129.01 ms)
[2019-02-17 21:00:58] info : Completed OK in (1149.72 ms)
[2019-02-17 21:04:51] info : Started GET /home/pages/_dynamical_segment_ for 37.9.113.123
[2019-02-17 21:04:51] info : Processing by PageController#show
[2019-02-17 21:04:51] info : 	Rendered app/views/home/page/show.php (83.21 ms)
[2019-02-17 21:04:51] info : 	Rendered app/views//home/_home_topbar.php (17.21 ms)
[2019-02-17 21:04:51] info : 	Rendered app/views//home/_home_header.php (18.59 ms)
[2019-02-17 21:04:51] info : 	Rendered app/views//home/_home_navbar.php (63.67 ms)
[2019-02-17 21:04:51] info : 	Rendered app/views/home/_home_footer.php (69.09 ms)
[2019-02-17 21:04:51] info : 	Rendered app/views/layouts/_back_to_top.php (1.24 ms)
[2019-02-17 21:04:51] info : 	Rendered app/views/layouts/home.php (292.38 ms)
[2019-02-17 21:04:51] info : Completed OK in (304.96 ms)
[2019-02-17 21:05:49] error : No route matches [GET] /robots.txt
[2019-02-17 21:05:49] info : 	Rendered public/404.html (1.09 ms)
[2019-02-17 21:05:49] info : Started GET / for 216.145.17.190
[2019-02-17 21:05:49] info : Processing by HomeController#index
[2019-02-17 21:05:49] info : 	Rendered app/views/home/index.php (29.41 ms)
[2019-02-17 21:05:50] info : 	Rendered app/views//home/_home_topbar.php (17.67 ms)
[2019-02-17 21:05:50] info : 	Rendered app/views//home/_home_header.php (18.11 ms)
[2019-02-17 21:05:50] info : 	Rendered app/views//home/_home_navbar.php (67.64 ms)
[2019-02-17 21:05:50] info : 	Rendered app/views/home/_home_footer.php (68.52 ms)
[2019-02-17 21:05:50] info : 	Rendered app/views/layouts/_back_to_top.php (2.06 ms)
[2019-02-17 21:05:50] info : 	Rendered app/views/layouts/home.php (245.17 ms)
[2019-02-17 21:05:50] info : Completed OK in (251.34 ms)
[2019-02-17 21:08:22] info : Started GET /home/agendas/show/_dynamical_segment_ for 37.9.113.123
[2019-02-17 21:08:22] info : Processing by AgendapageController#show
[2019-02-17 21:08:22] info : 	Rendered app/views/home/agendapage/show.php (14.90 ms)
[2019-02-17 21:08:22] info : 	Rendered app/views//home/_home_topbar.php (16.65 ms)
[2019-02-17 21:08:22] info : 	Rendered app/views//home/_home_header.php (16.81 ms)
[2019-02-17 21:08:22] info : 	Rendered app/views//home/_home_navbar.php (61.22 ms)
[2019-02-17 21:08:22] info : 	Rendered app/views/home/_home_footer.php (67.05 ms)
[2019-02-17 21:08:22] info : 	Rendered app/views/layouts/_back_to_top.php (1.25 ms)
[2019-02-17 21:08:22] info : 	Rendered app/views/layouts/home.php (215.58 ms)
[2019-02-17 21:08:22] info : Completed OK in (227.64 ms)
[2019-02-17 21:16:52] info : Started GET /home/products/show/_dynamical_segment_ for 54.36.149.102
[2019-02-17 21:16:52] info : Processing by ProductpageController#show
[2019-02-17 21:16:53] info : 	Rendered app/views/home/productpage/_table.php (1599.01 ms)
[2019-02-17 21:16:53] info : 	Rendered app/views/home/productpage/show.php (1747.24 ms)
[2019-02-17 21:16:54] info : 	Rendered app/views//home/_home_topbar.php (20.40 ms)
[2019-02-17 21:16:54] info : 	Rendered app/views//home/_home_header.php (19.80 ms)
[2019-02-17 21:16:54] info : 	Rendered app/views//home/_home_navbar.php (66.17 ms)
[2019-02-17 21:16:54] info : 	Rendered app/views/home/_home_footer.php (71.37 ms)
[2019-02-17 21:16:54] info : 	Rendered app/views/layouts/_back_to_top.php (1.35 ms)
[2019-02-17 21:16:54] info : 	Rendered app/views/layouts/home.php (1965.30 ms)
[2019-02-17 21:16:54] info : Completed OK in (1980.69 ms)
[2019-02-17 21:18:12] error : No route matches [GET] /robots.txt
[2019-02-17 21:18:12] info : 	Rendered public/404.html (1.05 ms)
[2019-02-17 21:18:12] info : Started GET /home/producttypes/show/_dynamical_segment_ for 46.229.168.136
[2019-02-17 21:18:12] info : Processing by ProducttypepageController#show
[2019-02-17 21:18:12] info : 	Rendered app/views/home/_menu_product.php (12.98 ms)
[2019-02-17 21:18:13] info : 	Rendered app/views/home/productpage/_table.php (240.76 ms)
[2019-02-17 21:18:13] info : 	Rendered app/views/home/producttypepage/show.php (279.85 ms)
[2019-02-17 21:18:13] info : 	Rendered app/views//home/_home_topbar.php (17.48 ms)
[2019-02-17 21:18:13] info : 	Rendered app/views//home/_home_header.php (17.22 ms)
[2019-02-17 21:18:13] info : 	Rendered app/views//home/_home_navbar.php (62.28 ms)
[2019-02-17 21:18:13] info : 	Rendered app/views/home/_home_footer.php (67.34 ms)
[2019-02-17 21:18:13] info : 	Rendered app/views/layouts/_back_to_top.php (1.28 ms)
[2019-02-17 21:18:13] info : 	Rendered app/views/layouts/home.php (484.82 ms)
[2019-02-17 21:18:13] info : Completed OK in (506.64 ms)
[2019-02-17 21:26:34] info : Started GET /home/products/show/_dynamical_segment_ for 54.36.148.245
[2019-02-17 21:26:34] info : Processing by ProductpageController#show
[2019-02-17 21:26:36] info : 	Rendered app/views/home/productpage/_table.php (1683.29 ms)
[2019-02-17 21:26:36] info : 	Rendered app/views/home/productpage/show.php (1796.61 ms)
[2019-02-17 21:26:36] info : 	Rendered app/views//home/_home_topbar.php (18.08 ms)
[2019-02-17 21:26:36] info : 	Rendered app/views//home/_home_header.php (17.16 ms)
[2019-02-17 21:26:36] info : 	Rendered app/views//home/_home_navbar.php (67.34 ms)
[2019-02-17 21:26:36] info : 	Rendered app/views/home/_home_footer.php (77.00 ms)
[2019-02-17 21:26:36] info : 	Rendered app/views/layouts/_back_to_top.php (1.64 ms)
[2019-02-17 21:26:36] info : 	Rendered app/views/layouts/home.php (2018.45 ms)
[2019-02-17 21:26:36] info : Completed OK in (2033.30 ms)
[2019-02-17 21:29:42] error : No route matches [GET] /robots.txt
[2019-02-17 21:29:42] info : 	Rendered public/404.html (1.10 ms)
[2019-02-17 21:46:35] error : No route matches [GET] /robots.txt
[2019-02-17 21:46:35] info : 	Rendered public/404.html (1.05 ms)
[2019-02-17 21:46:35] error : No route matches [GET] /robots.txt
[2019-02-17 21:46:35] info : 	Rendered public/404.html (1.04 ms)
[2019-02-17 21:46:39] info : Started GET / for 141.8.142.162
[2019-02-17 21:46:39] info : Processing by HomeController#index
[2019-02-17 21:46:39] info : 	Rendered app/views/home/index.php (32.96 ms)
[2019-02-17 21:46:39] info : 	Rendered app/views//home/_home_topbar.php (19.45 ms)
[2019-02-17 21:46:39] info : 	Rendered app/views//home/_home_header.php (18.85 ms)
[2019-02-17 21:46:39] info : 	Rendered app/views//home/_home_navbar.php (72.74 ms)
[2019-02-17 21:46:39] info : 	Rendered app/views/home/_home_footer.php (81.39 ms)
[2019-02-17 21:46:39] info : 	Rendered app/views/layouts/_back_to_top.php (1.40 ms)
[2019-02-17 21:46:39] info : 	Rendered app/views/layouts/home.php (270.92 ms)
[2019-02-17 21:46:39] info : Completed OK in (278.71 ms)
[2019-02-17 22:01:08] error : No route matches [GET] /robots.txt
[2019-02-17 22:01:08] info : 	Rendered public/404.html (1.01 ms)
[2019-02-17 22:09:37] info : Started GET /home/documents for 66.249.69.72
[2019-02-17 22:09:37] info : Processing by DocumentpageController#index
[2019-02-17 22:09:37] info : 	Rendered app/views/home/documentpage/index.php (12.27 ms)
[2019-02-17 22:09:37] info : 	Rendered app/views//home/_home_topbar.php (17.25 ms)
[2019-02-17 22:09:37] info : 	Rendered app/views//home/_home_header.php (17.00 ms)
[2019-02-17 22:09:37] info : 	Rendered app/views//home/_home_navbar.php (66.56 ms)
[2019-02-17 22:09:37] info : 	Rendered app/views/home/_home_footer.php (69.38 ms)
[2019-02-17 22:09:38] info : 	Rendered app/views/layouts/_back_to_top.php (1.35 ms)
[2019-02-17 22:09:38] info : 	Rendered app/views/layouts/home.php (222.15 ms)
[2019-02-17 22:09:38] info : Completed OK in (272.60 ms)
[2019-02-17 22:15:13] info : Started GET /home/products/show/_dynamical_segment_ for 54.36.149.94
[2019-02-17 22:15:13] info : Processing by ProductpageController#show
[2019-02-17 22:15:15] info : 	Rendered app/views/home/productpage/_table.php (1545.48 ms)
[2019-02-17 22:15:15] info : 	Rendered app/views/home/productpage/show.php (1665.43 ms)
[2019-02-17 22:15:15] info : 	Rendered app/views//home/_home_topbar.php (16.60 ms)
[2019-02-17 22:15:15] info : 	Rendered app/views//home/_home_header.php (16.35 ms)
[2019-02-17 22:15:15] info : 	Rendered app/views//home/_home_navbar.php (66.62 ms)
[2019-02-17 22:15:15] info : 	Rendered app/views/home/_home_footer.php (69.93 ms)
[2019-02-17 22:15:15] info : 	Rendered app/views/layouts/_back_to_top.php (1.28 ms)
[2019-02-17 22:15:15] info : 	Rendered app/views/layouts/home.php (1874.95 ms)
[2019-02-17 22:15:15] info : Completed OK in (1890.04 ms)
[2019-02-17 22:36:13] info : Started GET /home/contact for 66.249.69.70
[2019-02-17 22:36:13] info : Processing by HomeController#contact
[2019-02-17 22:36:13] info : 	Rendered app/views/home/contact.php (50.93 ms)
[2019-02-17 22:36:13] info : 	Rendered app/views//home/_home_topbar.php (21.08 ms)
[2019-02-17 22:36:13] info : 	Rendered app/views//home/_home_header.php (20.70 ms)
[2019-02-17 22:36:13] info : 	Rendered app/views//home/_home_navbar.php (72.17 ms)
[2019-02-17 22:36:13] info : 	Rendered app/views/home/_home_footer.php (79.15 ms)
[2019-02-17 22:36:13] info : 	Rendered app/views/layouts/_back_to_top.php (1.62 ms)
[2019-02-17 22:36:13] info : 	Rendered app/views/layouts/home.php (292.76 ms)
[2019-02-17 22:36:13] info : Completed OK in (301.41 ms)
[2019-02-17 22:43:50] info : Started GET /home/producttypes/show/_dynamical_segment_ for 66.249.69.70
[2019-02-17 22:43:50] info : Processing by ProducttypepageController#show
[2019-02-17 22:43:50] info : 	Rendered app/views/home/_menu_product.php (11.68 ms)
[2019-02-17 22:43:50] info : 	Rendered app/views/home/productpage/_table.php (280.31 ms)
[2019-02-17 22:43:50] info : 	Rendered app/views/home/producttypepage/show.php (314.64 ms)
[2019-02-17 22:43:51] info : 	Rendered app/views//home/_home_topbar.php (16.62 ms)
[2019-02-17 22:43:51] info : 	Rendered app/views//home/_home_header.php (16.93 ms)
[2019-02-17 22:43:51] info : 	Rendered app/views//home/_home_navbar.php (61.71 ms)
[2019-02-17 22:43:51] info : 	Rendered app/views/home/_home_footer.php (65.23 ms)
[2019-02-17 22:43:51] info : 	Rendered app/views/layouts/_back_to_top.php (1.33 ms)
[2019-02-17 22:43:51] info : 	Rendered app/views/layouts/home.php (514.07 ms)
[2019-02-17 22:43:51] info : Completed OK in (536.89 ms)
[2019-02-17 22:53:44] info : Started GET /home/producttypes/show/_dynamical_segment_ for 66.249.69.72
[2019-02-17 22:53:44] info : Processing by ProducttypepageController#show
[2019-02-17 22:53:44] info : 	Rendered app/views/home/_menu_product.php (12.79 ms)
[2019-02-17 22:53:44] info : 	Rendered app/views/home/productpage/_table.php (336.71 ms)
[2019-02-17 22:53:44] info : 	Rendered app/views/home/producttypepage/show.php (374.18 ms)
[2019-02-17 22:53:44] info : 	Rendered app/views//home/_home_topbar.php (16.52 ms)
[2019-02-17 22:53:44] info : 	Rendered app/views//home/_home_header.php (16.92 ms)
[2019-02-17 22:53:45] info : 	Rendered app/views//home/_home_navbar.php (70.69 ms)
[2019-02-17 22:53:45] info : 	Rendered app/views/home/_home_footer.php (73.51 ms)
[2019-02-17 22:53:45] info : 	Rendered app/views/layouts/_back_to_top.php (1.35 ms)
[2019-02-17 22:53:45] info : 	Rendered app/views/layouts/home.php (590.82 ms)
[2019-02-17 22:53:45] info : Completed OK in (614.73 ms)
[2019-02-17 22:59:01] error : No route matches [GET] /robots.txt
[2019-02-17 22:59:01] info : 	Rendered public/404.html (1.01 ms)
[2019-02-17 22:59:05] info : Started GET /home/categories for 37.9.113.123
[2019-02-17 22:59:05] info : Processing by CategorypageController#index
[2019-02-17 22:59:05] info : 	Rendered app/views/home/categorypage/index.php (11.81 ms)
[2019-02-17 22:59:05] info : 	Rendered app/views//home/_home_topbar.php (16.74 ms)
[2019-02-17 22:59:05] info : 	Rendered app/views//home/_home_header.php (16.90 ms)
[2019-02-17 22:59:05] info : 	Rendered app/views//home/_home_navbar.php (62.87 ms)
[2019-02-17 22:59:05] info : 	Rendered app/views/home/_home_footer.php (69.38 ms)
[2019-02-17 22:59:05] info : 	Rendered app/views/layouts/_back_to_top.php (1.29 ms)
[2019-02-17 22:59:05] info : 	Rendered app/views/layouts/home.php (217.22 ms)
[2019-02-17 22:59:05] info : Completed OK in (228.57 ms)
[2019-02-17 23:01:46] info : Started GET /home/products/show/_dynamical_segment_ for 54.36.148.129
[2019-02-17 23:01:46] info : Processing by ProductpageController#show
[2019-02-17 23:01:46] info : 	Rendered app/views/home/productpage/_table.php (235.09 ms)
[2019-02-17 23:01:46] info : 	Rendered app/views/home/productpage/show.php (349.55 ms)
[2019-02-17 23:01:47] info : 	Rendered app/views//home/_home_topbar.php (19.87 ms)
[2019-02-17 23:01:47] info : 	Rendered app/views//home/_home_header.php (20.98 ms)
[2019-02-17 23:01:47] info : 	Rendered app/views//home/_home_navbar.php (65.42 ms)
[2019-02-17 23:01:47] info : 	Rendered app/views/home/_home_footer.php (75.28 ms)
[2019-02-17 23:01:47] info : 	Rendered app/views/layouts/_back_to_top.php (1.33 ms)
[2019-02-17 23:01:47] info : 	Rendered app/views/layouts/home.php (577.51 ms)
[2019-02-17 23:01:47] info : Completed OK in (592.09 ms)
[2019-02-17 23:07:46] info : Started GET /home/products/show/_dynamical_segment_ for 37.9.113.145
[2019-02-17 23:07:46] info : Processing by ProductpageController#show
[2019-02-17 23:07:47] info : 	Rendered app/views/home/productpage/_table.php (827.36 ms)
[2019-02-17 23:07:47] info : 	Rendered app/views/home/productpage/show.php (937.58 ms)
[2019-02-17 23:07:47] info : 	Rendered app/views//home/_home_topbar.php (16.38 ms)
[2019-02-17 23:07:47] info : 	Rendered app/views//home/_home_header.php (16.81 ms)
[2019-02-17 23:07:47] info : 	Rendered app/views//home/_home_navbar.php (62.47 ms)
[2019-02-17 23:07:47] info : 	Rendered app/views/home/_home_footer.php (64.76 ms)
[2019-02-17 23:07:47] info : 	Rendered app/views/layouts/_back_to_top.php (1.29 ms)
[2019-02-17 23:07:47] info : 	Rendered app/views/layouts/home.php (1136.00 ms)
[2019-02-17 23:07:47] info : Completed OK in (1151.10 ms)
[2019-02-17 23:08:30] error : No route matches [GET] /robots.txt
[2019-02-17 23:08:30] info : 	Rendered public/404.html (0.98 ms)
[2019-02-17 23:11:58] info : Started GET /home/products/show/_dynamical_segment_ for 141.8.142.162
[2019-02-17 23:11:58] info : Processing by ProductpageController#show
[2019-02-17 23:11:59] info : 	Rendered app/views/home/productpage/_table.php (927.29 ms)
[2019-02-17 23:11:59] info : 	Rendered app/views/home/productpage/show.php (1046.74 ms)
[2019-02-17 23:11:59] info : 	Rendered app/views//home/_home_topbar.php (18.75 ms)
[2019-02-17 23:11:59] info : 	Rendered app/views//home/_home_header.php (23.68 ms)
[2019-02-17 23:11:59] info : 	Rendered app/views//home/_home_navbar.php (72.50 ms)
[2019-02-17 23:11:59] info : 	Rendered app/views/home/_home_footer.php (74.16 ms)
[2019-02-17 23:11:59] info : 	Rendered app/views/layouts/_back_to_top.php (1.46 ms)
[2019-02-17 23:11:59] info : 	Rendered app/views/layouts/home.php (1283.94 ms)
[2019-02-17 23:11:59] info : Completed OK in (1297.57 ms)
[2019-02-17 23:36:54] error : No route matches [GET] /robots.txt
[2019-02-17 23:36:54] info : 	Rendered public/404.html (1.02 ms)
[2019-02-17 23:36:55] info : Started GET /home/products/show/_dynamical_segment_ for 66.249.69.74
[2019-02-17 23:36:55] info : Processing by ProductpageController#show
[2019-02-17 23:36:56] info : 	Rendered app/views/home/productpage/_table.php (1639.02 ms)
[2019-02-17 23:36:56] info : 	Rendered app/views/home/productpage/show.php (1757.72 ms)
[2019-02-17 23:36:56] info : 	Rendered app/views//home/_home_topbar.php (17.62 ms)
[2019-02-17 23:36:56] info : 	Rendered app/views//home/_home_header.php (18.22 ms)
[2019-02-17 23:36:56] info : 	Rendered app/views//home/_home_navbar.php (69.19 ms)
[2019-02-17 23:36:57] info : 	Rendered app/views/home/_home_footer.php (74.73 ms)
[2019-02-17 23:36:57] info : 	Rendered app/views/layouts/_back_to_top.php (1.43 ms)
[2019-02-17 23:36:57] info : 	Rendered app/views/layouts/home.php (1981.32 ms)
[2019-02-17 23:36:57] info : Completed OK in (1996.24 ms)
[2019-02-17 23:37:09] info : Started GET /home/products/show/_dynamical_segment_ for 66.249.69.70
[2019-02-17 23:37:09] info : Processing by ProductpageController#show
[2019-02-17 23:37:10] info : 	Rendered app/views/home/productpage/_table.php (881.31 ms)
[2019-02-17 23:37:10] info : 	Rendered app/views/home/productpage/show.php (1000.15 ms)
[2019-02-17 23:37:10] info : 	Rendered app/views//home/_home_topbar.php (17.29 ms)
[2019-02-17 23:37:10] info : 	Rendered app/views//home/_home_header.php (18.02 ms)
[2019-02-17 23:37:10] info : 	Rendered app/views//home/_home_navbar.php (64.89 ms)
[2019-02-17 23:37:10] info : 	Rendered app/views/home/_home_footer.php (76.03 ms)
[2019-02-17 23:37:10] info : 	Rendered app/views/layouts/_back_to_top.php (1.33 ms)
[2019-02-17 23:37:10] info : 	Rendered app/views/layouts/home.php (1217.78 ms)
[2019-02-17 23:37:10] info : Completed OK in (1230.46 ms)
[2019-02-17 23:41:32] info : Started GET /home/producttypes/show/_dynamical_segment_ for 54.36.148.53
[2019-02-17 23:41:32] info : Processing by ProducttypepageController#show
[2019-02-17 23:41:32] info : 	Rendered app/views/home/_menu_product.php (12.22 ms)
[2019-02-17 23:41:34] info : 	Rendered app/views/home/productpage/_table.php (1511.13 ms)
[2019-02-17 23:41:34] info : 	Rendered app/views/home/producttypepage/show.php (1547.59 ms)
[2019-02-17 23:41:34] info : 	Rendered app/views//home/_home_topbar.php (17.70 ms)
[2019-02-17 23:41:34] info : 	Rendered app/views//home/_home_header.php (18.24 ms)
[2019-02-17 23:41:34] info : 	Rendered app/views//home/_home_navbar.php (68.41 ms)
[2019-02-17 23:41:34] info : 	Rendered app/views/home/_home_footer.php (65.48 ms)
[2019-02-17 23:41:34] info : 	Rendered app/views/layouts/_back_to_top.php (1.24 ms)
[2019-02-17 23:41:34] info : 	Rendered app/views/layouts/home.php (1758.04 ms)
[2019-02-17 23:41:34] info : Completed OK in (1779.40 ms)
[2019-02-17 23:41:54] info : Started GET /home/products/show/_dynamical_segment_ for 66.249.69.72
[2019-02-17 23:41:54] info : Processing by ProductpageController#show
[2019-02-17 23:41:55] info : 	Rendered app/views/home/productpage/_table.php (935.55 ms)
[2019-02-17 23:41:55] info : 	Rendered app/views/home/productpage/show.php (1067.10 ms)
[2019-02-17 23:41:55] info : 	Rendered app/views//home/_home_topbar.php (19.55 ms)
[2019-02-17 23:41:55] info : 	Rendered app/views//home/_home_header.php (17.92 ms)
[2019-02-17 23:41:55] info : 	Rendered app/views//home/_home_navbar.php (64.79 ms)
[2019-02-17 23:41:55] info : 	Rendered app/views/home/_home_footer.php (65.23 ms)
[2019-02-17 23:41:55] info : 	Rendered app/views/layouts/_back_to_top.php (1.24 ms)
[2019-02-17 23:41:55] info : 	Rendered app/views/layouts/home.php (1279.61 ms)
[2019-02-17 23:41:55] info : Completed OK in (1291.96 ms)
[2019-02-17 23:57:27] error : No route matches [GET] /robots.txt
[2019-02-17 23:57:27] info : 	Rendered public/404.html (0.98 ms)
