Started GET '/elfinder/php/connector.minimal.php' for 47.92.6.199 at 2019-03-07 00:55:37
No route matches [GET] /elfinder/php/connector.minimal.php
Completed 404 Not Found in (11.62 ms)
  Rendered public/404.html (1.06 ms)
Started GET '/robots.txt' for 216.244.66.250 at 2019-03-07 01:45:29
No route matches [GET] /robots.txt
Completed 404 Not Found in (3.08 ms)
  Rendered public/404.html (0.97 ms)
Started GET '/robots.txt' for 95.108.213.34 at 2019-03-07 02:37:34
No route matches [GET] /robots.txt
Completed 404 Not Found in (5.62 ms)
  Rendered public/404.html (6.66 ms)
Started GET '/home/products/show/229' for 37.9.113.123 at 2019-03-07 02:38:22
Processing by productpage#show
  Rendered app/views/home/productpage/_table.php (379.84 ms)
  Rendered app/views/home/productpage/show.php (523.15 ms)
  Rendered app/views//home/_home_topbar.php (28.84 ms)
  Rendered app/views//home/_home_header.php (29.26 ms)
  Rendered app/views//home/_home_navbar.php (70.42 ms)
  Rendered app/views/home/_home_footer.php (81.53 ms)
  Rendered app/views/layouts/_back_to_top.php (10.85 ms)
  Rendered app/views/layouts/home.php (790.48 ms)
Completed 200 OK in (871.59 ms)
Started GET '/home/products/show/384' for 37.9.113.123 at 2019-03-07 03:01:30
Processing by productpage#show
Completed 302 Found in (16.74 ms)
Started GET '/home/products' for 37.9.113.123 at 2019-03-07 03:01:34
Processing by productpage#index
  Rendered app/views/home/productpage/_table.php (7355.16 ms)
  Rendered app/views/home/productpage/index.php (7359.22 ms)
  Rendered app/views//home/_home_topbar.php (17.72 ms)
  Rendered app/views//home/_home_header.php (18.73 ms)
  Rendered app/views//home/_home_navbar.php (59.83 ms)
  Rendered app/views/home/_home_footer.php (64.00 ms)
  Rendered app/views/layouts/_back_to_top.php (1.25 ms)
  Rendered app/views/layouts/home.php (7572.33 ms)
Completed 200 OK in (7589.84 ms)
Started GET '/home/products/show/343' for 37.9.113.123 at 2019-03-07 03:11:30
Processing by productpage#show
  Rendered app/views/home/productpage/_table.php (1492.53 ms)
  Rendered app/views/home/productpage/show.php (1607.66 ms)
  Rendered app/views//home/_home_topbar.php (17.92 ms)
  Rendered app/views//home/_home_header.php (17.84 ms)
  Rendered app/views//home/_home_navbar.php (63.75 ms)
  Rendered app/views/home/_home_footer.php (65.29 ms)
  Rendered app/views/layouts/_back_to_top.php (1.44 ms)
  Rendered app/views/layouts/home.php (1810.97 ms)
Completed 200 OK in (1829.15 ms)
Started GET '/robots.txt' for 216.244.66.250 at 2019-03-07 03:16:51
No route matches [GET] /robots.txt
Completed 404 Not Found in (3.40 ms)
  Rendered public/404.html (1.04 ms)
Started GET '/robots.txt' for 37.9.113.123 at 2019-03-07 03:24:57
No route matches [GET] /robots.txt
Completed 404 Not Found in (3.80 ms)
  Rendered public/404.html (1.00 ms)
Started GET '/home/products/show/325' for 37.9.113.123 at 2019-03-07 03:25:01
Processing by productpage#show
  Rendered app/views/home/productpage/_table.php (1701.08 ms)
  Rendered app/views/home/productpage/show.php (1827.65 ms)
  Rendered app/views//home/_home_topbar.php (21.01 ms)
  Rendered app/views//home/_home_header.php (19.08 ms)
  Rendered app/views//home/_home_navbar.php (65.41 ms)
  Rendered app/views/home/_home_footer.php (69.67 ms)
  Rendered app/views/layouts/_back_to_top.php (1.37 ms)
  Rendered app/views/layouts/home.php (2046.80 ms)
Completed 200 OK in (2064.21 ms)
Started GET '/home/agendas' for 141.8.142.162 at 2019-03-07 03:37:04
Processing by agendapage#index
  Rendered app/views/home/agendapage/index.php (42.62 ms)
  Rendered app/views//home/_home_topbar.php (19.43 ms)
  Rendered app/views//home/_home_header.php (17.89 ms)
  Rendered app/views//home/_home_navbar.php (70.94 ms)
  Rendered app/views/home/_home_footer.php (70.34 ms)
  Rendered app/views/layouts/_back_to_top.php (1.26 ms)
  Rendered app/views/layouts/home.php (264.15 ms)
Completed 200 OK in (307.17 ms)
Started GET '/robots.txt' for 46.229.168.151 at 2019-03-07 03:38:47
No route matches [GET] /robots.txt
Completed 404 Not Found in (3.09 ms)
  Rendered public/404.html (1.03 ms)
Started GET '/home/index' for 46.229.168.153 at 2019-03-07 03:38:48
Processing by home#index
  Rendered app/views/home/index.php (49.85 ms)
  Rendered app/views//home/_home_topbar.php (16.62 ms)
  Rendered app/views//home/_home_header.php (16.90 ms)
  Rendered app/views//home/_home_navbar.php (62.33 ms)
  Rendered app/views/home/_home_footer.php (66.89 ms)
  Rendered app/views/layouts/_back_to_top.php (1.25 ms)
  Rendered app/views/layouts/home.php (251.48 ms)
Completed 200 OK in (258.59 ms)
Started GET '/home/producttypes/show/35' for 37.9.113.123 at 2019-03-07 03:55:34
Processing by producttypepage#show
  Rendered app/views/home/_menu_product.php (18.85 ms)
  Rendered app/views/home/productpage/_table.php (368.14 ms)
  Rendered app/views/home/producttypepage/show.php (418.52 ms)
  Rendered app/views//home/_home_topbar.php (17.38 ms)
  Rendered app/views//home/_home_header.php (16.62 ms)
  Rendered app/views//home/_home_navbar.php (61.85 ms)
  Rendered app/views/home/_home_footer.php (66.06 ms)
  Rendered app/views/layouts/_back_to_top.php (1.35 ms)
  Rendered app/views/layouts/home.php (622.18 ms)
Completed 200 OK in (649.22 ms)
Started GET '/robots.txt' for 216.244.66.250 at 2019-03-07 04:03:23
No route matches [GET] /robots.txt
Completed 404 Not Found in (3.15 ms)
  Rendered public/404.html (1.03 ms)
Started GET '/robots.txt' for 37.9.113.123 at 2019-03-07 04:36:37
No route matches [GET] /robots.txt
Completed 404 Not Found in (3.67 ms)
  Rendered public/404.html (1.11 ms)
Started GET '/home/products/show/350' for 37.9.113.123 at 2019-03-07 04:36:41
Processing by productpage#show
  Rendered app/views/home/productpage/_table.php (1445.22 ms)
  Rendered app/views/home/productpage/show.php (1554.68 ms)
  Rendered app/views//home/_home_topbar.php (16.55 ms)
  Rendered app/views//home/_home_header.php (16.57 ms)
  Rendered app/views//home/_home_navbar.php (61.60 ms)
  Rendered app/views/home/_home_footer.php (68.69 ms)
  Rendered app/views/layouts/_back_to_top.php (1.30 ms)
  Rendered app/views/layouts/home.php (1758.03 ms)
Completed 200 OK in (1773.03 ms)
Started GET '/admin/images/cal_date_over.gif' for 192.99.35.149 at 2019-03-07 04:50:16
No route matches [GET] /admin/images/cal_date_over.gif
Completed 404 Not Found in (3.31 ms)
  Rendered public/404.html (0.98 ms)
Started GET '/admin/login.php' for 192.99.35.149 at 2019-03-07 04:50:28
No route matches [GET] /admin/login.php
Completed 404 Not Found in (3.17 ms)
  Rendered public/404.html (0.96 ms)
Started GET '/templates/system/css/system.css' for 192.99.35.149 at 2019-03-07 04:50:35
No route matches [GET] /templates/system/css/system.css
Completed 404 Not Found in (3.00 ms)
  Rendered public/404.html (0.93 ms)
Started GET '/' for 192.99.35.149 at 2019-03-07 04:50:48
Processing by home#index
  Rendered app/views/home/index.php (29.83 ms)
  Rendered app/views//home/_home_topbar.php (17.21 ms)
  Rendered app/views//home/_home_header.php (17.21 ms)
  Rendered app/views//home/_home_navbar.php (63.25 ms)
  Rendered app/views/home/_home_footer.php (67.29 ms)
  Rendered app/views/layouts/_back_to_top.php (1.27 ms)
  Rendered app/views/layouts/home.php (235.25 ms)
Completed 200 OK in (243.31 ms)
Started GET '/fckeditor/editor/filemanager/connectors/php/upload.php?Type=Media' for 192.99.35.149 at 2019-03-07 04:50:56
No route matches [GET] /fckeditor/editor/filemanager/connectors/php/upload.php?Type=Media
Completed 404 Not Found in (3.29 ms)
  Rendered public/404.html (1.02 ms)
Started GET '/home/producttypes/show/37' for 141.8.142.162 at 2019-03-07 04:51:05
Processing by producttypepage#show
  Rendered app/views/home/_menu_product.php (24.69 ms)
  Rendered app/views/home/productpage/_table.php (319.67 ms)
  Rendered app/views/home/producttypepage/show.php (383.51 ms)
  Rendered app/views//home/_home_topbar.php (17.81 ms)
  Rendered app/views//home/_home_header.php (22.89 ms)
  Rendered app/views//home/_home_navbar.php (76.85 ms)
  Rendered app/views/home/_home_footer.php (74.12 ms)
  Rendered app/views/layouts/_back_to_top.php (1.31 ms)
  Rendered app/views/layouts/home.php (620.41 ms)
Completed 200 OK in (684.91 ms)
Started GET '/home/products/show/337' for 37.9.113.123 at 2019-03-07 04:51:27
Processing by productpage#show
  Rendered app/views/home/productpage/_table.php (1768.04 ms)
  Rendered app/views/home/productpage/show.php (1901.47 ms)
  Rendered app/views//home/_home_topbar.php (18.56 ms)
  Rendered app/views//home/_home_header.php (19.94 ms)
  Rendered app/views//home/_home_navbar.php (72.79 ms)
  Rendered app/views/home/_home_footer.php (73.59 ms)
  Rendered app/views/layouts/_back_to_top.php (1.34 ms)
  Rendered app/views/layouts/home.php (2129.95 ms)
Completed 200 OK in (2145.85 ms)
Started GET '/' for 54.36.149.63 at 2019-03-07 05:35:48
Processing by home#index
  Rendered app/views/home/index.php (51.35 ms)
  Rendered app/views//home/_home_topbar.php (24.03 ms)
  Rendered app/views//home/_home_header.php (29.36 ms)
  Rendered app/views//home/_home_navbar.php (68.11 ms)
  Rendered app/views/home/_home_footer.php (113.77 ms)
  Rendered app/views/layouts/_back_to_top.php (9.34 ms)
  Rendered app/views/layouts/home.php (340.76 ms)
Completed 200 OK in (450.74 ms)
Started GET '/robots.txt' for 37.9.113.123 at 2019-03-07 06:05:36
No route matches [GET] /robots.txt
Completed 404 Not Found in (3.17 ms)
  Rendered public/404.html (12.61 ms)
Started GET '/home/products/show/273' for 178.154.171.25 at 2019-03-07 06:05:40
Processing by productpage#show
  Rendered app/views/home/productpage/_table.php (523.98 ms)
  Rendered app/views/home/productpage/show.php (649.23 ms)
  Rendered app/views//home/_home_topbar.php (16.90 ms)
  Rendered app/views//home/_home_header.php (17.35 ms)
  Rendered app/views//home/_home_navbar.php (64.25 ms)
  Rendered app/views/home/_home_footer.php (67.55 ms)
  Rendered app/views/layouts/_back_to_top.php (1.29 ms)
  Rendered app/views/layouts/home.php (857.71 ms)
Completed 200 OK in (888.85 ms)
Started GET '/robots.txt' for 216.244.66.250 at 2019-03-07 06:21:23
No route matches [GET] /robots.txt
Completed 404 Not Found in (3.30 ms)
  Rendered public/404.html (1.01 ms)
Started GET '/home/products/show/349' for 157.55.39.78 at 2019-03-07 06:32:03
Processing by productpage#show
  Rendered app/views/home/productpage/_table.php (1674.42 ms)
  Rendered app/views/home/productpage/show.php (1795.06 ms)
  Rendered app/views//home/_home_topbar.php (17.84 ms)
  Rendered app/views//home/_home_header.php (17.17 ms)
  Rendered app/views//home/_home_navbar.php (64.62 ms)
  Rendered app/views/home/_home_footer.php (68.78 ms)
  Rendered app/views/layouts/_back_to_top.php (1.33 ms)
  Rendered app/views/layouts/home.php (2005.49 ms)
Completed 200 OK in (2021.09 ms)
Started GET '/robots.txt' for 37.9.113.123 at 2019-03-07 06:42:35
No route matches [GET] /robots.txt
Completed 404 Not Found in (3.01 ms)
  Rendered public/404.html (0.98 ms)
Started GET '/robots.txt' for 216.244.66.250 at 2019-03-07 07:07:47
No route matches [GET] /robots.txt
Completed 404 Not Found in (3.17 ms)
  Rendered public/404.html (1.02 ms)
Started GET '/robots.txt' for 216.244.66.250 at 2019-03-07 07:53:55
No route matches [GET] /robots.txt
Completed 404 Not Found in (3.43 ms)
  Rendered public/404.html (1.16 ms)
Started GET '/robots.txt' for 216.244.66.250 at 2019-03-07 08:38:53
No route matches [GET] /robots.txt
Completed 404 Not Found in (3.07 ms)
  Rendered public/404.html (0.99 ms)
Started GET '/' for 158.46.223.26 at 2019-03-07 08:58:02
Processing by home#index
  Rendered app/views/home/index.php (31.15 ms)
  Rendered app/views//home/_home_topbar.php (18.32 ms)
  Rendered app/views//home/_home_header.php (17.37 ms)
  Rendered app/views//home/_home_navbar.php (67.17 ms)
  Rendered app/views/home/_home_footer.php (74.19 ms)
  Rendered app/views/layouts/_back_to_top.php (1.52 ms)
  Rendered app/views/layouts/home.php (250.94 ms)
Completed 200 OK in (259.64 ms)
Started GET '/robots.txt' for 46.229.168.150 at 2019-03-07 09:07:13
No route matches [GET] /robots.txt
Completed 404 Not Found in (3.07 ms)
  Rendered public/404.html (0.98 ms)
Started GET '/lang/tr' for 46.229.168.151 at 2019-03-07 09:07:15
Processing by lang#tr
Completed 302 Found in (20.21 ms)
Started GET '/home/index' for 46.229.168.129 at 2019-03-07 09:07:19
Processing by home#index
  Rendered app/views/home/index.php (29.02 ms)
  Rendered app/views//home/_home_topbar.php (16.62 ms)
  Rendered app/views//home/_home_header.php (16.28 ms)
  Rendered app/views//home/_home_navbar.php (61.69 ms)
  Rendered app/views/home/_home_footer.php (65.93 ms)
  Rendered app/views/layouts/_back_to_top.php (1.27 ms)
  Rendered app/views/layouts/home.php (229.35 ms)
Completed 200 OK in (237.41 ms)
Started GET '/admin/elfinder/connector.minimal.php' for 47.92.133.59 at 2019-03-07 09:16:00
No route matches [GET] /admin/elfinder/connector.minimal.php
Completed 404 Not Found in (3.54 ms)
  Rendered public/404.html (1.01 ms)
Started GET '/robots.txt' for 216.244.66.250 at 2019-03-07 10:12:31
No route matches [GET] /robots.txt
Completed 404 Not Found in (3.29 ms)
  Rendered public/404.html (1.03 ms)
Started GET '/robots.txt' for 66.249.75.102 at 2019-03-07 10:44:48
No route matches [GET] /robots.txt
Completed 404 Not Found in (3.87 ms)
  Rendered public/404.html (1.17 ms)
Started GET '/robots.txt' for 216.244.66.250 at 2019-03-07 10:59:04
No route matches [GET] /robots.txt
Completed 404 Not Found in (3.02 ms)
  Rendered public/404.html (1.06 ms)
Started GET '/wp-content/themes/twentyseventeen/404.php' for 193.106.30.98 at 2019-03-07 11:36:09
No route matches [GET] /wp-content/themes/twentyseventeen/404.php
Completed 404 Not Found in (3.34 ms)
  Rendered public/404.html (0.98 ms)
Started GET '/robots.txt' for 54.36.150.5 at 2019-03-07 12:20:30
No route matches [GET] /robots.txt
Completed 404 Not Found in (3.14 ms)
  Rendered public/404.html (0.99 ms)
Started GET '/robots.txt' for 46.229.168.143 at 2019-03-07 12:46:42
No route matches [GET] /robots.txt
Completed 404 Not Found in (3.18 ms)
  Rendered public/404.html (1.03 ms)
Started GET '/home/pages/33' for 46.229.168.149 at 2019-03-07 12:46:45
Processing by page#show
  Rendered app/views/home/page/show.php (84.21 ms)
  Rendered app/views//home/_home_topbar.php (18.48 ms)
  Rendered app/views//home/_home_header.php (17.92 ms)
  Rendered app/views//home/_home_navbar.php (62.75 ms)
  Rendered app/views/home/_home_footer.php (67.33 ms)
  Rendered app/views/layouts/_back_to_top.php (1.37 ms)
  Rendered app/views/layouts/home.php (292.15 ms)
Completed 200 OK in (311.38 ms)
Started GET '/robots.txt' for 192.151.145.178 at 2019-03-07 12:57:19
No route matches [GET] /robots.txt
Completed 404 Not Found in (3.13 ms)
  Rendered public/404.html (0.98 ms)
Started GET '/' for 192.151.145.178 at 2019-03-07 12:57:24
Processing by home#index
  Rendered app/views/home/index.php (29.18 ms)
  Rendered app/views//home/_home_topbar.php (17.92 ms)
  Rendered app/views//home/_home_header.php (16.49 ms)
  Rendered app/views//home/_home_navbar.php (62.40 ms)
  Rendered app/views/home/_home_footer.php (65.93 ms)
  Rendered app/views/layouts/_back_to_top.php (1.28 ms)
  Rendered app/views/layouts/home.php (233.72 ms)
Completed 200 OK in (241.90 ms)
Started GET '/robots.txt' for 216.244.66.250 at 2019-03-07 13:17:01
No route matches [GET] /robots.txt
Completed 404 Not Found in (3.40 ms)
  Rendered public/404.html (0.96 ms)
Started GET '/home/products/show/226' for 46.229.168.136 at 2019-03-07 13:19:34
Processing by productpage#show
  Rendered app/views/home/productpage/_table.php (335.72 ms)
  Rendered app/views/home/productpage/show.php (445.70 ms)
  Rendered app/views//home/_home_topbar.php (16.57 ms)
  Rendered app/views//home/_home_header.php (16.63 ms)
  Rendered app/views//home/_home_navbar.php (60.54 ms)
  Rendered app/views/home/_home_footer.php (66.22 ms)
  Rendered app/views/layouts/_back_to_top.php (1.27 ms)
  Rendered app/views/layouts/home.php (645.09 ms)
Completed 200 OK in (660.10 ms)
Started GET '/robots.txt' for 37.9.113.123 at 2019-03-07 13:27:12
No route matches [GET] /robots.txt
Completed 404 Not Found in (3.09 ms)
  Rendered public/404.html (0.99 ms)
Started GET '/home/agendas/show/15' for 37.9.113.123 at 2019-03-07 13:27:16
Processing by agendapage#show
  Rendered app/views/home/agendapage/show.php (17.14 ms)
  Rendered app/views//home/_home_topbar.php (16.39 ms)
  Rendered app/views//home/_home_header.php (16.70 ms)
  Rendered app/views//home/_home_navbar.php (59.27 ms)
  Rendered app/views/home/_home_footer.php (64.23 ms)
  Rendered app/views/layouts/_back_to_top.php (1.32 ms)
  Rendered app/views/layouts/home.php (211.91 ms)
Completed 200 OK in (235.03 ms)
Started GET '/admin/FCKeditor/editor/filemanager/browser/default/connectors/php/connector.php?Command=GetFoldersAndFiles&Type=File&CurrentFolder=/' for 178.137.85.149 at 2019-03-07 14:22:31
No route matches [GET] /admin/FCKeditor/editor/filemanager/browser/default/connectors/php/connector.php?Command=GetFoldersAndFiles&Type=File&CurrentFolder=/
Completed 404 Not Found in (3.34 ms)
  Rendered public/404.html (1.05 ms)
Started GET '/' for 124.206.180.180 at 2019-03-07 14:41:15
Processing by home#index
  Rendered app/views/home/index.php (28.58 ms)
  Rendered app/views//home/_home_topbar.php (16.20 ms)
  Rendered app/views//home/_home_header.php (16.39 ms)
  Rendered app/views//home/_home_navbar.php (60.23 ms)
  Rendered app/views/home/_home_footer.php (68.24 ms)
  Rendered app/views/layouts/_back_to_top.php (1.26 ms)
  Rendered app/views/layouts/home.php (228.21 ms)
Completed 200 OK in (236.67 ms)
Started GET '/robots.txt' for 216.244.66.250 at 2019-03-07 14:49:47
No route matches [GET] /robots.txt
Completed 404 Not Found in (3.04 ms)
  Rendered public/404.html (1.01 ms)
Started GET '/home/products/show/288' for 40.77.167.85 at 2019-03-07 15:19:20
Processing by productpage#show
  Rendered app/views/home/productpage/_table.php (849.55 ms)
  Rendered app/views/home/productpage/show.php (961.23 ms)
  Rendered app/views//home/_home_topbar.php (17.22 ms)
  Rendered app/views//home/_home_header.php (16.96 ms)
  Rendered app/views//home/_home_navbar.php (67.03 ms)
  Rendered app/views/home/_home_footer.php (73.11 ms)
  Rendered app/views/layouts/_back_to_top.php (1.45 ms)
  Rendered app/views/layouts/home.php (1178.74 ms)
Completed 200 OK in (1194.98 ms)
Started GET '/' for 95.1.91.50 at 2019-03-07 15:24:14
Processing by home#index
  Rendered app/views/home/index.php (29.27 ms)
  Rendered app/views//home/_home_topbar.php (16.45 ms)
  Rendered app/views//home/_home_header.php (16.82 ms)
  Rendered app/views//home/_home_navbar.php (65.26 ms)
  Rendered app/views/home/_home_footer.php (67.80 ms)
  Rendered app/views/layouts/_back_to_top.php (1.28 ms)
  Rendered app/views/layouts/home.php (234.41 ms)
Completed 200 OK in (241.36 ms)
Started GET '/home/producttypes/show/42' for 66.249.75.100 at 2019-03-07 16:10:36
Processing by producttypepage#show
  Rendered app/views/home/_menu_product.php (23.24 ms)
  Rendered app/views/home/productpage/_table.php (365.19 ms)
  Rendered app/views/home/producttypepage/show.php (423.04 ms)
  Rendered app/views//home/_home_topbar.php (17.94 ms)
  Rendered app/views//home/_home_header.php (19.93 ms)
  Rendered app/views//home/_home_navbar.php (63.89 ms)
  Rendered app/views/home/_home_footer.php (72.68 ms)
  Rendered app/views/layouts/_back_to_top.php (1.40 ms)
  Rendered app/views/layouts/home.php (641.01 ms)
Completed 200 OK in (674.85 ms)
Started GET '/home/products/show/332' for 66.249.69.65 at 2019-03-07 16:30:27
Processing by productpage#show
  Rendered app/views/home/productpage/_table.php (886.24 ms)
  Rendered app/views/home/productpage/show.php (998.37 ms)
  Rendered app/views//home/_home_topbar.php (16.32 ms)
  Rendered app/views//home/_home_header.php (16.46 ms)
  Rendered app/views//home/_home_navbar.php (60.68 ms)
  Rendered app/views/home/_home_footer.php (64.68 ms)
  Rendered app/views/layouts/_back_to_top.php (1.24 ms)
  Rendered app/views/layouts/home.php (1195.65 ms)
Completed 200 OK in (1211.04 ms)
Started GET '/' for 66.249.69.68 at 2019-03-07 17:39:57
Processing by home#index
  Rendered app/views/home/index.php (28.60 ms)
  Rendered app/views//home/_home_topbar.php (16.59 ms)
  Rendered app/views//home/_home_header.php (16.57 ms)
  Rendered app/views//home/_home_navbar.php (61.94 ms)
  Rendered app/views/home/_home_footer.php (65.79 ms)
  Rendered app/views/layouts/_back_to_top.php (1.26 ms)
  Rendered app/views/layouts/home.php (229.07 ms)
Completed 200 OK in (237.46 ms)
Started GET '/robots.txt' for 216.244.66.250 at 2019-03-07 17:57:20
No route matches [GET] /robots.txt
Completed 404 Not Found in (3.18 ms)
  Rendered public/404.html (1.00 ms)
Started GET '/home/about_us' for 66.249.81.3 at 2019-03-07 19:15:42
Processing by home#about_us
  Rendered app/views/home/about_us.php (40.28 ms)
  Rendered app/views//home/_home_topbar.php (16.86 ms)
  Rendered app/views//home/_home_header.php (16.65 ms)
  Rendered app/views//home/_home_navbar.php (66.19 ms)
  Rendered app/views/home/_home_footer.php (66.99 ms)
  Rendered app/views/layouts/_back_to_top.php (1.35 ms)
  Rendered app/views/layouts/home.php (246.82 ms)
Completed 200 OK in (255.17 ms)
Started GET '/robots.txt' for 46.229.168.132 at 2019-03-07 19:18:08
No route matches [GET] /robots.txt
Completed 404 Not Found in (3.45 ms)
  Rendered public/404.html (1.04 ms)
Started GET '/home/products/show/366' for 46.229.168.149 at 2019-03-07 19:18:10
Processing by productpage#show
  Rendered app/views/home/productpage/_table.php (364.13 ms)
  Rendered app/views/home/productpage/show.php (488.23 ms)
  Rendered app/views//home/_home_topbar.php (18.64 ms)
  Rendered app/views//home/_home_header.php (21.02 ms)
  Rendered app/views//home/_home_navbar.php (69.93 ms)
  Rendered app/views/home/_home_footer.php (71.74 ms)
  Rendered app/views/layouts/_back_to_top.php (1.47 ms)
  Rendered app/views/layouts/home.php (713.34 ms)
Completed 200 OK in (728.14 ms)
Started GET '/' for 18.236.194.88 at 2019-03-07 19:23:48
Processing by home#index
  Rendered app/views/home/index.php (31.18 ms)
  Rendered app/views//home/_home_topbar.php (17.31 ms)
  Rendered app/views//home/_home_header.php (21.88 ms)
  Rendered app/views//home/_home_navbar.php (64.93 ms)
  Rendered app/views/home/_home_footer.php (68.85 ms)
  Rendered app/views/layouts/_back_to_top.php (1.33 ms)
  Rendered app/views/layouts/home.php (245.16 ms)
Completed 200 OK in (253.67 ms)
Started GET '/home/products' for 66.249.75.100 at 2019-03-07 19:46:43
Processing by productpage#index
  Rendered app/views/home/productpage/_table.php (7046.93 ms)
  Rendered app/views/home/productpage/index.php (7055.59 ms)
  Rendered app/views//home/_home_topbar.php (16.41 ms)
  Rendered app/views//home/_home_header.php (16.41 ms)
  Rendered app/views//home/_home_navbar.php (60.27 ms)
  Rendered app/views/home/_home_footer.php (63.58 ms)
  Rendered app/views/layouts/_back_to_top.php (1.27 ms)
  Rendered app/views/layouts/home.php (7250.59 ms)
Completed 200 OK in (7266.90 ms)
Started GET '/' for 193.169.254.87 at 2019-03-07 19:49:15
Processing by home#index
  Rendered app/views/home/index.php (28.27 ms)
  Rendered app/views//home/_home_topbar.php (16.05 ms)
  Rendered app/views//home/_home_header.php (16.44 ms)
  Rendered app/views//home/_home_navbar.php (60.29 ms)
  Rendered app/views/home/_home_footer.php (63.08 ms)
  Rendered app/views/layouts/_back_to_top.php (1.20 ms)
  Rendered app/views/layouts/home.php (221.34 ms)
Completed 200 OK in (228.12 ms)
Started GET '/robots.txt' for 46.229.168.151 at 2019-03-07 20:23:02
No route matches [GET] /robots.txt
Completed 404 Not Found in (3.20 ms)
  Rendered public/404.html (1.06 ms)
Started GET '/home/products/show/272' for 46.229.168.136 at 2019-03-07 20:23:02
Processing by productpage#show
  Rendered app/views/home/productpage/_table.php (233.26 ms)
  Rendered app/views/home/productpage/show.php (360.59 ms)
  Rendered app/views//home/_home_topbar.php (17.33 ms)
  Rendered app/views//home/_home_header.php (17.22 ms)
  Rendered app/views//home/_home_navbar.php (66.59 ms)
  Rendered app/views/home/_home_footer.php (70.51 ms)
  Rendered app/views/layouts/_back_to_top.php (1.51 ms)
  Rendered app/views/layouts/home.php (579.29 ms)
Completed 200 OK in (597.03 ms)
Started GET '/robots.txt' for 54.36.150.37 at 2019-03-07 20:42:11
No route matches [GET] /robots.txt
Completed 404 Not Found in (3.50 ms)
  Rendered public/404.html (1.08 ms)
Started GET '/home/products/show/290' for 54.36.150.127 at 2019-03-07 20:42:12
Processing by productpage#show
  Rendered app/views/home/productpage/_table.php (897.34 ms)
  Rendered app/views/home/productpage/show.php (1014.31 ms)
  Rendered app/views//home/_home_topbar.php (18.33 ms)
  Rendered app/views//home/_home_header.php (19.35 ms)
  Rendered app/views//home/_home_navbar.php (66.86 ms)
  Rendered app/views/home/_home_footer.php (73.44 ms)
  Rendered app/views/layouts/_back_to_top.php (1.30 ms)
  Rendered app/views/layouts/home.php (1234.85 ms)
Completed 200 OK in (1251.32 ms)
Veritabanı bağlantısı başarılı değil! → SQLSTATE[HY000] [1045] Access denied for user 'root'@'localhost' (using password: YES) → C:\Inetpub\vhosts\akgenseeds.com\httpdocs\lib\ApplicationDatabase.php at line 26

        self::$_connection->query("set collation_connection = 'utf8_general_ci'");

        self::$_connection->query("set collation-server = 'utf8_general_ci'");

        self::$_connection->setAttribute(PDO::ATTR_ERRMODE, PDO::ERRMODE_EXCEPTION);

      }

    } catch (PDOException $e) {

      throw new Exception("Veritabanı bağlantısı başarılı değil! → " . $e->getMessage());

    }

    return self::$_connection;

  }



  public static function close() {

Veritabanı bağlantısı başarılı değil! → SQLSTATE[HY000] [1045] Access denied for user 'root'@'localhost' (using password: YES) → C:\Inetpub\vhosts\akgenseeds.com\httpdocs\lib\ApplicationDatabase.php at line 26

        self::$_connection->query("set collation_connection = 'utf8_general_ci'");

        self::$_connection->query("set collation-server = 'utf8_general_ci'");

        self::$_connection->setAttribute(PDO::ATTR_ERRMODE, PDO::ERRMODE_EXCEPTION);

      }

    } catch (PDOException $e) {

      throw new Exception("Veritabanı bağlantısı başarılı değil! → " . $e->getMessage());

    }

    return self::$_connection;

  }



  public static function close() {

Veritabanı bağlantısı başarılı değil! → SQLSTATE[HY000] [1045] Access denied for user 'root'@'localhost' (using password: YES) → C:\Inetpub\vhosts\akgenseeds.com\httpdocs\lib\ApplicationDatabase.php at line 26

        self::$_connection->query("set collation_connection = 'utf8_general_ci'");

        self::$_connection->query("set collation-server = 'utf8_general_ci'");

        self::$_connection->setAttribute(PDO::ATTR_ERRMODE, PDO::ERRMODE_EXCEPTION);

      }

    } catch (PDOException $e) {

      throw new Exception("Veritabanı bağlantısı başarılı değil! → " . $e->getMessage());

    }

    return self::$_connection;

  }



  public static function close() {

Started GET '/' for 212.252.56.75 at 2019-03-07 21:04:41
Processing by home#index
  Rendered app/views/home/index.php (29.83 ms)
  Rendered app/views//home/_home_topbar.php (17.82 ms)
  Rendered app/views//home/_home_header.php (16.97 ms)
  Rendered app/views//home/_home_navbar.php (64.76 ms)
  Rendered app/views/home/_home_footer.php (68.01 ms)
  Rendered app/views/layouts/_back_to_top.php (1.55 ms)
  Rendered app/views/layouts/home.php (238.48 ms)
Completed 200 OK in (246.66 ms)
Started GET '/home/about_us' for 212.252.56.75 at 2019-03-07 21:04:44
No route matches [GET] /home/about_us
Completed 404 Not Found in (3.21 ms)
  Rendered public/404.html (1.01 ms)
Started GET '/home/products/show/331' for 54.36.150.64 at 2019-03-07 21:04:47
No route matches [GET] /home/products/show/331
Completed 404 Not Found in (2.98 ms)
  Rendered public/404.html (1.03 ms)
Started GET '/home/products/show/332' for 66.249.75.102 at 2019-03-07 21:05:44
No route matches [GET] /home/products/show/332
Completed 404 Not Found in (3.28 ms)
  Rendered public/404.html (0.97 ms)
Started GET '/home/about_us' for 212.252.56.75 at 2019-03-07 21:06:58
Processing by home#about_us
  Rendered app/views/home/about_us.php (19.20 ms)
  Rendered app/views//home/_home_topbar.php (18.16 ms)
  Rendered app/views//home/_home_header.php (20.00 ms)
  Rendered app/views//home/_home_navbar.php (77.68 ms)
  Rendered app/views/home/_home_footer.php (70.13 ms)
  Rendered app/views/layouts/_back_to_top.php (1.43 ms)
  Rendered app/views/layouts/home.php (251.26 ms)
Completed 200 OK in (258.21 ms)
Started GET '/home/about_us' for 212.252.56.75 at 2019-03-07 21:08:28
Processing by home#about_us
  Rendered app/views/home/about_us.php (21.44 ms)
  Rendered app/views//home/_home_topbar.php (20.04 ms)
  Rendered app/views//home/_home_header.php (18.68 ms)
  Rendered app/views//home/_home_navbar.php (72.36 ms)
  Rendered app/views/home/_home_footer.php (76.11 ms)
  Rendered app/views/layouts/_back_to_top.php (1.38 ms)
  Rendered app/views/layouts/home.php (257.22 ms)
Completed 200 OK in (264.72 ms)
Started GET '/admin' for 212.252.56.75 at 2019-03-07 21:08:33
Processing by admin#index
Completed 302 Found in (80.97 ms)
Started GET '/admin/login' for 212.252.56.75 at 2019-03-07 21:08:33
Processing by admin#login
  Rendered app/views/admin/login.php (41.25 ms)
  Rendered app/views/layouts/default.php (47.15 ms)
Completed 200 OK in (56.71 ms)
Started POST '/admin/login' for 212.252.56.75 at 2019-03-07 21:08:37
Processing by admin#login
  Rendered app/views/admin/_shepherd.php (10.29 ms)
  Rendered app/views//admin/index.php (145.89 ms)
  Rendered app/views/admin/_admin_navbar.php (4.56 ms)
  Rendered app/views/admin/_menu_site.php (10.75 ms)
  Rendered app/views/admin/_menu_distributor.php (7.78 ms)
  Rendered app/views/admin/_menu_product.php (11.18 ms)
  Rendered app/views/admin/_menu_user.php (12.34 ms)
  Rendered app/views/admin/_menu_system.php (10.29 ms)
  Rendered app/views/layouts/_back_to_top.php (1.34 ms)
  Rendered app/views/layouts/admin.php (217.70 ms)
Completed 200 OK in (998.11 ms)
Started GET '/admin/agendas' for 212.252.56.75 at 2019-03-07 21:08:40
Processing by agendas#index
  Rendered app/views/admin/agendas/index.php (15.05 ms)
  Rendered app/views/admin/_admin_navbar.php (1.21 ms)
  Rendered app/views/admin/_menu_site.php (1.22 ms)
  Rendered app/views/admin/_menu_distributor.php (1.22 ms)
  Rendered app/views/admin/_menu_product.php (1.21 ms)
  Rendered app/views/admin/_menu_user.php (1.24 ms)
  Rendered app/views/admin/_menu_system.php (1.23 ms)
  Rendered app/views/layouts/_back_to_top.php (1.21 ms)
  Rendered app/views/layouts/admin.php (31.96 ms)
Completed 200 OK in (45.21 ms)
Started GET '/admin/logout' for 212.252.56.75 at 2019-03-07 21:08:43
Processing by admin#logout
Completed 302 Found in (7.55 ms)
Started GET '/admin/login' for 212.252.56.75 at 2019-03-07 21:08:43
Processing by admin#login
  Rendered app/views/admin/login.php (8.59 ms)
  Rendered app/views/layouts/default.php (10.85 ms)
Completed 200 OK in (19.18 ms)
Started GET '/home/agendas/show/16' for 66.249.75.97 at 2019-03-07 21:27:05
Processing by agendapage#show
  Rendered app/views/home/agendapage/show.php (12.52 ms)
  Rendered app/views//home/_home_topbar.php (18.37 ms)
  Rendered app/views//home/_home_header.php (16.75 ms)
  Rendered app/views//home/_home_navbar.php (62.60 ms)
  Rendered app/views/home/_home_footer.php (77.14 ms)
  Rendered app/views/layouts/_back_to_top.php (1.30 ms)
  Rendered app/views/layouts/home.php (230.19 ms)
Completed 200 OK in (254.68 ms)
Started GET '/home/producttypes/show/44' for 88.255.101.231 at 2019-03-07 21:30:31
Processing by producttypepage#show
  Rendered app/views/home/_menu_product.php (12.36 ms)
  Rendered app/views/home/productpage/_table.php (563.77 ms)
  Rendered app/views/home/producttypepage/show.php (606.25 ms)
  Rendered app/views//home/_home_topbar.php (18.91 ms)
  Rendered app/views//home/_home_header.php (18.03 ms)
  Rendered app/views//home/_home_navbar.php (68.30 ms)
  Rendered app/views/home/_home_footer.php (72.95 ms)
  Rendered app/views/layouts/_back_to_top.php (1.50 ms)
  Rendered app/views/layouts/home.php (828.47 ms)
Completed 200 OK in (851.07 ms)
Started GET '/home/producttypes/show/44' for 88.255.101.231 at 2019-03-07 21:34:57
Processing by producttypepage#show
  Rendered app/views/home/_menu_product.php (12.30 ms)
  Rendered app/views/home/productpage/_table.php (520.01 ms)
  Rendered app/views/home/producttypepage/show.php (558.19 ms)
  Rendered app/views//home/_home_topbar.php (16.49 ms)
  Rendered app/views//home/_home_header.php (16.63 ms)
  Rendered app/views//home/_home_navbar.php (63.72 ms)
  Rendered app/views/home/_home_footer.php (84.29 ms)
  Rendered app/views/layouts/_back_to_top.php (1.36 ms)
  Rendered app/views/layouts/home.php (781.24 ms)
Completed 200 OK in (803.81 ms)
Started GET '/robots.txt' for 216.244.66.250 at 2019-03-07 21:44:29
No route matches [GET] /robots.txt
Completed 404 Not Found in (3.35 ms)
  Rendered public/404.html (1.10 ms)
Started GET '/home/products/show/300' for 66.249.75.102 at 2019-03-07 22:15:25
Processing by productpage#show
  Rendered app/views/home/productpage/_table.php (498.08 ms)
  Rendered app/views/home/productpage/show.php (611.24 ms)
  Rendered app/views//home/_home_topbar.php (16.05 ms)
  Rendered app/views//home/_home_header.php (16.37 ms)
  Rendered app/views//home/_home_navbar.php (59.38 ms)
  Rendered app/views/home/_home_footer.php (64.12 ms)
  Rendered app/views/layouts/_back_to_top.php (1.36 ms)
  Rendered app/views/layouts/home.php (805.56 ms)
Completed 200 OK in (820.74 ms)
Started GET '/' for 66.249.75.102 at 2019-03-07 22:23:48
Processing by home#index
  Rendered app/views/home/index.php (32.67 ms)
  Rendered app/views//home/_home_topbar.php (19.09 ms)
  Rendered app/views//home/_home_header.php (19.59 ms)
  Rendered app/views//home/_home_navbar.php (75.24 ms)
  Rendered app/views/home/_home_footer.php (74.51 ms)
  Rendered app/views/layouts/_back_to_top.php (1.54 ms)
  Rendered app/views/layouts/home.php (264.81 ms)
Completed 200 OK in (273.44 ms)
Started GET '/home/producttypes/show/42' for 66.249.75.97 at 2019-03-07 22:31:22
Processing by producttypepage#show
  Rendered app/views/home/_menu_product.php (12.41 ms)
  Rendered app/views/home/productpage/_table.php (365.17 ms)
  Rendered app/views/home/producttypepage/show.php (406.23 ms)
  Rendered app/views//home/_home_topbar.php (18.18 ms)
  Rendered app/views//home/_home_header.php (17.83 ms)
  Rendered app/views//home/_home_navbar.php (64.70 ms)
  Rendered app/views/home/_home_footer.php (69.93 ms)
  Rendered app/views/layouts/_back_to_top.php (1.28 ms)
  Rendered app/views/layouts/home.php (616.86 ms)
Completed 200 OK in (643.44 ms)
Started GET '/robots.txt' for 37.9.113.123 at 2019-03-07 23:20:30
No route matches [GET] /robots.txt
Completed 404 Not Found in (3.13 ms)
  Rendered public/404.html (0.98 ms)
Started GET '/home/akgenseeds.com' for 37.9.113.145 at 2019-03-07 23:20:34
No route matches [GET] /home/akgenseeds.com
Completed 404 Not Found in (3.19 ms)
  Rendered public/404.html (0.95 ms)
Started GET '/' for 141.8.142.162 at 2019-03-07 23:25:20
Processing by home#index
  Rendered app/views/home/index.php (29.29 ms)
  Rendered app/views//home/_home_topbar.php (16.59 ms)
  Rendered app/views//home/_home_header.php (16.80 ms)
  Rendered app/views//home/_home_navbar.php (64.96 ms)
  Rendered app/views/home/_home_footer.php (65.65 ms)
  Rendered app/views/layouts/_back_to_top.php (1.28 ms)
  Rendered app/views/layouts/home.php (232.15 ms)
Completed 200 OK in (240.51 ms)
Started GET '/robots.txt' for 66.249.75.100 at 2019-03-07 23:38:21
No route matches [GET] /robots.txt
Completed 404 Not Found in (3.30 ms)
  Rendered public/404.html (1.02 ms)
Started GET '/home/products/show/332' for 66.249.75.100 at 2019-03-07 23:38:22
Processing by productpage#show
  Rendered app/views/home/productpage/_table.php (1148.25 ms)
  Rendered app/views/home/productpage/show.php (1314.90 ms)
  Rendered app/views//home/_home_topbar.php (17.90 ms)
  Rendered app/views//home/_home_header.php (17.80 ms)
  Rendered app/views//home/_home_navbar.php (66.63 ms)
  Rendered app/views/home/_home_footer.php (72.73 ms)
  Rendered app/views/layouts/_back_to_top.php (1.30 ms)
  Rendered app/views/layouts/home.php (1532.17 ms)
Completed 200 OK in (1549.43 ms)
