Started GET '/robots.txt' for 216.244.66.250 at 2019-03-02 00:04:53
No route matches [GET] /robots.txt
Completed 404 Not Found in (6.88 ms)
  Rendered public/404.html (1.12 ms)
Started GET '/home/products/show/243' for 66.249.75.93 at 2019-03-02 00:07:53
Processing by productpage#show
  Rendered app/views/home/productpage/_table.php (220.95 ms)
  Rendered app/views/home/productpage/show.php (326.67 ms)
  Rendered app/views//home/_home_topbar.php (21.51 ms)
  Rendered app/views//home/_home_header.php (21.45 ms)
  Rendered app/views//home/_home_navbar.php (81.72 ms)
  Rendered app/views/home/_home_footer.php (83.77 ms)
  Rendered app/views/layouts/_back_to_top.php (1.37 ms)
  Rendered app/views/layouts/home.php (576.82 ms)
Completed 200 OK in (591.58 ms)
Started GET '/robots.txt' for 216.244.66.250 at 2019-03-02 00:56:05
No route matches [GET] /robots.txt
Completed 404 Not Found in (3.03 ms)
  Rendered public/404.html (0.95 ms)
Started GET '/robots.txt' for 216.244.66.250 at 2019-03-02 02:36:28
No route matches [GET] /robots.txt
Completed 404 Not Found in (120.34 ms)
  Rendered public/404.html (18.51 ms)
Started GET '/home/contact' for 157.55.39.152 at 2019-03-02 02:52:17
Processing by home#contact
  Rendered app/views/home/contact.php (102.22 ms)
  Rendered app/views//home/_home_topbar.php (64.27 ms)
  Rendered app/views//home/_home_header.php (32.92 ms)
  Rendered app/views//home/_home_navbar.php (258.21 ms)
  Rendered app/views/home/_home_footer.php (187.81 ms)
  Rendered app/views/layouts/_back_to_top.php (43.98 ms)
  Rendered app/views/layouts/home.php (766.27 ms)
Completed 200 OK in (854.38 ms)
Started GET '/home/products/show/390' for 40.77.167.10 at 2019-03-02 02:56:10
Processing by productpage#show
Completed 302 Found in (151.91 ms)
Started GET '/home/products' for 40.77.167.10 at 2019-03-02 02:56:11
Processing by productpage#index
  Rendered app/views/home/productpage/_table.php (7160.10 ms)
  Rendered app/views/home/productpage/index.php (7164.08 ms)
  Rendered app/views//home/_home_topbar.php (16.06 ms)
  Rendered app/views//home/_home_header.php (17.22 ms)
  Rendered app/views//home/_home_navbar.php (60.79 ms)
  Rendered app/views/home/_home_footer.php (64.26 ms)
  Rendered app/views/layouts/_back_to_top.php (1.22 ms)
  Rendered app/views/layouts/home.php (7361.15 ms)
Completed 200 OK in (7410.87 ms)
Started GET '/robots.txt' for 46.229.168.142 at 2019-03-02 04:21:11
No route matches [GET] /robots.txt
Completed 404 Not Found in (3.09 ms)
  Rendered public/404.html (0.98 ms)
Started GET '/home/products/show/249' for 46.229.168.136 at 2019-03-02 04:21:11
Processing by productpage#show
  Rendered app/views/home/productpage/_table.php (832.33 ms)
  Rendered app/views/home/productpage/show.php (945.41 ms)
  Rendered app/views//home/_home_topbar.php (16.50 ms)
  Rendered app/views//home/_home_header.php (16.49 ms)
  Rendered app/views//home/_home_navbar.php (61.21 ms)
  Rendered app/views/home/_home_footer.php (65.18 ms)
  Rendered app/views/layouts/_back_to_top.php (1.30 ms)
  Rendered app/views/layouts/home.php (1143.77 ms)
Completed 200 OK in (1159.27 ms)
Started GET '/' for 52.53.201.78 at 2019-03-02 05:13:18
Processing by home#index
  Rendered app/views/home/index.php (209.55 ms)
  Rendered app/views//home/_home_topbar.php (55.10 ms)
  Rendered app/views//home/_home_header.php (40.11 ms)
  Rendered app/views//home/_home_navbar.php (120.73 ms)
  Rendered app/views/home/_home_footer.php (84.64 ms)
  Rendered app/views/layouts/_back_to_top.php (12.12 ms)
  Rendered app/views/layouts/home.php (641.26 ms)
Completed 200 OK in (871.46 ms)
Started GET '/robots.txt' for 216.244.66.250 at 2019-03-02 05:57:39
No route matches [GET] /robots.txt
Completed 404 Not Found in (34.25 ms)
  Rendered public/404.html (7.99 ms)
Started GET '/home/products/show/350' for 54.36.150.138 at 2019-03-02 06:05:32
Processing by productpage#show
  Rendered app/views/home/productpage/_table.php (1631.50 ms)
  Rendered app/views/home/productpage/show.php (1786.92 ms)
  Rendered app/views//home/_home_topbar.php (27.72 ms)
  Rendered app/views//home/_home_header.php (26.39 ms)
  Rendered app/views//home/_home_navbar.php (72.34 ms)
  Rendered app/views/home/_home_footer.php (77.87 ms)
  Rendered app/views/layouts/_back_to_top.php (3.49 ms)
  Rendered app/views/layouts/home.php (2039.85 ms)
Completed 200 OK in (2117.95 ms)
Started GET '/robots.txt' for 46.229.168.142 at 2019-03-02 06:07:21
No route matches [GET] /robots.txt
Completed 404 Not Found in (5.22 ms)
  Rendered public/404.html (1.78 ms)
Started GET '/home/products/show/329' for 46.229.168.136 at 2019-03-02 06:07:22
Processing by productpage#show
  Rendered app/views/home/productpage/_table.php (1578.27 ms)
  Rendered app/views/home/productpage/show.php (1688.10 ms)
  Rendered app/views//home/_home_topbar.php (17.13 ms)
  Rendered app/views//home/_home_header.php (17.40 ms)
  Rendered app/views//home/_home_navbar.php (63.76 ms)
  Rendered app/views/home/_home_footer.php (67.14 ms)
  Rendered app/views/layouts/_back_to_top.php (1.34 ms)
  Rendered app/views/layouts/home.php (1895.82 ms)
Completed 200 OK in (1909.10 ms)
Started GET '/robots.txt' for 216.244.66.250 at 2019-03-02 06:46:49
No route matches [GET] /robots.txt
Completed 404 Not Found in (3.15 ms)
  Rendered public/404.html (0.98 ms)
Started GET '/robots.txt' for 37.9.113.123 at 2019-03-02 07:18:21
No route matches [GET] /robots.txt
Completed 404 Not Found in (3.12 ms)
  Rendered public/404.html (0.98 ms)
Started GET '/home/agendas/show/14' for 37.9.113.123 at 2019-03-02 07:18:25
Processing by agendapage#show
  Rendered app/views/home/agendapage/show.php (57.52 ms)
  Rendered app/views//home/_home_topbar.php (16.14 ms)
  Rendered app/views//home/_home_header.php (16.26 ms)
  Rendered app/views//home/_home_navbar.php (61.38 ms)
  Rendered app/views/home/_home_footer.php (64.66 ms)
  Rendered app/views/layouts/_back_to_top.php (1.23 ms)
  Rendered app/views/layouts/home.php (254.24 ms)
Completed 200 OK in (276.57 ms)
Started GET '/robots.txt' for 216.244.66.250 at 2019-03-02 07:35:51
No route matches [GET] /robots.txt
Completed 404 Not Found in (3.24 ms)
  Rendered public/404.html (1.05 ms)
Started GET '/home/products/show/356' for 54.36.148.56 at 2019-03-02 07:42:24
Processing by productpage#show
  Rendered app/views/home/productpage/_table.php (1450.31 ms)
  Rendered app/views/home/productpage/show.php (1558.20 ms)
  Rendered app/views//home/_home_topbar.php (17.21 ms)
  Rendered app/views//home/_home_header.php (16.81 ms)
  Rendered app/views//home/_home_navbar.php (60.87 ms)
  Rendered app/views/home/_home_footer.php (68.17 ms)
  Rendered app/views/layouts/_back_to_top.php (1.33 ms)
  Rendered app/views/layouts/home.php (1771.99 ms)
Completed 200 OK in (1787.05 ms)
Started GET '/robots.txt' for 46.229.168.130 at 2019-03-02 07:51:06
No route matches [GET] /robots.txt
Completed 404 Not Found in (3.31 ms)
  Rendered public/404.html (1.06 ms)
Started GET '/home/products/show/263' for 46.229.168.135 at 2019-03-02 07:51:07
Processing by productpage#show
  Rendered app/views/home/productpage/_table.php (280.02 ms)
  Rendered app/views/home/productpage/show.php (387.00 ms)
  Rendered app/views//home/_home_topbar.php (16.56 ms)
  Rendered app/views//home/_home_header.php (16.11 ms)
  Rendered app/views//home/_home_navbar.php (60.31 ms)
  Rendered app/views/home/_home_footer.php (64.91 ms)
  Rendered app/views/layouts/_back_to_top.php (1.27 ms)
  Rendered app/views/layouts/home.php (582.70 ms)
Completed 200 OK in (597.35 ms)
Started GET '/robots.txt' for 66.249.75.95 at 2019-03-02 07:58:44
No route matches [GET] /robots.txt
Completed 404 Not Found in (3.00 ms)
  Rendered public/404.html (0.96 ms)
Started GET '/robots.txt' for 216.244.66.250 at 2019-03-02 08:25:36
No route matches [GET] /robots.txt
Completed 404 Not Found in (3.07 ms)
  Rendered public/404.html (0.98 ms)
Started GET '/home/products' for 46.229.168.151 at 2019-03-02 08:26:59
Processing by productpage#index
  Rendered app/views/home/productpage/_table.php (7352.24 ms)
  Rendered app/views/home/productpage/index.php (7363.52 ms)
  Rendered app/views//home/_home_topbar.php (16.61 ms)
  Rendered app/views//home/_home_header.php (16.43 ms)
  Rendered app/views//home/_home_navbar.php (60.81 ms)
  Rendered app/views/home/_home_footer.php (65.41 ms)
  Rendered app/views/layouts/_back_to_top.php (1.31 ms)
  Rendered app/views/layouts/home.php (7561.73 ms)
Completed 200 OK in (7578.07 ms)
Started GET '/robots.txt' for 46.229.168.141 at 2019-03-02 09:40:00
No route matches [GET] /robots.txt
Completed 404 Not Found in (3.45 ms)
  Rendered public/404.html (0.96 ms)
Started GET '/home/products/show/296' for 46.229.168.137 at 2019-03-02 09:40:01
Processing by productpage#show
  Rendered app/views/home/productpage/_table.php (850.26 ms)
  Rendered app/views/home/productpage/show.php (977.71 ms)
  Rendered app/views//home/_home_topbar.php (16.46 ms)
  Rendered app/views//home/_home_header.php (16.67 ms)
  Rendered app/views//home/_home_navbar.php (61.91 ms)
  Rendered app/views/home/_home_footer.php (64.61 ms)
  Rendered app/views/layouts/_back_to_top.php (1.39 ms)
  Rendered app/views/layouts/home.php (1176.59 ms)
Completed 200 OK in (1192.38 ms)
Started GET '/home/products/show/346' for 46.229.168.130 at 2019-03-02 09:44:24
Processing by productpage#show
  Rendered app/views/home/productpage/_table.php (1465.39 ms)
  Rendered app/views/home/productpage/show.php (1576.33 ms)
  Rendered app/views//home/_home_topbar.php (16.31 ms)
  Rendered app/views//home/_home_header.php (16.12 ms)
  Rendered app/views//home/_home_navbar.php (61.95 ms)
  Rendered app/views/home/_home_footer.php (66.26 ms)
  Rendered app/views/layouts/_back_to_top.php (1.27 ms)
  Rendered app/views/layouts/home.php (1775.18 ms)
Completed 200 OK in (1788.71 ms)
Started GET '/' for 66.249.81.4 at 2019-03-02 10:26:01
Processing by home#index
  Rendered app/views/home/index.php (40.82 ms)
  Rendered app/views//home/_home_topbar.php (16.43 ms)
  Rendered app/views//home/_home_header.php (16.30 ms)
  Rendered app/views//home/_home_navbar.php (60.50 ms)
  Rendered app/views/home/_home_footer.php (64.85 ms)
  Rendered app/views/layouts/_back_to_top.php (1.28 ms)
  Rendered app/views/layouts/home.php (237.60 ms)
Completed 200 OK in (245.70 ms)
Started GET '/robots.txt' for 216.244.66.250 at 2019-03-02 10:56:29
No route matches [GET] /robots.txt
Completed 404 Not Found in (3.19 ms)
  Rendered public/404.html (1.01 ms)
Started GET '/home/products/show/290' for 54.36.150.150 at 2019-03-02 11:01:18
Processing by productpage#show
  Rendered app/views/home/productpage/_table.php (888.19 ms)
  Rendered app/views/home/productpage/show.php (1011.71 ms)
  Rendered app/views//home/_home_topbar.php (19.79 ms)
  Rendered app/views//home/_home_header.php (19.17 ms)
  Rendered app/views//home/_home_navbar.php (66.95 ms)
  Rendered app/views/home/_home_footer.php (72.58 ms)
  Rendered app/views/layouts/_back_to_top.php (1.56 ms)
  Rendered app/views/layouts/home.php (1233.38 ms)
Completed 200 OK in (1250.54 ms)
Started GET '/home/producttypes/show/42' for 66.249.75.94 at 2019-03-02 11:06:17
Processing by producttypepage#show
  Rendered app/views/home/_menu_product.php (18.94 ms)
  Rendered app/views/home/productpage/_table.php (327.69 ms)
  Rendered app/views/home/producttypepage/show.php (374.63 ms)
  Rendered app/views//home/_home_topbar.php (16.31 ms)
  Rendered app/views//home/_home_header.php (16.34 ms)
  Rendered app/views//home/_home_navbar.php (59.84 ms)
  Rendered app/views/home/_home_footer.php (64.19 ms)
  Rendered app/views/layouts/_back_to_top.php (1.27 ms)
  Rendered app/views/layouts/home.php (570.48 ms)
Completed 200 OK in (594.14 ms)
Started GET '/robots.txt' for 37.9.113.123 at 2019-03-02 11:11:07
No route matches [GET] /robots.txt
Completed 404 Not Found in (3.09 ms)
  Rendered public/404.html (0.97 ms)
Started GET '/home/products/show/345' for 54.36.150.86 at 2019-03-02 11:17:57
Processing by productpage#show
  Rendered app/views/home/productpage/_table.php (1598.83 ms)
  Rendered app/views/home/productpage/show.php (1728.80 ms)
  Rendered app/views//home/_home_topbar.php (16.47 ms)
  Rendered app/views//home/_home_header.php (19.07 ms)
  Rendered app/views//home/_home_navbar.php (59.50 ms)
  Rendered app/views/home/_home_footer.php (63.43 ms)
  Rendered app/views/layouts/_back_to_top.php (1.26 ms)
  Rendered app/views/layouts/home.php (1926.01 ms)
Completed 200 OK in (1943.93 ms)
Started GET '/home/products/show/307' for 141.8.142.162 at 2019-03-02 11:35:54
Processing by productpage#show
  Rendered app/views/home/productpage/_table.php (1416.42 ms)
  Rendered app/views/home/productpage/show.php (1523.22 ms)
  Rendered app/views//home/_home_topbar.php (17.03 ms)
  Rendered app/views//home/_home_header.php (16.55 ms)
  Rendered app/views//home/_home_navbar.php (62.01 ms)
  Rendered app/views/home/_home_footer.php (63.24 ms)
  Rendered app/views/layouts/_back_to_top.php (1.27 ms)
  Rendered app/views/layouts/home.php (1720.43 ms)
Completed 200 OK in (1735.65 ms)
Started GET '/robots.txt' for 216.244.66.250 at 2019-03-02 11:46:02
No route matches [GET] /robots.txt
Completed 404 Not Found in (3.08 ms)
  Rendered public/404.html (0.97 ms)
Started GET '/' for 212.154.56.176 at 2019-03-02 11:58:37
Processing by home#index
  Rendered app/views/home/index.php (32.15 ms)
  Rendered app/views//home/_home_topbar.php (19.68 ms)
  Rendered app/views//home/_home_header.php (19.59 ms)
  Rendered app/views//home/_home_navbar.php (71.75 ms)
  Rendered app/views/home/_home_footer.php (74.40 ms)
  Rendered app/views/layouts/_back_to_top.php (1.31 ms)
  Rendered app/views/layouts/home.php (260.53 ms)
Completed 200 OK in (269.23 ms)
Started GET '/' for 212.154.56.176 at 2019-03-02 12:00:21
Processing by home#index
  Rendered app/views/home/index.php (27.43 ms)
  Rendered app/views//home/_home_topbar.php (16.17 ms)
  Rendered app/views//home/_home_header.php (16.34 ms)
  Rendered app/views//home/_home_navbar.php (60.72 ms)
  Rendered app/views/home/_home_footer.php (63.59 ms)
  Rendered app/views/layouts/_back_to_top.php (1.20 ms)
  Rendered app/views/layouts/home.php (222.20 ms)
Completed 200 OK in (229.04 ms)
Started GET '/' for 66.249.75.94 at 2019-03-02 12:27:37
Processing by home#index
  Rendered app/views/home/index.php (29.21 ms)
  Rendered app/views//home/_home_topbar.php (16.40 ms)
  Rendered app/views//home/_home_header.php (16.61 ms)
  Rendered app/views//home/_home_navbar.php (77.80 ms)
  Rendered app/views/home/_home_footer.php (74.27 ms)
  Rendered app/views/layouts/_back_to_top.php (1.43 ms)
  Rendered app/views/layouts/home.php (253.58 ms)
Completed 200 OK in (261.90 ms)
Started GET '/robots.txt' for 216.244.66.250 at 2019-03-02 12:36:15
No route matches [GET] /robots.txt
Completed 404 Not Found in (3.21 ms)
  Rendered public/404.html (1.01 ms)
Started GET '/' for 66.249.75.93 at 2019-03-02 12:49:33
Processing by home#index
  Rendered app/views/home/index.php (28.58 ms)
  Rendered app/views//home/_home_topbar.php (16.97 ms)
  Rendered app/views//home/_home_header.php (16.76 ms)
  Rendered app/views//home/_home_navbar.php (74.95 ms)
  Rendered app/views/home/_home_footer.php (66.96 ms)
  Rendered app/views/layouts/_back_to_top.php (1.28 ms)
  Rendered app/views/layouts/home.php (244.44 ms)
Completed 200 OK in (252.70 ms)
Started GET '/home/producttypes/show/44' for 66.249.75.94 at 2019-03-02 13:01:44
Processing by producttypepage#show
  Rendered app/views/home/_menu_product.php (12.26 ms)
  Rendered app/views/home/productpage/_table.php (536.35 ms)
  Rendered app/views/home/producttypepage/show.php (571.87 ms)
  Rendered app/views//home/_home_topbar.php (16.95 ms)
  Rendered app/views//home/_home_header.php (17.45 ms)
  Rendered app/views//home/_home_navbar.php (62.42 ms)
  Rendered app/views/home/_home_footer.php (65.85 ms)
  Rendered app/views/layouts/_back_to_top.php (1.33 ms)
  Rendered app/views/layouts/home.php (773.99 ms)
Completed 200 OK in (797.36 ms)
Started GET '/robots.txt' for 66.249.75.94 at 2019-03-02 13:26:53
No route matches [GET] /robots.txt
Completed 404 Not Found in (3.23 ms)
  Rendered public/404.html (1.06 ms)
Started GET '/st.php' for 193.106.30.98 at 2019-03-02 14:01:45
No route matches [GET] /st.php
Completed 404 Not Found in (3.40 ms)
  Rendered public/404.html (1.04 ms)
Started GET '/robots.txt' for 207.46.13.219 at 2019-03-02 14:15:55
No route matches [GET] /robots.txt
Completed 404 Not Found in (3.34 ms)
  Rendered public/404.html (0.98 ms)
Started GET '/robots.txt' for 216.244.66.250 at 2019-03-02 14:18:40
No route matches [GET] /robots.txt
Completed 404 Not Found in (2.99 ms)
  Rendered public/404.html (0.94 ms)
Started GET '/home/products/show/331' for 54.36.148.232 at 2019-03-02 14:24:54
Processing by productpage#show
  Rendered app/views/home/productpage/_table.php (1506.12 ms)
  Rendered app/views/home/productpage/show.php (1633.11 ms)
  Rendered app/views//home/_home_topbar.php (16.52 ms)
  Rendered app/views//home/_home_header.php (16.67 ms)
  Rendered app/views//home/_home_navbar.php (59.98 ms)
  Rendered app/views/home/_home_footer.php (67.87 ms)
  Rendered app/views/layouts/_back_to_top.php (1.31 ms)
  Rendered app/views/layouts/home.php (1833.23 ms)
Completed 200 OK in (1850.64 ms)
Started GET '/robots.txt' for 37.9.113.123 at 2019-03-02 15:20:31
No route matches [GET] /robots.txt
Completed 404 Not Found in (3.02 ms)
  Rendered public/404.html (0.96 ms)
Started GET '/home/products/show/239' for 37.9.113.123 at 2019-03-02 15:20:35
Processing by productpage#show
  Rendered app/views/home/productpage/_table.php (116.62 ms)
  Rendered app/views/home/productpage/show.php (227.62 ms)
  Rendered app/views//home/_home_topbar.php (16.37 ms)
  Rendered app/views//home/_home_header.php (16.01 ms)
  Rendered app/views//home/_home_navbar.php (60.18 ms)
  Rendered app/views/home/_home_footer.php (64.50 ms)
  Rendered app/views/layouts/_back_to_top.php (1.43 ms)
  Rendered app/views/layouts/home.php (423.17 ms)
Completed 200 OK in (438.04 ms)
Started GET '/' for 176.235.139.98 at 2019-03-02 15:58:43
Processing by home#index
  Rendered app/views/home/index.php (30.15 ms)
  Rendered app/views//home/_home_topbar.php (18.69 ms)
  Rendered app/views//home/_home_header.php (17.91 ms)
  Rendered app/views//home/_home_navbar.php (71.95 ms)
  Rendered app/views/home/_home_footer.php (70.53 ms)
  Rendered app/views/layouts/_back_to_top.php (1.42 ms)
  Rendered app/views/layouts/home.php (250.88 ms)
Completed 200 OK in (259.39 ms)
Started GET '/robots.txt' for 216.244.66.250 at 2019-03-02 16:00:51
No route matches [GET] /robots.txt
Completed 404 Not Found in (3.08 ms)
  Rendered public/404.html (0.98 ms)
Started GET '/robots.txt' for 141.8.142.54 at 2019-03-02 16:17:15
No route matches [GET] /robots.txt
Completed 404 Not Found in (3.20 ms)
  Rendered public/404.html (0.99 ms)
Started GET '/home/agendas/show/15' for 141.8.132.8 at 2019-03-02 16:17:18
Processing by agendapage#show
  Rendered app/views/home/agendapage/show.php (10.93 ms)
  Rendered app/views//home/_home_topbar.php (17.14 ms)
  Rendered app/views//home/_home_header.php (16.71 ms)
  Rendered app/views//home/_home_navbar.php (61.17 ms)
  Rendered app/views/home/_home_footer.php (65.83 ms)
  Rendered app/views/layouts/_back_to_top.php (1.33 ms)
  Rendered app/views/layouts/home.php (217.93 ms)
Completed 200 OK in (233.40 ms)
Started GET '/robots.txt' for 216.244.66.250 at 2019-03-02 16:52:10
No route matches [GET] /robots.txt
Completed 404 Not Found in (3.52 ms)
  Rendered public/404.html (1.01 ms)
Started GET '/robots.txt' for 46.229.168.153 at 2019-03-02 17:25:52
No route matches [GET] /robots.txt
Completed 404 Not Found in (3.45 ms)
  Rendered public/404.html (0.98 ms)
Started GET '/home/agendas/show/16' for 46.229.168.131 at 2019-03-02 17:25:53
Processing by agendapage#show
  Rendered app/views/home/agendapage/show.php (12.60 ms)
  Rendered app/views//home/_home_topbar.php (19.59 ms)
  Rendered app/views//home/_home_header.php (19.12 ms)
  Rendered app/views//home/_home_navbar.php (77.50 ms)
  Rendered app/views/home/_home_footer.php (81.50 ms)
  Rendered app/views/layouts/_back_to_top.php (1.39 ms)
  Rendered app/views/layouts/home.php (257.91 ms)
Completed 200 OK in (276.32 ms)
Started GET '/robots.txt' for 216.244.66.250 at 2019-03-02 17:43:47
No route matches [GET] /robots.txt
Completed 404 Not Found in (3.31 ms)
  Rendered public/404.html (1.03 ms)
Started GET '/home/products/show/300' for 66.249.69.68 at 2019-03-02 18:07:00
Processing by productpage#show
  Rendered app/views/home/productpage/_table.php (524.15 ms)
  Rendered app/views/home/productpage/show.php (659.70 ms)
  Rendered app/views//home/_home_topbar.php (17.03 ms)
  Rendered app/views//home/_home_header.php (16.83 ms)
  Rendered app/views//home/_home_navbar.php (64.94 ms)
  Rendered app/views/home/_home_footer.php (67.75 ms)
  Rendered app/views/layouts/_back_to_top.php (1.28 ms)
  Rendered app/views/layouts/home.php (866.26 ms)
Completed 200 OK in (890.03 ms)
Started GET '/home/products' for 66.249.69.68 at 2019-03-02 18:12:58
Processing by productpage#index
  Rendered app/views/home/productpage/_table.php (7650.93 ms)
  Rendered app/views/home/productpage/index.php (7656.63 ms)
  Rendered app/views//home/_home_topbar.php (19.64 ms)
  Rendered app/views//home/_home_header.php (22.39 ms)
  Rendered app/views//home/_home_navbar.php (67.52 ms)
  Rendered app/views/home/_home_footer.php (75.56 ms)
  Rendered app/views/layouts/_back_to_top.php (1.40 ms)
  Rendered app/views/layouts/home.php (7885.40 ms)
Completed 200 OK in (7912.56 ms)
Started GET '/' for 18.237.157.71 at 2019-03-02 18:25:40
Processing by home#index
  Rendered app/views/home/index.php (29.26 ms)
  Rendered app/views//home/_home_topbar.php (18.19 ms)
  Rendered app/views//home/_home_header.php (17.37 ms)
  Rendered app/views//home/_home_navbar.php (63.35 ms)
  Rendered app/views/home/_home_footer.php (80.09 ms)
  Rendered app/views/layouts/_back_to_top.php (1.29 ms)
  Rendered app/views/layouts/home.php (247.18 ms)
Completed 200 OK in (255.55 ms)
Started GET '/robots.txt' for 141.8.142.12 at 2019-03-02 20:01:36
No route matches [GET] /robots.txt
Completed 404 Not Found in (3.34 ms)
  Rendered public/404.html (1.00 ms)
Started GET '/home/products/show/227' for 141.8.132.15 at 2019-03-02 20:01:44
Processing by productpage#show
  Rendered app/views/home/productpage/_table.php (348.53 ms)
  Rendered app/views/home/productpage/show.php (457.30 ms)
  Rendered app/views//home/_home_topbar.php (17.16 ms)
  Rendered app/views//home/_home_header.php (18.24 ms)
  Rendered app/views//home/_home_navbar.php (65.76 ms)
  Rendered app/views/home/_home_footer.php (69.38 ms)
  Rendered app/views/layouts/_back_to_top.php (1.29 ms)
  Rendered app/views/layouts/home.php (669.58 ms)
Completed 200 OK in (685.19 ms)
Started GET '/robots.txt' for 216.244.66.250 at 2019-03-02 20:17:40
No route matches [GET] /robots.txt
Completed 404 Not Found in (3.09 ms)
  Rendered public/404.html (0.95 ms)
Started GET '/robots.txt' for 66.249.75.93 at 2019-03-02 20:26:08
No route matches [GET] /robots.txt
Completed 404 Not Found in (3.13 ms)
  Rendered public/404.html (1.35 ms)
Started GET '/home/producttypes/show/42' for 66.249.69.70 at 2019-03-02 20:26:09
Processing by producttypepage#show
  Rendered app/views/home/_menu_product.php (11.34 ms)
  Rendered app/views/home/productpage/_table.php (332.59 ms)
  Rendered app/views/home/producttypepage/show.php (366.34 ms)
  Rendered app/views//home/_home_topbar.php (16.47 ms)
  Rendered app/views//home/_home_header.php (16.49 ms)
  Rendered app/views//home/_home_navbar.php (60.55 ms)
  Rendered app/views/home/_home_footer.php (65.18 ms)
  Rendered app/views/layouts/_back_to_top.php (1.25 ms)
  Rendered app/views/layouts/home.php (565.97 ms)
Completed 200 OK in (589.20 ms)
Started GET '/robots.txt' for 54.36.150.36 at 2019-03-02 20:27:42
No route matches [GET] /robots.txt
Completed 404 Not Found in (3.06 ms)
  Rendered public/404.html (0.95 ms)
Started GET '/home/index' for 54.36.148.210 at 2019-03-02 20:27:43
Processing by home#index
  Rendered app/views/home/index.php (30.70 ms)
  Rendered app/views//home/_home_topbar.php (17.61 ms)
  Rendered app/views//home/_home_header.php (17.78 ms)
  Rendered app/views//home/_home_navbar.php (67.07 ms)
  Rendered app/views/home/_home_footer.php (68.91 ms)
  Rendered app/views/layouts/_back_to_top.php (1.69 ms)
  Rendered app/views/layouts/home.php (243.65 ms)
Completed 200 OK in (250.82 ms)
Started GET '/robots.txt' for 216.244.66.250 at 2019-03-02 21:08:53
No route matches [GET] /robots.txt
Completed 404 Not Found in (3.33 ms)
  Rendered public/404.html (1.03 ms)
Started GET '/' for 207.46.13.141 at 2019-03-02 21:21:21
Processing by home#index
  Rendered app/views/home/index.php (30.19 ms)
  Rendered app/views//home/_home_topbar.php (17.58 ms)
  Rendered app/views//home/_home_header.php (16.70 ms)
  Rendered app/views//home/_home_navbar.php (64.78 ms)
  Rendered app/views/home/_home_footer.php (69.50 ms)
  Rendered app/views/layouts/_back_to_top.php (1.28 ms)
  Rendered app/views/layouts/home.php (240.52 ms)
Completed 200 OK in (248.89 ms)
Started GET '/' for 66.249.69.65 at 2019-03-02 21:45:23
Processing by home#index
  Rendered app/views/home/index.php (29.42 ms)
  Rendered app/views//home/_home_topbar.php (16.79 ms)
  Rendered app/views//home/_home_header.php (18.52 ms)
  Rendered app/views//home/_home_navbar.php (62.66 ms)
  Rendered app/views/home/_home_footer.php (64.89 ms)
  Rendered app/views/layouts/_back_to_top.php (1.28 ms)
  Rendered app/views/layouts/home.php (234.19 ms)
Completed 200 OK in (242.57 ms)
Started GET '/robots.txt' for 216.244.66.250 at 2019-03-02 21:59:58
No route matches [GET] /robots.txt
Completed 404 Not Found in (3.08 ms)
  Rendered public/404.html (0.99 ms)
Started GET '/' for 66.249.69.65 at 2019-03-02 22:09:07
Processing by home#index
  Rendered app/views/home/index.php (28.48 ms)
  Rendered app/views//home/_home_topbar.php (16.15 ms)
  Rendered app/views//home/_home_header.php (16.29 ms)
  Rendered app/views//home/_home_navbar.php (61.37 ms)
  Rendered app/views/home/_home_footer.php (65.63 ms)
  Rendered app/views/layouts/_back_to_top.php (1.37 ms)
  Rendered app/views/layouts/home.php (226.68 ms)
Completed 200 OK in (234.77 ms)
Started GET '/robots.txt' for 46.229.168.135 at 2019-03-02 23:18:10
No route matches [GET] /robots.txt
Completed 404 Not Found in (3.04 ms)
  Rendered public/404.html (0.99 ms)
Started GET '/home/products/show/317' for 46.229.168.141 at 2019-03-02 23:18:11
Processing by productpage#show
  Rendered app/views/home/productpage/_table.php (1431.78 ms)
  Rendered app/views/home/productpage/show.php (1539.50 ms)
  Rendered app/views//home/_home_topbar.php (19.52 ms)
  Rendered app/views//home/_home_header.php (19.78 ms)
  Rendered app/views//home/_home_navbar.php (63.26 ms)
  Rendered app/views/home/_home_footer.php (66.11 ms)
  Rendered app/views/layouts/_back_to_top.php (1.34 ms)
  Rendered app/views/layouts/home.php (1748.44 ms)
Completed 200 OK in (1763.67 ms)
Started GET '/home/producttypes/show/42' for 66.249.69.68 at 2019-03-02 23:28:52
Processing by producttypepage#show
  Rendered app/views/home/_menu_product.php (13.06 ms)
  Rendered app/views/home/productpage/_table.php (367.05 ms)
  Rendered app/views/home/producttypepage/show.php (403.74 ms)
  Rendered app/views//home/_home_topbar.php (18.01 ms)
  Rendered app/views//home/_home_header.php (16.93 ms)
  Rendered app/views//home/_home_navbar.php (63.14 ms)
  Rendered app/views/home/_home_footer.php (67.65 ms)
  Rendered app/views/layouts/_back_to_top.php (1.27 ms)
  Rendered app/views/layouts/home.php (611.24 ms)
Completed 200 OK in (635.86 ms)
Started GET '/robots.txt' for 157.55.39.43 at 2019-03-02 23:34:54
No route matches [GET] /robots.txt
Completed 404 Not Found in (3.09 ms)
  Rendered public/404.html (0.95 ms)
Started GET '/robots.txt' for 216.244.66.250 at 2019-03-02 23:42:37
No route matches [GET] /robots.txt
Completed 404 Not Found in (5.61 ms)
  Rendered public/404.html (1.87 ms)
Started GET '/home/products/show/378' for 66.249.69.65 at 2019-03-02 23:54:52
Processing by productpage#show
  Rendered app/views/home/productpage/_table.php (253.42 ms)
  Rendered app/views/home/productpage/show.php (377.69 ms)
  Rendered app/views//home/_home_topbar.php (18.86 ms)
  Rendered app/views//home/_home_header.php (18.36 ms)
  Rendered app/views//home/_home_navbar.php (63.36 ms)
  Rendered app/views/home/_home_footer.php (66.93 ms)
  Rendered app/views/layouts/_back_to_top.php (1.29 ms)
  Rendered app/views/layouts/home.php (588.46 ms)
Completed 200 OK in (605.75 ms)
Started GET '/home/producttypes/show/35' for 66.249.75.95 at 2019-03-02 23:58:03
Processing by producttypepage#show
  Rendered app/views/home/_menu_product.php (12.20 ms)
  Rendered app/views/home/productpage/_table.php (355.31 ms)
  Rendered app/views/home/producttypepage/show.php (390.65 ms)
  Rendered app/views//home/_home_topbar.php (17.39 ms)
  Rendered app/views//home/_home_header.php (17.54 ms)
  Rendered app/views//home/_home_navbar.php (62.89 ms)
  Rendered app/views/home/_home_footer.php (72.93 ms)
  Rendered app/views/layouts/_back_to_top.php (2.09 ms)
  Rendered app/views/layouts/home.php (605.33 ms)
Completed 200 OK in (628.17 ms)
