Started GET '/robots.txt' for 178.154.171.25 at 2019-03-06 00:00:34
No route matches [GET] /robots.txt
Completed 404 Not Found in (12.90 ms)
  Rendered public/404.html (1.01 ms)
Started GET '/home/index' for 141.8.142.162 at 2019-03-06 00:00:38
Processing by home#index
  Rendered app/views/home/index.php (30.94 ms)
  Rendered app/views//home/_home_topbar.php (17.27 ms)
  Rendered app/views//home/_home_header.php (17.02 ms)
  Rendered app/views//home/_home_navbar.php (62.85 ms)
  Rendered app/views/home/_home_footer.php (73.51 ms)
  Rendered app/views/layouts/_back_to_top.php (1.34 ms)
  Rendered app/views/layouts/home.php (241.67 ms)
Completed 200 OK in (250.35 ms)
Started GET '/home/products/show/256' for 93.158.166.2 at 2019-03-06 00:01:49
Processing by productpage#show
  Rendered app/views/home/productpage/_table.php (379.20 ms)
  Rendered app/views/home/productpage/show.php (500.17 ms)
  Rendered app/views//home/_home_topbar.php (17.13 ms)
  Rendered app/views//home/_home_header.php (17.26 ms)
  Rendered app/views//home/_home_navbar.php (68.66 ms)
  Rendered app/views/home/_home_footer.php (73.92 ms)
  Rendered app/views/layouts/_back_to_top.php (1.43 ms)
  Rendered app/views/layouts/home.php (720.56 ms)
Completed 200 OK in (735.10 ms)
Started GET '/home/products/show/374' for 141.8.142.162 at 2019-03-06 00:10:05
Processing by productpage#show
  Rendered app/views/home/productpage/_table.php (1481.05 ms)
  Rendered app/views/home/productpage/show.php (1593.14 ms)
  Rendered app/views//home/_home_topbar.php (16.62 ms)
  Rendered app/views//home/_home_header.php (17.15 ms)
  Rendered app/views//home/_home_navbar.php (62.03 ms)
  Rendered app/views/home/_home_footer.php (66.61 ms)
  Rendered app/views/layouts/_back_to_top.php (1.27 ms)
  Rendered app/views/layouts/home.php (1794.81 ms)
Completed 200 OK in (1810.48 ms)
Started GET '/home/products/show/372' for 37.9.113.145 at 2019-03-06 00:11:23
Processing by productpage#show
  Rendered app/views/home/productpage/_table.php (848.38 ms)
  Rendered app/views/home/productpage/show.php (959.23 ms)
  Rendered app/views//home/_home_topbar.php (16.92 ms)
  Rendered app/views//home/_home_header.php (16.78 ms)
  Rendered app/views//home/_home_navbar.php (61.51 ms)
  Rendered app/views/home/_home_footer.php (67.29 ms)
  Rendered app/views/layouts/_back_to_top.php (1.25 ms)
  Rendered app/views/layouts/home.php (1160.70 ms)
Completed 200 OK in (1174.09 ms)
Started GET '/home/producttypes/show/39' for 141.8.142.162 at 2019-03-06 00:15:18
Processing by producttypepage#show
  Rendered app/views/home/_menu_product.php (12.19 ms)
  Rendered app/views/home/productpage/_table.php (234.80 ms)
  Rendered app/views/home/producttypepage/show.php (270.96 ms)
  Rendered app/views//home/_home_topbar.php (17.41 ms)
  Rendered app/views//home/_home_header.php (19.61 ms)
  Rendered app/views//home/_home_navbar.php (67.29 ms)
  Rendered app/views/home/_home_footer.php (71.46 ms)
  Rendered app/views/layouts/_back_to_top.php (1.43 ms)
  Rendered app/views/layouts/home.php (489.33 ms)
Completed 200 OK in (511.75 ms)
Started GET '/robots.txt' for 216.244.66.250 at 2019-03-06 00:28:27
No route matches [GET] /robots.txt
Completed 404 Not Found in (3.66 ms)
  Rendered public/404.html (1.15 ms)
Started GET '/' for 54.36.150.15 at 2019-03-06 00:28:59
Processing by home#index
  Rendered app/views/home/index.php (34.03 ms)
  Rendered app/views//home/_home_topbar.php (19.25 ms)
  Rendered app/views//home/_home_header.php (20.39 ms)
  Rendered app/views//home/_home_navbar.php (67.40 ms)
  Rendered app/views/home/_home_footer.php (72.47 ms)
  Rendered app/views/layouts/_back_to_top.php (1.44 ms)
  Rendered app/views/layouts/home.php (258.99 ms)
Completed 200 OK in (268.53 ms)
Started GET '/' for 66.249.75.100 at 2019-03-06 00:59:19
Processing by home#index
  Rendered app/views/home/index.php (33.11 ms)
  Rendered app/views//home/_home_topbar.php (20.72 ms)
  Rendered app/views//home/_home_header.php (18.15 ms)
  Rendered app/views//home/_home_navbar.php (65.58 ms)
  Rendered app/views/home/_home_footer.php (71.93 ms)
  Rendered app/views/layouts/_back_to_top.php (1.51 ms)
  Rendered app/views/layouts/home.php (255.04 ms)
Completed 200 OK in (264.54 ms)
Started GET '/' for 93.80.129.106 at 2019-03-06 01:38:46
Processing by home#index
  Rendered app/views/home/index.php (28.92 ms)
  Rendered app/views//home/_home_topbar.php (16.68 ms)
  Rendered app/views//home/_home_header.php (16.50 ms)
  Rendered app/views//home/_home_navbar.php (61.31 ms)
  Rendered app/views/home/_home_footer.php (64.06 ms)
  Rendered app/views/layouts/_back_to_top.php (1.27 ms)
  Rendered app/views/layouts/home.php (226.08 ms)
Completed 200 OK in (234.51 ms)
Started GET '/robots.txt' for 216.244.66.250 at 2019-03-06 02:06:26
No route matches [GET] /robots.txt
Completed 404 Not Found in (3.29 ms)
  Rendered public/404.html (8.92 ms)
Started GET '/home/products/show/235' for 54.36.150.134 at 2019-03-06 02:11:23
Processing by productpage#show
  Rendered app/views/home/productpage/_table.php (271.17 ms)
  Rendered app/views/home/productpage/show.php (427.98 ms)
  Rendered app/views//home/_home_topbar.php (34.53 ms)
  Rendered app/views//home/_home_header.php (60.45 ms)
  Rendered app/views//home/_home_navbar.php (100.46 ms)
  Rendered app/views/home/_home_footer.php (98.09 ms)
  Rendered app/views/layouts/_back_to_top.php (14.82 ms)
  Rendered app/views/layouts/home.php (851.92 ms)
Completed 200 OK in (990.47 ms)
Started GET '/robots.txt' for 157.55.39.38 at 2019-03-06 02:20:37
No route matches [GET] /robots.txt
Completed 404 Not Found in (4.13 ms)
  Rendered public/404.html (1.94 ms)
Started GET '/home/products/show/390' for 207.46.13.105 at 2019-03-06 02:20:44
Processing by productpage#show
Completed 302 Found in (136.24 ms)
Started GET '/home/products' for 207.46.13.105 at 2019-03-06 02:20:45
Processing by productpage#index
  Rendered app/views/home/productpage/_table.php (8905.94 ms)
  Rendered app/views/home/productpage/index.php (8909.92 ms)
  Rendered app/views//home/_home_topbar.php (17.09 ms)
  Rendered app/views//home/_home_header.php (19.71 ms)
  Rendered app/views//home/_home_navbar.php (97.48 ms)
  Rendered app/views/home/_home_footer.php (79.07 ms)
  Rendered app/views/layouts/_back_to_top.php (1.31 ms)
  Rendered app/views/layouts/home.php (9163.19 ms)
Completed 200 OK in (9227.95 ms)
Started GET '/robots.txt' for 66.249.75.97 at 2019-03-06 02:54:11
No route matches [GET] /robots.txt
Completed 404 Not Found in (3.17 ms)
  Rendered public/404.html (0.97 ms)
Started GET '/robots.txt' for 141.8.142.162 at 2019-03-06 03:19:53
No route matches [GET] /robots.txt
Completed 404 Not Found in (3.49 ms)
  Rendered public/404.html (1.09 ms)
Started GET '/home/agendas/show/16' for 37.9.113.123 at 2019-03-06 03:19:56
Processing by agendapage#show
  Rendered app/views/home/agendapage/show.php (25.34 ms)
  Rendered app/views//home/_home_topbar.php (16.87 ms)
  Rendered app/views//home/_home_header.php (20.45 ms)
  Rendered app/views//home/_home_navbar.php (78.25 ms)
  Rendered app/views/home/_home_footer.php (86.55 ms)
  Rendered app/views/layouts/_back_to_top.php (1.36 ms)
  Rendered app/views/layouts/home.php (268.30 ms)
Completed 200 OK in (287.84 ms)
Started GET '/' for 66.249.75.100 at 2019-03-06 03:40:04
Processing by home#index
  Rendered app/views/home/index.php (102.98 ms)
  Rendered app/views//home/_home_topbar.php (16.51 ms)
  Rendered app/views//home/_home_header.php (16.93 ms)
  Rendered app/views//home/_home_navbar.php (60.78 ms)
  Rendered app/views/home/_home_footer.php (65.93 ms)
  Rendered app/views/layouts/_back_to_top.php (1.28 ms)
  Rendered app/views/layouts/home.php (301.80 ms)
Completed 200 OK in (310.12 ms)
Started GET '/robots.txt' for 216.244.66.250 at 2019-03-06 03:42:24
No route matches [GET] /robots.txt
Completed 404 Not Found in (3.07 ms)
  Rendered public/404.html (1.02 ms)
Started GET '/robots.txt' for 207.46.13.224 at 2019-03-06 03:54:42
No route matches [GET] /robots.txt
Completed 404 Not Found in (3.22 ms)
  Rendered public/404.html (1.07 ms)
Started GET '/robots.txt' for 207.46.13.224 at 2019-03-06 03:54:42
No route matches [GET] /robots.txt
Completed 404 Not Found in (3.52 ms)
  Rendered public/404.html (1.68 ms)
Started GET '/robots.txt' for 216.244.66.250 at 2019-03-06 04:27:46
No route matches [GET] /robots.txt
Completed 404 Not Found in (3.19 ms)
  Rendered public/404.html (0.97 ms)
Started GET '/robots.txt' for 37.9.113.123 at 2019-03-06 04:32:55
No route matches [GET] /robots.txt
Completed 404 Not Found in (3.09 ms)
  Rendered public/404.html (0.96 ms)
Started GET '/home/products/show/312' for 37.9.113.123 at 2019-03-06 04:32:59
Processing by productpage#show
  Rendered app/views/home/productpage/_table.php (1607.00 ms)
  Rendered app/views/home/productpage/show.php (1723.41 ms)
  Rendered app/views//home/_home_topbar.php (18.28 ms)
  Rendered app/views//home/_home_header.php (16.39 ms)
  Rendered app/views//home/_home_navbar.php (62.21 ms)
  Rendered app/views/home/_home_footer.php (84.79 ms)
  Rendered app/views/layouts/_back_to_top.php (2.01 ms)
  Rendered app/views/layouts/home.php (1958.01 ms)
Completed 200 OK in (1975.19 ms)
Started GET '/home/producttypes/show/36' for 141.8.142.162 at 2019-03-06 04:43:26
Processing by producttypepage#show
  Rendered app/views/home/_menu_product.php (20.48 ms)
  Rendered app/views/home/productpage/_table.php (455.90 ms)
  Rendered app/views/home/producttypepage/show.php (506.19 ms)
  Rendered app/views//home/_home_topbar.php (16.11 ms)
  Rendered app/views//home/_home_header.php (16.27 ms)
  Rendered app/views//home/_home_navbar.php (59.38 ms)
  Rendered app/views/home/_home_footer.php (64.55 ms)
  Rendered app/views/layouts/_back_to_top.php (1.32 ms)
  Rendered app/views/layouts/home.php (700.34 ms)
Completed 200 OK in (734.27 ms)
Started GET '/robots.txt' for 141.8.142.162 at 2019-03-06 05:08:15
No route matches [GET] /robots.txt
Completed 404 Not Found in (3.12 ms)
  Rendered public/404.html (0.98 ms)
Started GET '/home/articles' for 37.9.113.123 at 2019-03-06 05:08:19
Processing by articlepage#index
  Rendered app/views/home/articlepage/index.php (12.68 ms)
  Rendered app/views//home/_home_topbar.php (20.02 ms)
  Rendered app/views//home/_home_header.php (19.67 ms)
  Rendered app/views//home/_home_navbar.php (66.44 ms)
  Rendered app/views/home/_home_footer.php (73.08 ms)
  Rendered app/views/layouts/_back_to_top.php (1.31 ms)
  Rendered app/views/layouts/home.php (237.31 ms)
Completed 200 OK in (310.55 ms)
Started GET '/robots.txt' for 216.244.66.250 at 2019-03-06 05:12:59
No route matches [GET] /robots.txt
Completed 404 Not Found in (25.70 ms)
  Rendered public/404.html (36.40 ms)
Started GET '/robots.txt' for 66.249.75.97 at 2019-03-06 06:21:09
No route matches [GET] /robots.txt
Completed 404 Not Found in (29.09 ms)
  Rendered public/404.html (12.26 ms)
Started GET '/home/products' for 66.249.75.97 at 2019-03-06 06:21:10
Processing by productpage#index
  Rendered app/views/home/productpage/_table.php (7119.46 ms)
  Rendered app/views/home/productpage/index.php (7139.32 ms)
  Rendered app/views//home/_home_topbar.php (29.21 ms)
  Rendered app/views//home/_home_header.php (23.56 ms)
  Rendered app/views//home/_home_navbar.php (68.73 ms)
  Rendered app/views/home/_home_footer.php (87.80 ms)
  Rendered app/views/layouts/_back_to_top.php (22.84 ms)
  Rendered app/views/layouts/home.php (7417.52 ms)
Completed 200 OK in (7476.57 ms)
Started GET '/robots.txt' for 141.8.142.162 at 2019-03-06 06:50:14
No route matches [GET] /robots.txt
Completed 404 Not Found in (3.14 ms)
  Rendered public/404.html (1.07 ms)
Started GET '/home/products/show/231' for 37.9.113.145 at 2019-03-06 06:50:19
Processing by productpage#show
  Rendered app/views/home/productpage/_table.php (421.81 ms)
  Rendered app/views/home/productpage/show.php (565.71 ms)
  Rendered app/views//home/_home_topbar.php (16.37 ms)
  Rendered app/views//home/_home_header.php (16.41 ms)
  Rendered app/views//home/_home_navbar.php (63.32 ms)
  Rendered app/views/home/_home_footer.php (65.68 ms)
  Rendered app/views/layouts/_back_to_top.php (1.30 ms)
  Rendered app/views/layouts/home.php (766.91 ms)
Completed 200 OK in (782.37 ms)
Started GET '/home/products/show/370' for 37.9.113.123 at 2019-03-06 06:54:55
Processing by productpage#show
  Rendered app/views/home/productpage/_table.php (886.24 ms)
  Rendered app/views/home/productpage/show.php (1008.58 ms)
  Rendered app/views//home/_home_topbar.php (17.93 ms)
  Rendered app/views//home/_home_header.php (20.34 ms)
  Rendered app/views//home/_home_navbar.php (64.94 ms)
  Rendered app/views/home/_home_footer.php (68.82 ms)
  Rendered app/views/layouts/_back_to_top.php (1.31 ms)
  Rendered app/views/layouts/home.php (1220.99 ms)
Completed 200 OK in (1234.38 ms)
Started GET '/home/products/show/300' for 66.249.75.102 at 2019-03-06 07:10:00
Processing by productpage#show
  Rendered app/views/home/productpage/_table.php (507.21 ms)
  Rendered app/views/home/productpage/show.php (617.52 ms)
  Rendered app/views//home/_home_topbar.php (16.80 ms)
  Rendered app/views//home/_home_header.php (17.13 ms)
  Rendered app/views//home/_home_navbar.php (62.75 ms)
  Rendered app/views/home/_home_footer.php (66.13 ms)
  Rendered app/views/layouts/_back_to_top.php (1.28 ms)
  Rendered app/views/layouts/home.php (819.61 ms)
Completed 200 OK in (834.83 ms)
Started GET '/home/albums/show/5' for 37.9.113.145 at 2019-03-06 07:14:44
Processing by albumpage#show
  Rendered app/views/home/albumpage/show.php (11.61 ms)
  Rendered app/views//home/_home_topbar.php (16.56 ms)
  Rendered app/views//home/_home_header.php (16.50 ms)
  Rendered app/views//home/_home_navbar.php (60.82 ms)
  Rendered app/views/home/_home_footer.php (64.05 ms)
  Rendered app/views/layouts/_back_to_top.php (1.21 ms)
  Rendered app/views/layouts/home.php (208.28 ms)
Completed 200 OK in (282.74 ms)
Started GET '/robots.txt' for 216.244.66.250 at 2019-03-06 07:30:52
No route matches [GET] /robots.txt
Completed 404 Not Found in (3.23 ms)
  Rendered public/404.html (1.00 ms)
Started GET '/robots.txt' for 37.9.113.123 at 2019-03-06 07:34:39
No route matches [GET] /robots.txt
Completed 404 Not Found in (3.30 ms)
  Rendered public/404.html (0.95 ms)
Started GET '/home/products/show/315' for 37.9.113.123 at 2019-03-06 07:34:43
Processing by productpage#show
  Rendered app/views/home/productpage/_table.php (1514.41 ms)
  Rendered app/views/home/productpage/show.php (1628.30 ms)
  Rendered app/views//home/_home_topbar.php (16.53 ms)
  Rendered app/views//home/_home_header.php (16.48 ms)
  Rendered app/views//home/_home_navbar.php (61.10 ms)
  Rendered app/views/home/_home_footer.php (65.06 ms)
  Rendered app/views/layouts/_back_to_top.php (1.25 ms)
  Rendered app/views/layouts/home.php (1826.28 ms)
Completed 200 OK in (1841.27 ms)
Started GET '/wp-login.php' for 5.254.81.51 at 2019-03-06 07:42:49
No route matches [GET] /wp-login.php
Completed 404 Not Found in (3.77 ms)
  Rendered public/404.html (0.96 ms)
Started GET '/home/products/show/362' for 37.9.113.145 at 2019-03-06 07:44:19
Processing by productpage#show
  Rendered app/views/home/productpage/_table.php (859.69 ms)
  Rendered app/views/home/productpage/show.php (970.20 ms)
  Rendered app/views//home/_home_topbar.php (16.90 ms)
  Rendered app/views//home/_home_header.php (18.80 ms)
  Rendered app/views//home/_home_navbar.php (61.70 ms)
  Rendered app/views/home/_home_footer.php (65.95 ms)
  Rendered app/views/layouts/_back_to_top.php (1.30 ms)
  Rendered app/views/layouts/home.php (1173.20 ms)
Completed 200 OK in (1188.99 ms)
Started GET '/robots.txt' for 216.244.66.250 at 2019-03-06 08:17:16
No route matches [GET] /robots.txt
Completed 404 Not Found in (3.33 ms)
  Rendered public/404.html (0.97 ms)
Started GET '/home/producttypes/show/44' for 66.249.75.100 at 2019-03-06 08:22:58
Processing by producttypepage#show
  Rendered app/views/home/_menu_product.php (23.65 ms)
  Rendered app/views/home/productpage/_table.php (576.08 ms)
  Rendered app/views/home/producttypepage/show.php (632.94 ms)
  Rendered app/views//home/_home_topbar.php (18.94 ms)
  Rendered app/views//home/_home_header.php (18.88 ms)
  Rendered app/views//home/_home_navbar.php (62.61 ms)
  Rendered app/views/home/_home_footer.php (72.60 ms)
  Rendered app/views/layouts/_back_to_top.php (1.42 ms)
  Rendered app/views/layouts/home.php (845.91 ms)
Completed 200 OK in (875.45 ms)
Started GET '/robots.txt' for 216.244.66.250 at 2019-03-06 09:03:04
No route matches [GET] /robots.txt
Completed 404 Not Found in (3.68 ms)
  Rendered public/404.html (1.17 ms)
Started GET '/home/products' for 66.249.75.102 at 2019-03-06 09:11:46
Processing by productpage#index
  Rendered app/views/home/productpage/_table.php (7829.99 ms)
  Rendered app/views/home/productpage/index.php (7834.19 ms)
  Rendered app/views//home/_home_topbar.php (17.37 ms)
  Rendered app/views//home/_home_header.php (17.55 ms)
  Rendered app/views//home/_home_navbar.php (63.23 ms)
  Rendered app/views/home/_home_footer.php (68.35 ms)
  Rendered app/views/layouts/_back_to_top.php (1.29 ms)
  Rendered app/views/layouts/home.php (8040.64 ms)
Completed 200 OK in (8059.33 ms)
Started GET '/home/index' for 66.249.75.100 at 2019-03-06 09:40:47
Processing by home#index
  Rendered app/views/home/index.php (98.19 ms)
  Rendered app/views//home/_home_topbar.php (16.99 ms)
  Rendered app/views//home/_home_header.php (17.39 ms)
  Rendered app/views//home/_home_navbar.php (62.76 ms)
  Rendered app/views/home/_home_footer.php (68.64 ms)
  Rendered app/views/layouts/_back_to_top.php (1.36 ms)
  Rendered app/views/layouts/home.php (305.11 ms)
Completed 200 OK in (313.40 ms)
Started GET '/robots.txt' for 216.244.66.250 at 2019-03-06 10:34:43
No route matches [GET] /robots.txt
Completed 404 Not Found in (3.16 ms)
  Rendered public/404.html (0.97 ms)
Started GET '/home/index' for 66.249.81.6 at 2019-03-06 10:41:48
Processing by home#index
  Rendered app/views/home/index.php (28.72 ms)
  Rendered app/views//home/_home_topbar.php (16.49 ms)
  Rendered app/views//home/_home_header.php (17.06 ms)
  Rendered app/views//home/_home_navbar.php (60.88 ms)
  Rendered app/views/home/_home_footer.php (64.36 ms)
  Rendered app/views/layouts/_back_to_top.php (1.27 ms)
  Rendered app/views/layouts/home.php (226.17 ms)
Completed 200 OK in (234.69 ms)
Started GET '/robots.txt' for 46.229.168.140 at 2019-03-06 11:17:11
No route matches [GET] /robots.txt
Completed 404 Not Found in (3.09 ms)
  Rendered public/404.html (1.17 ms)
Started GET '/home/products/show/344' for 46.229.168.144 at 2019-03-06 11:17:14
Processing by productpage#show
  Rendered app/views/home/productpage/_table.php (1469.77 ms)
  Rendered app/views/home/productpage/show.php (1581.92 ms)
  Rendered app/views//home/_home_topbar.php (17.43 ms)
  Rendered app/views//home/_home_header.php (17.40 ms)
  Rendered app/views//home/_home_navbar.php (65.87 ms)
  Rendered app/views/home/_home_footer.php (71.56 ms)
  Rendered app/views/layouts/_back_to_top.php (1.35 ms)
  Rendered app/views/layouts/home.php (1795.99 ms)
Completed 200 OK in (1811.54 ms)
Started GET '/wp-login.php' for 178.62.106.127 at 2019-03-06 11:21:31
No route matches [GET] /wp-login.php
Completed 404 Not Found in (3.15 ms)
  Rendered public/404.html (0.94 ms)
Started GET '/' for 66.249.75.97 at 2019-03-06 11:36:17
Processing by home#index
  Rendered app/views/home/index.php (29.03 ms)
  Rendered app/views//home/_home_topbar.php (16.80 ms)
  Rendered app/views//home/_home_header.php (16.74 ms)
  Rendered app/views//home/_home_navbar.php (62.07 ms)
  Rendered app/views/home/_home_footer.php (65.47 ms)
  Rendered app/views/layouts/_back_to_top.php (1.25 ms)
  Rendered app/views/layouts/home.php (229.61 ms)
Completed 200 OK in (238.03 ms)
Started GET '/wp-login.php' for 18.218.229.57 at 2019-03-06 11:47:13
No route matches [GET] /wp-login.php
Completed 404 Not Found in (3.12 ms)
  Rendered public/404.html (0.96 ms)
Started GET '/home/products/show/239' for 157.55.39.12 at 2019-03-06 11:48:19
Processing by productpage#show
  Rendered app/views/home/productpage/_table.php (119.69 ms)
  Rendered app/views/home/productpage/show.php (233.97 ms)
  Rendered app/views//home/_home_topbar.php (16.50 ms)
  Rendered app/views//home/_home_header.php (20.69 ms)
  Rendered app/views//home/_home_navbar.php (63.22 ms)
  Rendered app/views/home/_home_footer.php (70.91 ms)
  Rendered app/views/layouts/_back_to_top.php (1.32 ms)
  Rendered app/views/layouts/home.php (445.95 ms)
Completed 200 OK in (462.03 ms)
Started GET '/home/products/show/343' for 157.55.39.12 at 2019-03-06 11:48:20
Processing by productpage#show
  Rendered app/views/home/productpage/_table.php (1636.46 ms)
  Rendered app/views/home/productpage/show.php (1756.32 ms)
  Rendered app/views//home/_home_topbar.php (16.55 ms)
  Rendered app/views//home/_home_header.php (17.63 ms)
  Rendered app/views//home/_home_navbar.php (69.03 ms)
  Rendered app/views/home/_home_footer.php (69.34 ms)
  Rendered app/views/layouts/_back_to_top.php (1.24 ms)
  Rendered app/views/layouts/home.php (1970.65 ms)
Completed 200 OK in (1985.86 ms)
Started GET '/home/products/show/325' for 157.55.39.12 at 2019-03-06 11:48:22
Processing by productpage#show
Started GET '/home/products/show/314' for 157.55.39.99 at 2019-03-06 11:48:23
Processing by productpage#show
  Rendered app/views/home/productpage/_table.php (1696.40 ms)
  Rendered app/views/home/productpage/show.php (1818.96 ms)
  Rendered app/views//home/_home_topbar.php (20.58 ms)
  Rendered app/views//home/_home_header.php (19.70 ms)
  Rendered app/views//home/_home_navbar.php (73.38 ms)
  Rendered app/views/home/_home_footer.php (77.98 ms)
  Rendered app/views/layouts/_back_to_top.php (1.46 ms)
  Rendered app/views/layouts/home.php (2057.85 ms)
Completed 200 OK in (2072.68 ms)
  Rendered app/views/home/productpage/_table.php (1697.56 ms)
  Rendered app/views/home/productpage/show.php (1840.61 ms)
  Rendered app/views//home/_home_topbar.php (20.93 ms)
  Rendered app/views//home/_home_header.php (18.80 ms)
Started GET '/home/products/show/235' for 157.55.39.12 at 2019-03-06 11:48:25
Processing by productpage#show
  Rendered app/views//home/_home_navbar.php (68.43 ms)
  Rendered app/views/home/_home_footer.php (81.90 ms)
  Rendered app/views/layouts/_back_to_top.php (1.37 ms)
  Rendered app/views/layouts/home.php (2072.91 ms)
Completed 200 OK in (2089.35 ms)
  Rendered app/views/home/productpage/_table.php (224.69 ms)
  Rendered app/views/home/productpage/show.php (346.63 ms)
  Rendered app/views//home/_home_topbar.php (16.25 ms)
  Rendered app/views//home/_home_header.php (16.13 ms)
  Rendered app/views//home/_home_navbar.php (59.41 ms)
  Rendered app/views/home/_home_footer.php (64.09 ms)
  Rendered app/views/layouts/_back_to_top.php (1.21 ms)
  Rendered app/views/layouts/home.php (540.52 ms)
Completed 200 OK in (553.89 ms)
Started GET '/home/products/show/272' for 157.55.39.99 at 2019-03-06 11:48:26
Processing by productpage#show
  Rendered app/views/home/productpage/_table.php (225.40 ms)
  Rendered app/views/home/productpage/show.php (335.37 ms)
  Rendered app/views//home/_home_topbar.php (17.22 ms)
  Rendered app/views//home/_home_header.php (17.07 ms)
  Rendered app/views//home/_home_navbar.php (60.03 ms)
  Rendered app/views/home/_home_footer.php (64.13 ms)
  Rendered app/views/layouts/_back_to_top.php (1.20 ms)
  Rendered app/views/layouts/home.php (532.22 ms)
Completed 200 OK in (544.94 ms)
Started GET '/home/products/show/290' for 157.55.39.76 at 2019-03-06 11:48:29
Processing by productpage#show
  Rendered app/views/home/productpage/_table.php (861.26 ms)
  Rendered app/views/home/productpage/show.php (970.62 ms)
  Rendered app/views//home/_home_topbar.php (16.29 ms)
  Rendered app/views//home/_home_header.php (16.40 ms)
  Rendered app/views//home/_home_navbar.php (61.26 ms)
  Rendered app/views/home/_home_footer.php (64.21 ms)
  Rendered app/views/layouts/_back_to_top.php (1.22 ms)
  Rendered app/views/layouts/home.php (1169.48 ms)
Completed 200 OK in (1182.32 ms)
Started GET '/home/products/show/306' for 157.55.39.76 at 2019-03-06 11:48:30
Processing by productpage#show
  Rendered app/views/home/productpage/_table.php (850.06 ms)
  Rendered app/views/home/productpage/show.php (964.08 ms)
  Rendered app/views//home/_home_topbar.php (16.34 ms)
  Rendered app/views//home/_home_header.php (16.69 ms)
  Rendered app/views//home/_home_navbar.php (62.98 ms)
  Rendered app/views/home/_home_footer.php (67.55 ms)
  Rendered app/views/layouts/_back_to_top.php (1.52 ms)
  Rendered app/views/layouts/home.php (1166.93 ms)
Completed 200 OK in (1180.36 ms)
Started GET '/home/products/show/267' for 157.55.39.76 at 2019-03-06 11:48:32
Processing by productpage#show
  Rendered app/views/home/productpage/_table.php (515.61 ms)
  Rendered app/views/home/productpage/show.php (630.66 ms)
  Rendered app/views//home/_home_topbar.php (16.33 ms)
  Rendered app/views//home/_home_header.php (16.52 ms)
  Rendered app/views//home/_home_navbar.php (62.24 ms)
  Rendered app/views/home/_home_footer.php (73.15 ms)
  Rendered app/views/layouts/_back_to_top.php (1.26 ms)
  Rendered app/views/layouts/home.php (837.33 ms)
Completed 200 OK in (852.64 ms)
Started GET '/home/products/show/311' for 157.55.39.76 at 2019-03-06 11:48:33
Processing by productpage#show
  Rendered app/views/home/productpage/_table.php (1478.74 ms)
  Rendered app/views/home/productpage/show.php (1592.28 ms)
  Rendered app/views//home/_home_topbar.php (16.26 ms)
  Rendered app/views//home/_home_header.php (16.59 ms)
  Rendered app/views//home/_home_navbar.php (60.26 ms)
  Rendered app/views/home/_home_footer.php (63.73 ms)
  Rendered app/views/layouts/_back_to_top.php (1.20 ms)
  Rendered app/views/layouts/home.php (1786.96 ms)
Completed 200 OK in (1800.06 ms)
Started GET '/home/products/show/287' for 157.55.39.76 at 2019-03-06 11:48:35
Processing by productpage#show
  Rendered app/views/home/productpage/_table.php (383.97 ms)
  Rendered app/views/home/productpage/show.php (492.62 ms)
  Rendered app/views//home/_home_topbar.php (16.26 ms)
  Rendered app/views//home/_home_header.php (16.00 ms)
  Rendered app/views//home/_home_navbar.php (61.51 ms)
  Rendered app/views/home/_home_footer.php (63.53 ms)
  Rendered app/views/layouts/_back_to_top.php (1.21 ms)
  Rendered app/views/layouts/home.php (688.29 ms)
Completed 200 OK in (700.99 ms)
Started GET '/' for 157.55.39.76 at 2019-03-06 11:48:36
Processing by home#index
  Rendered app/views/home/index.php (27.96 ms)
  Rendered app/views//home/_home_topbar.php (16.31 ms)
  Rendered app/views//home/_home_header.php (16.35 ms)
  Rendered app/views//home/_home_navbar.php (60.34 ms)
  Rendered app/views/home/_home_footer.php (62.98 ms)
  Rendered app/views/layouts/_back_to_top.php (1.18 ms)
  Rendered app/views/layouts/home.php (221.24 ms)
Completed 200 OK in (227.51 ms)
Started GET '/home/products/show/390' for 157.55.39.76 at 2019-03-06 11:48:37
Processing by productpage#show
Completed 302 Found in (11.46 ms)
Started GET '/home/products/show/370' for 157.55.39.76 at 2019-03-06 11:48:37
Processing by productpage#show
  Rendered app/views/home/productpage/_table.php (831.76 ms)
  Rendered app/views/home/productpage/show.php (941.54 ms)
  Rendered app/views//home/_home_topbar.php (16.39 ms)
  Rendered app/views//home/_home_header.php (16.87 ms)
  Rendered app/views//home/_home_navbar.php (59.13 ms)
  Rendered app/views/home/_home_footer.php (63.83 ms)
  Rendered app/views/layouts/_back_to_top.php (1.23 ms)
  Rendered app/views/layouts/home.php (1135.73 ms)
Completed 200 OK in (1148.39 ms)
Started GET '/home/products/show/316' for 157.55.39.76 at 2019-03-06 11:48:38
Processing by productpage#show
  Rendered app/views/home/productpage/_table.php (1480.02 ms)
  Rendered app/views/home/productpage/show.php (1589.29 ms)
  Rendered app/views//home/_home_topbar.php (16.15 ms)
  Rendered app/views//home/_home_header.php (16.52 ms)
  Rendered app/views//home/_home_navbar.php (59.35 ms)
  Rendered app/views/home/_home_footer.php (66.97 ms)
  Rendered app/views/layouts/_back_to_top.php (1.24 ms)
  Rendered app/views/layouts/home.php (1787.03 ms)
Completed 200 OK in (1799.94 ms)
Started GET '/home/products/show/280' for 157.55.39.76 at 2019-03-06 11:48:40
Processing by productpage#show
  Rendered app/views/home/productpage/_table.php (388.67 ms)
  Rendered app/views/home/productpage/show.php (504.27 ms)
  Rendered app/views//home/_home_topbar.php (16.40 ms)
  Rendered app/views//home/_home_header.php (16.57 ms)
  Rendered app/views//home/_home_navbar.php (60.03 ms)
  Rendered app/views/home/_home_footer.php (64.45 ms)
  Rendered app/views/layouts/_back_to_top.php (1.21 ms)
  Rendered app/views/layouts/home.php (701.52 ms)
Completed 200 OK in (714.14 ms)
Started GET '/home/products/show/360' for 157.55.39.76 at 2019-03-06 11:48:41
Processing by productpage#show
  Rendered app/views/home/productpage/_table.php (1501.29 ms)
  Rendered app/views/home/productpage/show.php (1611.22 ms)
  Rendered app/views//home/_home_topbar.php (16.47 ms)
  Rendered app/views//home/_home_header.php (16.69 ms)
  Rendered app/views//home/_home_navbar.php (69.23 ms)
  Rendered app/views/home/_home_footer.php (67.33 ms)
  Rendered app/views/layouts/_back_to_top.php (1.28 ms)
  Rendered app/views/layouts/home.php (1819.25 ms)
Completed 200 OK in (1831.64 ms)
Started GET '/home/products/show/297' for 157.55.39.76 at 2019-03-06 11:48:43
Processing by productpage#show
  Rendered app/views/home/productpage/_table.php (1504.38 ms)
  Rendered app/views/home/productpage/show.php (1621.24 ms)
  Rendered app/views//home/_home_topbar.php (16.42 ms)
  Rendered app/views//home/_home_header.php (16.82 ms)
  Rendered app/views//home/_home_navbar.php (61.97 ms)
  Rendered app/views/home/_home_footer.php (65.33 ms)
  Rendered app/views/layouts/_back_to_top.php (1.27 ms)
  Rendered app/views/layouts/home.php (1820.76 ms)
Completed 200 OK in (1835.34 ms)
Started GET '/home/products/show/342' for 157.55.39.76 at 2019-03-06 11:48:45
Processing by productpage#show
  Rendered app/views/home/productpage/_table.php (1457.74 ms)
  Rendered app/views/home/productpage/show.php (1570.82 ms)
  Rendered app/views//home/_home_topbar.php (17.20 ms)
  Rendered app/views//home/_home_header.php (16.87 ms)
  Rendered app/views//home/_home_navbar.php (61.05 ms)
  Rendered app/views/home/_home_footer.php (65.38 ms)
  Rendered app/views/layouts/_back_to_top.php (1.28 ms)
  Rendered app/views/layouts/home.php (1770.40 ms)
Completed 200 OK in (1783.11 ms)
Started GET '/home/products/show/255' for 157.55.39.76 at 2019-03-06 11:48:48
Processing by productpage#show
  Rendered app/views/home/productpage/_table.php (1469.75 ms)
  Rendered app/views/home/productpage/show.php (1582.76 ms)
  Rendered app/views//home/_home_topbar.php (16.13 ms)
  Rendered app/views//home/_home_header.php (16.37 ms)
  Rendered app/views//home/_home_navbar.php (60.09 ms)
  Rendered app/views/home/_home_footer.php (65.70 ms)
  Rendered app/views/layouts/_back_to_top.php (1.26 ms)
  Rendered app/views/layouts/home.php (1779.47 ms)
Completed 200 OK in (1792.44 ms)
Started GET '/home/products/show/359' for 157.55.39.76 at 2019-03-06 11:48:50
Processing by productpage#show
  Rendered app/views/home/productpage/_table.php (1532.41 ms)
  Rendered app/views/home/productpage/show.php (1643.16 ms)
  Rendered app/views//home/_home_topbar.php (19.43 ms)
  Rendered app/views//home/_home_header.php (17.81 ms)
  Rendered app/views//home/_home_navbar.php (66.60 ms)
  Rendered app/views/home/_home_footer.php (71.14 ms)
  Rendered app/views/layouts/_back_to_top.php (1.21 ms)
  Rendered app/views/layouts/home.php (1860.97 ms)
Completed 200 OK in (1873.59 ms)
Started GET '/home/products/show/277' for 157.55.39.76 at 2019-03-06 11:48:52
Processing by productpage#show
  Rendered app/views/home/productpage/_table.php (292.12 ms)
  Rendered app/views/home/productpage/show.php (435.29 ms)
  Rendered app/views//home/_home_topbar.php (16.39 ms)
  Rendered app/views//home/_home_header.php (17.13 ms)
  Rendered app/views//home/_home_navbar.php (61.07 ms)
  Rendered app/views/home/_home_footer.php (63.83 ms)
  Rendered app/views/layouts/_back_to_top.php (1.39 ms)
  Rendered app/views/layouts/home.php (632.60 ms)
Completed 200 OK in (645.74 ms)
Started GET '/home/products/show/252' for 157.55.39.76 at 2019-03-06 11:48:53
Processing by productpage#show
  Rendered app/views/home/productpage/_table.php (838.27 ms)
  Rendered app/views/home/productpage/show.php (961.37 ms)
  Rendered app/views//home/_home_topbar.php (24.04 ms)
  Rendered app/views//home/_home_header.php (16.34 ms)
  Rendered app/views//home/_home_navbar.php (60.45 ms)
  Rendered app/views/home/_home_footer.php (68.49 ms)
  Rendered app/views/layouts/_back_to_top.php (1.22 ms)
  Rendered app/views/layouts/home.php (1169.25 ms)
Completed 200 OK in (1183.09 ms)
Started GET '/home/products/show/233' for 157.55.39.76 at 2019-03-06 11:48:54
Processing by productpage#show
  Rendered app/views/home/productpage/_table.php (410.10 ms)
  Rendered app/views/home/productpage/show.php (519.72 ms)
  Rendered app/views//home/_home_topbar.php (16.53 ms)
  Rendered app/views//home/_home_header.php (16.44 ms)
  Rendered app/views//home/_home_navbar.php (60.16 ms)
  Rendered app/views/home/_home_footer.php (67.59 ms)
  Rendered app/views/layouts/_back_to_top.php (1.27 ms)
  Rendered app/views/layouts/home.php (719.94 ms)
Completed 200 OK in (732.54 ms)
Started GET '/home/products/show/249' for 157.55.39.76 at 2019-03-06 11:48:55
Processing by productpage#show
  Rendered app/views/home/productpage/_table.php (910.13 ms)
  Rendered app/views/home/productpage/show.php (1028.24 ms)
  Rendered app/views//home/_home_topbar.php (17.22 ms)
  Rendered app/views//home/_home_header.php (16.96 ms)
  Rendered app/views//home/_home_navbar.php (62.85 ms)
  Rendered app/views/home/_home_footer.php (70.05 ms)
  Rendered app/views/layouts/_back_to_top.php (1.31 ms)
  Rendered app/views/layouts/home.php (1235.56 ms)
Completed 200 OK in (1249.02 ms)
Started GET '/home/products/show/228' for 157.55.39.76 at 2019-03-06 11:48:57
Processing by productpage#show
  Rendered app/views/home/productpage/_table.php (330.15 ms)
  Rendered app/views/home/productpage/show.php (443.63 ms)
  Rendered app/views//home/_home_topbar.php (16.54 ms)
  Rendered app/views//home/_home_header.php (16.46 ms)
  Rendered app/views//home/_home_navbar.php (60.58 ms)
  Rendered app/views/home/_home_footer.php (64.39 ms)
  Rendered app/views/layouts/_back_to_top.php (1.22 ms)
  Rendered app/views/layouts/home.php (641.19 ms)
Completed 200 OK in (654.74 ms)
Started GET '/home/products/show/338' for 157.55.39.76 at 2019-03-06 11:48:58
Processing by productpage#show
Started GET '/home/products/show/334' for 157.55.39.76 at 2019-03-06 11:48:59
Processing by productpage#show
  Rendered app/views/home/productpage/_table.php (257.58 ms)
  Rendered app/views/home/productpage/show.php (387.10 ms)
  Rendered app/views//home/_home_topbar.php (19.18 ms)
  Rendered app/views//home/_home_header.php (19.53 ms)
  Rendered app/views//home/_home_navbar.php (71.25 ms)
  Rendered app/views/home/_home_footer.php (73.06 ms)
  Rendered app/views/layouts/_back_to_top.php (1.41 ms)
  Rendered app/views/layouts/home.php (611.80 ms)
Completed 200 OK in (626.49 ms)
  Rendered app/views/home/productpage/_table.php (1547.56 ms)
  Rendered app/views/home/productpage/show.php (1658.38 ms)
  Rendered app/views//home/_home_topbar.php (17.76 ms)
  Rendered app/views//home/_home_header.php (16.74 ms)
  Rendered app/views//home/_home_navbar.php (65.19 ms)
  Rendered app/views/home/_home_footer.php (69.81 ms)
  Rendered app/views/layouts/_back_to_top.php (1.27 ms)
  Rendered app/views/layouts/home.php (1868.32 ms)
Completed 200 OK in (1880.85 ms)
Started GET '/home/products/show/328' for 157.55.39.76 at 2019-03-06 11:49:00
Processing by productpage#show
Started GET '/home/products/show/355' for 157.55.39.76 at 2019-03-06 11:49:00
Processing by productpage#show
  Rendered app/views/home/productpage/_table.php (585.70 ms)
  Rendered app/views/home/productpage/show.php (711.13 ms)
  Rendered app/views//home/_home_topbar.php (19.71 ms)
  Rendered app/views//home/_home_header.php (18.20 ms)
  Rendered app/views//home/_home_navbar.php (67.67 ms)
  Rendered app/views/home/_home_footer.php (73.93 ms)
  Rendered app/views/layouts/_back_to_top.php (1.28 ms)
  Rendered app/views/layouts/home.php (934.10 ms)
Completed 200 OK in (948.67 ms)
Started GET '/home/products/show/352' for 157.55.39.76 at 2019-03-06 11:49:01
Processing by productpage#show
  Rendered app/views/home/productpage/_table.php (1643.53 ms)
  Rendered app/views/home/productpage/show.php (1774.38 ms)
  Rendered app/views//home/_home_topbar.php (18.37 ms)
  Rendered app/views//home/_home_header.php (18.92 ms)
  Rendered app/views//home/_home_navbar.php (68.80 ms)
  Rendered app/views/home/_home_footer.php (74.13 ms)
  Rendered app/views/layouts/_back_to_top.php (1.35 ms)
  Rendered app/views/layouts/home.php (1999.96 ms)
Completed 200 OK in (2013.43 ms)
Started GET '/home/products/show/301' for 157.55.39.76 at 2019-03-06 11:49:02
Processing by productpage#show
  Rendered app/views/home/productpage/_table.php (1624.89 ms)
  Rendered app/views/home/productpage/show.php (1753.61 ms)
  Rendered app/views//home/_home_topbar.php (18.45 ms)
  Rendered app/views//home/_home_header.php (17.59 ms)
  Rendered app/views//home/_home_navbar.php (68.97 ms)
  Rendered app/views/home/_home_footer.php (74.85 ms)
  Rendered app/views/layouts/_back_to_top.php (1.27 ms)
  Rendered app/views/layouts/home.php (1977.56 ms)
Completed 200 OK in (1991.96 ms)
Started GET '/home/products/show/349' for 157.55.39.76 at 2019-03-06 11:49:03
Processing by productpage#show
  Rendered app/views/home/productpage/_table.php (916.56 ms)
  Rendered app/views/home/productpage/show.php (1043.11 ms)
  Rendered app/views//home/_home_topbar.php (17.43 ms)
  Rendered app/views//home/_home_header.php (19.76 ms)
  Rendered app/views//home/_home_navbar.php (69.46 ms)
  Rendered app/views/home/_home_footer.php (77.74 ms)
  Rendered app/views/layouts/_back_to_top.php (1.52 ms)
  Rendered app/views/layouts/home.php (1271.35 ms)
Completed 200 OK in (1286.25 ms)
Started GET '/home/products/show/324' for 157.55.39.76 at 2019-03-06 11:49:04
Processing by productpage#show
  Rendered app/views/home/productpage/_table.php (1590.51 ms)
  Rendered app/views/home/productpage/show.php (1717.81 ms)
  Rendered app/views//home/_home_topbar.php (19.60 ms)
  Rendered app/views//home/_home_header.php (19.56 ms)
  Rendered app/views//home/_home_navbar.php (72.84 ms)
  Rendered app/views/home/_home_footer.php (86.14 ms)
  Rendered app/views/layouts/_back_to_top.php (1.38 ms)
  Rendered app/views/layouts/home.php (1963.22 ms)
Completed 200 OK in (1977.36 ms)
Started GET '/home/products/show/323' for 157.55.39.76 at 2019-03-06 11:49:06
Processing by productpage#show
  Rendered app/views/home/productpage/_table.php (1592.19 ms)
  Rendered app/views/home/productpage/show.php (1721.11 ms)
  Rendered app/views//home/_home_topbar.php (18.98 ms)
  Rendered app/views//home/_home_header.php (18.37 ms)
  Rendered app/views//home/_home_navbar.php (92.08 ms)
  Rendered app/views/home/_home_footer.php (79.25 ms)
  Rendered app/views/layouts/_back_to_top.php (1.33 ms)
  Rendered app/views/layouts/home.php (1973.29 ms)
Completed 200 OK in (1987.66 ms)
Started GET '/home/products/show/345' for 157.55.39.76 at 2019-03-06 11:49:06
Processing by productpage#show
  Rendered app/views/home/productpage/_table.php (1709.21 ms)
  Rendered app/views/home/productpage/show.php (1837.35 ms)
  Rendered app/views//home/_home_topbar.php (20.63 ms)
  Rendered app/views//home/_home_header.php (22.15 ms)
  Rendered app/views//home/_home_navbar.php (106.10 ms)
  Rendered app/views/home/_home_footer.php (83.21 ms)
  Rendered app/views/layouts/_back_to_top.php (1.51 ms)
  Rendered app/views/layouts/home.php (2119.50 ms)
Completed 200 OK in (2134.59 ms)
  Rendered app/views/home/productpage/_table.php (1752.34 ms)
  Rendered app/views/home/productpage/show.php (1874.80 ms)
  Rendered app/views//home/_home_topbar.php (16.34 ms)
  Rendered app/views//home/_home_header.php (16.48 ms)
  Rendered app/views//home/_home_navbar.php (61.16 ms)
  Rendered app/views/home/_home_footer.php (67.69 ms)
  Rendered app/views/layouts/_back_to_top.php (1.19 ms)
  Rendered app/views/layouts/home.php (2075.48 ms)
Completed 200 OK in (2089.09 ms)
Started GET '/home/products/show/263' for 157.55.39.29 at 2019-03-06 11:49:13
Processing by productpage#show
  Rendered app/views/home/productpage/_table.php (285.57 ms)
  Rendered app/views/home/productpage/show.php (405.18 ms)
  Rendered app/views//home/_home_topbar.php (17.02 ms)
  Rendered app/views//home/_home_header.php (17.04 ms)
  Rendered app/views//home/_home_navbar.php (61.76 ms)
  Rendered app/views/home/_home_footer.php (72.07 ms)
  Rendered app/views/layouts/_back_to_top.php (1.33 ms)
  Rendered app/views/layouts/home.php (612.00 ms)
Completed 200 OK in (625.47 ms)
Started GET '/home/products/show/302' for 157.55.39.29 at 2019-03-06 11:49:14
Processing by productpage#show
  Rendered app/views/home/productpage/_table.php (878.17 ms)
  Rendered app/views/home/productpage/show.php (992.12 ms)
  Rendered app/views//home/_home_topbar.php (16.82 ms)
  Rendered app/views//home/_home_header.php (16.85 ms)
  Rendered app/views//home/_home_navbar.php (63.18 ms)
  Rendered app/views/home/_home_footer.php (64.80 ms)
  Rendered app/views/layouts/_back_to_top.php (1.24 ms)
  Rendered app/views/layouts/home.php (1192.37 ms)
Completed 200 OK in (1205.55 ms)
Started GET '/home/products/show/305' for 157.55.39.29 at 2019-03-06 11:49:16
Processing by productpage#show
  Rendered app/views/home/productpage/_table.php (1470.43 ms)
  Rendered app/views/home/productpage/show.php (1583.06 ms)
  Rendered app/views//home/_home_topbar.php (16.64 ms)
  Rendered app/views//home/_home_header.php (16.71 ms)
  Rendered app/views//home/_home_navbar.php (61.27 ms)
  Rendered app/views/home/_home_footer.php (67.63 ms)
  Rendered app/views/layouts/_back_to_top.php (1.32 ms)
  Rendered app/views/layouts/home.php (1784.84 ms)
Completed 200 OK in (1797.88 ms)
Started GET '/home/products/show/264' for 157.55.39.29 at 2019-03-06 11:49:18
Processing by productpage#show
  Rendered app/views/home/productpage/_table.php (297.53 ms)
  Rendered app/views/home/productpage/show.php (410.44 ms)
  Rendered app/views//home/_home_topbar.php (16.87 ms)
  Rendered app/views//home/_home_header.php (18.07 ms)
  Rendered app/views//home/_home_navbar.php (60.94 ms)
  Rendered app/views/home/_home_footer.php (65.52 ms)
  Rendered app/views/layouts/_back_to_top.php (1.25 ms)
  Rendered app/views/layouts/home.php (610.79 ms)
Completed 200 OK in (624.00 ms)
Started GET '/home/products/show/293' for 157.55.39.29 at 2019-03-06 11:49:19
Processing by productpage#show
  Rendered app/views/home/productpage/_table.php (833.88 ms)
  Rendered app/views/home/productpage/show.php (944.35 ms)
  Rendered app/views//home/_home_topbar.php (16.52 ms)
  Rendered app/views//home/_home_header.php (16.65 ms)
  Rendered app/views//home/_home_navbar.php (61.12 ms)
  Rendered app/views/home/_home_footer.php (66.13 ms)
  Rendered app/views/layouts/_back_to_top.php (1.54 ms)
  Rendered app/views/layouts/home.php (1144.32 ms)
Completed 200 OK in (1157.12 ms)
Started GET '/home/products/show/312' for 157.55.39.29 at 2019-03-06 11:49:20
Processing by productpage#show
  Rendered app/views/home/productpage/_table.php (1506.42 ms)
  Rendered app/views/home/productpage/show.php (1617.03 ms)
  Rendered app/views//home/_home_topbar.php (17.62 ms)
  Rendered app/views//home/_home_header.php (17.32 ms)
  Rendered app/views//home/_home_navbar.php (64.75 ms)
  Rendered app/views/home/_home_footer.php (68.76 ms)
  Rendered app/views/layouts/_back_to_top.php (1.34 ms)
  Rendered app/views/layouts/home.php (1825.99 ms)
Completed 200 OK in (1838.84 ms)
Started GET '/home/products/show/288' for 157.55.39.29 at 2019-03-06 11:49:22
Processing by productpage#show
  Rendered app/views/home/productpage/_table.php (928.03 ms)
  Rendered app/views/home/productpage/show.php (1043.02 ms)
  Rendered app/views//home/_home_topbar.php (16.74 ms)
  Rendered app/views//home/_home_header.php (16.60 ms)
  Rendered app/views//home/_home_navbar.php (61.24 ms)
  Rendered app/views/home/_home_footer.php (67.13 ms)
  Rendered app/views/layouts/_back_to_top.php (1.27 ms)
  Rendered app/views/layouts/home.php (1244.11 ms)
Completed 200 OK in (1257.56 ms)
Started GET '/home/products/show/378' for 157.55.39.29 at 2019-03-06 11:49:24
Processing by productpage#show
  Rendered app/views/home/productpage/_table.php (226.54 ms)
  Rendered app/views/home/productpage/show.php (349.77 ms)
  Rendered app/views//home/_home_topbar.php (16.92 ms)
  Rendered app/views//home/_home_header.php (16.61 ms)
  Rendered app/views//home/_home_navbar.php (65.19 ms)
  Rendered app/views/home/_home_footer.php (67.92 ms)
  Rendered app/views/layouts/_back_to_top.php (1.21 ms)
  Rendered app/views/layouts/home.php (561.97 ms)
Completed 200 OK in (575.89 ms)
Started GET '/home/products/show/284' for 157.55.39.29 at 2019-03-06 11:49:25
Processing by productpage#show
  Rendered app/views/home/productpage/_table.php (340.00 ms)
  Rendered app/views/home/productpage/show.php (452.91 ms)
  Rendered app/views//home/_home_topbar.php (17.08 ms)
  Rendered app/views//home/_home_header.php (16.28 ms)
  Rendered app/views//home/_home_navbar.php (61.01 ms)
  Rendered app/views/home/_home_footer.php (64.49 ms)
  Rendered app/views/layouts/_back_to_top.php (1.24 ms)
  Rendered app/views/layouts/home.php (651.30 ms)
Completed 200 OK in (663.86 ms)
Started GET '/home/products/show/374' for 157.55.39.29 at 2019-03-06 11:49:26
Processing by productpage#show
  Rendered app/views/home/productpage/_table.php (1563.30 ms)
  Rendered app/views/home/productpage/show.php (1704.68 ms)
  Rendered app/views//home/_home_topbar.php (18.05 ms)
  Rendered app/views//home/_home_header.php (16.89 ms)
  Rendered app/views//home/_home_navbar.php (66.85 ms)
  Rendered app/views/home/_home_footer.php (66.11 ms)
  Rendered app/views/layouts/_back_to_top.php (1.23 ms)
  Rendered app/views/layouts/home.php (1912.11 ms)
Completed 200 OK in (1926.61 ms)
Started GET '/home/products/show/315' for 157.55.39.29 at 2019-03-06 11:49:28
Processing by productpage#show
  Rendered app/views/home/productpage/_table.php (1466.10 ms)
  Rendered app/views/home/productpage/show.php (1576.09 ms)
  Rendered app/views//home/_home_topbar.php (16.55 ms)
  Rendered app/views//home/_home_header.php (16.48 ms)
  Rendered app/views//home/_home_navbar.php (61.20 ms)
  Rendered app/views/home/_home_footer.php (69.60 ms)
  Rendered app/views/layouts/_back_to_top.php (1.23 ms)
  Rendered app/views/layouts/home.php (1779.62 ms)
Completed 200 OK in (1793.51 ms)
Started GET '/home/products/show/373' for 157.55.39.29 at 2019-03-06 11:49:30
Processing by productpage#show
  Rendered app/views/home/productpage/_table.php (404.34 ms)
  Rendered app/views/home/productpage/show.php (523.17 ms)
  Rendered app/views//home/_home_topbar.php (16.62 ms)
  Rendered app/views//home/_home_header.php (16.98 ms)
  Rendered app/views//home/_home_navbar.php (62.31 ms)
  Rendered app/views/home/_home_footer.php (65.46 ms)
  Rendered app/views/layouts/_back_to_top.php (1.22 ms)
  Rendered app/views/layouts/home.php (723.39 ms)
Completed 200 OK in (736.56 ms)
Started GET '/home/products/show/294' for 157.55.39.29 at 2019-03-06 11:49:31
Processing by productpage#show
  Rendered app/views/home/productpage/_table.php (927.96 ms)
  Rendered app/views/home/productpage/show.php (1045.69 ms)
  Rendered app/views//home/_home_topbar.php (16.68 ms)
  Rendered app/views//home/_home_header.php (16.57 ms)
  Rendered app/views//home/_home_navbar.php (60.84 ms)
  Rendered app/views/home/_home_footer.php (65.71 ms)
  Rendered app/views/layouts/_back_to_top.php (1.29 ms)
  Rendered app/views/layouts/home.php (1245.69 ms)
Completed 200 OK in (1258.84 ms)
Started GET '/home/products/show/283' for 157.55.39.29 at 2019-03-06 11:49:32
Processing by productpage#show
  Rendered app/views/home/productpage/_table.php (339.74 ms)
  Rendered app/views/home/productpage/show.php (452.57 ms)
  Rendered app/views//home/_home_topbar.php (17.21 ms)
  Rendered app/views//home/_home_header.php (18.23 ms)
  Rendered app/views//home/_home_navbar.php (73.47 ms)
  Rendered app/views/home/_home_footer.php (74.96 ms)
  Rendered app/views/layouts/_back_to_top.php (1.29 ms)
  Rendered app/views/layouts/home.php (676.20 ms)
Completed 200 OK in (688.72 ms)
Started GET '/home/products/show/256' for 157.55.39.29 at 2019-03-06 11:49:33
Processing by productpage#show
  Rendered app/views/home/productpage/_table.php (337.37 ms)
  Rendered app/views/home/productpage/show.php (447.25 ms)
  Rendered app/views//home/_home_topbar.php (16.61 ms)
  Rendered app/views//home/_home_header.php (16.53 ms)
  Rendered app/views//home/_home_navbar.php (63.92 ms)
  Rendered app/views/home/_home_footer.php (65.85 ms)
  Rendered app/views/layouts/_back_to_top.php (1.21 ms)
  Rendered app/views/layouts/home.php (649.65 ms)
Completed 200 OK in (662.78 ms)
Started GET '/home/products/show/368' for 157.55.39.29 at 2019-03-06 11:49:34
Processing by productpage#show
  Rendered app/views/home/productpage/_table.php (398.02 ms)
  Rendered app/views/home/productpage/show.php (510.23 ms)
  Rendered app/views//home/_home_topbar.php (16.95 ms)
  Rendered app/views//home/_home_header.php (16.77 ms)
  Rendered app/views//home/_home_navbar.php (61.45 ms)
  Rendered app/views/home/_home_footer.php (67.03 ms)
  Rendered app/views/layouts/_back_to_top.php (1.30 ms)
  Rendered app/views/layouts/home.php (712.48 ms)
Completed 200 OK in (725.29 ms)
Started GET '/home/products/show/346' for 157.55.39.29 at 2019-03-06 11:49:35
Processing by productpage#show
  Rendered app/views/home/productpage/_table.php (1486.27 ms)
  Rendered app/views/home/productpage/show.php (1596.06 ms)
  Rendered app/views//home/_home_topbar.php (16.86 ms)
  Rendered app/views//home/_home_header.php (17.43 ms)
  Rendered app/views//home/_home_navbar.php (63.60 ms)
  Rendered app/views/home/_home_footer.php (67.20 ms)
  Rendered app/views/layouts/_back_to_top.php (1.19 ms)
  Rendered app/views/layouts/home.php (1801.68 ms)
Completed 200 OK in (1814.22 ms)
Started GET '/home/products/show/278' for 157.55.39.29 at 2019-03-06 11:49:37
Processing by productpage#show
  Rendered app/views/home/productpage/_table.php (502.25 ms)
  Rendered app/views/home/productpage/show.php (614.57 ms)
  Rendered app/views//home/_home_topbar.php (18.22 ms)
  Rendered app/views//home/_home_header.php (16.68 ms)
  Rendered app/views//home/_home_navbar.php (62.29 ms)
  Rendered app/views/home/_home_footer.php (65.55 ms)
  Rendered app/views/layouts/_back_to_top.php (1.28 ms)
  Rendered app/views/layouts/home.php (815.58 ms)
Completed 200 OK in (828.05 ms)
Started GET '/home/products/show/230' for 157.55.39.29 at 2019-03-06 11:49:38
Processing by productpage#show
  Rendered app/views/home/productpage/_table.php (396.26 ms)
  Rendered app/views/home/productpage/show.php (506.29 ms)
Started GET '/home/products/show/246' for 157.55.39.29 at 2019-03-06 11:49:39
Processing by productpage#show
  Rendered app/views//home/_home_topbar.php (20.02 ms)
  Rendered app/views//home/_home_header.php (20.50 ms)
  Rendered app/views//home/_home_navbar.php (71.95 ms)
  Rendered app/views/home/_home_footer.php (74.29 ms)
  Rendered app/views/layouts/_back_to_top.php (1.65 ms)
  Rendered app/views/layouts/home.php (737.12 ms)
Completed 200 OK in (750.42 ms)
Started GET '/home/products/show/319' for 157.55.39.29 at 2019-03-06 11:49:40
Processing by productpage#show
  Rendered app/views/home/productpage/_table.php (890.59 ms)
  Rendered app/views/home/productpage/show.php (1016.75 ms)
  Rendered app/views//home/_home_topbar.php (19.31 ms)
  Rendered app/views//home/_home_header.php (18.61 ms)
  Rendered app/views//home/_home_navbar.php (70.69 ms)
  Rendered app/views/home/_home_footer.php (77.48 ms)
  Rendered app/views/layouts/_back_to_top.php (1.29 ms)
  Rendered app/views/layouts/home.php (1245.49 ms)
Completed 200 OK in (1259.80 ms)
  Rendered app/views/home/productpage/_table.php (888.29 ms)
  Rendered app/views/home/productpage/show.php (1016.69 ms)
  Rendered app/views//home/_home_topbar.php (31.52 ms)
  Rendered app/views//home/_home_header.php (16.95 ms)
  Rendered app/views//home/_home_navbar.php (64.95 ms)
  Rendered app/views/home/_home_footer.php (69.23 ms)
  Rendered app/views/layouts/_back_to_top.php (1.23 ms)
  Rendered app/views/layouts/home.php (1239.70 ms)
Completed 200 OK in (1254.44 ms)
Started GET '/home/products/show/356' for 157.55.39.29 at 2019-03-06 11:49:41
Processing by productpage#show
Started GET '/home/products/show/330' for 157.55.39.29 at 2019-03-06 11:49:41
Processing by productpage#show
  Rendered app/views/home/productpage/_table.php (1619.05 ms)
  Rendered app/views/home/productpage/show.php (1749.81 ms)
  Rendered app/views/home/productpage/_table.php (1601.21 ms)
  Rendered app/views/home/productpage/show.php (1736.11 ms)
  Rendered app/views//home/_home_topbar.php (18.69 ms)
  Rendered app/views//home/_home_header.php (19.78 ms)
  Rendered app/views//home/_home_topbar.php (18.70 ms)
  Rendered app/views//home/_home_header.php (19.39 ms)
  Rendered app/views//home/_home_navbar.php (68.63 ms)
  Rendered app/views//home/_home_navbar.php (69.97 ms)
  Rendered app/views/home/_home_footer.php (77.98 ms)
  Rendered app/views/layouts/_back_to_top.php (1.41 ms)
  Rendered app/views/layouts/home.php (1978.28 ms)
Completed 200 OK in (1993.01 ms)
  Rendered app/views/home/_home_footer.php (71.44 ms)
  Rendered app/views/layouts/_back_to_top.php (1.26 ms)
  Rendered app/views/layouts/home.php (1958.18 ms)
Completed 200 OK in (1978.78 ms)
Started GET '/home/products/show/273' for 157.55.39.29 at 2019-03-06 11:49:43
Processing by productpage#show
Started GET '/home/products/show/298' for 157.55.39.29 at 2019-03-06 11:49:44
Processing by productpage#show
  Rendered app/views/home/productpage/_table.php (571.64 ms)
  Rendered app/views/home/productpage/show.php (687.15 ms)
  Rendered app/views//home/_home_topbar.php (18.05 ms)
  Rendered app/views//home/_home_header.php (17.74 ms)
  Rendered app/views//home/_home_navbar.php (69.06 ms)
  Rendered app/views/home/_home_footer.php (75.04 ms)
  Rendered app/views/layouts/_back_to_top.php (1.28 ms)
  Rendered app/views/layouts/home.php (910.55 ms)
Completed 200 OK in (923.56 ms)
Started GET '/home/products/show/351' for 157.55.39.29 at 2019-03-06 11:49:45
Processing by productpage#show
  Rendered app/views/home/productpage/_table.php (1690.69 ms)
  Rendered app/views/home/productpage/show.php (1823.47 ms)
  Rendered app/views//home/_home_topbar.php (21.19 ms)
  Rendered app/views//home/_home_header.php (22.32 ms)
  Rendered app/views//home/_home_navbar.php (69.50 ms)
  Rendered app/views/home/_home_footer.php (73.36 ms)
  Rendered app/views/layouts/_back_to_top.php (1.39 ms)
  Rendered app/views/layouts/home.php (2057.19 ms)
Completed 200 OK in (2071.55 ms)
Started GET '/home/products/show/363' for 157.55.39.29 at 2019-03-06 11:49:46
Processing by productpage#show
  Rendered app/views/home/productpage/_table.php (1733.50 ms)
  Rendered app/views/home/productpage/show.php (1856.29 ms)
  Rendered app/views//home/_home_topbar.php (19.27 ms)
  Rendered app/views//home/_home_header.php (22.45 ms)
  Rendered app/views//home/_home_navbar.php (71.31 ms)
  Rendered app/views/home/_home_footer.php (76.32 ms)
  Rendered app/views/layouts/_back_to_top.php (1.41 ms)
  Rendered app/views/layouts/home.php (2090.80 ms)
Completed 200 OK in (2105.70 ms)
Started GET '/home/products/show/364' for 157.55.39.29 at 2019-03-06 11:49:47
Processing by productpage#show
  Rendered app/views/home/productpage/_table.php (986.74 ms)
  Rendered app/views/home/productpage/show.php (1111.62 ms)
  Rendered app/views//home/_home_topbar.php (19.86 ms)
  Rendered app/views//home/_home_header.php (19.47 ms)
  Rendered app/views//home/_home_navbar.php (70.49 ms)
  Rendered app/views/home/_home_footer.php (76.51 ms)
  Rendered app/views/layouts/_back_to_top.php (1.33 ms)
  Rendered app/views/layouts/home.php (1344.44 ms)
Completed 200 OK in (1358.55 ms)
  Rendered app/views/home/productpage/_table.php (923.23 ms)
  Rendered app/views/home/productpage/show.php (1050.15 ms)
  Rendered app/views//home/_home_topbar.php (16.14 ms)
  Rendered app/views//home/_home_header.php (16.34 ms)
  Rendered app/views//home/_home_navbar.php (62.38 ms)
  Rendered app/views/home/_home_footer.php (66.18 ms)
  Rendered app/views/layouts/_back_to_top.php (1.19 ms)
  Rendered app/views/layouts/home.php (1249.04 ms)
Completed 200 OK in (1263.27 ms)
Started GET '/home/products/show/320' for 157.55.39.29 at 2019-03-06 11:49:49
Processing by productpage#show
  Rendered app/views/home/productpage/_table.php (1444.22 ms)
  Rendered app/views/home/productpage/show.php (1554.14 ms)
  Rendered app/views//home/_home_topbar.php (16.73 ms)
  Rendered app/views//home/_home_header.php (16.45 ms)
  Rendered app/views//home/_home_navbar.php (61.45 ms)
  Rendered app/views/home/_home_footer.php (68.42 ms)
  Rendered app/views/layouts/_back_to_top.php (1.21 ms)
  Rendered app/views/layouts/home.php (1757.95 ms)
Completed 200 OK in (1770.36 ms)
Started GET '/robots.txt' for 216.244.66.250 at 2019-03-06 12:05:21
No route matches [GET] /robots.txt
Completed 404 Not Found in (3.58 ms)
  Rendered public/404.html (1.03 ms)
Started GET '/wp-login.php' for 151.236.60.24 at 2019-03-06 12:06:58
No route matches [GET] /wp-login.php
Completed 404 Not Found in (2.91 ms)
  Rendered public/404.html (0.93 ms)
Started GET '/robots.txt' for 37.9.113.123 at 2019-03-06 12:08:07
No route matches [GET] /robots.txt
Completed 404 Not Found in (2.90 ms)
  Rendered public/404.html (0.94 ms)
Started GET '/robots.txt' for 46.229.168.154 at 2019-03-06 12:27:31
No route matches [GET] /robots.txt
Completed 404 Not Found in (3.10 ms)
  Rendered public/404.html (0.98 ms)
Started GET '/home/products/show/274' for 46.229.168.148 at 2019-03-06 12:27:33
Processing by productpage#show
  Rendered app/views/home/productpage/_table.php (282.34 ms)
  Rendered app/views/home/productpage/show.php (391.54 ms)
  Rendered app/views//home/_home_topbar.php (16.79 ms)
  Rendered app/views//home/_home_header.php (16.69 ms)
  Rendered app/views//home/_home_navbar.php (61.29 ms)
  Rendered app/views/home/_home_footer.php (65.21 ms)
  Rendered app/views/layouts/_back_to_top.php (1.27 ms)
  Rendered app/views/layouts/home.php (591.26 ms)
Completed 200 OK in (606.20 ms)
Started GET '/robots.txt' for 54.36.150.37 at 2019-03-06 12:46:31
No route matches [GET] /robots.txt
Completed 404 Not Found in (3.15 ms)
  Rendered public/404.html (1.04 ms)
Started GET '/home/products/show/270' for 54.36.150.135 at 2019-03-06 12:46:32
Processing by productpage#show
  Rendered app/views/home/productpage/_table.php (945.85 ms)
  Rendered app/views/home/productpage/show.php (1064.04 ms)
  Rendered app/views//home/_home_topbar.php (17.71 ms)
  Rendered app/views//home/_home_header.php (18.97 ms)
  Rendered app/views//home/_home_navbar.php (65.13 ms)
  Rendered app/views/home/_home_footer.php (70.92 ms)
  Rendered app/views/layouts/_back_to_top.php (1.67 ms)
  Rendered app/views/layouts/home.php (1279.79 ms)
Completed 200 OK in (1297.56 ms)
Started GET '/robots.txt' for 216.244.66.250 at 2019-03-06 12:50:36
No route matches [GET] /robots.txt
Completed 404 Not Found in (3.06 ms)
  Rendered public/404.html (0.94 ms)
Started GET '/' for 66.249.75.100 at 2019-03-06 12:58:26
Processing by home#index
  Rendered app/views/home/index.php (28.83 ms)
  Rendered app/views//home/_home_topbar.php (17.55 ms)
  Rendered app/views//home/_home_header.php (16.38 ms)
  Rendered app/views//home/_home_navbar.php (62.03 ms)
  Rendered app/views/home/_home_footer.php (66.08 ms)
  Rendered app/views/layouts/_back_to_top.php (1.28 ms)
  Rendered app/views/layouts/home.php (229.88 ms)
Completed 200 OK in (238.11 ms)
Started GET '/robots.txt' for 216.244.66.250 at 2019-03-06 13:36:11
No route matches [GET] /robots.txt
Completed 404 Not Found in (3.11 ms)
  Rendered public/404.html (0.98 ms)
Started GET '/home/producttypes/show/40' for 157.55.39.29 at 2019-03-06 13:59:35
Processing by producttypepage#show
  Rendered app/views/home/_menu_product.php (12.27 ms)
  Rendered app/views/home/productpage/_table.php (872.09 ms)
  Rendered app/views/home/producttypepage/show.php (909.70 ms)
  Rendered app/views//home/_home_topbar.php (16.93 ms)
  Rendered app/views//home/_home_header.php (17.40 ms)
  Rendered app/views//home/_home_navbar.php (62.65 ms)
  Rendered app/views/home/_home_footer.php (65.56 ms)
  Rendered app/views/layouts/_back_to_top.php (1.28 ms)
  Rendered app/views/layouts/home.php (1112.39 ms)
Completed 200 OK in (1137.82 ms)
Started GET '/' for 78.160.121.201 at 2019-03-06 14:35:44
Processing by home#index
  Rendered app/views/home/index.php (27.81 ms)
  Rendered app/views//home/_home_topbar.php (16.22 ms)
  Rendered app/views//home/_home_header.php (16.41 ms)
  Rendered app/views//home/_home_navbar.php (60.23 ms)
  Rendered app/views/home/_home_footer.php (64.32 ms)
  Rendered app/views/layouts/_back_to_top.php (1.25 ms)
  Rendered app/views/layouts/home.php (222.90 ms)
Completed 200 OK in (231.00 ms)
Started GET '/robots.txt' for 216.244.66.250 at 2019-03-06 15:06:10
No route matches [GET] /robots.txt
Completed 404 Not Found in (3.26 ms)
  Rendered public/404.html (1.08 ms)
Started GET '/home/producttypes/show/42' for 66.249.75.100 at 2019-03-06 15:16:40
Processing by producttypepage#show
  Rendered app/views/home/_menu_product.php (12.56 ms)
  Rendered app/views/home/productpage/_table.php (364.28 ms)
  Rendered app/views/home/producttypepage/show.php (402.45 ms)
  Rendered app/views//home/_home_topbar.php (17.72 ms)
  Rendered app/views//home/_home_header.php (18.42 ms)
  Rendered app/views//home/_home_navbar.php (69.50 ms)
  Rendered app/views/home/_home_footer.php (74.95 ms)
  Rendered app/views/layouts/_back_to_top.php (1.59 ms)
  Rendered app/views/layouts/home.php (624.78 ms)
Completed 200 OK in (650.77 ms)
Started GET '/wp-login.php' for 188.165.254.63 at 2019-03-06 15:37:42
No route matches [GET] /wp-login.php
Completed 404 Not Found in (3.18 ms)
  Rendered public/404.html (0.97 ms)
Started GET '/home/products/show/300' for 66.249.75.100 at 2019-03-06 15:52:22
Processing by productpage#show
  Rendered app/views/home/productpage/_table.php (557.49 ms)
  Rendered app/views/home/productpage/show.php (674.85 ms)
  Rendered app/views//home/_home_topbar.php (19.35 ms)
  Rendered app/views//home/_home_header.php (18.26 ms)
  Rendered app/views//home/_home_navbar.php (67.70 ms)
  Rendered app/views/home/_home_footer.php (73.16 ms)
  Rendered app/views/layouts/_back_to_top.php (1.50 ms)
  Rendered app/views/layouts/home.php (897.00 ms)
Completed 200 OK in (913.09 ms)
Started GET '/' for 185.89.100.25 at 2019-03-06 16:05:21
Processing by home#index
  Rendered app/views/home/index.php (31.08 ms)
  Rendered app/views//home/_home_topbar.php (18.22 ms)
  Rendered app/views//home/_home_header.php (21.23 ms)
Started GET '/' for 191.96.170.80 at 2019-03-06 16:05:21
Processing by home#index
  Rendered app/views//home/_home_navbar.php (78.32 ms)
  Rendered app/views/home/index.php (36.82 ms)
  Rendered app/views//home/_home_topbar.php (20.33 ms)
  Rendered app/views/home/_home_footer.php (83.37 ms)
  Rendered app/views/layouts/_back_to_top.php (1.74 ms)
  Rendered app/views//home/_home_header.php (20.23 ms)
  Rendered app/views/layouts/home.php (276.59 ms)
Completed 200 OK in (285.60 ms)
  Rendered app/views//home/_home_navbar.php (70.66 ms)
  Rendered app/views/home/_home_footer.php (77.33 ms)
  Rendered app/views/layouts/_back_to_top.php (2.12 ms)
  Rendered app/views/layouts/home.php (276.61 ms)
Completed 200 OK in (286.82 ms)
Started GET '/home/contact' for 191.96.170.80 at 2019-03-06 16:05:50
Processing by home#contact
  Rendered app/views/home/contact.php (61.08 ms)
  Rendered app/views//home/_home_topbar.php (20.88 ms)
  Rendered app/views//home/_home_header.php (19.94 ms)
  Rendered app/views//home/_home_navbar.php (68.29 ms)
  Rendered app/views/home/_home_footer.php (66.77 ms)
  Rendered app/views/layouts/_back_to_top.php (1.32 ms)
  Rendered app/views/layouts/home.php (280.71 ms)
Completed 200 OK in (288.15 ms)
Started GET '/' for 5.62.152.70 at 2019-03-06 16:06:09
Processing by home#index
  Rendered app/views/home/index.php (29.48 ms)
  Rendered app/views//home/_home_topbar.php (16.84 ms)
  Rendered app/views//home/_home_header.php (16.96 ms)
  Rendered app/views//home/_home_navbar.php (65.43 ms)
  Rendered app/views/home/_home_footer.php (69.09 ms)
  Rendered app/views/layouts/_back_to_top.php (1.23 ms)
  Rendered app/views/layouts/home.php (237.20 ms)
Completed 200 OK in (244.55 ms)
Started GET '/home/categories/show/10' for 191.96.170.80 at 2019-03-06 16:06:20
Processing by categorypage#show
  Rendered app/views/home/_menu_product.php (11.81 ms)
  Rendered app/views/home/categorypage/show.php (122.08 ms)
  Rendered app/views//home/_home_topbar.php (21.50 ms)
  Rendered app/views//home/_home_header.php (17.26 ms)
  Rendered app/views//home/_home_navbar.php (62.15 ms)
  Rendered app/views/home/_home_footer.php (67.79 ms)
  Rendered app/views/layouts/_back_to_top.php (1.27 ms)
  Rendered app/views/layouts/home.php (336.52 ms)
Completed 200 OK in (358.23 ms)
Started GET '/home/producttypes/show/36' for 157.55.39.29 at 2019-03-06 16:09:32
Processing by producttypepage#show
  Rendered app/views/home/_menu_product.php (11.57 ms)
  Rendered app/views/home/productpage/_table.php (480.76 ms)
  Rendered app/views/home/producttypepage/show.php (515.77 ms)
  Rendered app/views//home/_home_topbar.php (17.61 ms)
  Rendered app/views//home/_home_header.php (18.48 ms)
  Rendered app/views//home/_home_navbar.php (64.85 ms)
  Rendered app/views/home/_home_footer.php (71.40 ms)
  Rendered app/views/layouts/_back_to_top.php (1.24 ms)
  Rendered app/views/layouts/home.php (730.06 ms)
Completed 200 OK in (751.52 ms)
Started GET '/home/index' for 178.241.143.43 at 2019-03-06 16:54:40
Processing by home#index
  Rendered app/views/home/index.php (30.29 ms)
  Rendered app/views//home/_home_topbar.php (20.37 ms)
  Rendered app/views//home/_home_header.php (22.65 ms)
  Rendered app/views//home/_home_navbar.php (65.53 ms)
  Rendered app/views/home/_home_footer.php (69.85 ms)
  Rendered app/views/layouts/_back_to_top.php (1.31 ms)
  Rendered app/views/layouts/home.php (249.20 ms)
Completed 200 OK in (257.77 ms)
Started GET '/home/index' for 178.241.143.43 at 2019-03-06 16:54:48
Processing by home#index
  Rendered app/views/home/index.php (30.71 ms)
  Rendered app/views//home/_home_topbar.php (18.57 ms)
  Rendered app/views//home/_home_header.php (18.48 ms)
  Rendered app/views//home/_home_navbar.php (66.77 ms)
  Rendered app/views/home/_home_footer.php (67.92 ms)
  Rendered app/views/layouts/_back_to_top.php (1.36 ms)
  Rendered app/views/layouts/home.php (245.01 ms)
Completed 200 OK in (252.65 ms)
Started GET '/home/products' for 178.241.143.43 at 2019-03-06 16:54:56
Processing by productpage#index
  Rendered app/views/home/productpage/_table.php (7724.63 ms)
  Rendered app/views/home/productpage/index.php (7730.09 ms)
  Rendered app/views//home/_home_topbar.php (17.01 ms)
  Rendered app/views//home/_home_header.php (16.70 ms)
  Rendered app/views//home/_home_navbar.php (61.26 ms)
  Rendered app/views/home/_home_footer.php (64.91 ms)
  Rendered app/views/layouts/_back_to_top.php (1.48 ms)
  Rendered app/views/layouts/home.php (7933.29 ms)
Completed 200 OK in (7948.66 ms)
Started GET '/home/products' for 178.241.143.43 at 2019-03-06 16:55:04
Processing by productpage#index
  Rendered app/views/home/productpage/_table.php (7822.45 ms)
  Rendered app/views/home/productpage/index.php (7826.06 ms)
  Rendered app/views//home/_home_topbar.php (16.55 ms)
  Rendered app/views//home/_home_header.php (16.88 ms)
  Rendered app/views//home/_home_navbar.php (69.05 ms)
  Rendered app/views/home/_home_footer.php (76.13 ms)
  Rendered app/views/layouts/_back_to_top.php (1.27 ms)
  Rendered app/views/layouts/home.php (8043.94 ms)
Completed 200 OK in (8058.33 ms)
Started GET '/robots.txt' for 46.229.168.146 at 2019-03-06 16:59:22
No route matches [GET] /robots.txt
Completed 404 Not Found in (3.02 ms)
  Rendered public/404.html (1.07 ms)
Started GET '/home/products/show/308' for 46.229.168.152 at 2019-03-06 16:59:23
Processing by productpage#show
  Rendered app/views/home/productpage/_table.php (1475.71 ms)
  Rendered app/views/home/productpage/show.php (1584.97 ms)
  Rendered app/views//home/_home_topbar.php (16.49 ms)
  Rendered app/views//home/_home_header.php (16.75 ms)
  Rendered app/views//home/_home_navbar.php (60.98 ms)
  Rendered app/views/home/_home_footer.php (73.24 ms)
  Rendered app/views/layouts/_back_to_top.php (1.30 ms)
  Rendered app/views/layouts/home.php (1796.85 ms)
Completed 200 OK in (1810.56 ms)
Started GET '/home/about_us' for 178.246.111.43 at 2019-03-06 17:01:54
Processing by home#about_us
  Rendered app/views/home/about_us.php (36.48 ms)
  Rendered app/views//home/_home_topbar.php (16.22 ms)
  Rendered app/views//home/_home_header.php (16.80 ms)
  Rendered app/views//home/_home_navbar.php (60.72 ms)
  Rendered app/views/home/_home_footer.php (64.93 ms)
  Rendered app/views/layouts/_back_to_top.php (1.27 ms)
  Rendered app/views/layouts/home.php (234.28 ms)
Completed 200 OK in (240.87 ms)
Started GET '/home/pages/35' for 178.246.111.43 at 2019-03-06 17:02:38
Processing by page#show
  Rendered app/views/home/page/show.php (104.47 ms)
  Rendered app/views//home/_home_topbar.php (16.77 ms)
  Rendered app/views//home/_home_header.php (16.91 ms)
  Rendered app/views//home/_home_navbar.php (63.27 ms)
  Rendered app/views/home/_home_footer.php (69.32 ms)
  Rendered app/views/layouts/_back_to_top.php (1.38 ms)
  Rendered app/views/layouts/home.php (311.31 ms)
Completed 200 OK in (330.20 ms)
Started GET '/home/about_us' for 178.246.111.43 at 2019-03-06 17:20:01
Processing by home#about_us
  Rendered app/views/home/about_us.php (22.08 ms)
  Rendered app/views//home/_home_topbar.php (17.52 ms)
  Rendered app/views//home/_home_header.php (18.88 ms)
  Rendered app/views//home/_home_navbar.php (71.15 ms)
  Rendered app/views/home/_home_footer.php (75.37 ms)
  Rendered app/views/layouts/_back_to_top.php (1.33 ms)
  Rendered app/views/layouts/home.php (250.34 ms)
Completed 200 OK in (259.29 ms)
Started GET '/elfinder/php/connector.minimal.php' for 47.92.250.223 at 2019-03-06 17:20:08
No route matches [GET] /elfinder/php/connector.minimal.php
Completed 404 Not Found in (3.07 ms)
  Rendered public/404.html (1.03 ms)
Started GET '/home/distributors' for 178.246.111.43 at 2019-03-06 17:20:17
Processing by distributorpage#index
  Rendered app/views/home/distributorpage/index.php (61.66 ms)
  Rendered app/views//home/_home_topbar.php (17.36 ms)
  Rendered app/views//home/_home_header.php (18.10 ms)
  Rendered app/views//home/_home_navbar.php (64.68 ms)
  Rendered app/views/home/_home_footer.php (67.03 ms)
  Rendered app/views/layouts/_back_to_top.php (1.23 ms)
  Rendered app/views/layouts/home.php (270.44 ms)
Completed 200 OK in (319.58 ms)
Started GET '/robots.txt' for 46.229.168.152 at 2019-03-06 18:01:12
No route matches [GET] /robots.txt
Completed 404 Not Found in (3.17 ms)
  Rendered public/404.html (0.98 ms)
Started GET '/home/products/show/340' for 46.229.168.144 at 2019-03-06 18:01:16
Processing by productpage#show
  Rendered app/views/home/productpage/_table.php (1524.15 ms)
  Rendered app/views/home/productpage/show.php (1638.13 ms)
  Rendered app/views//home/_home_topbar.php (17.06 ms)
  Rendered app/views//home/_home_header.php (16.88 ms)
  Rendered app/views//home/_home_navbar.php (61.69 ms)
  Rendered app/views/home/_home_footer.php (65.84 ms)
  Rendered app/views/layouts/_back_to_top.php (1.30 ms)
  Rendered app/views/layouts/home.php (1843.19 ms)
Completed 200 OK in (1858.61 ms)
Started GET '/robots.txt' for 157.55.39.13 at 2019-03-06 18:07:32
No route matches [GET] /robots.txt
Completed 404 Not Found in (3.51 ms)
  Rendered public/404.html (1.10 ms)
Started GET '/home/products' for 66.249.75.100 at 2019-03-06 18:31:10
Processing by productpage#index
Started GET '/robots.txt' for 66.249.75.102 at 2019-03-06 18:31:10
No route matches [GET] /robots.txt
Completed 404 Not Found in (3.28 ms)
  Rendered public/404.html (1.23 ms)
  Rendered app/views/home/productpage/_table.php (7144.00 ms)
  Rendered app/views/home/productpage/index.php (7148.56 ms)
  Rendered app/views//home/_home_topbar.php (16.38 ms)
  Rendered app/views//home/_home_header.php (16.31 ms)
  Rendered app/views//home/_home_navbar.php (60.86 ms)
  Rendered app/views/home/_home_footer.php (64.26 ms)
  Rendered app/views/layouts/_back_to_top.php (1.34 ms)
  Rendered app/views/layouts/home.php (7345.42 ms)
Completed 200 OK in (7363.54 ms)
Started GET '/wp/wp-login.php' for 149.56.24.213 at 2019-03-06 18:36:32
No route matches [GET] /wp/wp-login.php
Completed 404 Not Found in (3.46 ms)
  Rendered public/404.html (1.03 ms)
Started GET '/home/products/show/275' for 40.77.167.27 at 2019-03-06 18:43:53
Processing by productpage#show
  Rendered app/views/home/productpage/_table.php (543.26 ms)
  Rendered app/views/home/productpage/show.php (661.67 ms)
  Rendered app/views//home/_home_topbar.php (16.94 ms)
  Rendered app/views//home/_home_header.php (16.80 ms)
  Rendered app/views//home/_home_navbar.php (62.52 ms)
  Rendered app/views/home/_home_footer.php (67.69 ms)
  Rendered app/views/layouts/_back_to_top.php (1.30 ms)
  Rendered app/views/layouts/home.php (866.08 ms)
Completed 200 OK in (881.73 ms)
Started GET '/home/products/show/235' for 54.36.150.125 at 2019-03-06 19:17:02
Processing by productpage#show
  Rendered app/views/home/productpage/_table.php (230.26 ms)
  Rendered app/views/home/productpage/show.php (341.56 ms)
  Rendered app/views//home/_home_topbar.php (18.01 ms)
  Rendered app/views//home/_home_header.php (18.27 ms)
  Rendered app/views//home/_home_navbar.php (64.15 ms)
  Rendered app/views/home/_home_footer.php (66.78 ms)
  Rendered app/views/layouts/_back_to_top.php (1.36 ms)
  Rendered app/views/layouts/home.php (550.00 ms)
Completed 200 OK in (565.17 ms)
Started GET '/' for 178.241.147.224 at 2019-03-06 19:31:44
Processing by home#index
  Rendered app/views/home/index.php (32.36 ms)
  Rendered app/views//home/_home_topbar.php (17.19 ms)
  Rendered app/views//home/_home_header.php (17.17 ms)
  Rendered app/views//home/_home_navbar.php (63.23 ms)
  Rendered app/views/home/_home_footer.php (70.02 ms)
  Rendered app/views/layouts/_back_to_top.php (1.26 ms)
  Rendered app/views/layouts/home.php (240.81 ms)
Completed 200 OK in (249.41 ms)
Started GET '/home/index' for 178.241.147.224 at 2019-03-06 19:32:06
Processing by home#index
  Rendered app/views/home/index.php (33.30 ms)
  Rendered app/views//home/_home_topbar.php (16.89 ms)
  Rendered app/views//home/_home_header.php (16.85 ms)
  Rendered app/views//home/_home_navbar.php (65.35 ms)
  Rendered app/views/home/_home_footer.php (78.42 ms)
  Rendered app/views/layouts/_back_to_top.php (1.36 ms)
  Rendered app/views/layouts/home.php (252.77 ms)
Completed 200 OK in (259.82 ms)
Started GET '/lang/tr' for 178.241.147.224 at 2019-03-06 19:32:12
Processing by lang#tr
Completed 302 Found in (30.92 ms)
Started GET '/home/index' for 178.241.147.224 at 2019-03-06 19:32:12
Processing by home#index
  Rendered app/views/home/index.php (28.58 ms)
  Rendered app/views//home/_home_topbar.php (16.25 ms)
  Rendered app/views//home/_home_header.php (16.33 ms)
  Rendered app/views//home/_home_navbar.php (62.64 ms)
  Rendered app/views/home/_home_footer.php (66.04 ms)
  Rendered app/views/layouts/_back_to_top.php (1.23 ms)
  Rendered app/views/layouts/home.php (228.89 ms)
Completed 200 OK in (235.31 ms)
Started GET '/home/products' for 178.241.147.224 at 2019-03-06 19:32:30
Processing by productpage#index
  Rendered app/views/home/productpage/_table.php (7056.25 ms)
  Rendered app/views/home/productpage/index.php (7059.82 ms)
  Rendered app/views//home/_home_topbar.php (16.40 ms)
  Rendered app/views//home/_home_header.php (16.55 ms)
  Rendered app/views//home/_home_navbar.php (60.16 ms)
  Rendered app/views/home/_home_footer.php (63.22 ms)
  Rendered app/views/layouts/_back_to_top.php (1.22 ms)
  Rendered app/views/layouts/home.php (7254.49 ms)
Completed 200 OK in (7268.88 ms)
Started GET '/home/contact' for 178.241.147.224 at 2019-03-06 19:35:54
Processing by home#contact
  Rendered app/views/home/contact.php (48.00 ms)
  Rendered app/views//home/_home_topbar.php (18.82 ms)
  Rendered app/views//home/_home_header.php (18.17 ms)
  Rendered app/views//home/_home_navbar.php (66.35 ms)
  Rendered app/views/home/_home_footer.php (71.82 ms)
  Rendered app/views/layouts/_back_to_top.php (1.30 ms)
  Rendered app/views/layouts/home.php (267.60 ms)
Completed 200 OK in (274.81 ms)
Started GET '/home/index' for 178.241.147.224 at 2019-03-06 19:36:53
Processing by home#index
  Rendered app/views/home/index.php (29.94 ms)
  Rendered app/views//home/_home_topbar.php (19.21 ms)
  Rendered app/views//home/_home_header.php (17.79 ms)
  Rendered app/views//home/_home_navbar.php (68.55 ms)
  Rendered app/views/home/_home_footer.php (73.75 ms)
  Rendered app/views/layouts/_back_to_top.php (1.30 ms)
  Rendered app/views/layouts/home.php (249.91 ms)
Completed 200 OK in (257.06 ms)
Started GET '/sites/default/files/seo_script.php' for 193.106.30.98 at 2019-03-06 19:38:31
No route matches [GET] /sites/default/files/seo_script.php
Completed 404 Not Found in (3.07 ms)
  Rendered public/404.html (1.00 ms)
Started GET '/home/about_us' for 66.249.75.102 at 2019-03-06 19:40:53
Processing by home#about_us
  Rendered app/views/home/about_us.php (18.51 ms)
  Rendered app/views//home/_home_topbar.php (16.27 ms)
  Rendered app/views//home/_home_header.php (16.47 ms)
  Rendered app/views//home/_home_navbar.php (60.01 ms)
  Rendered app/views/home/_home_footer.php (64.18 ms)
  Rendered app/views/layouts/_back_to_top.php (1.19 ms)
  Rendered app/views/layouts/home.php (215.82 ms)
Completed 200 OK in (222.29 ms)
Started GET '/' for 52.39.105.120 at 2019-03-06 20:04:56
Processing by home#index
  Rendered app/views/home/index.php (31.03 ms)
  Rendered app/views//home/_home_topbar.php (17.36 ms)
  Rendered app/views//home/_home_header.php (17.13 ms)
  Rendered app/views//home/_home_navbar.php (65.70 ms)
  Rendered app/views/home/_home_footer.php (67.49 ms)
  Rendered app/views/layouts/_back_to_top.php (1.30 ms)
  Rendered app/views/layouts/home.php (238.57 ms)
Completed 200 OK in (246.64 ms)
Started GET '/' for 52.53.201.78 at 2019-03-06 20:12:22
Processing by home#index
  Rendered app/views/home/index.php (30.47 ms)
  Rendered app/views//home/_home_topbar.php (18.63 ms)
  Rendered app/views//home/_home_header.php (18.28 ms)
  Rendered app/views//home/_home_navbar.php (64.15 ms)
  Rendered app/views/home/_home_footer.php (66.41 ms)
  Rendered app/views/layouts/_back_to_top.php (1.40 ms)
  Rendered app/views/layouts/home.php (238.96 ms)
Completed 200 OK in (247.61 ms)
Started GET '/home/products/show/294' for 207.46.13.180 at 2019-03-06 20:21:43
Processing by productpage#show
  Rendered app/views/home/productpage/_table.php (931.29 ms)
  Rendered app/views/home/productpage/show.php (1047.64 ms)
  Rendered app/views//home/_home_topbar.php (16.83 ms)
  Rendered app/views//home/_home_header.php (19.34 ms)
  Rendered app/views//home/_home_navbar.php (67.05 ms)
  Rendered app/views/home/_home_footer.php (68.15 ms)
  Rendered app/views/layouts/_back_to_top.php (1.37 ms)
  Rendered app/views/layouts/home.php (1262.27 ms)
Completed 200 OK in (1279.11 ms)
Started GET '/robots.txt' for 216.244.66.250 at 2019-03-06 20:23:32
No route matches [GET] /robots.txt
Completed 404 Not Found in (3.12 ms)
  Rendered public/404.html (1.06 ms)
Started GET '/home/products/show/270' for 54.36.150.51 at 2019-03-06 20:42:29
Processing by productpage#show
  Rendered app/views/home/productpage/_table.php (961.73 ms)
  Rendered app/views/home/productpage/show.php (1088.16 ms)
  Rendered app/views//home/_home_topbar.php (16.56 ms)
  Rendered app/views//home/_home_header.php (17.70 ms)
  Rendered app/views//home/_home_navbar.php (60.08 ms)
  Rendered app/views/home/_home_footer.php (64.99 ms)
  Rendered app/views/layouts/_back_to_top.php (1.31 ms)
  Rendered app/views/layouts/home.php (1286.53 ms)
Completed 200 OK in (1302.42 ms)
Started GET '/home/products/show/308' for 66.102.9.21 at 2019-03-06 20:52:17
Processing by productpage#show
  Rendered app/views/home/productpage/_table.php (1625.63 ms)
  Rendered app/views/home/productpage/show.php (1752.25 ms)
  Rendered app/views//home/_home_topbar.php (17.10 ms)
  Rendered app/views//home/_home_header.php (16.85 ms)
  Rendered app/views//home/_home_navbar.php (68.36 ms)
  Rendered app/views/home/_home_footer.php (71.85 ms)
  Rendered app/views/layouts/_back_to_top.php (1.27 ms)
  Rendered app/views/layouts/home.php (1966.75 ms)
Completed 200 OK in (1984.18 ms)
Started GET '/' for 66.249.75.100 at 2019-03-06 21:48:57
Processing by home#index
  Rendered app/views/home/index.php (29.13 ms)
  Rendered app/views//home/_home_topbar.php (16.62 ms)
  Rendered app/views//home/_home_header.php (17.85 ms)
  Rendered app/views//home/_home_navbar.php (62.00 ms)
  Rendered app/views/home/_home_footer.php (65.92 ms)
  Rendered app/views/layouts/_back_to_top.php (1.30 ms)
  Rendered app/views/layouts/home.php (230.55 ms)
Completed 200 OK in (238.72 ms)
Started GET '/robots.txt' for 216.244.66.250 at 2019-03-06 21:56:35
No route matches [GET] /robots.txt
Completed 404 Not Found in (3.07 ms)
  Rendered public/404.html (0.99 ms)
Started GET '/robots.txt' for 37.9.113.123 at 2019-03-06 22:25:58
Started GET '/robots.txt' for 141.8.142.162 at 2019-03-06 22:25:58
No route matches [GET] /robots.txt
No route matches [GET] /robots.txt
Completed 404 Not Found in (4.52 ms)
Completed 404 Not Found in (4.61 ms)
  Rendered public/404.html (1.54 ms)
  Rendered public/404.html (1.50 ms)
Started GET '/' for 141.8.142.162 at 2019-03-06 22:26:02
Processing by home#index
  Rendered app/views/home/index.php (30.00 ms)
  Rendered app/views//home/_home_topbar.php (17.13 ms)
  Rendered app/views//home/_home_header.php (16.75 ms)
  Rendered app/views//home/_home_navbar.php (64.08 ms)
  Rendered app/views/home/_home_footer.php (67.07 ms)
  Rendered app/views/layouts/_back_to_top.php (1.32 ms)
  Rendered app/views/layouts/home.php (235.92 ms)
Completed 200 OK in (243.93 ms)
Started GET '/home/products/show/226' for 40.77.167.157 at 2019-03-06 22:31:26
Processing by productpage#show
  Rendered app/views/home/productpage/_table.php (360.24 ms)
  Rendered app/views/home/productpage/show.php (474.68 ms)
  Rendered app/views//home/_home_topbar.php (17.94 ms)
  Rendered app/views//home/_home_header.php (17.36 ms)
  Rendered app/views//home/_home_navbar.php (66.33 ms)
  Rendered app/views/home/_home_footer.php (69.02 ms)
  Rendered app/views/layouts/_back_to_top.php (1.41 ms)
  Rendered app/views/layouts/home.php (687.25 ms)
Completed 200 OK in (703.24 ms)
Started GET '/home/products/show/225' for 66.249.81.3 at 2019-03-06 22:36:08
Processing by productpage#show
  Rendered app/views/home/productpage/_table.php (328.07 ms)
  Rendered app/views/home/productpage/show.php (436.48 ms)
  Rendered app/views//home/_home_topbar.php (16.45 ms)
  Rendered app/views//home/_home_header.php (16.19 ms)
  Rendered app/views//home/_home_navbar.php (61.20 ms)
  Rendered app/views/home/_home_footer.php (64.07 ms)
  Rendered app/views/layouts/_back_to_top.php (1.23 ms)
  Rendered app/views/layouts/home.php (633.40 ms)
Completed 200 OK in (646.62 ms)
Started GET '/' for 66.249.81.4 at 2019-03-06 22:38:19
Processing by home#index
  Rendered app/views/home/index.php (31.06 ms)
  Rendered app/views//home/_home_topbar.php (20.06 ms)
  Rendered app/views//home/_home_header.php (18.54 ms)
  Rendered app/views//home/_home_navbar.php (71.23 ms)
  Rendered app/views/home/_home_footer.php (73.73 ms)
  Rendered app/views/layouts/_back_to_top.php (1.41 ms)
  Rendered app/views/layouts/home.php (258.92 ms)
Completed 200 OK in (266.37 ms)
Started GET '/' for 66.249.81.3 at 2019-03-06 22:38:37
Processing by home#index
  Rendered app/views/home/index.php (29.48 ms)
  Rendered app/views//home/_home_topbar.php (17.24 ms)
  Rendered app/views//home/_home_header.php (18.49 ms)
  Rendered app/views//home/_home_navbar.php (63.84 ms)
  Rendered app/views/home/_home_footer.php (66.79 ms)
  Rendered app/views/layouts/_back_to_top.php (1.33 ms)
  Rendered app/views/layouts/home.php (235.24 ms)
Completed 200 OK in (242.13 ms)
Started GET '/home/index' for 66.249.81.6 at 2019-03-06 22:39:52
Processing by home#index
  Rendered app/views/home/index.php (29.64 ms)
  Rendered app/views//home/_home_topbar.php (19.70 ms)
  Rendered app/views//home/_home_header.php (18.23 ms)
  Rendered app/views//home/_home_navbar.php (78.99 ms)
  Rendered app/views/home/_home_footer.php (66.97 ms)
  Rendered app/views/layouts/_back_to_top.php (1.23 ms)
  Rendered app/views/layouts/home.php (256.05 ms)
Completed 200 OK in (262.50 ms)
Started GET '/home/about_us' for 66.249.81.4 at 2019-03-06 22:40:02
Processing by home#about_us
  Rendered app/views/home/about_us.php (19.47 ms)
  Rendered app/views//home/_home_topbar.php (17.08 ms)
  Rendered app/views//home/_home_header.php (17.28 ms)
  Rendered app/views//home/_home_navbar.php (62.08 ms)
  Rendered app/views/home/_home_footer.php (65.14 ms)
  Rendered app/views/layouts/_back_to_top.php (1.30 ms)
  Rendered app/views/layouts/home.php (221.10 ms)
Completed 200 OK in (228.29 ms)
Started GET '/home/index' for 66.249.81.6 at 2019-03-06 22:40:05
Processing by home#index
  Rendered app/views/home/index.php (27.96 ms)
  Rendered app/views//home/_home_topbar.php (16.38 ms)
  Rendered app/views//home/_home_header.php (17.22 ms)
  Rendered app/views//home/_home_navbar.php (61.01 ms)
  Rendered app/views/home/_home_footer.php (66.71 ms)
  Rendered app/views/layouts/_back_to_top.php (1.25 ms)
  Rendered app/views/layouts/home.php (228.11 ms)
Completed 200 OK in (234.49 ms)
Started GET '/' for 66.249.81.6 at 2019-03-06 22:40:07
Processing by home#index
  Rendered app/views/home/index.php (28.13 ms)
  Rendered app/views//home/_home_topbar.php (16.61 ms)
  Rendered app/views//home/_home_header.php (16.68 ms)
  Rendered app/views//home/_home_navbar.php (59.81 ms)
  Rendered app/views/home/_home_footer.php (63.71 ms)
  Rendered app/views/layouts/_back_to_top.php (2.19 ms)
  Rendered app/views/layouts/home.php (228.16 ms)
Completed 200 OK in (235.25 ms)
Started GET '/robots.txt' for 216.244.66.250 at 2019-03-06 22:43:03
No route matches [GET] /robots.txt
Completed 404 Not Found in (2.94 ms)
  Rendered public/404.html (1.00 ms)
Started GET '/home/index' for 66.249.81.4 at 2019-03-06 22:51:05
Processing by home#index
  Rendered app/views/home/index.php (29.03 ms)
  Rendered app/views//home/_home_topbar.php (17.11 ms)
  Rendered app/views//home/_home_header.php (17.45 ms)
  Rendered app/views//home/_home_navbar.php (61.78 ms)
  Rendered app/views/home/_home_footer.php (66.17 ms)
  Rendered app/views/layouts/_back_to_top.php (1.25 ms)
  Rendered app/views/layouts/home.php (231.00 ms)
Completed 200 OK in (239.23 ms)
Started GET '/home/products/show/228' for 66.249.81.4 at 2019-03-06 22:53:54
Processing by productpage#show
  Rendered app/views/home/productpage/_table.php (349.08 ms)
  Rendered app/views/home/productpage/show.php (461.14 ms)
  Rendered app/views//home/_home_topbar.php (18.75 ms)
  Rendered app/views//home/_home_header.php (17.39 ms)
  Rendered app/views//home/_home_navbar.php (64.51 ms)
  Rendered app/views/home/_home_footer.php (72.23 ms)
  Rendered app/views/layouts/_back_to_top.php (1.37 ms)
  Rendered app/views/layouts/home.php (675.79 ms)
Completed 200 OK in (690.47 ms)
Started GET '/home/index' for 66.249.81.3 at 2019-03-06 22:54:23
Processing by home#index
  Rendered app/views/home/index.php (29.44 ms)
  Rendered app/views//home/_home_topbar.php (16.86 ms)
  Rendered app/views//home/_home_header.php (17.22 ms)
  Rendered app/views//home/_home_navbar.php (61.33 ms)
  Rendered app/views/home/_home_footer.php (65.35 ms)
  Rendered app/views/layouts/_back_to_top.php (1.30 ms)
  Rendered app/views/layouts/home.php (230.66 ms)
Completed 200 OK in (237.22 ms)
Started GET '/' for 66.249.75.100 at 2019-03-06 23:49:42
Processing by home#index
  Rendered app/views/home/index.php (29.95 ms)
  Rendered app/views//home/_home_topbar.php (17.02 ms)
  Rendered app/views//home/_home_header.php (18.17 ms)
  Rendered app/views//home/_home_navbar.php (64.56 ms)
  Rendered app/views/home/_home_footer.php (71.99 ms)
  Rendered app/views/layouts/_back_to_top.php (1.32 ms)
  Rendered app/views/layouts/home.php (243.86 ms)
Completed 200 OK in (252.43 ms)
