Started GET '/home/index' for 157.55.39.98 at 2019-03-08 00:03:37
Processing by home#index
  Rendered app/views/home/index.php (32.09 ms)
  Rendered app/views//home/_home_topbar.php (17.72 ms)
  Rendered app/views//home/_home_header.php (17.56 ms)
  Rendered app/views//home/_home_navbar.php (66.83 ms)
  Rendered app/views/home/_home_footer.php (69.82 ms)
  Rendered app/views/layouts/_back_to_top.php (1.57 ms)
  Rendered app/views/layouts/home.php (246.90 ms)
Completed 200 OK in (258.54 ms)
Started GET '/robots.txt' for 46.229.168.153 at 2019-03-08 00:20:44
No route matches [GET] /robots.txt
Completed 404 Not Found in (3.09 ms)
  Rendered public/404.html (1.00 ms)
Started GET '/home/products/show/248' for 46.229.168.145 at 2019-03-08 00:20:45
Processing by productpage#show
  Rendered app/views/home/productpage/_table.php (837.38 ms)
  Rendered app/views/home/productpage/show.php (952.81 ms)
  Rendered app/views//home/_home_topbar.php (17.52 ms)
  Rendered app/views//home/_home_header.php (16.47 ms)
  Rendered app/views//home/_home_navbar.php (60.12 ms)
  Rendered app/views/home/_home_footer.php (65.18 ms)
  Rendered app/views/layouts/_back_to_top.php (1.26 ms)
  Rendered app/views/layouts/home.php (1150.61 ms)
Completed 200 OK in (1165.65 ms)
Started GET '/robots.txt' for 141.8.183.215 at 2019-03-08 00:25:28
No route matches [GET] /robots.txt
Completed 404 Not Found in (2.97 ms)
  Rendered public/404.html (0.93 ms)
Started GET '/home/products/show/273' for 141.8.183.215 at 2019-03-08 00:25:32
Processing by productpage#show
  Rendered app/views/home/productpage/_table.php (516.04 ms)
  Rendered app/views/home/productpage/show.php (631.39 ms)
  Rendered app/views//home/_home_topbar.php (17.63 ms)
  Rendered app/views//home/_home_header.php (16.89 ms)
  Rendered app/views//home/_home_navbar.php (62.04 ms)
  Rendered app/views/home/_home_footer.php (67.98 ms)
  Rendered app/views/layouts/_back_to_top.php (1.25 ms)
  Rendered app/views/layouts/home.php (834.92 ms)
Completed 200 OK in (848.58 ms)
Started GET '/robots.txt' for 37.9.113.123 at 2019-03-08 00:33:18
No route matches [GET] /robots.txt
Completed 404 Not Found in (5.48 ms)
  Rendered public/404.html (1.02 ms)
Started GET '/home/pages/35' for 141.8.142.162 at 2019-03-08 00:33:22
Processing by page#show
  Rendered app/views/home/page/show.php (91.57 ms)
  Rendered app/views//home/_home_topbar.php (17.51 ms)
  Rendered app/views//home/_home_header.php (16.32 ms)
  Rendered app/views//home/_home_navbar.php (71.01 ms)
  Rendered app/views/home/_home_footer.php (69.50 ms)
  Rendered app/views/layouts/_back_to_top.php (1.29 ms)
  Rendered app/views/layouts/home.php (310.26 ms)
Completed 200 OK in (327.66 ms)
Started GET '/robots.txt' for 216.244.66.250 at 2019-03-08 01:33:13
No route matches [GET] /robots.txt
Completed 404 Not Found in (3.29 ms)
  Rendered public/404.html (1.00 ms)
Started GET '/home/products/show/345' for 54.36.150.164 at 2019-03-08 01:33:41
Processing by productpage#show
  Rendered app/views/home/productpage/_table.php (1479.63 ms)
  Rendered app/views/home/productpage/show.php (1590.95 ms)
  Rendered app/views//home/_home_topbar.php (18.26 ms)
  Rendered app/views//home/_home_header.php (16.95 ms)
  Rendered app/views//home/_home_navbar.php (61.18 ms)
  Rendered app/views/home/_home_footer.php (65.20 ms)
  Rendered app/views/layouts/_back_to_top.php (1.23 ms)
  Rendered app/views/layouts/home.php (1804.95 ms)
Completed 200 OK in (1820.07 ms)
Started GET '/post.php' for 193.106.30.98 at 2019-03-08 01:58:22
No route matches [GET] /post.php
Completed 404 Not Found in (3.23 ms)
  Rendered public/404.html (1.03 ms)
Started GET '/robots.txt' for 46.229.168.130 at 2019-03-08 02:06:29
No route matches [GET] /robots.txt
Completed 404 Not Found in (3.18 ms)
  Rendered public/404.html (1.03 ms)
Started GET '/home/products/show/347' for 46.229.168.151 at 2019-03-08 02:06:30
Processing by productpage#show
  Rendered app/views/home/productpage/_table.php (1455.73 ms)
  Rendered app/views/home/productpage/show.php (1568.16 ms)
  Rendered app/views//home/_home_topbar.php (18.42 ms)
  Rendered app/views//home/_home_header.php (17.00 ms)
  Rendered app/views//home/_home_navbar.php (61.87 ms)
  Rendered app/views/home/_home_footer.php (65.14 ms)
  Rendered app/views/layouts/_back_to_top.php (1.27 ms)
  Rendered app/views/layouts/home.php (1770.31 ms)
Completed 200 OK in (1785.89 ms)
Started GET '/home/producttypes/show/44' for 66.249.75.100 at 2019-03-08 02:11:05
Processing by producttypepage#show
  Rendered app/views/home/_menu_product.php (35.50 ms)
  Rendered app/views/home/productpage/_table.php (520.34 ms)
  Rendered app/views/home/producttypepage/show.php (591.08 ms)
  Rendered app/views//home/_home_topbar.php (17.15 ms)
  Rendered app/views//home/_home_header.php (17.08 ms)
  Rendered app/views//home/_home_navbar.php (62.23 ms)
  Rendered app/views/home/_home_footer.php (65.82 ms)
  Rendered app/views/layouts/_back_to_top.php (1.29 ms)
  Rendered app/views/layouts/home.php (792.67 ms)
Completed 200 OK in (817.53 ms)
Started GET '/' for 66.249.75.97 at 2019-03-08 03:15:19
Processing by home#index
  Rendered app/views/home/index.php (105.63 ms)
  Rendered app/views//home/_home_topbar.php (16.35 ms)
  Rendered app/views//home/_home_header.php (16.38 ms)
  Rendered app/views//home/_home_navbar.php (153.90 ms)
  Rendered app/views/home/_home_footer.php (81.65 ms)
  Rendered app/views/layouts/_back_to_top.php (1.29 ms)
  Rendered app/views/layouts/home.php (412.63 ms)
Completed 200 OK in (420.87 ms)
Started GET '/wp-login.php' for 5.254.81.51 at 2019-03-08 03:39:03
No route matches [GET] /wp-login.php
Completed 404 Not Found in (4.26 ms)
  Rendered public/404.html (1.83 ms)
Started GET '/wp-login.php' for 5.254.81.51 at 2019-03-08 03:39:03
No route matches [GET] /wp-login.php
Completed 404 Not Found in (3.12 ms)
  Rendered public/404.html (0.96 ms)
Started GET '/wp-login.php' for 5.254.81.51 at 2019-03-08 03:39:04
No route matches [GET] /wp-login.php
Completed 404 Not Found in (3.09 ms)
  Rendered public/404.html (0.96 ms)
Started GET '/wp-login.php' for 5.254.81.51 at 2019-03-08 03:39:04
No route matches [GET] /wp-login.php
Completed 404 Not Found in (3.04 ms)
  Rendered public/404.html (0.91 ms)
Started GET '/robots.txt' for 141.8.142.162 at 2019-03-08 03:50:11
No route matches [GET] /robots.txt
Completed 404 Not Found in (3.19 ms)
  Rendered public/404.html (0.99 ms)
Started GET '/robots.txt' for 46.229.168.133 at 2019-03-08 03:53:28
No route matches [GET] /robots.txt
Completed 404 Not Found in (3.48 ms)
  Rendered public/404.html (0.95 ms)
Started GET '/home/producttypes/show/45' for 46.229.168.132 at 2019-03-08 03:53:29
Processing by producttypepage#show
  Rendered app/views/home/_menu_product.php (12.97 ms)
  Rendered app/views/home/productpage/_table.php (839.96 ms)
  Rendered app/views/home/producttypepage/show.php (875.36 ms)
  Rendered app/views//home/_home_topbar.php (16.51 ms)
  Rendered app/views//home/_home_header.php (18.37 ms)
  Rendered app/views//home/_home_navbar.php (62.67 ms)
  Rendered app/views/home/_home_footer.php (63.67 ms)
  Rendered app/views/layouts/_back_to_top.php (1.27 ms)
  Rendered app/views/layouts/home.php (1075.82 ms)
Completed 200 OK in (1101.21 ms)
Started GET '/robots.txt' for 216.244.66.250 at 2019-03-08 04:36:38
No route matches [GET] /robots.txt
Completed 404 Not Found in (3.07 ms)
  Rendered public/404.html (0.97 ms)
Started GET '/admin/elfinder/php/connector.minimal.php' for 47.92.86.195 at 2019-03-08 04:51:38
No route matches [GET] /admin/elfinder/php/connector.minimal.php
Completed 404 Not Found in (3.40 ms)
  Rendered public/404.html (0.99 ms)
Started GET '/home/products/show/264' for 66.249.75.97 at 2019-03-08 04:52:48
Processing by productpage#show
  Rendered app/views/home/productpage/_table.php (275.59 ms)
  Rendered app/views/home/productpage/show.php (386.17 ms)
  Rendered app/views//home/_home_topbar.php (17.31 ms)
  Rendered app/views//home/_home_header.php (16.85 ms)
  Rendered app/views//home/_home_navbar.php (61.60 ms)
  Rendered app/views/home/_home_footer.php (65.95 ms)
  Rendered app/views/layouts/_back_to_top.php (1.27 ms)
  Rendered app/views/layouts/home.php (587.57 ms)
Completed 200 OK in (602.65 ms)
Started GET '/home/products' for 66.249.75.100 at 2019-03-08 05:16:56
Processing by productpage#index
  Rendered app/views/home/productpage/_table.php (7258.64 ms)
  Rendered app/views/home/productpage/index.php (7318.04 ms)
  Rendered app/views//home/_home_topbar.php (34.27 ms)
  Rendered app/views//home/_home_header.php (24.49 ms)
  Rendered app/views//home/_home_navbar.php (67.37 ms)
  Rendered app/views/home/_home_footer.php (82.15 ms)
  Rendered app/views/layouts/_back_to_top.php (57.93 ms)
  Rendered app/views/layouts/home.php (7631.17 ms)
Completed 200 OK in (7879.67 ms)
Started GET '/home/producttypes/show/44' for 66.249.75.97 at 2019-03-08 06:31:16
Processing by producttypepage#show
  Rendered app/views/home/_menu_product.php (18.94 ms)
  Rendered app/views/home/productpage/_table.php (491.00 ms)
  Rendered app/views/home/producttypepage/show.php (537.89 ms)
  Rendered app/views//home/_home_topbar.php (16.09 ms)
  Rendered app/views//home/_home_header.php (16.18 ms)
  Rendered app/views//home/_home_navbar.php (59.34 ms)
  Rendered app/views/home/_home_footer.php (64.21 ms)
  Rendered app/views/layouts/_back_to_top.php (1.25 ms)
  Rendered app/views/layouts/home.php (731.66 ms)
Completed 200 OK in (761.20 ms)
Started GET '/' for 157.55.39.67 at 2019-03-08 07:26:14
Processing by home#index
  Rendered app/views/home/index.php (43.24 ms)
  Rendered app/views//home/_home_topbar.php (16.36 ms)
  Rendered app/views//home/_home_header.php (16.28 ms)
  Rendered app/views//home/_home_navbar.php (60.89 ms)
  Rendered app/views/home/_home_footer.php (65.10 ms)
  Rendered app/views/layouts/_back_to_top.php (1.27 ms)
  Rendered app/views/layouts/home.php (240.46 ms)
Completed 200 OK in (248.66 ms)
Started GET '/robots.txt' for 40.77.167.75 at 2019-03-08 07:43:37
No route matches [GET] /robots.txt
Completed 404 Not Found in (3.26 ms)
  Rendered public/404.html (9.85 ms)
Started GET '/home/products' for 66.249.75.97 at 2019-03-08 07:48:23
Processing by productpage#index
  Rendered app/views/home/productpage/_table.php (7022.25 ms)
  Rendered app/views/home/productpage/index.php (7025.72 ms)
  Rendered app/views//home/_home_topbar.php (17.28 ms)
  Rendered app/views//home/_home_header.php (18.14 ms)
  Rendered app/views//home/_home_navbar.php (61.94 ms)
  Rendered app/views/home/_home_footer.php (65.44 ms)
  Rendered app/views/layouts/_back_to_top.php (1.29 ms)
  Rendered app/views/layouts/home.php (7228.54 ms)
Completed 200 OK in (7244.52 ms)
Started GET '/home/products/show/273' for 66.249.75.100 at 2019-03-08 08:10:34
Processing by productpage#show
  Rendered app/views/home/productpage/_table.php (501.54 ms)
  Rendered app/views/home/productpage/show.php (623.97 ms)
  Rendered app/views//home/_home_topbar.php (16.13 ms)
  Rendered app/views//home/_home_header.php (16.55 ms)
  Rendered app/views//home/_home_navbar.php (59.21 ms)
  Rendered app/views/home/_home_footer.php (65.49 ms)
  Rendered app/views/layouts/_back_to_top.php (1.32 ms)
  Rendered app/views/layouts/home.php (821.33 ms)
Completed 200 OK in (836.42 ms)
Started GET '/robots.txt' for 37.9.113.123 at 2019-03-08 08:36:09
No route matches [GET] /robots.txt
Completed 404 Not Found in (3.32 ms)
  Rendered public/404.html (1.23 ms)
Started GET '/robots.txt' for 46.229.168.152 at 2019-03-08 09:06:09
No route matches [GET] /robots.txt
Completed 404 Not Found in (3.34 ms)
  Rendered public/404.html (0.97 ms)
Started GET '/home/producttypes/show/37' for 46.229.168.149 at 2019-03-08 09:06:09
Processing by producttypepage#show
  Rendered app/views/home/_menu_product.php (13.05 ms)
  Rendered app/views/home/productpage/_table.php (241.39 ms)
  Rendered app/views/home/producttypepage/show.php (278.68 ms)
  Rendered app/views//home/_home_topbar.php (18.19 ms)
  Rendered app/views//home/_home_header.php (17.87 ms)
  Rendered app/views//home/_home_navbar.php (66.59 ms)
  Rendered app/views/home/_home_footer.php (74.40 ms)
  Rendered app/views/layouts/_back_to_top.php (1.42 ms)
  Rendered app/views/layouts/home.php (498.05 ms)
Completed 200 OK in (522.90 ms)
Started GET '/robots.txt' for 216.244.66.250 at 2019-03-08 09:15:30
No route matches [GET] /robots.txt
Completed 404 Not Found in (3.06 ms)
  Rendered public/404.html (0.97 ms)
Started GET '/home/products/show/235' for 66.249.75.97 at 2019-03-08 09:18:36
Processing by productpage#show
  Rendered app/views/home/productpage/_table.php (221.89 ms)
  Rendered app/views/home/productpage/show.php (331.14 ms)
  Rendered app/views//home/_home_topbar.php (16.42 ms)
  Rendered app/views//home/_home_header.php (16.57 ms)
  Rendered app/views//home/_home_navbar.php (60.96 ms)
  Rendered app/views/home/_home_footer.php (64.82 ms)
  Rendered app/views/layouts/_back_to_top.php (1.25 ms)
  Rendered app/views/layouts/home.php (528.31 ms)
Completed 200 OK in (543.70 ms)
Started GET '/home/products/show/273' for 66.249.75.100 at 2019-03-08 09:36:21
Processing by productpage#show
  Rendered app/views/home/productpage/_table.php (514.17 ms)
  Rendered app/views/home/productpage/show.php (627.19 ms)
  Rendered app/views//home/_home_topbar.php (16.03 ms)
  Rendered app/views//home/_home_header.php (16.05 ms)
  Rendered app/views//home/_home_navbar.php (60.98 ms)
  Rendered app/views/home/_home_footer.php (63.95 ms)
  Rendered app/views/layouts/_back_to_top.php (1.28 ms)
  Rendered app/views/layouts/home.php (821.94 ms)
Completed 200 OK in (837.06 ms)
Started GET '/robots.txt' for 216.244.66.250 at 2019-03-08 10:01:46
No route matches [GET] /robots.txt
Completed 404 Not Found in (4.60 ms)
  Rendered public/404.html (1.00 ms)
Started GET '/robots.txt' for 216.244.66.250 at 2019-03-08 10:47:13
No route matches [GET] /robots.txt
Completed 404 Not Found in (2.99 ms)
  Rendered public/404.html (0.98 ms)
Started GET '/home/products/show/369' for 157.55.39.148 at 2019-03-08 11:20:42
Processing by productpage#show
  Rendered app/views/home/productpage/_table.php (868.82 ms)
  Rendered app/views/home/productpage/show.php (981.33 ms)
  Rendered app/views//home/_home_topbar.php (16.59 ms)
  Rendered app/views//home/_home_header.php (17.06 ms)
  Rendered app/views//home/_home_navbar.php (61.39 ms)
  Rendered app/views/home/_home_footer.php (65.09 ms)
  Rendered app/views/layouts/_back_to_top.php (1.32 ms)
  Rendered app/views/layouts/home.php (1183.30 ms)
Completed 200 OK in (1208.66 ms)
Started GET '/home/index' for 66.249.93.23 at 2019-03-08 11:21:57
Processing by home#index
  Rendered app/views/home/index.php (27.90 ms)
  Rendered app/views//home/_home_topbar.php (16.15 ms)
  Rendered app/views//home/_home_header.php (15.96 ms)
  Rendered app/views//home/_home_navbar.php (61.65 ms)
  Rendered app/views/home/_home_footer.php (64.16 ms)
  Rendered app/views/layouts/_back_to_top.php (1.27 ms)
  Rendered app/views/layouts/home.php (224.06 ms)
Completed 200 OK in (230.80 ms)
Started GET '/robots.txt' for 216.244.66.250 at 2019-03-08 11:34:42
No route matches [GET] /robots.txt
Completed 404 Not Found in (3.07 ms)
  Rendered public/404.html (1.08 ms)
Started GET '/robots.txt' for 66.249.75.102 at 2019-03-08 11:41:12
No route matches [GET] /robots.txt
Completed 404 Not Found in (3.15 ms)
  Rendered public/404.html (0.97 ms)
Started GET '/home/producttypes/show/35' for 66.249.75.97 at 2019-03-08 11:41:12
Processing by producttypepage#show
  Rendered app/views/home/_menu_product.php (13.12 ms)
  Rendered app/views/home/productpage/_table.php (386.04 ms)
  Rendered app/views/home/producttypepage/show.php (424.72 ms)
  Rendered app/views//home/_home_topbar.php (20.35 ms)
  Rendered app/views//home/_home_header.php (19.89 ms)
  Rendered app/views//home/_home_navbar.php (73.42 ms)
  Rendered app/views/home/_home_footer.php (74.35 ms)
  Rendered app/views/layouts/_back_to_top.php (1.34 ms)
  Rendered app/views/layouts/home.php (659.45 ms)
Completed 200 OK in (685.34 ms)
Started GET '/home/products/show/269' for 66.249.75.97 at 2019-03-08 11:41:24
Processing by productpage#show
  Rendered app/views/home/productpage/_table.php (360.64 ms)
  Rendered app/views/home/productpage/show.php (480.17 ms)
  Rendered app/views//home/_home_topbar.php (17.01 ms)
  Rendered app/views//home/_home_header.php (16.95 ms)
  Rendered app/views//home/_home_navbar.php (62.30 ms)
  Rendered app/views/home/_home_footer.php (66.75 ms)
  Rendered app/views/layouts/_back_to_top.php (1.25 ms)
  Rendered app/views/layouts/home.php (682.51 ms)
Completed 200 OK in (697.17 ms)
Started GET '/' for 66.249.75.100 at 2019-03-08 12:20:56
Processing by home#index
  Rendered app/views/home/index.php (31.31 ms)
  Rendered app/views//home/_home_topbar.php (22.71 ms)
  Rendered app/views//home/_home_header.php (16.96 ms)
  Rendered app/views//home/_home_navbar.php (63.64 ms)
  Rendered app/views/home/_home_footer.php (72.00 ms)
  Rendered app/views/layouts/_back_to_top.php (1.34 ms)
  Rendered app/views/layouts/home.php (246.35 ms)
Completed 200 OK in (254.86 ms)
Started GET '/robots.txt' for 216.244.66.250 at 2019-03-08 12:23:56
No route matches [GET] /robots.txt
Completed 404 Not Found in (3.31 ms)
  Rendered public/404.html (1.18 ms)
Started GET '/home/products/show/356' for 54.36.149.23 at 2019-03-08 12:25:34
Processing by productpage#show
  Rendered app/views/home/productpage/_table.php (1685.74 ms)
  Rendered app/views/home/productpage/show.php (1799.43 ms)
  Rendered app/views//home/_home_topbar.php (17.79 ms)
  Rendered app/views//home/_home_header.php (18.15 ms)
  Rendered app/views//home/_home_navbar.php (63.44 ms)
  Rendered app/views/home/_home_footer.php (67.39 ms)
  Rendered app/views/layouts/_back_to_top.php (1.23 ms)
  Rendered app/views/layouts/home.php (2006.36 ms)
Completed 200 OK in (2020.55 ms)
Started GET '/assets/elFinder/php/connector.minimal.php' for 47.92.250.223 at 2019-03-08 12:47:15
No route matches [GET] /assets/elFinder/php/connector.minimal.php
Completed 404 Not Found in (3.10 ms)
  Rendered public/404.html (0.96 ms)
Started GET '/robots.txt' for 95.108.181.56 at 2019-03-08 13:06:28
No route matches [GET] /robots.txt
Completed 404 Not Found in (3.20 ms)
  Rendered public/404.html (1.00 ms)
Started GET '/' for 66.249.93.23 at 2019-03-08 13:11:18
Processing by home#index
  Rendered app/views/home/index.php (28.83 ms)
  Rendered app/views//home/_home_topbar.php (17.20 ms)
  Rendered app/views//home/_home_header.php (16.64 ms)
  Rendered app/views//home/_home_navbar.php (63.89 ms)
  Rendered app/views/home/_home_footer.php (64.90 ms)
  Rendered app/views/layouts/_back_to_top.php (1.30 ms)
  Rendered app/views/layouts/home.php (231.92 ms)
Completed 200 OK in (240.94 ms)
Started GET '/robots.txt' for 216.244.66.250 at 2019-03-08 13:13:06
No route matches [GET] /robots.txt
Completed 404 Not Found in (4.27 ms)
  Rendered public/404.html (0.97 ms)
Started GET '/home/akgenseeds.com' for 141.8.132.17 at 2019-03-08 13:13:39
No route matches [GET] /home/akgenseeds.com
Completed 404 Not Found in (2.93 ms)
  Rendered public/404.html (0.93 ms)
Started GET '/home/products/show/322' for 66.249.75.100 at 2019-03-08 13:14:47
Processing by productpage#show
  Rendered app/views/home/productpage/_table.php (1488.49 ms)
  Rendered app/views/home/productpage/show.php (1598.06 ms)
  Rendered app/views//home/_home_topbar.php (18.09 ms)
  Rendered app/views//home/_home_header.php (17.57 ms)
  Rendered app/views//home/_home_navbar.php (66.41 ms)
  Rendered app/views/home/_home_footer.php (73.58 ms)
  Rendered app/views/layouts/_back_to_top.php (1.27 ms)
  Rendered app/views/layouts/home.php (1817.11 ms)
Completed 200 OK in (1830.97 ms)
Started GET '/home' for 66.249.75.97 at 2019-03-08 13:47:46
Processing by home#index
  Rendered app/views/home/index.php (29.92 ms)
  Rendered app/views//home/_home_topbar.php (18.03 ms)
  Rendered app/views//home/_home_header.php (17.22 ms)
  Rendered app/views//home/_home_navbar.php (64.82 ms)
  Rendered app/views/home/_home_footer.php (66.39 ms)
  Rendered app/views/layouts/_back_to_top.php (1.30 ms)
  Rendered app/views/layouts/home.php (236.53 ms)
Completed 200 OK in (244.80 ms)
Started GET '/home/products/show/228' for 66.249.75.102 at 2019-03-08 13:50:42
Processing by productpage#show
  Rendered app/views/home/productpage/_table.php (381.88 ms)
  Rendered app/views/home/productpage/show.php (495.19 ms)
  Rendered app/views//home/_home_topbar.php (20.09 ms)
  Rendered app/views//home/_home_header.php (20.16 ms)
  Rendered app/views//home/_home_navbar.php (63.95 ms)
  Rendered app/views/home/_home_footer.php (70.62 ms)
  Rendered app/views/layouts/_back_to_top.php (1.51 ms)
  Rendered app/views/layouts/home.php (715.92 ms)
Completed 200 OK in (729.67 ms)
Started GET '/robots.txt' for 216.244.66.250 at 2019-03-08 14:02:22
No route matches [GET] /robots.txt
Completed 404 Not Found in (3.25 ms)
  Rendered public/404.html (1.05 ms)
Started GET '/robots.txt' for 46.229.168.153 at 2019-03-08 14:36:51
No route matches [GET] /robots.txt
Completed 404 Not Found in (3.24 ms)
  Rendered public/404.html (1.00 ms)
Started GET '/home/products/show/264' for 46.229.168.129 at 2019-03-08 14:36:52
Processing by productpage#show
  Rendered app/views/home/productpage/_table.php (278.66 ms)
  Rendered app/views/home/productpage/show.php (388.31 ms)
  Rendered app/views//home/_home_topbar.php (16.78 ms)
  Rendered app/views//home/_home_header.php (16.62 ms)
  Rendered app/views//home/_home_navbar.php (61.43 ms)
  Rendered app/views/home/_home_footer.php (65.57 ms)
  Rendered app/views/layouts/_back_to_top.php (1.34 ms)
  Rendered app/views/layouts/home.php (587.45 ms)
Completed 200 OK in (602.49 ms)
Started GET '/robots.txt' for 216.244.66.250 at 2019-03-08 14:51:33
No route matches [GET] /robots.txt
Completed 404 Not Found in (3.07 ms)
  Rendered public/404.html (1.04 ms)
Started GET '/robots.txt' for 216.244.66.250 at 2019-03-08 15:41:28
No route matches [GET] /robots.txt
Completed 404 Not Found in (3.09 ms)
  Rendered public/404.html (0.97 ms)
Started GET '/home/producttypes/show/38' for 66.249.75.102 at 2019-03-08 15:43:57
Processing by producttypepage#show
  Rendered app/views/home/_menu_product.php (12.64 ms)
  Rendered app/views/home/productpage/_table.php (125.62 ms)
  Rendered app/views/home/producttypepage/show.php (163.82 ms)
  Rendered app/views//home/_home_topbar.php (18.85 ms)
  Rendered app/views//home/_home_header.php (18.19 ms)
  Rendered app/views//home/_home_navbar.php (72.88 ms)
  Rendered app/views/home/_home_footer.php (75.81 ms)
  Rendered app/views/layouts/_back_to_top.php (1.50 ms)
  Rendered app/views/layouts/home.php (394.80 ms)
Completed 200 OK in (421.70 ms)
Started GET '/' for 66.249.87.167 at 2019-03-08 16:04:32
Processing by home#index
  Rendered app/views/home/index.php (29.26 ms)
  Rendered app/views//home/_home_topbar.php (16.86 ms)
  Rendered app/views//home/_home_header.php (16.92 ms)
  Rendered app/views//home/_home_navbar.php (65.12 ms)
  Rendered app/views/home/_home_footer.php (73.86 ms)
  Rendered app/views/layouts/_back_to_top.php (1.43 ms)
  Rendered app/views/layouts/home.php (242.69 ms)
Completed 200 OK in (250.97 ms)
Started GET '/' for 66.249.75.100 at 2019-03-08 16:13:07
Processing by home#index
  Rendered app/views/home/index.php (31.28 ms)
  Rendered app/views//home/_home_topbar.php (16.99 ms)
  Rendered app/views//home/_home_header.php (16.86 ms)
  Rendered app/views//home/_home_navbar.php (69.54 ms)
  Rendered app/views/home/_home_footer.php (67.41 ms)
  Rendered app/views/layouts/_back_to_top.php (1.29 ms)
  Rendered app/views/layouts/home.php (244.07 ms)
Completed 200 OK in (252.33 ms)
Started GET '/home/products/show/300' for 66.249.75.102 at 2019-03-08 16:20:07
Processing by productpage#show
  Rendered app/views/home/productpage/_table.php (537.22 ms)
  Rendered app/views/home/productpage/show.php (647.88 ms)
  Rendered app/views//home/_home_topbar.php (16.70 ms)
  Rendered app/views//home/_home_header.php (16.55 ms)
  Rendered app/views//home/_home_navbar.php (61.84 ms)
  Rendered app/views/home/_home_footer.php (65.76 ms)
  Rendered app/views/layouts/_back_to_top.php (1.28 ms)
  Rendered app/views/layouts/home.php (847.76 ms)
Completed 200 OK in (863.12 ms)
Started GET '/robots.txt' for 216.244.66.250 at 2019-03-08 16:32:06
No route matches [GET] /robots.txt
Completed 404 Not Found in (3.27 ms)
  Rendered public/404.html (1.02 ms)
Started GET '/robots.txt' for 66.249.75.100 at 2019-03-08 16:45:14
No route matches [GET] /robots.txt
Completed 404 Not Found in (3.11 ms)
  Rendered public/404.html (0.95 ms)
Started GET '/libraries/modules.php' for 193.106.30.98 at 2019-03-08 17:06:45
No route matches [GET] /libraries/modules.php
Completed 404 Not Found in (3.63 ms)
  Rendered public/404.html (1.08 ms)
Started GET '/home/products' for 89.42.61.174 at 2019-03-08 17:22:07
Processing by productpage#index
  Rendered app/views/home/productpage/_table.php (7123.05 ms)
  Rendered app/views/home/productpage/index.php (7126.86 ms)
  Rendered app/views//home/_home_topbar.php (16.55 ms)
  Rendered app/views//home/_home_header.php (17.01 ms)
  Rendered app/views//home/_home_navbar.php (60.32 ms)
  Rendered app/views/home/_home_footer.php (66.01 ms)
  Rendered app/views/layouts/_back_to_top.php (1.25 ms)
  Rendered app/views/layouts/home.php (7325.55 ms)
Completed 200 OK in (7342.93 ms)
Started GET '/robots.txt' for 109.201.138.230 at 2019-03-08 17:35:17
No route matches [GET] /robots.txt
Completed 404 Not Found in (3.25 ms)
  Rendered public/404.html (1.07 ms)
Started GET '/' for 178.246.2.181 at 2019-03-08 18:09:09
Processing by home#index
  Rendered app/views/home/index.php (34.90 ms)
  Rendered app/views//home/_home_topbar.php (17.92 ms)
  Rendered app/views//home/_home_header.php (17.86 ms)
  Rendered app/views//home/_home_navbar.php (63.25 ms)
  Rendered app/views/home/_home_footer.php (67.21 ms)
  Rendered app/views/layouts/_back_to_top.php (1.63 ms)
  Rendered app/views/layouts/home.php (242.56 ms)
Completed 200 OK in (250.82 ms)
Started GET '/home/contact' for 178.246.2.181 at 2019-03-08 18:09:34
Processing by home#contact
  Rendered app/views/home/contact.php (51.43 ms)
  Rendered app/views//home/_home_topbar.php (16.58 ms)
  Rendered app/views//home/_home_header.php (16.43 ms)
  Rendered app/views//home/_home_navbar.php (61.01 ms)
  Rendered app/views/home/_home_footer.php (64.83 ms)
  Rendered app/views/layouts/_back_to_top.php (1.40 ms)
  Rendered app/views/layouts/home.php (248.94 ms)
Completed 200 OK in (255.98 ms)
Started GET '/robots.txt' for 216.244.66.250 at 2019-03-08 18:10:37
No route matches [GET] /robots.txt
Completed 404 Not Found in (3.00 ms)
  Rendered public/404.html (1.01 ms)
Started GET '/robots.txt' for 37.9.113.123 at 2019-03-08 18:12:48
No route matches [GET] /robots.txt
Completed 404 Not Found in (3.03 ms)
  Rendered public/404.html (0.95 ms)
Started GET '/robots.txt' for 216.244.66.250 at 2019-03-08 19:01:06
No route matches [GET] /robots.txt
Completed 404 Not Found in (3.07 ms)
  Rendered public/404.html (0.97 ms)
Started GET '/' for 159.203.173.101 at 2019-03-08 19:56:08
Processing by home#index
  Rendered app/views/home/index.php (35.14 ms)
  Rendered app/views//home/_home_topbar.php (18.67 ms)
  Rendered app/views//home/_home_header.php (18.16 ms)
  Rendered app/views//home/_home_navbar.php (67.87 ms)
  Rendered app/views/home/_home_footer.php (73.25 ms)
  Rendered app/views/layouts/_back_to_top.php (1.40 ms)
  Rendered app/views/layouts/home.php (255.64 ms)
Completed 200 OK in (264.15 ms)
Started GET '/robots.txt' for 46.229.168.153 at 2019-03-08 19:56:50
No route matches [GET] /robots.txt
Completed 404 Not Found in (3.12 ms)
  Rendered public/404.html (0.98 ms)
Started GET '/home/products/show/373' for 46.229.168.148 at 2019-03-08 19:56:50
Processing by productpage#show
  Rendered app/views/home/productpage/_table.php (341.29 ms)
  Rendered app/views/home/productpage/show.php (454.64 ms)
  Rendered app/views//home/_home_topbar.php (16.45 ms)
  Rendered app/views//home/_home_header.php (16.62 ms)
  Rendered app/views//home/_home_navbar.php (61.93 ms)
  Rendered app/views/home/_home_footer.php (65.22 ms)
  Rendered app/views/layouts/_back_to_top.php (1.29 ms)
  Rendered app/views/layouts/home.php (654.03 ms)
Completed 200 OK in (668.54 ms)
Started GET '/admin' for 66.249.75.100 at 2019-03-08 19:58:32
Processing by admin#index
Completed 302 Found in (31.46 ms)
Started GET '/admin/login' for 66.249.75.102 at 2019-03-08 19:58:33
Processing by admin#login
  Rendered app/views/admin/login.php (23.32 ms)
  Rendered app/views/layouts/default.php (27.07 ms)
Completed 200 OK in (35.40 ms)
Started GET '/home/producttypes/show/37' for 66.249.75.100 at 2019-03-08 19:59:22
Processing by producttypepage#show
  Rendered app/views/home/_menu_product.php (11.46 ms)
  Rendered app/views/home/productpage/_table.php (228.48 ms)
  Rendered app/views/home/producttypepage/show.php (262.86 ms)
  Rendered app/views//home/_home_topbar.php (16.65 ms)
  Rendered app/views//home/_home_header.php (16.81 ms)
  Rendered app/views//home/_home_navbar.php (63.43 ms)
  Rendered app/views/home/_home_footer.php (70.07 ms)
  Rendered app/views/layouts/_back_to_top.php (1.29 ms)
  Rendered app/views/layouts/home.php (469.67 ms)
Completed 200 OK in (491.53 ms)
Started GET '/home/products/show/255' for 46.229.168.152 at 2019-03-08 20:05:42
Processing by productpage#show
  Rendered app/views/home/productpage/_table.php (1676.71 ms)
  Rendered app/views/home/productpage/show.php (1796.15 ms)
  Rendered app/views//home/_home_topbar.php (17.53 ms)
  Rendered app/views//home/_home_header.php (18.73 ms)
  Rendered app/views//home/_home_navbar.php (72.17 ms)
  Rendered app/views/home/_home_footer.php (77.98 ms)
  Rendered app/views/layouts/_back_to_top.php (1.73 ms)
  Rendered app/views/layouts/home.php (2026.46 ms)
Completed 200 OK in (2043.24 ms)
Started GET '/robots.txt' for 37.9.113.123 at 2019-03-08 20:10:42
No route matches [GET] /robots.txt
Completed 404 Not Found in (3.05 ms)
  Rendered public/404.html (1.00 ms)
Started GET '/robots.txt' for 141.8.142.162 at 2019-03-08 20:10:42
No route matches [GET] /robots.txt
Completed 404 Not Found in (3.02 ms)
  Rendered public/404.html (0.91 ms)
Started GET '/' for 37.9.113.145 at 2019-03-08 20:10:46
Processing by home#index
  Rendered app/views/home/index.php (29.98 ms)
  Rendered app/views//home/_home_topbar.php (16.90 ms)
  Rendered app/views//home/_home_header.php (17.53 ms)
  Rendered app/views//home/_home_navbar.php (61.56 ms)
  Rendered app/views/home/_home_footer.php (68.69 ms)
  Rendered app/views/layouts/_back_to_top.php (1.33 ms)
  Rendered app/views/layouts/home.php (234.41 ms)
Completed 200 OK in (241.60 ms)
Started GET '/home/products/show/313' for 66.249.75.102 at 2019-03-08 20:17:58
Processing by productpage#show
Started GET '/assets/elFinder/php/connector.minimal.php' for 47.92.133.59 at 2019-03-08 20:17:59
No route matches [GET] /assets/elFinder/php/connector.minimal.php
Completed 404 Not Found in (3.48 ms)
  Rendered public/404.html (1.24 ms)
  Rendered app/views/home/productpage/_table.php (1642.62 ms)
  Rendered app/views/home/productpage/show.php (1764.43 ms)
  Rendered app/views//home/_home_topbar.php (20.00 ms)
  Rendered app/views//home/_home_header.php (18.51 ms)
  Rendered app/views//home/_home_navbar.php (72.10 ms)
  Rendered app/views/home/_home_footer.php (72.73 ms)
  Rendered app/views/layouts/_back_to_top.php (1.46 ms)
  Rendered app/views/layouts/home.php (1991.72 ms)
Completed 200 OK in (2007.25 ms)
Started GET '/robots.txt' for 157.55.39.16 at 2019-03-08 20:24:21
No route matches [GET] /robots.txt
Completed 404 Not Found in (3.06 ms)
  Rendered public/404.html (0.96 ms)
Started GET '/home/index' for 207.46.13.150 at 2019-03-08 20:24:24
Processing by home#index
  Rendered app/views/home/index.php (29.46 ms)
  Rendered app/views//home/_home_topbar.php (16.68 ms)
  Rendered app/views//home/_home_header.php (16.33 ms)
  Rendered app/views//home/_home_navbar.php (60.55 ms)
  Rendered app/views/home/_home_footer.php (79.74 ms)
  Rendered app/views/layouts/_back_to_top.php (1.32 ms)
  Rendered app/views/layouts/home.php (241.58 ms)
Completed 200 OK in (249.69 ms)
Started HEAD '/' for 109.201.154.231 at 2019-03-08 20:24:41
Uzay çağında bizim henüz desteklemediğimiz bir method → HEAD → C:\Inetpub\vhosts\akgenseeds.com\httpdocs\lib\ApplicationRoutes.php at line 80

          }

        }

      }

      return NULL;

    }

    throw new Exception("Uzay çağında bizim henüz desteklemediğimiz bir method → " . $request->method);

  }



  private static function _set_route(ApplicationRoute $route) {

    if (array_key_exists($route->method, static::$_routes)) {

      if (array_key_exists($route->rule, static::$_routes[$route->method])) {

Started GET '/robots.txt' for 216.244.66.250 at 2019-03-08 20:40:39
No route matches [GET] /robots.txt
Completed 404 Not Found in (3.45 ms)
  Rendered public/404.html (1.04 ms)
Started GET '/home/products/show/367' for 40.77.167.194 at 2019-03-08 20:51:57
Processing by productpage#show
  Rendered app/views/home/productpage/_table.php (224.43 ms)
  Rendered app/views/home/productpage/show.php (335.69 ms)
  Rendered app/views//home/_home_topbar.php (16.41 ms)
  Rendered app/views//home/_home_header.php (16.64 ms)
  Rendered app/views//home/_home_navbar.php (60.91 ms)
  Rendered app/views/home/_home_footer.php (66.09 ms)
  Rendered app/views/layouts/_back_to_top.php (1.28 ms)
  Rendered app/views/layouts/home.php (535.10 ms)
Completed 200 OK in (550.38 ms)
Started GET '/home/producttypes/show/40' for 66.249.75.100 at 2019-03-08 20:56:50
Processing by producttypepage#show
  Rendered app/views/home/_menu_product.php (12.25 ms)
  Rendered app/views/home/productpage/_table.php (941.42 ms)
  Rendered app/views/home/producttypepage/show.php (977.48 ms)
  Rendered app/views//home/_home_topbar.php (16.33 ms)
  Rendered app/views//home/_home_header.php (16.35 ms)
  Rendered app/views//home/_home_navbar.php (63.56 ms)
  Rendered app/views/home/_home_footer.php (71.35 ms)
  Rendered app/views/layouts/_back_to_top.php (1.23 ms)
  Rendered app/views/layouts/home.php (1183.71 ms)
Completed 200 OK in (1205.88 ms)
Started GET '/robots.txt' for 54.36.150.38 at 2019-03-08 21:08:59
No route matches [GET] /robots.txt
Completed 404 Not Found in (3.47 ms)
  Rendered public/404.html (1.18 ms)
Started GET '/home/index' for 54.36.149.2 at 2019-03-08 21:09:00
Processing by home#index
  Rendered app/views/home/index.php (30.81 ms)
  Rendered app/views//home/_home_topbar.php (19.52 ms)
  Rendered app/views//home/_home_header.php (21.79 ms)
  Rendered app/views//home/_home_navbar.php (65.31 ms)
  Rendered app/views/home/_home_footer.php (65.48 ms)
  Rendered app/views/layouts/_back_to_top.php (1.33 ms)
  Rendered app/views/layouts/home.php (244.50 ms)
Completed 200 OK in (253.37 ms)
Started GET '/home/products/show/322' for 66.249.75.100 at 2019-03-08 21:12:29
Processing by productpage#show
  Rendered app/views/home/productpage/_table.php (1436.25 ms)
  Rendered app/views/home/productpage/show.php (1546.52 ms)
  Rendered app/views//home/_home_topbar.php (16.29 ms)
  Rendered app/views//home/_home_header.php (16.12 ms)
  Rendered app/views//home/_home_navbar.php (60.23 ms)
  Rendered app/views/home/_home_footer.php (63.56 ms)
  Rendered app/views/layouts/_back_to_top.php (1.23 ms)
  Rendered app/views/layouts/home.php (1740.76 ms)
Completed 200 OK in (1754.63 ms)
Started GET '/home/products/show/327' for 37.155.28.122 at 2019-03-08 21:13:01
Processing by productpage#show
  Rendered app/views/home/productpage/_table.php (500.39 ms)
  Rendered app/views/home/productpage/show.php (612.45 ms)
  Rendered app/views//home/_home_topbar.php (16.86 ms)
  Rendered app/views//home/_home_header.php (16.37 ms)
  Rendered app/views//home/_home_navbar.php (61.80 ms)
  Rendered app/views/home/_home_footer.php (64.24 ms)
  Rendered app/views/layouts/_back_to_top.php (1.33 ms)
  Rendered app/views/layouts/home.php (811.44 ms)
Completed 200 OK in (826.55 ms)
Started GET '/home/products/show/328' for 37.155.28.122 at 2019-03-08 21:13:33
Processing by productpage#show
  Rendered app/views/home/productpage/_table.php (527.33 ms)
  Rendered app/views/home/productpage/show.php (644.93 ms)
  Rendered app/views//home/_home_topbar.php (16.91 ms)
  Rendered app/views//home/_home_header.php (17.17 ms)
  Rendered app/views//home/_home_navbar.php (60.70 ms)
  Rendered app/views/home/_home_footer.php (67.83 ms)
  Rendered app/views/layouts/_back_to_top.php (1.25 ms)
  Rendered app/views/layouts/home.php (846.54 ms)
Completed 200 OK in (859.81 ms)
Started GET '/home/producttypes/show/43' for 66.249.75.97 at 2019-03-08 21:18:14
Processing by producttypepage#show
  Rendered app/views/home/_menu_product.php (11.29 ms)
  Rendered app/views/home/productpage/_table.php (278.75 ms)
  Rendered app/views/home/producttypepage/show.php (313.89 ms)
  Rendered app/views//home/_home_topbar.php (18.37 ms)
  Rendered app/views//home/_home_header.php (15.61 ms)
  Rendered app/views//home/_home_navbar.php (60.09 ms)
  Rendered app/views/home/_home_footer.php (76.47 ms)
  Rendered app/views/layouts/_back_to_top.php (1.24 ms)
  Rendered app/views/layouts/home.php (526.99 ms)
Completed 200 OK in (548.12 ms)
Started GET '/home/contact' for 207.46.13.150 at 2019-03-08 21:18:32
Processing by home#contact
  Rendered app/views/home/contact.php (46.97 ms)
  Rendered app/views//home/_home_topbar.php (17.01 ms)
  Rendered app/views//home/_home_header.php (18.87 ms)
  Rendered app/views//home/_home_navbar.php (64.87 ms)
  Rendered app/views/home/_home_footer.php (71.31 ms)
  Rendered app/views/layouts/_back_to_top.php (1.42 ms)
  Rendered app/views/layouts/home.php (259.23 ms)
Completed 200 OK in (265.71 ms)
Started GET '/home/products/show/327' for 37.155.28.122 at 2019-03-08 21:23:53
Processing by productpage#show
  Rendered app/views/home/productpage/_table.php (501.96 ms)
  Rendered app/views/home/productpage/show.php (611.49 ms)
  Rendered app/views//home/_home_topbar.php (16.56 ms)
  Rendered app/views//home/_home_header.php (16.84 ms)
  Rendered app/views//home/_home_navbar.php (61.64 ms)
  Rendered app/views/home/_home_footer.php (66.52 ms)
  Rendered app/views/layouts/_back_to_top.php (1.25 ms)
  Rendered app/views/layouts/home.php (811.69 ms)
Completed 200 OK in (827.16 ms)
Started GET '/' for 54.187.158.76 at 2019-03-08 21:40:12
Processing by home#index
  Rendered app/views/home/index.php (29.18 ms)
  Rendered app/views//home/_home_topbar.php (16.61 ms)
  Rendered app/views//home/_home_header.php (17.19 ms)
  Rendered app/views//home/_home_navbar.php (62.54 ms)
  Rendered app/views/home/_home_footer.php (65.91 ms)
  Rendered app/views/layouts/_back_to_top.php (1.27 ms)
  Rendered app/views/layouts/home.php (230.25 ms)
Completed 200 OK in (238.60 ms)
Started GET '/home/producttypes/show/35' for 207.46.13.113 at 2019-03-08 23:26:48
Processing by producttypepage#show
  Rendered app/views/home/_menu_product.php (11.42 ms)
  Rendered app/views/home/productpage/_table.php (333.78 ms)
  Rendered app/views/home/producttypepage/show.php (367.78 ms)
  Rendered app/views//home/_home_topbar.php (17.51 ms)
  Rendered app/views//home/_home_header.php (16.58 ms)
  Rendered app/views//home/_home_navbar.php (63.46 ms)
  Rendered app/views/home/_home_footer.php (71.09 ms)
  Rendered app/views/layouts/_back_to_top.php (1.31 ms)
  Rendered app/views/layouts/home.php (580.54 ms)
Completed 200 OK in (603.55 ms)
Started GET '/robots.txt' for 37.9.113.145 at 2019-03-08 23:28:27
No route matches [GET] /robots.txt
Completed 404 Not Found in (3.22 ms)
  Rendered public/404.html (1.06 ms)
Started GET '/robots.txt' for 66.249.75.100 at 2019-03-08 23:48:11
No route matches [GET] /robots.txt
Completed 404 Not Found in (3.23 ms)
  Rendered public/404.html (1.00 ms)
Started GET '/home/producttypes/show/44' for 66.249.75.102 at 2019-03-08 23:48:11
Processing by producttypepage#show
  Rendered app/views/home/_menu_product.php (11.73 ms)
  Rendered app/views/home/productpage/_table.php (520.04 ms)
  Rendered app/views/home/producttypepage/show.php (554.38 ms)
  Rendered app/views//home/_home_topbar.php (16.31 ms)
  Rendered app/views//home/_home_header.php (16.32 ms)
  Rendered app/views//home/_home_navbar.php (64.00 ms)
  Rendered app/views/home/_home_footer.php (67.40 ms)
  Rendered app/views/layouts/_back_to_top.php (1.30 ms)
  Rendered app/views/layouts/home.php (758.16 ms)
Completed 200 OK in (781.71 ms)
Started GET '/robots.txt' for 216.244.66.250 at 2019-03-08 23:57:55
No route matches [GET] /robots.txt
Completed 404 Not Found in (3.18 ms)
  Rendered public/404.html (1.09 ms)
